14 626 1904 2003 3757 5168 6546 7322 7515 7647 9362 9439 9584 9610 9720
27 98 356 820 1296 1549 1919 2109 2350 2455 2549 2912 3683 3910 4332 4477 4690 4772 4972 5442 6088 6322 6502 6672 7095 8281 8774 9326
17 52 111 373 2973 3982 4226 4974 5726 6199 6251 6376 6432 6690 7632 8958 9310 9716
33 531 594 889 1366 1657 1983 2124 2319 2714 2944 3622 4414 4448 4498 4608 4664 5075 5125 5177 5241 6005 6562 6862 7050 7179 7283 7775 8895 8979 9141 9485 9522 9595
30 717 837 899 1140 1329 1911 2138 2496 2550 2567 2588 2797 3532 3780 3858 4103 4354 5009 5484 5710 5857 6424 7010 7124 7660 7754 7814 7835 8167 9203
45 562 615 1179 1330 1398 1662 1725 1739 1906 2051 2297 2561 2565 2657 2664 3037 3095 3525 3716 4120 4180 4285 4289 4407 5104 5311 5421 5443 5472 5983 6797 6822 6967 7245 7327 7739 7786 8494 8791 8828 9425 9677 9681 9882 9919
17 74 327 1128 1490 1519 2133 2846 3122 3548 5537 6163 7148 8153 9008 9418 9715 9781
40 123 127 211 420 1380 1454 1458 1727 2176 2437 2452 2968 3042 3388 3782 3873 4396 4460 4779 5042 5133 5485 5572 6225 6504 6776 7184 7266 7410 7602 7902 7983 8509 8536 8719 8935 8974 9490 9557 9774
34 13 1339 1375 1516 1852 2302 2345 3043 3220 3232 3663 3841 4195 5137 5147 5291 5465 6482 6861 6872 7090 7115 8159 8214 8458 8546 8574 8647 8845 9083 9096 9726 9875 9941
28 297 375 472 760 964 1273 1286 1673 2563 2585 3156 3379 3649 4015 4818 4995 5237 5360 5400 5662 5738 6227 6422 6664 7026 8421 8512 9318
20 748 1280 1642 1850 2064 3139 3489 3605 3906 4064 5024 5077 5194 5870 5914 6148 7149 7752 9474 9623
17 187 382 2203 3697 3701 3779 4290 4323 4606 5378 5441 6260 7132 8051 8129 9039 9809
26 161 1106 2521 2686 2934 3422 3885 4169 4786 5222 5348 5510 5691 6048 6176 6306 6465 6698 6976 7472 7582 8186 8339 8858 9421 9679
9 1314 2688 5152 5249 5695 5868 6326 7963 9784
19 164 1532 1680 2976 2985 3033 3316 3976 5069 5156 5192 6174 6726 8023 8297 8466 8673 8884 9958
19 372 776 849 1505 2346 2865 3000 3150 3540 3544 4207 5095 5220 5436 8379 8519 8621 8857 9257
18 813 1182 1258 1309 1692 1807 2159 3941 4639 4996 5376 5394 6114 6254 6366 8063 9265 9740
18 1319 1502 2115 2966 3152 3292 3337 3760 4313 4841 5144 5836 6448 6832 7516 7745 7785 8231
50 153 318 341 466 477 570 897 1016 1047 1125 1658 1672 1931 2213 2689 2796 2986 3084 3099 3464 3536 3616 4570 5134 5357 5555 5573 5923 6031 6080 6131 6387 6430 7128 7166 7167 7467 7784 7874 8002 8343 8893 9053 9148 9167 9201 9354 9539 9600 9663
24 218 388 1211 1453 1558 1663 2039 2582 2636 3561 3761 4100 4150 5607 5767 5840 6034 6321 6423 6547 6888 7180 8420 9101
16 39 403 875 1137 2915 3113 3179 4161 4435 6427 7146 7732 8515 9199 9888 9918
35 119 333 446 451 523 540 790 857 938 947 1176 1641 1676 1992 2170 2352 2919 3176 3191 3227 3710 3963 4278 4292 5169 5952 7831 8151 8170 8486 8616 9004 9103 9380 9901
31 24 102 157 301 710 1780 1873 2002 2792 4137 4162 4348 4397 4755 4895 4943 4973 5724 5854 7437 7741 8280 8416 8542 8983 9212 9300 9342 9499 9830 9841
32 449 589 610 800 830 1203 1288 1511 1645 1767 1970 2837 3101 3167 3208 3362 3661 3855 4282 5532 5936 6190 6280 7119 7870 8474 8555 8617 9388 9825 9840 9956
20 415 1281 1719 1875 3666 5094 5660 6012 6237 6573 6835 7809 7812 8054 8112 8449 8503 8964 9532 9758
32 552 617 690 873 998 1159 1362 1618 2037 2897 3328 3555 3583 3766 4303 4350 4405 4628 4919 4962 5112 6304 6833 6899 7685 7711 7718 8499 8662 8733 9013 9736
23 1141 1539 1923 2087 2399 2938 2952 3393 3811 4494 4583 5364 5685 5755 6590 7073 7355 7611 7661 7986 8101 8796 9038
45 20 138 396 404 428 496 502 516 546 548 778 791 804 834 973 1347 1629 1683 1835 2120 2167 2716 2794 2969 2996 3376 3380 3567 3857 4022 5356 5459 5736 5795 5932 6365 6927 7129 7314 7448 7853 8749 8806 8996 9769
43 756 1041 1356 1537 2548 2681 2790 3207 3430 4144 4168 4926 4982 5287 5562 5628 5781 5811 5826 5829 6184 6205 6660 6940 7160 7220 7248 7449 7461 7854 8136 8174 8411 8698 8700 8984 8987 9452 9627 9637 9641 9656 9821
45 1031 1720 1841 1967 2379 2523 2683 2804 3324 3576 3949 4179 4236 4275 4276 4427 4428 4430 5090 5111 5579 5612 5689 5937 6222 6269 6283 6324 6338 6549 6720 6823 6854 6863 6989 7694 7824 7905 8435 8660 9040 9226 9480 9502 9788
24 66 246 257 380 469 1563 1783 2046 2292 2325 3365 3655 3829 5434 5517 5892 6028 6715 7442 7833 8165 9267 9554 9632
26 26 1814 2036 2530 2583 2805 2839 2858 3373 3436 3951 4339 5226 5469 5788 5855 7197 7498 7572 7617 8126 8155 8730 8867 9048 9463
39 192 362 473 584 586 598 692 991 1023 1397 1824 1997 2078 2476 2525 3086 3116 3239 3890 4365 4437 4911 5184 5207 5214 5679 5993 6169 6634 6759 7016 7034 7529 8309 8507 8855 8905 9090 9546
20 379 648 1256 1756 2076 2349 4470 4825 4953 4989 6145 6553 7401 7562 7676 7765 8068 8650 8959 9349
36 146 493 1444 1622 2021 2241 2354 2482 2609 3203 3534 3585 3822 4009 4171 4613 4677 4726 5132 5336 5834 5918 5976 6241 7306 7390 7591 7749 7799 7910 8470 8894 9037 9694 9827 9915
21 115 525 869 951 1039 2024 2682 2835 3123 3215 4081 4218 4340 5131 5521 6155 6215 7173 8018 9065 9415
26 9 222 295 661 1376 2282 2432 3081 4383 4646 4691 5188 5327 5576 5850 7122 7465 7483 7584 7702 8050 8194 8722 8874 9540 9541
38 303 336 494 751 853 906 982 1468 1697 2080 2144 2238 2276 2529 3110 3466 3491 3678 4108 4591 4678 4898 5224 5242 5273 6593 6853 6900 7315 7643 7782 8606 8897 9336 9471 9615 9674 9743
32 635 859 1498 1880 2015 2145 2331 2343 2468 2559 2909 2972 2995 3412 4401 4586 4960 5119 5206 5446 5792 5844 6181 6329 6400 6860 7547 7744 7804 8035 8465 8601
22 1048 2010 2217 3282 4561 5067 5704 5732 6439 6935 7037 7230 7557 7954 8122 8511 9114 9158 9181 9412 9559 9754
43 70 159 918 1026 1163 1297 1341 1543 2403 2428 2438 2744 2759 2833 2895 2949 3036 3398 3529 3623 3794 4743 4933 5330 5606 5728 5972 6072 6357 6611 6675 6719 6839 7622 7981 8048 8132 8570 8596 8628 9151 9166 9806
40 32 149 342 755 865 1419 1577 1872 1987 2355 2446 2536 2544 2795 3025 3261 3308 3435 3998 4007 4013 4027 4159 4174 5190 5684 5754 6228 6231 6240 6382 7100 7377 7443 7563 7750 8445 8778 9367 9614
37 676 823 862 1170 1305 2122 2139 2381 3006 3633 3823 3847 4125 4253 4258 4816 4900 4987 5209 5232 5256 5305 5729 5773 5939 6224 6540 6667 6829 6906 7163 7362 7510 7709 8441 8544 9649
29 220 320 722 787 821 1240 1395 1649 3493 3803 4528 4588 4855 5000 5162 5235 5303 5539 5793 5802 6589 6676 6867 8735 9110 9146 9377 9577 9897
22 1554 2451 2777 3206 3604 4371 4653 4676 4751 5135 5403 5497 5608 5740 5908 6523 6791 6965 6999 8157 8566 9322
16 464 1234 1243 1766 2820 4654 4913 5379 5669 6974 7383 7596 7916 8472 8572 9752
25 259 809 1218 1946 2672 3001 3051 3158 3618 3747 3861 4093 4901 5314 5964 7423 7969 7975 7989 8260 9206 9236 9302 9734 9803
37 177 260 308 934 1653 1694 1738 1910 2514 2578 3026 3040 3509 3513 3935 4951 5875 6192 6579 6659 6815 7198 7846 7976 8084 8095 8148 8513 8734 9105 9248 9256 9347 9387 9422 9742 9924
39 0 40 309 392 931 1010 1808 1950 2347 2421 2423 2457 2584 3010 3073 3331 3377 3409 3450 3675 3854 3872 3995 4796 5124 5324 5659 5991 6039 6121 6129 6206 7320 7368 8066 8631 8789 9445 9574
39 108 207 389 764 1103 1226 1425 1495 2412 2422 2431 2478 2776 2982 2993 3344 3465 3482 3833 3987 4489 4648 4939 5843 6180 6410 6819 6826 6962 6983 7255 7417 7802 8450 8468 8614 9127 9429 9857
42 144 471 627 1730 1788 2007 2134 2612 2626 2736 3071 3172 3294 3494 3815 3877 4046 4624 4844 4891 5054 5213 5406 5536 5831 6154 6297 6444 6769 6830 7240 7576 8141 8293 8318 9143 9211 9386 9580 9747 9876 9917
25 139 605 1129 2099 2459 3003 3054 3396 3441 3685 4522 5451 5553 5701 6017 6095 6939 7107 7842 8206 8557 8769 9264 9678 9846
18 236 238 1990 2255 2375 2453 3431 3722 3881 5049 5146 5575 6325 6885 7123 8661 9274 9795
14 91 412 780 1895 2125 2720 3217 4158 6870 7304 8055 8500 8875 9757
24 429 1387 1542 1829 1976 1980 2194 2999 3181 4170 5229 5578 5784 6263 6648 7348 7531 8197 8306 8356 8455 9224 9352 9808
20 107 284 521 850 871 1350 1510 2025 2483 3168 3368 4116 4233 5513 6601 6803 8270 9488 9676 9957
33 234 249 450 786 980 1061 1382 2023 2105 2235 2878 2887 2924 3387 3933 4681 5681 6167 6470 6623 6743 6809 6933 6951 6963 7083 7087 7618 7737 7887 8127 8607 9407
24 601 1001 1109 1165 1224 1698 2987 3330 3453 3595 4389 4860 5786 5959 6716 6877 7415 7575 8543 9171 9276 9413 9423 9550
30 359 517 829 939 1263 1440 1977 2086 2201 2748 2831 3304 3632 4506 4593 5301 5762 6381 6668 6788 6928 7218 7399 7621 7795 7968 8268 9356 9737 9860
23 92 637 844 929 1271 1604 1799 1921 2295 2373 2869 3189 4017 4091 4766 5412 6450 7053 7106 7524 8632 9140 9233
22 294 1201 1594 1870 2016 2290 2610 2817 2851 4286 5901 6086 6930 7407 7701 7767 8072 8074 8119 8236 8852 9494
39 16 105 253 444 1053 1687 1984 2048 2228 2481 2770 2832 3245 3487 3630 3672 3983 4415 4598 4768 5239 6019 6077 6149 6226 6581 6594 6771 7001 7300 8089 8259 8550 8902 8949 9009 9215 9345 9555
30 611 718 984 1266 1605 1624 1744 2090 2288 2516 3013 3020 3501 4321 4386 4978 5463 5896 5910 6700 6993 7185 7257 7275 8510 8854 8896 9271 9288 9414
15 180 1507 1868 2859 2925 3502 3893 4373 5160 5300 6521 6615 6644 8019 9660
41 448 532 739 975 1033 1246 1371 1573 1901 2243 2296 2598 2899 3165 3769 3786 3867 4104 5195 5439 5588 5642 5791 5895 5963 6054 6059 6535 6536 6925 6948 6998 7088 7235 7491 7578 7990 8361 8688 8779 9164
32 22 135 1471 1567 2032 2306 2448 2474 2591 2663 3135 3353 3382 3612 4185 4659 4715 4799 5289 5550 5913 6661 6685 7488 7583 7932 8024 8476 8818 9202 9307 9481
23 316 563 1206 1569 1751 1909 2012 2874 3259 3318 4105 4975 4990 5625 6591 8146 8345 8414 8552 9028 9459 9592 9922
28 623 1303 1351 1811 2061 2766 2774 2798 3345 3903 4315 4349 4794 5086 5744 6016 6073 6415 6625 6813 6878 8020 8175 8525 8691 9046 9142 9843
29 799 941 1304 2586 2594 2741 2778 3111 3162 3884 3960 4026 4129 4328 4375 4393 4778 4896 4999 5105 5243 5265 5480 5616 7043 8007 8586 8636 9862
45 334 355 600 921 1136 1370 1851 2416 2807 2978 3213 3347 3483 3742 3764 4130 4421 4790 5081 5089 5272 5302 5794 5968 6052 6312 6336 6349 6890 6959 7039 7047 7265 7503 8060 8109 8271 8333 8382 8742 8870 8942 9435 9931 9954
14 280 636 1254 1772 2751 2838 4230 4966 5247 5346 5623 6124 7172 7186
23 41 262 319 511 667 1003 1291 1521 1723 2531 2930 3221 3596 4164 4763 5498 6884 8383 8832 8924 9567 9880 9948
23 367 499 1148 1181 1253 3021 3653 3799 3899 4089 4377 4630 5449 5680 6243 7683 8226 8391 8444 8968 9011 9469 9607
31 337 411 445 487 772 1354 1634 2333 2427 3322 3512 3639 3703 4679 5179 6128 6160 6371 6407 6541 6665 7278 7541 7885 7941 8027 8754 8887 9122 9401 9866
37 422 714 1238 1364 1384 1432 1896 2040 2221 2370 2665 2901 3265 3543 3704 3904 4037 4271 4559 4793 5210 5715 6379 6477 6633 6790 7867 8010 8093 8389 8483 8713 8726 9363 9562 9683 9759
37 325 560 983 1169 1195 1388 1713 1958 2057 2156 2932 3119 3641 3676 3965 4949 4950 5172 5338 5523 5566 6340 6417 6978 7006 7234 7554 7825 7956 8166 8307 8349 9461 9491 9551 9733 9773
29 209 374 768 927 1363 1372 1381 1864 2469 2491 2539 3069 3190 3408 3588 4442 4471 4526 4557 4847 4849 5211 5253 6604 8182 8663 8834 9116 9721
34 60 558 731 1157 1265 1365 1695 1717 2740 2902 2931 3290 3346 3490 3732 3744 4155 4663 5645 5749 5856 5924 6062 6393 6436 7025 7734 7760 8086 8125 8475 8657 9088 9378
26 719 1014 1124 2244 2801 3063 3851 4019 4176 4208 5076 5204 5453 5635 6030 6195 7183 7246 7589 8105 8665 8674 9348 9636 9639 9961
26 8 652 965 1130 1745 1754 1774 2232 2568 3455 3988 4128 4601 5529 6078 6613 7519 7783 8091 8464 8520 8804 9047 9465 9565 9850
41 268 1024 1379 1711 1747 2142 2435 2675 2965 3053 3194 3386 3445 3451 3506 3603 3831 4243 4317 4542 4894 5772 5796 6339 6653 6747 6749 6779 6887 7021 7052 7252 8005 8082 8110 8160 8655 8802 8990 9426 9466
27 94 500 1144 1761 2425 2562 2670 2676 2786 3458 4546 4582 5341 5417 6023 6262 7117 7141 7145 7251 7402 8626 8747 8813 8910 9844 9914
30 182 274 971 1161 1190 1405 1781 1930 2224 2840 2844 3735 4732 4805 4853 6057 6196 6350 6996 7341 7386 7509 7556 7648 7693 7938 8950 9031 9131 9218
34 400 518 953 1207 1627 1972 2557 3089 3474 3521 3971 4020 4060 4191 4617 4685 5114 5260 5279 6165 6380 6426 6596 6753 7418 7471 7838 8255 8681 8704 9139 9410 9776 9991
26 147 457 503 1731 2013 2486 3103 3625 3912 4052 4083 4440 5151 6157 7036 7097 7159 7206 7945 7973 8703 8739 8814 8961 9728 9783
32 23 151 291 1166 2044 2112 2577 2649 2715 2867 2907 4416 5310 5408 5479 5619 6230 6874 6910 6979 7042 7065 7078 7138 7229 7243 7446 7624 7948 8189 8718 9232
24 264 313 533 607 1160 1324 2034 2547 3070 3381 3405 3444 4730 5282 5306 5559 5714 5891 7347 7493 7953 8213 8776 9080
33 166 247 384 1576 2049 2637 2923 3180 3425 3728 3783 3969 4148 4447 4532 5040 5590 5992 6895 7157 7542 7689 8056 8114 8943 9385 9498 9525 9659 9665 9751 9847 9911
40 12 14 15 47 141 704 732 847 1008 1084 1635 1644 2480 2988 3260 4025 4474 4694 4745 4867 5223 5255 5422 5461 6032 6089 6738 6980 7101 7592 7665 7780 7794 7881 8651 8696 8863 8977 9260 9667
40 351 459 701 807 1452 1508 1528 1743 1846 2262 2406 2650 2970 3091 3415 3477 3507 3751 3787 4260 4458 4734 4941 5108 5633 5713 6001 6139 6687 6837 6896 7000 7170 7236 7530 8076 8154 8363 8721 9108
41 354 872 1042 1114 1437 1541 1640 2175 2303 2658 2881 3072 3094 3369 3504 3538 4296 4485 4727 4798 4971 4986 5373 5450 5499 5519 5565 5865 6373 6869 7014 7511 7537 7746 8459 8573 8764 9057 9092 9563 9820
28 44 134 691 1005 2072 2629 3586 3775 3804 4459 4515 4993 5292 5445 5501 5640 6043 6289 6384 6663 6881 7522 7743 7843 8819 8824 8933 9609
32 173 178 311 1289 1654 2735 2808 2991 3303 3517 3770 4252 4314 4529 4548 4875 4940 5414 6421 6697 6949 6956 6992 7063 7549 8043 8453 8456 8740 8876 9234 9977
19 28 504 1959 2513 3039 3839 4942 5430 5464 5804 5984 6036 6812 7312 7656 7964 8028 8418 9100
47 73 269 378 535 670 826 946 1205 1377 1403 1768 1839 2323 2386 2614 2643 3200 3357 3470 4062 4085 4139 4216 4838 4968 5007 5032 5252 5276 5750 5943 6577 6817 6828 7068 7482 7641 7851 8246 8294 8560 8835 9136 9514 9617 9826 9964
23 48 453 646 1390 1465 1606 1752 1964 2424 3488 4044 4074 4133 4175 4611 4837 6261 7388 7700 8059 8340 8957 9727
24 696 1352 1402 2160 2504 2894 3392 3608 3883 3895 3945 4088 4674 5545 6084 6250 6595 7178 7264 7792 8387 8810 9279 9794
39 763 1233 1340 1392 1867 1878 1933 1955 1956 2071 2882 3074 3136 3325 3554 3826 3849 4181 4392 4536 5527 5846 6047 6208 6446 6498 6758 6922 7108 7372 7710 8888 8936 9003 9020 9192 9369 9903 9920
39 88 241 507 660 1025 1500 1515 1630 1732 2383 2463 2580 3062 3486 3599 3790 3798 4384 4455 4521 4671 4777 5008 5063 5737 5899 6033 6234 6454 7871 7979 8177 8351 8807 9124 9175 9205 9500 9510
21 510 810 1262 1374 1456 1903 3029 3568 3802 4003 4066 4264 4297 5611 6295 7456 8262 8541 8849 9629 9913
17 439 1030 1241 1915 2165 2336 2818 4177 4422 4874 5944 6723 7295 8183 8224 8820 9321
20 549 658 1312 1344 1740 3293 4344 4822 5390 5556 5827 5917 6294 6476 6642 6871 7305 8108 8267 9102
39 405 759 1142 1367 1943 2983 3485 4213 4541 4781 4800 4809 4921 4959 5254 5496 5528 5845 5938 6100 6285 6584 6818 6961 6981 7031 7375 7453 7469 7763 7769 8344 8412 8593 8891 9180 9247 9487 9814
10 1316 1565 2816 3335 4221 4374 4892 5354 6317 6942
24 142 678 1595 1704 1861 2074 2075 2710 3052 3083 3149 4045 4411 4549 4614 5775 6458 7195 7772 7889 8184 8341 9503 9812
33 126 277 693 904 978 1067 1104 1920 1996 2116 2239 2564 2734 2847 3048 3112 4500 4810 5068 5097 5474 5483 6544 6875 6920 7301 7847 7967 8042 8077 9306 9855 9950
42 124 397 492 550 1069 1274 1276 1499 1656 1693 1726 1975 2042 2067 2334 2489 2572 3429 4254 4581 4955 5005 5284 5599 5733 5798 5958 6348 6429 6678 6997 7033 7436 7455 8240 8833 8931 8993 9137 9391 9544 9653
40 81 205 394 481 551 576 1223 1555 1564 1613 1616 2164 2697 3551 3737 3756 3992 4065 4163 4388 4438 4465 4467 4637 4994 5486 5874 5953 7228 7712 8123 8564 8944 9089 9375 9464 9691 9790 9791 9832
21 6 2834 3057 3460 4432 4493 4579 5293 5387 5666 5768 6152 6247 6848 7140 8384 8497 8751 8969 9075 9822
32 129 569 573 1208 1466 1853 1898 2043 2252 2442 2449 2502 2603 2800 2842 2857 3075 3575 3634 4147 4680 5399 5644 6066 6067 6385 6924 6958 7958 8997 9935 9997
35 152 1183 1517 1561 1798 1929 1947 1993 2269 2698 2824 3004 3115 3196 3845 4418 5742 5838 6068 6462 6646 6717 7336 7382 7411 7431 7539 8150 8571 8938 8939 9051 9432 9626 9684
38 224 1326 1973 2555 2699 2935 2956 3662 3853 3942 4404 4879 4908 5433 5816 6233 6494 6506 6643 6701 7270 7310 7454 7637 7703 7872 8423 8822 8841 8900 9079 9125 9243 9250 9261 9564 9831 9858
29 393 874 1015 1426 2104 2199 2369 2477 2633 3045 3499 3975 4341 4596 5384 5454 5872 6118 6256 6889 7080 7156 7550 7663 8517 8773 8928 9324 9972
24 80 522 1556 1584 1834 2148 2532 2767 2883 3363 3590 3773 4053 5234 5495 6204 6333 6805 7868 7896 8561 8766 9673 9944
31 162 197 377 1057 1757 3236 3310 3856 4063 4097 4482 4558 4642 5313 5933 6035 6053 6119 6151 6550 6583 6641 6856 6921 7064 7209 7757 8144 8613 9170 9651
25 574 1107 1628 1855 1890 1905 2017 2068 3385 3793 5668 5863 6189 6272 6654 7430 7501 8100 8208 8479 8707 8761 8880 9904 9940
23 544 993 1082 1096 1172 1534 1689 2184 3286 3606 4141 5083 5848 5957 6197 6943 7231 7893 7933 8612 8973 8982 9745
19 888 1002 1046 2600 3334 4184 5785 6085 6179 6811 6834 7696 8047 8233 8289 8438 8547 9197 9228
27 128 783 902 1162 1357 1491 1758 2089 2879 3035 3516 3919 4918 4997 5155 5199 5266 5548 6457 7357 7358 7626 7740 7751 8812 8916 9951
33 416 708 1037 1360 1523 1526 1765 2954 3131 3530 3566 3571 3727 3876 4031 4117 4814 5117 5322 6123 6175 6406 7254 7286 8326 8530 9054 9269 9390 9449 9576 9650 9666
16 694 1652 1828 1974 2177 2845 3909 3979 4192 4740 5029 5569 8221 8496 8879 9778
35 668 858 1076 1214 1459 1779 1822 1969 1991 2259 2385 2760 3132 3600 4399 4423 4969 5061 5307 5709 5803 6571 6775 7046 7299 8279 8676 8682 8709 8752 9073 9406 9520 9849 9863
20 703 924 1302 1389 1954 3067 3229 3805 4672 5694 5707 5884 7839 8695 8758 8899 8999 9311 9394 9542
17 839 1812 2009 2436 2607 3668 3778 3828 3952 6177 6559 6953 8320 8321 9058 9072 9804
29 117 199 328 741 1255 1328 1467 1607 2327 2377 2737 2826 3266 3972 5001 5016 5154 5455 5753 5813 7007 7242 7484 7924 8187 8247 9710 9779 9947
28 538 602 968 1077 1845 2621 3027 3047 3298 3327 3339 4193 4247 4265 4503 4563 5088 5928 6408 6510 6552 7906 7909 8587 9111 9894 9909 9934
23 63 293 1151 2638 2749 3336 3442 3981 4741 4869 5106 5191 6147 6290 7155 7165 7634 7698 7862 7997 8583 8690 9194
44 43 64 168 401 629 641 1081 2014 2573 2872 3031 3459 3472 3497 3673 3990 4210 4457 4511 5427 5779 5962 6061 6307 6576 6582 6754 6807 7514 7571 7756 7803 7834 8118 8198 8367 8408 8627 8712 9078 9693 9810 9818 9886
42 263 1011 1018 1439 1493 1531 1818 1854 1928 2313 2389 2541 2602 2671 2739 2802 3166 3395 3562 3835 3943 4312 4636 4644 4717 5021 5129 5447 5615 6316 6413 6509 6708 6777 6902 7699 7920 9082 9087 9472 9852 9879
27 239 314 330 870 2298 2784 2898 3209 3254 3378 3926 4014 4023 4039 4773 4887 5319 6398 6411 6497 7350 7385 7485 7588 8622 9162 9266
32 68 437 960 1021 1050 1095 1572 2273 2560 3244 3354 3360 3810 3848 4682 4906 5028 5045 5140 5475 6101 7111 8168 8203 8805 9169 9189 9216 9334 9945 9974 9990
40 79 959 1066 1135 1168 1892 1981 2312 2445 2618 2623 3104 3264 3452 4028 4096 4807 5316 5351 5506 5552 5820 6102 6191 6244 6649 7405 7475 7706 8171 8173 8190 8204 8322 8366 8724 8737 9262 9884 9971
22 687 808 986 1476 2980 4262 4815 4980 5782 5860 6213 7391 7553 7897 8034 8630 8907 8923 8956 9190 9702 9717
21 413 911 1593 2132 2196 2524 3197 4343 4483 4704 4856 5294 5651 6161 6580 7017 7330 7594 8390 9251 9254
18 441 1944 2353 2419 3394 3423 5157 5347 5431 5574 5812 5956 7113 7200 7427 8825 9242 9713
30 160 321 443 447 683 910 1331 1989 3151 3384 3646 3665 4331 4443 4527 4963 5066 5721 5770 5817 6107 6391 6957 7241 7860 7919 8014 8639 8937 9658
39 421 556 679 681 997 1335 1448 1591 1823 2462 2958 3541 3593 3921 4789 4858 5458 5646 5941 6132 6210 6511 6630 6767 7012 7280 7439 7898 8000 8278 8443 8645 8649 8976 9209 9214 9670 9753 9807
44 31 163 288 662 723 933 1322 1802 2094 2111 2121 3300 3371 3413 3611 4094 4472 4478 4479 4725 5060 5540 5601 5631 5761 5777 5806 6007 6526 6565 6614 6903 6968 8011 8261 8741 8816 9012 9056 9059 9359 9450 9462 9792
24 386 408 1570 1881 1918 2143 2236 2405 2706 2775 3739 3834 4214 4325 4495 5098 5921 6193 6474 6501 6629 7441 8775 8842
30 520 567 895 1202 2208 2391 2644 3128 3248 3475 3707 3937 4194 4604 5033 5203 5215 5440 5636 6021 6037 6264 6292 6438 6669 7273 8164 8360 8746 9404
33 887 970 1332 1348 1734 2113 2853 3134 3307 3359 3374 3480 3545 3594 4166 4770 4845 5251 5643 5985 6305 6315 6500 6768 7040 7419 7619 7876 8798 9183 9515 9923 9979
24 175 225 271 425 1447 1681 1773 1856 1937 2704 3994 4190 4347 4560 4623 5164 5448 6337 7787 8135 8720 8792 8913 9582
32 329 564 740 898 950 2503 2904 2977 3383 3416 4295 4568 4603 4857 4931 5981 6182 6279 6334 6575 7003 7191 8176 8193 8229 8385 8947 8994 9219 9273 9501 9661
37 114 706 775 937 969 2108 3082 3498 3572 4242 5413 5989 6060 6533 6682 6932 7203 7365 7404 7406 7447 7613 8117 8291 8325 8375 8637 8648 8782 8985 9067 9117 9438 9511 9601 9700 9892
33 621 634 711 954 1040 1438 1514 1762 2940 2950 3420 3484 3565 3706 4123 4304 4468 4693 4965 5110 6418 7192 7285 7396 7473 7864 7929 8402 8786 8925 9147 9241 9680
31 181 432 530 1196 1737 1849 2102 2758 3068 3178 3272 3350 3375 3660 3752 3759 3825 4070 4729 4883 5186 5630 6063 6353 6632 7309 7333 8369 8374 9112 9891
17 353 930 1032 1677 3108 3143 3270 3763 3827 4412 5686 6011 6087 7094 8094 8248 9179
33 122 855 886 1457 1530 1777 2171 2487 2545 2654 2946 3302 4183 4409 4629 4876 4935 4961 4981 5100 5309 5381 5673 5823 6212 6239 6405 6487 6919 8179 8362 8406 9460
23 653 707 1126 1785 1797 2207 2294 2441 3234 3419 3437 3869 5122 5312 5514 6217 6443 6703 7605 8254 8257 8585 9357
40 184 237 568 770 1879 2030 2413 2592 2724 2823 2905 2908 3107 3240 3319 3579 3645 3784 4059 4566 4893 5278 5507 5577 5765 6082 6185 6814 7291 7764 7886 8158 8373 8378 8524 8716 8787 8980 9671 9712
19 725 817 1831 1843 2779 3700 3980 4324 4444 5228 5530 5756 6746 7597 7659 7998 8652 9026 9811
27 213 358 622 1075 1300 1496 2267 2884 3427 3511 3931 4882 5084 5296 6144 6328 6483 6734 6945 7204 7394 7880 8388 9129 9535 9664 9750
22 901 1080 1994 2031 2320 2534 3271 3277 4092 4782 5263 5824 5887 6050 6492 6842 7398 8327 8549 9571 9704 9780
14 171 680 2188 3032 3462 4203 4239 5181 5717 5995 7118 7476 8298 9630
22 332 1301 1789 2624 3127 3598 3712 4817 4828 5062 5467 6478 6574 6724 7022 7049 8410 8794 9014 9149 9493 9870
22 140 894 1481 2110 2117 2465 3041 3721 4322 4812 5149 5374 5657 5851 5902 6434 6670 6820 6952 7403 8581 9240
39 462 1485 1674 1982 2000 2005 2092 2129 3028 3295 3614 3714 3956 4516 4553 4584 5050 5862 5949 6278 6528 6859 6892 7045 7217 7221 7247 7761 7911 8097 8133 8376 8439 8565 8889 8945 8963 9245 9290
30 463 1648 2084 2119 2742 3007 3463 4082 4525 4594 4733 5078 5165 5231 6367 6950 7004 7778 8001 8115 8252 8598 8793 9086 9156 9168 9287 9553 9618 9767
29 33 169 244 279 685 935 1963 1966 2151 2174 2348 2705 4466 4544 4701 5603 6042 6110 6201 7161 7215 7374 7808 8300 8305 8803 9118 9121 9495
28 34 50 2291 2505 4301 4462 4480 4832 4851 5058 6000 6602 6689 6704 7024 7506 7681 7806 7971 8088 8256 8348 8461 8554 8659 9292 9327 9926
16 390 868 2464 3019 3044 3636 4540 6287 7326 7534 7610 7687 8342 8934 9317 9872
26 228 391 566 761 1690 1832 1862 3090 3397 3404 3832 3874 4761 4998 5473 6802 7027 7109 7688 7999 8003 8427 8770 9130 9186 9295
31 555 1150 1691 1952 3352 3439 3865 4703 4916 5221 5751 6009 6010 6198 6905 6971 7536 7758 7877 8124 8447 8533 8672 8684 8862 8971 9672 9706 9714 9823 9906
20 593 726 1102 3023 3750 3864 3944 3973 4434 4724 5183 5468 5632 7135 7679 8031 8242 8885 9350 9531
38 51 491 582 647 1173 1337 1632 2398 2546 3059 3216 3224 3629 3734 4008 4223 4224 5522 6252 6538 6570 6727 6850 6944 6984 7008 7130 7260 7363 7567 7704 7946 8090 8249 8359 8671 9587 9938
35 419 484 485 495 591 673 972 1602 1647 1706 1759 2052 2595 3247 3570 3957 4127 4298 4633 4758 4937 5035 5934 6301 6728 6765 7015 7062 7211 7722 8143 9393 9442 9476 9856
12 385 2726 3806 4618 4831 5308 6127 6651 7857 7988 8518 9330
20 1518 2242 2286 2732 3358 3503 3789 4182 4903 5159 5167 5416 6092 6761 6891 8053 8715 8886 9184 9252
37 229 298 651 860 1278 1298 1385 1999 2172 2280 2719 2746 2830 3457 3741 3974 4153 4760 5290 5295 5429 5490 5493 5542 5994 6344 6416 6537 6694 6844 7207 7224 7477 7821 8331 8701 9907
29 5 936 1391 2220 2316 2328 2892 3046 3999 4000 4016 4073 4649 5395 5428 5900 6442 6800 7139 7276 7337 7490 7895 8083 8099 8569 8725 9068 9382
34 312 2146 2372 2475 2926 3305 3553 3924 4018 4533 5903 6024 6369 6680 6751 7121 7237 7313 7573 7585 7777 7827 7891 7965 8017 8232 8350 8392 8448 8562 8692 8992 9738 9845
27 100 305 541 1320 1393 2082 2317 2380 2684 3508 3528 3740 4078 4219 4687 4716 4731 5281 6015 6104 6158 6586 7331 8330 8908 9043 9049
27 137 440 474 529 736 2083 2154 2551 2911 4080 4577 4651 4669 4744 5329 5672 5800 5819 6794 7070 7366 8658 9135 9144 9834 9928 9994
27 488 916 1617 2479 2900 3587 3812 4101 4220 4417 4641 4658 4749 4791 5113 6236 6238 6463 6587 7225 7420 7579 7748 8225 8823 8978 9620
19 1200 1307 1590 1728 1960 2088 2245 2258 3560 3743 3837 3879 5323 5922 6235 6374 6843 7901 8522
24 17 406 486 734 1219 1578 2275 2490 2861 3161 3891 3927 4408 5358 5525 5700 6361 6639 7892 8760 8930 9358 9431 9453
27 364 700 1147 1235 1417 1667 4076 4499 4545 4705 4709 4827 5216 5581 6658 6841 6913 7652 7755 8131 8394 8419 8577 8611 9225 9275 9801
27 104 948 1045 1111 1682 2230 3124 3317 3426 4509 4513 4769 5396 5419 5426 5546 6214 6990 7099 7169 7316 7675 8338 8954 9027 9119 9138
18 758 1051 1945 2359 2829 4307 4510 4736 5200 5367 5835 5925 6390 6926 8244 8890 9185 9770
31 322 884 1055 1092 2378 2959 3170 3692 4319 4785 4952 5505 5830 5869 5898 5970 6097 6120 6620 6679 6804 7076 7903 8399 8859 8866 9025 9235 9341 9408 9709
40 565 730 1022 1143 1156 1277 1435 1710 1775 1908 2062 3138 3446 3679 3914 4142 4270 4873 5034 5563 5639 5688 5692 5769 5907 5920 6142 6270 6530 6645 6810 6825 6866 7684 7944 8026 9134 9416 9741 9787
49 4 30 282 376 628 942 1054 1062 1068 1858 2166 2376 2659 3050 3100 3184 3542 3657 3758 3868 4369 4714 4819 5297 5325 5509 5561 5893 6293 6599 6652 6744 6821 7082 7615 7633 7728 7844 8172 8264 8303 8580 8615 8767 8920 9081 9123 9379 9470
40 587 632 1149 1575 1582 1619 1620 1847 1902 2250 2439 2889 3173 3283 3518 3539 3936 4034 4514 4775 4871 5118 5600 5656 5864 5967 6166 6258 6364 6486 6503 6568 6732 6879 7074 8275 8563 8989 9104 9545
22 424 1049 1533 1551 2114 2268 2815 3129 3218 3275 3768 3859 4143 5271 5592 6440 7020 7495 8156 8781 9705 9838
36 36 221 270 350 1072 1321 1736 2223 2590 2762 3306 3894 3986 4057 4131 4204 4257 4281 4757 5011 5018 5269 5460 5950 6200 6564 6662 6904 6995 7125 7489 7791 8265 8364 9729 9828
44 18 208 344 361 650 832 877 1035 1215 1504 1661 1764 1842 2197 2429 2667 3142 3228 3438 3523 3531 3589 3946 3962 4774 5288 5942 6105 6276 6404 6626 6857 7168 7533 7796 7982 8336 8401 8457 8501 8594 9689 9864 9965
14 644 1484 1623 1794 4359 5841 6934 7345 7526 7866 8506 9454 9556 9910
15 89 289 371 1086 1876 2035 2655 3733 3771 6451 6691 7051 7678 8426 9360
16 200 630 848 1346 1664 2055 3862 4311 4376 5030 5613 6395 6603 7233 7937 9967
39 130 150 185 231 866 1787 1817 1877 2126 2617 2960 3022 3034 3233 3609 4360 4537 5037 5046 5096 5171 5355 6257 6600 6681 6705 7089 7232 7238 7311 7361 7639 8422 8473 8685 8909 8927 9353 9599
22 543 1275 1413 1836 2047 2100 2310 2593 2605 2632 2914 3356 4222 4850 5858 6346 6529 6982 7340 7459 9420 9597
47 242 434 955 1133 1220 1285 1293 1548 1597 1699 1790 1809 2179 2202 2215 2589 2628 3958 4036 4261 4547 4870 4991 5362 5393 5647 5977 6267 6383 6473 6806 6824 6894 7296 7474 7546 7601 7789 8215 8714 9191 9392 9777 9819 9890 9895 9896
29 210 223 299 638 852 1270 1368 3329 3650 4109 4607 4722 5361 5618 5671 5787 6516 7058 7249 7308 7686 8460 8815 8844 8898 9456 9468 9927 9936
21 659 1221 2237 3056 3256 3361 3537 3913 3930 4119 4446 5375 5650 5693 6164 7433 8442 8492 8669 9340 9436
19 69 276 715 1282 1540 1585 1589 2517 2782 3338 4004 4237 5267 7650 7730 7894 7970 8332 8723
32 698 724 2033 2225 2622 2652 2709 2806 3065 4032 4042 4635 5015 5342 5712 6046 6414 6453 6545 7102 7222 8008 8036 8087 9157 9229 9258 9280 9365 9443 9507 9731
24 3 985 1522 1724 1753 1784 2656 2916 4238 5911 6194 6246 6318 6986 7369 7742 8092 8195 8353 8467 8689 8846 9570 9937
29 215 1064 1268 2106 2136 2149 2456 3421 3896 3917 3950 4232 4277 4539 5236 5702 5735 5971 6056 6327 6507 6608 6722 7289 8440 9286 9635 9871 9939
35 542 554 625 977 1078 1272 1871 1886 1917 2054 2471 2703 3230 3664 4107 4387 5620 5676 5905 6207 6347 6420 6808 7091 7116 7508 7606 7671 7707 7720 7875 8140 8188 8697 9381
37 306 475 841 915 1004 1007 1373 1482 1791 2542 2668 3312 3729 4077 4263 4294 4615 4877 5102 5915 6156 6313 6363 6394 6750 6799 7451 7697 7917 7991 8062 8137 8228 8432 8534 9355 9451
39 278 360 508 1178 1231 1562 1865 2209 2278 2404 3311 3440 3619 3669 3767 3954 3984 4481 4784 5020 5064 5189 5622 6025 6117 6136 6831 7120 7227 7612 8046 8409 8756 8795 8836 8843 9291 9333 9455
32 27 283 932 944 1060 1625 2206 2731 2841 3121 3153 3198 3269 3640 3762 3996 4454 4508 5145 5415 5502 7466 7603 7716 7913 8025 8032 8071 8227 8317 8618 8821
34 78 370 1000 1088 1336 1503 1978 2527 3140 3185 3235 3781 4250 4947 5019 5091 5504 6362 6489 6656 6683 6985 7457 7604 8192 8230 8319 8711 8921 9320 9364 9427 9473 9839
32 365 816 1483 1922 3323 3964 4273 4452 4552 4556 4688 4728 4738 5966 6302 6441 6493 6519 6793 6917 7072 7174 7318 7393 7470 7642 7725 8871 9270 9278 9400 9984
38 240 345 596 608 664 712 789 896 1399 1442 1461 1520 1599 1907 2700 3222 3515 3546 4475 4605 5002 5814 6183 6431 6640 6650 7112 7175 7193 7815 7852 8694 8702 8755 8801 8912 8995 9489
15 155 2750 3938 4049 4450 4572 4602 6186 6467 7538 7658 8113 9523 9692 9893
22 19 67 1857 1985 2711 3163 5012 5621 5748 5945 6229 6792 7288 7364 7440 8057 8551 8582 8602 8641 9467 9598
8 590 2340 3342 5250 7164 7738 8223 9698
24 201 251 465 597 1251 1926 2300 2941 2971 3130 3524 3723 4706 5093 5947 6125 6271 6531 7302 7520 7655 9052 9077 9775
19 62 1013 1212 1325 1369 1394 2454 3892 4878 5377 5512 5809 7035 7153 8238 8604 9263 9625 9668
14 170 399 1815 2440 2461 2553 3210 3550 3689 4272 4530 5687 7912 8654
24 254 838 963 1213 1621 2226 2260 2447 2789 2822 3432 3610 3800 3991 4084 5432 5516 5627 5878 6188 6627 7104 7294 9536
23 76 125 571 989 1017 1538 2157 2234 3581 3870 4217 4355 5478 5861 5877 5975 6083 7182 7705 7984 8729 8951 9949
23 1292 1306 1806 1894 3096 3214 4035 4098 4157 4244 4410 4788 5176 5178 5218 6288 7158 7940 8121 9094 9724 9772 9885
40 633 675 827 952 957 1295 1638 2344 2599 2868 3160 3183 3495 3564 4068 4524 4592 4787 4884 5047 5392 5420 5477 5549 5818 6146 6378 6688 6778 6969 7194 7208 7343 7408 7627 8070 8219 9007 9283 9988
37 747 1019 1079 1610 1707 1863 2020 2081 2155 2191 2315 2625 2645 3684 3916 4589 4662 4970 5121 5197 5665 6093 6135 6403 6714 7096 7517 7528 8337 8640 8680 9208 9210 9403 9506 9633 9867
21 11 112 194 796 1816 2181 2679 2771 2953 3533 4209 4367 4567 5010 6469 6624 6713 7171 7259 7346 9095
29 452 618 1083 1436 1600 1840 3008 3177 3613 3694 3863 4316 4463 4502 4820 4889 5041 5916 6513 6557 7649 7865 8217 8403 8482 9035 9085 9873 9981
21 275 433 702 2130 2305 2799 3348 3418 5127 5217 5318 5789 6332 6352 7032 7397 7721 8869 9154 9220 9611
31 250 1544 1826 2460 2540 2754 2927 3434 3520 3535 4134 4246 4284 4306 4531 4652 5056 5201 5380 5586 5610 6299 6433 6786 7152 7480 7961 8284 8531 8643 9297
31 204 545 575 795 815 1358 1509 2069 2368 2519 3202 3321 3443 3615 3635 4225 4391 4431 4718 5230 5452 5919 5996 6551 6607 6737 7568 8073 9433 9669 9916
25 196 273 631 1429 1633 1760 1874 2060 2653 2803 2877 3299 3456 3907 3993 5337 6220 7205 7349 7409 8022 8161 8180 8324 9815
31 198 217 920 1566 1916 2281 2293 2324 3097 3257 3850 4368 4501 5055 5683 6168 6259 6495 6543 7018 7263 7759 7793 8216 8253 8347 8407 8567 8965 9255 9932
41 56 943 1063 1154 1257 1486 1639 2708 2728 3146 3164 3631 4318 4406 4910 5115 5246 5591 5760 5842 6351 6520 6709 7668 7726 7807 7890 8015 8106 8241 8296 8301 8368 8396 8578 8597 8599 9519 9548 9634 9952
35 65 945 1099 1247 1497 1601 1965 2576 2693 2819 3370 3496 4657 4767 5423 5929 6122 6447 6554 6695 7525 7587 7962 7994 7995 8040 8251 8334 8354 8372 8589 8892 8967 9293 9877
24 106 1441 1936 2264 2390 2495 2507 2962 3148 4002 4005 4188 4305 5551 5747 6115 6923 7972 8210 8675 8860 8904 9371 9657
19 1361 1423 2056 2287 2326 4746 5027 5141 5304 5382 5437 5764 5776 7826 8850 9372 9497 9695 9766
30 83 232 757 1087 1287 1583 2337 2395 3559 3730 4590 4689 5163 5401 5626 5797 6109 6597 6840 6855 6947 7060 7239 7635 8012 8312 9690 9701 9735 9869
18 1586 1709 2733 2738 3241 3522 3688 3817 4228 4792 4795 5065 5368 6766 6937 7540 8116 8283
50 186 656 773 779 803 856 1065 1090 1093 1588 1675 1708 2093 2185 2411 2647 2678 2729 2743 2854 3038 3273 3433 3527 3681 4033 4333 4783 4936 4938 4988 5370 5771 6964 7389 7413 7654 7820 7883 7936 8039 8149 8750 8847 9188 9370 9708 9824 9881 9985
27 802 882 981 1153 1355 1524 1579 1614 1771 1962 2279 3030 3105 3174 4600 5614 6310 6524 7432 7646 7719 7849 7915 7928 8016 8940 9962
29 317 470 819 1746 1827 1927 2128 3195 3478 4040 4464 4811 5261 5424 5538 6112 6116 6428 6852 6893 7013 7048 7162 7548 7817 8371 8454 8678 9628
24 769 805 1222 2098 3085 3563 4197 4352 4575 4762 5438 5883 5888 6106 6556 6748 7620 7939 8335 8603 8788 8901 9448 9594
40 10 368 922 1155 1574 1770 2247 2860 2992 3267 3291 3968 4398 4702 4737 4806 5328 5391 5889 6070 6126 6375 6389 6491 6542 6548 6558 6914 6994 7066 7421 7845 8493 8495 8559 8568 9029 9253 9543 9655
18 402 999 1242 1592 2635 3366 4186 4692 4697 4780 5706 6096 6425 6460 7143 7378 7957 8304
12 2570 2721 2785 4274 4696 4957 5649 7226 7504 7628 9725 9748
27 46 489 1338 1383 1869 2053 2812 3058 3076 3159 3624 3705 3738 3880 5285 5661 6827 7560 7859 8004 8096 8169 8269 8308 8395 8877 9128
29 38 49 248 256 349 2187 2509 2875 2964 3017 3549 4118 4550 4752 5031 5386 5535 5890 6074 6170 6419 7131 7840 7878 8314 8377 8838 8851 9173
29 133 645 765 919 1210 1455 1821 1837 1971 2004 2059 2407 2787 3471 4308 5006 5053 5580 6221 6522 6561 6707 7069 7908 8286 8413 8478 8962 9980
20 1038 1120 1122 1940 2862 3238 3577 3792 3934 4915 6636 6702 7416 7900 8400 8748 9115 9207 9813 9983
27 490 547 682 900 967 1670 1938 2135 3268 3582 3888 4400 4433 5013 5180 5653 5682 6452 7071 8313 8600 8777 9064 9440 9755 9900 9968
32 398 513 514 580 1261 1527 1820 1914 2299 2558 2571 3015 3192 3713 4453 4840 5057 5072 5174 5283 5435 5708 5745 7354 7373 7715 7800 8311 8471 8986 9268 9765
37 561 1404 1888 2152 2189 2417 3126 3821 3911 3967 4907 4914 5092 5166 5320 5385 5466 5973 5998 7028 7199 7487 7723 7816 7837 7950 8111 8212 8498 8609 8784 8906 9001 9017 9622 9631 9739
21 25 654 836 2763 2893 3313 4021 4240 5022 5585 5978 6275 6372 7223 7869 8666 8827 9155 9223 9504 9638
29 423 483 505 620 801 1310 1684 2123 2338 2836 3592 3774 3777 4215 4634 4868 4928 5268 5589 5727 6003 6065 6686 7142 7269 8469 8960 9161 9912
39 296 302 324 468 657 737 806 1230 1912 1961 2335 2356 2508 2772 3061 3079 4087 4135 4330 4358 4505 4518 4571 5017 6018 6141 6319 6484 6972 7038 7638 8588 8634 8848 8966 9244 9478 9549 9874
35 109 642 854 1112 1232 1248 1506 1988 2229 2374 2392 2566 2948 3223 3900 4357 4555 4824 5082 5595 5885 6055 7023 7059 7342 7773 7811 8370 8452 8488 8840 8975 9107 9619 9800
34 1184 1529 2153 2158 2712 2863 3114 3246 3698 3726 3875 4520 4616 4927 5116 5277 5780 6718 7136 7176 7395 7414 7444 7507 7580 7836 7863 8302 8516 8619 8635 8919 9430 9538
32 42 1085 1131 1264 1546 1671 1899 1995 2256 2574 2850 3157 3186 3519 3708 3765 4538 4551 4707 5036 5143 5541 5930 6064 6955 7599 7776 8218 8883 9033 9204 9816
26 235 395 436 467 1186 1216 1550 1721 1735 2218 2512 2943 3080 4149 4390 4523 5678 5774 6211 7499 7861 8139 8415 8620 8981 9289
16 167 1028 2309 2569 2764 4235 4620 4865 5208 6755 6770 6858 7057 7081 7429 9482
34 131 835 846 1009 1568 2272 2307 2606 2646 3018 3088 3118 3262 3580 3820 4361 4673 4854 5270 5366 5444 5593 6140 6970 7535 7593 7600 7644 8103 8489 8705 8831 9062 9652
37 86 148 689 925 1020 1631 1685 1813 2248 2752 2947 2984 3171 3400 3428 3449 3749 3754 4038 4609 4923 4985 6567 7009 7360 7819 7934 7996 8162 8526 8744 9145 9417 9479 9756 9953 9978
25 118 245 442 996 1138 1299 1782 2639 2753 2990 3814 4138 4565 5411 6111 6635 6725 6960 7753 8033 8078 8553 9019 9305 9558
36 110 592 684 1027 1427 1778 1932 1939 2393 3212 3284 3301 3797 3852 3897 4030 4259 4554 4945 5052 6253 6876 7177 7219 7677 8009 8405 8535 8667 8872 9061 9165 9331 9384 9569 9802
38 214 339 1058 1073 1164 1696 1701 1998 2330 2506 2981 3155 3401 3410 3617 3687 4112 4145 4380 4713 4852 5039 5456 5674 5741 5906 6020 6569 6883 7187 7253 7717 8605 8856 9424 9458 9703 9966
24 867 876 1446 1678 2193 2263 2648 2727 3201 3296 3772 3989 4683 5099 5489 5494 5783 5960 6525 7271 8120 9152 9298 9328
21 165 212 255 272 578 1116 2227 2498 2692 3500 4113 4187 4326 4920 5331 6445 6740 7085 7736 9177 9865
17 879 1115 1424 2827 3557 4469 4686 6566 7422 8205 8346 8762 9036 9193 9529 9608 9853
14 1311 1560 2266 2271 3454 3690 4379 6760 6880 7494 7496 7805 8021 9296
23 93 226 671 745 794 1236 1259 1334 2027 2718 3145 3978 4126 4279 4363 5531 7189 8837 9294 9343 9583 9789 9999
36 84 604 643 669 878 1059 1146 1416 2400 2957 3098 3147 3389 3467 3878 4067 4132 4146 4267 4329 4356 4573 4912 5275 6081 6518 6619 7445 7492 7564 8276 8529 9010 9246 9323 9899
32 55 156 456 458 697 1029 1494 1700 1703 2285 2311 2426 3014 3144 3584 3642 4056 4362 4490 4944 5339 5698 5828 6044 6472 6784 7565 7691 8130 9015 9034 9339
39 7 174 188 252 369 619 665 842 1279 1580 1810 1913 2008 2365 2493 2613 3012 3654 3717 4048 4342 4562 4619 4723 4771 4863 5023 5334 5488 6273 6864 6941 7137 8915 8932 8946 9344 9518 9986
31 603 721 797 863 907 1052 1127 1167 1185 2050 2257 2518 2885 3753 3808 4353 4599 4802 5202 5244 5410 6187 7400 7463 7521 7768 7781 7888 9030 9044 9109
35 75 348 720 818 861 908 1666 2604 2856 2921 3117 4419 4445 4656 4813 4888 4956 5931 6022 6038 6745 7244 7281 7438 7458 7468 7724 8263 8430 8668 8811 9231 9434 9533 9696
36 203 793 885 1557 1714 2261 2382 2701 3367 4140 4631 5359 5511 5594 5730 5940 6134 6232 6358 6606 6849 6851 6973 7019 7293 7566 7992 8235 8727 8731 9200 9373 9572 9648 9718 9989
23 59 613 881 1800 1900 2233 2814 3816 4152 4835 4897 5248 5299 5624 5718 5948 6242 6975 7075 7292 7625 8152 8357
33 219 987 1396 1581 2029 2363 2694 2783 3417 4024 4283 4335 4842 4948 5482 5703 6013 6218 6309 6780 6886 7256 7797 7926 7978 7980 8250 8274 8287 8490 9174 9746 9982
32 1 61 822 913 1117 1217 1245 2169 2186 2212 2615 2713 3009 4497 4711 5175 5457 5500 5690 5881 6008 6202 6219 6612 7581 7713 7855 7930 8163 8528 8638 9817
30 189 479 828 992 1134 2038 2103 2301 2458 2556 3314 4626 5085 5245 5259 5725 5759 5808 5853 6049 6354 6435 6666 8955 9126 9383 9530 9591 9883 9976
33 227 1409 1512 1942 1957 2222 2394 2535 2788 3505 3547 3597 3902 3922 4248 4266 4346 4403 4429 5044 5508 5974 6138 6284 6296 6388 6456 6585 6657 6773 6789 7747 7904
33 410 431 581 1433 1462 1571 1636 1748 1897 2494 2810 3002 3526 4229 4643 4699 4735 5212 5365 5383 6075 6343 6345 6479 6796 6954 7823 8134 8540 8790 8917 9133 9475
17 71 1359 1792 2780 2896 4576 5352 5407 5935 6091 6898 8381 8868 8970 9444 9797 9851
29 21 639 753 1108 2371 2673 2769 3049 3279 3843 4675 4946 5051 5571 5696 6684 6699 6735 6757 6946 7103 7651 8128 8491 8772 9163 9316 9366 9534
36 85 136 154 677 988 1239 1250 1587 1646 1830 2204 2321 2420 2608 2641 2662 2793 3106 3932 4069 4451 4872 6223 6298 6396 6911 7002 7645 7985 8201 8484 8743 8853 9066 9160 9517
41 285 705 743 785 1006 1421 1489 1596 1637 1796 1979 2070 2097 2178 2918 3188 3578 3656 3658 4050 4632 5043 5071 5274 5481 5629 6040 6203 6696 7319 7356 7680 7832 7955 8592 9006 9060 9150 9526 9654 9723
38 35 414 674 754 903 1113 1193 1445 1450 2137 2361 2388 2397 2500 2537 2581 2955 3255 3643 3670 3997 4151 4338 4924 4983 5471 5927 6002 6610 7609 7662 7664 8104 9074 9132 9172 9398 9835
22 572 1121 1353 1418 1712 2192 2339 3187 3297 3719 4394 5321 5491 5999 6631 6847 6908 7435 8365 8380 8558 8865
23 536 831 893 1475 1733 3193 4748 4958 5833 6455 6468 6505 7005 7303 7798 7856 7959 8029 8393 9198 9585 9646 9697
29 537 771 812 1228 1501 2619 2669 3333 3349 3651 3886 4821 4846 5596 5719 6300 6341 7105 7590 7841 8079 8142 8881 9050 9281 9351 9446 9760 9946
16 509 742 2073 3607 3819 3871 4535 4650 5648 8425 8539 9106 9178 9284 9483 9829
43 267 300 974 994 1174 1227 1479 1665 1925 2022 2357 2466 2634 2696 2967 3141 3253 3469 4090 4199 4255 4507 4904 5286 5518 5832 6386 6508 6572 7371 7523 8299 8310 8508 8590 8753 9272 9593 9763 9771 9833 9908 9987
30 158 917 1056 1237 1294 2183 2270 2936 3078 3355 4165 4504 4612 4712 4742 4765 4905 5670 6397 6539 6897 7267 7290 7623 7653 7947 8013 8424 9021 9428
36 206 347 478 585 851 1844 2001 2127 2289 2597 2791 3092 3647 3711 4202 4249 4334 4385 4721 4890 5219 5515 5567 6616 6622 6785 6836 6977 7335 7352 7914 8049 8446 8768 9120 9277
41 202 460 738 762 767 840 956 1044 1804 1893 1986 2026 2096 2522 2866 3204 3289 3411 3424 3556 4111 4231 4708 4848 5240 5280 5343 5583 5739 5886 6058 6291 6466 6918 8323 8656 9002 9237 9486 9642 9686
20 655 1158 1742 1833 2195 2974 3901 4370 4492 4839 5534 5654 5675 6517 6764 7114 7426 7518 8037 9749
15 430 845 1070 1132 1192 1318 2876 4136 4234 5333 5987 7216 7670 8285 9153
15 1428 3249 3406 3801 4029 4173 4280 5233 5849 6245 7774 8081 8579 8625 8642
49 519 1089 1204 1715 1951 2163 2409 2433 2497 2616 2627 2707 2928 3447 3674 3809 3905 3970 4075 4121 4801 4880 5026 5074 5109 5198 5388 5462 5734 6079 6094 6143 6437 6991 7261 7329 7332 7848 7925 8030 8451 8480 8771 9113 9396 9588 9782 9837 9960
39 172 176 331 352 435 579 614 727 1197 1415 1449 1688 1968 2520 2630 2687 2717 3226 3237 3407 4041 4110 4378 4382 5389 5897 5961 6281 7030 7321 7334 8178 8429 8463 8683 8864 9024 9578 9602
39 346 363 792 961 1118 1472 1545 1934 2364 2811 2903 3137 3205 3510 3959 3961 4167 5570 5655 5839 6266 6282 7098 7196 7214 7268 7277 7392 7512 7569 7595 7636 7884 8436 8610 8633 8757 9299 9301
34 103 498 595 672 1793 2358 2414 2528 2685 2765 2994 3120 3242 3341 3691 3882 4114 4543 4864 5602 5677 5757 6605 7201 7258 7387 7450 8069 8075 8765 9187 9325 9335 9528
23 335 966 1463 1611 2341 2891 3199 3390 3796 3844 3948 5003 5130 5617 6527 7690 7801 7931 8045 8147 9176 9309 9707
16 1535 1889 2254 2515 3929 4160 4327 4804 5079 5980 6268 6637 7317 7559 7952 9552
14 96 281 781 1145 1487 2173 2543 4843 4992 5605 6909 7657 8545 9973
23 195 343 640 2095 2384 2640 3680 4420 4610 4747 4829 5048 5353 5801 6512 6782 6938 7779 8315 9099 9395 9409 9447
16 230 1034 1101 1536 1763 1866 2190 4251 4954 5894 5954 6392 6496 8065 8595 9624
32 752 1315 1327 1803 2283 2434 2888 3558 3621 3627 4124 4491 4666 4759 5340 5799 5969 6004 6045 6076 6402 6471 6677 7323 7434 7673 7766 7922 8234 8785 9492 9762
20 326 709 843 979 2871 4309 4587 5258 5398 5880 5909 6459 7272 7412 7735 7935 7949 9222 9376 9925
28 29 539 557 824 1333 1492 2342 2443 2631 2680 2781 3391 3866 3889 4051 4345 5059 5926 6014 6051 6133 6399 6555 7154 7669 8646 9041 9621
33 193 427 688 746 905 1420 1669 2308 3364 3736 3788 3918 4054 4086 4198 4381 4710 5182 5990 6638 6756 7092 7150 7380 7384 7452 7555 7598 8222 8679 8780 9573 9929
42 72 90 286 515 811 914 1188 1443 1679 2161 2180 2855 3225 3340 3402 3569 3626 3637 3659 3860 3955 4364 4899 5979 6027 6090 6103 6171 6274 6915 7127 7607 7818 7850 7858 8041 8591 8732 9319 9859 9868 9992
28 1434 2501 2611 3060 4695 5004 5161 5257 6277 6514 6671 6710 6795 6987 7056 7133 7282 7497 7570 7788 7927 8058 8185 8292 8575 8799 9405 9516
23 454 1229 2211 2575 3219 3278 3461 3818 4487 5185 5634 5882 5982 6178 6308 6865 7067 7370 7478 9042 9312 9521 9732
13 82 1177 1626 2951 2997 4574 5087 5526 6029 6787 7714 7810 9303
42 54 713 744 782 976 1887 2107 2415 2444 2579 2870 3320 3332 3479 3695 3718 3748 3824 4473 4534 4569 4597 5170 5332 5409 5722 5866 5873 6153 6534 7353 7424 7993 8102 8209 8417 8485 8948 8998 9093 9589 9942
20 145 1012 1488 3281 3648 3686 3715 3887 3953 4449 4823 5763 6706 7545 8064 9227 9314 9761 9921 9996
32 366 1074 1260 1345 1430 2265 2351 2526 2642 2666 3087 3125 3274 3724 4172 4413 4425 5487 5492 5558 6248 6249 6763 7381 7513 7616 8266 8462 8708 8839 9282 9963
23 387 814 1860 2011 2066 2131 2251 2730 3077 4012 4621 4776 5158 5533 6069 6370 6801 7055 8145 9402 9537 9605 9768
26 304 784 1119 1769 2277 2322 4241 5139 5225 6098 6335 6481 6798 6868 6907 7054 7144 7324 7708 8237 8706 8745 8817 8922 9346 9566
39 97 190 381 777 1269 1474 1553 1651 1660 1795 1883 2231 2723 2933 3252 3702 3720 3836 4055 4395 4655 4885 4964 5107 5150 5554 5847 5946 6303 6741 7029 7287 7731 7771 7899 8239 8903 8911 9419
38 77 666 1110 1410 1776 1885 2058 2091 2249 2329 2402 2499 2554 3258 3372 3574 3638 3671 4156 4189 4512 4861 4929 5193 5503 5986 6490 6618 6731 7339 7879 8220 8329 8800 8878 8988 9023 9930
26 699 1100 1924 2150 2216 3514 3985 4010 4293 4439 4667 5349 5723 6041 6929 7544 8243 8316 8556 8624 8699 9249 9662 9687 9744 9993
38 120 418 438 1043 1342 1401 1615 2910 3231 3315 3682 4310 4402 4720 4902 4976 5148 5955 6216 6286 6320 6578 6712 6721 6783 7359 7762 8397 8404 8808 8830 9069 9196 9285 9337 9645 9898 9975
19 87 183 1105 1513 1749 1825 2768 2809 2825 4178 4456 5641 6916 7279 7629 7907 8273 9159 9675
24 616 788 909 1650 1848 1941 2722 2761 2843 2873 2920 3005 4684 5025 5652 5822 5825 5904 7460 8487 8523 8608 9560 9933
26 265 612 1431 1559 1882 3243 3492 3699 4756 4764 5128 5196 5988 5997 6265 6563 6588 6729 6936 7552 7561 7974 8386 9239 9304 9527
35 307 588 609 766 864 1406 1477 2118 2485 2828 2922 3182 3211 3602 4071 4201 4211 4484 4519 4660 5425 6772 7086 7274 7502 7682 7873 8211 8272 8398 8527 8584 9230 9512 9861
28 527 528 663 825 1194 1343 1612 2147 2332 3066 3093 3481 3785 4320 4753 4909 5520 5746 5752 6412 6485 7543 8202 8538 8861 9604 9644 9688
16 58 1209 1547 2006 2620 2813 2939 3285 3601 3791 6515 7338 7631 9397 9437 9799
38 53 216 476 506 774 1464 1470 1655 2773 2989 3776 4106 4288 4426 4625 4698 4719 4866 5476 5587 5638 5778 6330 6359 6598 6621 6816 7044 7188 7284 7586 7666 8537 8763 9016 9097 9361 9955
19 143 1317 2182 2387 2929 3677 3746 5582 5664 5805 7328 7527 7551 7829 7942 7987 8098 9032 9685
32 113 191 233 686 733 1948 2077 2314 2396 2410 2492 2848 2942 3250 3473 3830 4099 4205 4227 4476 4517 5667 6099 6150 6360 7041 7110 7462 7943 8290 9647 9848
41 37 261 323 482 524 880 1249 1412 2360 2596 2755 3399 3468 3573 4001 4115 4640 4739 4881 5123 5138 5298 5363 5871 5876 6137 6449 6692 7093 7147 7307 8258 8431 8514 8759 9063 9217 9374 9561 9586 9699
12 559 1525 1686 2214 2702 2937 8207 8670 8918 9590 9616 9998
36 315 890 892 1603 1702 1716 1750 1953 2101 2200 2304 2366 2690 2917 3276 4047 4441 4930 4934 5837 5867 6026 6323 6592 6739 6781 7532 7577 7608 8434 8532 9084 9338 9399 9796 9889
40 95 735 958 1123 2140 2408 2470 2473 2552 2745 3024 3652 4058 4095 4196 4269 4337 4665 4967 5584 5766 5815 6342 6480 6711 6845 6912 7667 7692 7727 8138 8288 8352 8358 8521 8576 8929 9055 9259 9682
31 338 501 599 606 749 1349 1741 2198 3016 3288 4372 4645 4830 4984 5264 5315 5326 5402 5604 6356 6368 6674 6882 7262 7376 7379 8245 8433 8623 8710 9508
34 101 116 290 340 383 891 1180 1705 2045 2472 2484 3055 3326 3840 4488 4496 5014 5372 5564 5697 5912 6172 6377 6461 6673 7079 7672 7733 8686 9070 9496 9505 9575 9854
23 729 928 990 995 1139 1473 1552 2961 3838 3923 4803 4932 5126 5238 5418 5852 6314 7500 7813 8502 9076 9457 9887
24 57 1598 1718 2533 2852 3251 3709 3908 3928 4043 4245 4585 5073 5335 5350 6331 6532 6609 7486 8080 8677 8783 9484 9513
36 99 407 833 1386 1891 2063 2418 2849 3403 3628 3693 3925 3947 4291 4436 4578 4977 5547 5557 5637 6159 6762 6873 6931 7425 7428 7464 7695 7729 8504 8505 8653 8728 8826 8991 9000
13 455 923 962 2725 2913 4072 4079 4200 5699 6488 6693 7061 7882
24 292 750 883 1152 1378 1469 1755 2821 3842 3898 4486 4595 4826 5663 7134 7367 7614 7770 7951 8199 8829 9221 9315 9902
28 912 1175 2240 2511 2963 3414 3448 3667 3940 4212 4256 4287 4299 5153 5369 5560 5705 5731 6162 6464 7918 7921 8355 8548 8941 9313 9332 9643
34 310 417 1267 1407 1411 1480 1786 1935 1949 2219 2488 2661 2880 3620 3813 3966 4336 4351 4670 4750 4886 5080 5120 5524 7077 7250 7481 7640 8044 8085 9719 9793 9842 9969
37 179 512 716 1097 1198 1668 2274 2677 2695 2975 2979 3644 3725 4102 4808 4836 4862 5103 5405 5470 5543 5859 6113 6560 6647 7126 7190 7297 7351 7505 7674 8067 8428 9022 9195 9509 9640
14 1422 1884 2945 3133 3846 4647 4834 4979 8277 9213 9368 9606 9805 9959
25 409 1094 1609 1819 3102 3280 3309 4564 4668 5070 5187 5262 5758 5807 6752 7011 7151 7325 7574 8882 8953 9596 9603 9722 9970
41 480 534 649 1252 1284 1313 1400 1451 1478 1659 2141 2430 2691 2998 3011 3287 3731 4302 4661 4859 5142 5205 5317 5609 5711 5810 5951 6617 6846 7210 7558 7790 8052 8107 8328 8797 9005 9411 9547 9711 9836
18 426 1071 1801 1805 2162 2318 3552 3696 3939 4011 6499 6730 6736 7298 7828 7960 8200 9477
27 497 624 1323 2210 2538 2587 2674 2756 3343 4300 4424 4754 5101 6006 6108 6209 7213 7479 7830 8191 8196 8952 9568 9764 9786 9798 9878
30 2 45 266 287 695 798 1091 1191 1408 1460 2018 3154 3591 3795 3807 3915 3920 4700 5720 5879 6255 7212 8061 8295 8693 8873 8926 9182 9441 9785
33 132 357 1098 1189 1225 1244 1608 1722 1859 2246 2362 2601 3109 3476 4006 4154 4627 4797 5038 5404 6733 6988 7084 7202 7344 7822 8644 9329 9579 9613 9905 9943 9995
22 121 553 728 1036 1199 1283 1290 1643 2168 3263 5227 5345 5568 5598 5821 5965 6173 6355 6401 7181 8006 8664
27 243 258 577 1414 2079 2284 2450 2660 2864 2886 2890 3745 4206 4622 5658 5790 6071 6742 6774 8038 8477 8738 8914 9071 9091 9524 9581
32 526 949 1171 1729 1838 2028 2041 2253 2401 2510 2651 2747 2757 3064 3175 3351 4833 4922 4925 5136 5371 5397 5544 5743 6475 6901 7966 8181 8481 8972 9612 9730
34 461 583 926 940 1187 1308 2019 2065 2085 3169 3755 3977 4122 4268 4580 4638 5173 5344 5597 5716 6130 6409 6628 6966 7630 8437 8629 8736 9018 9045 9098 9238 9308 9389
17 2205 2367 2467 2906 4061 4366 4461 4917 6311 6655 6838 7923 7977 8282 8687 8717 8809