31 191 482 947 975 1264 1738 1752 2286 2704 3406 3590 3759 3763 3824 4024 4591 4943 5135 5626 5688 5856 6338 6438 6878 7519 7758 7832 8324 8331 9346 9879
20 364 548 761 1261 1382 2058 2169 2669 2737 2754 3277 3782 6025 6230 7219 8004 8170 8722 9049 9864
29 36 385 561 642 653 874 1005 1294 1361 1917 2319 2948 3210 3757 4136 4669 5038 5065 6257 6319 6968 6980 7131 7256 7431 7619 9120 9788 9842
15 271 466 732 1150 1291 1829 2229 4695 5414 6762 6944 7922 8667 8685 9801
39 26 50 614 871 1320 1816 1840 1927 2052 2574 3156 3825 4316 4482 4678 5298 5517 5603 5878 6618 6629 6745 6758 7028 7084 7360 7515 8079 8139 8240 8438 8850 8979 9158 9254 9437 9688 9770 9846
18 300 741 811 931 999 1307 1448 1700 3656 3923 4000 4991 5328 5614 6582 8385 8611 8959
32 21 30 85 388 402 640 717 726 1072 1345 1890 2417 2448 3349 3410 3456 3648 3898 3934 4069 4155 4166 4320 4720 4735 4930 4967 5804 7513 7639 9265 9625
22 111 243 386 552 2274 2310 2402 2692 3927 4274 4464 5749 6532 6614 7218 7237 7587 8130 9041 9591 9600 9944
33 29 823 887 1041 1161 1184 2548 2554 3433 3623 3768 4251 4606 5079 5253 5337 5362 5416 5475 5537 5577 5689 6564 6619 6713 6850 7394 7422 7509 8207 8343 8729 9200
22 695 804 933 1308 1567 2405 2581 3154 4446 5444 5771 6525 6571 6635 6768 8225 8621 8872 8917 9039 9743 9884
19 738 1560 1596 1760 1909 2718 2838 3058 3525 3954 6163 7655 8137 8292 9006 9048 9302 9648 9821
22 512 579 1269 2381 2419 2576 2651 2820 2834 5205 5232 5238 5730 5731 6443 6464 6544 6978 7634 9304 9354 9919
27 286 425 573 1397 2066 2731 2823 2924 3175 3304 3352 3739 3846 3894 4893 4910 5212 5655 5823 6031 6693 6699 7003 7665 8443 8935 8943
32 2 289 404 510 517 791 1096 1364 1905 2182 2647 3027 3031 3112 3193 3873 4112 4124 4844 4889 4926 4944 5052 5229 6784 6845 7336 7379 8247 8449 9466 9999
26 541 672 1328 1983 2204 3266 3472 3693 4234 4637 4947 5733 5973 6109 6332 6589 6741 6928 7118 7224 7345 7569 7667 7856 8249 9737
43 405 426 525 890 969 1060 1303 1672 1845 2001 2314 2589 2658 2682 2920 3575 3602 4115 4423 5315 5451 5576 5712 5892 5993 6003 6200 6267 6327 6712 7108 7312 7516 7548 8123 8186 8467 8793 8817 9208 9378 9792 9798
33 152 934 1565 1791 1815 1853 2886 3080 3160 3206 3710 3855 4198 4609 4692 4895 5286 5320 5354 5815 5834 6485 6973 7523 7779 7838 8226 8590 8659 8802 8927 9209 9217
19 706 783 1976 1995 2186 2350 2930 3071 3787 4103 4514 4939 6032 6040 6198 6275 8069 9893 9924
22 48 373 553 773 822 2042 2765 3501 3944 4469 4628 4682 5485 5527 5858 6002 6174 8525 8827 8897 9085 9446
18 1635 2099 2120 2659 2782 3101 4364 4495 6520 7300 7510 7652 7668 8150 8374 8517 8570 9491
20 64 699 1583 1962 2426 2557 2749 3353 3356 4092 4769 4808 6953 7173 7306 8208 8288 9191 9415 9595
23 307 730 1135 1728 2648 3234 3625 4091 4278 5026 5336 5367 6424 6647 7004 7205 7374 7413 7535 8054 8470 9434 9853
26 52 895 1003 1142 1331 1414 1506 2015 2306 2582 2877 3172 4367 5046 5210 5341 5837 5847 6015 7568 7765 8072 8421 8674 8906 9160
27 351 861 1354 1745 1903 1937 2062 3345 3494 3839 3982 4070 4624 4856 5086 5392 5622 6628 7264 7561 8355 8684 8736 9248 9535 9748 9847
27 1178 1509 1899 1900 2341 2406 2632 2706 2961 3511 3611 3920 4315 5002 5311 5783 6207 6837 7454 7855 8165 8364 8394 8819 9322 9360 9705
30 499 1045 1204 1372 1411 1659 2483 2790 2795 2925 3144 3738 4168 4341 5318 6507 6744 6763 7770 7870 7917 8055 8088 8148 8629 9044 9068 9554 9917 9966
22 97 526 655 1370 1634 4002 4139 4287 4565 4937 5377 5740 7480 7511 7772 7813 8145 8283 9174 9425 9933 9968
15 374 503 1460 1768 1821 2061 2168 4488 5146 5263 5651 6293 6972 7611 8093
24 384 1469 1874 2249 2655 2796 3223 3628 4060 4216 4288 4438 4530 5181 5549 6415 6726 7804 8236 8616 9011 9159 9306 9385
8 829 1103 3915 4099 5172 6087 7553 8197
19 414 1598 2500 3018 3039 3177 3505 3732 4284 4419 4566 5729 6402 7199 7886 8003 8044 8104 9315
30 539 1329 1601 2098 2592 2809 3028 3044 3052 3236 3354 3498 4062 4178 4719 5153 5436 5805 6077 6603 6929 7252 7275 7570 7802 7806 8154 9227 9368 9957
29 757 1084 1299 1650 1704 2033 2117 2289 2329 2637 2888 4268 4276 4304 4718 4799 4815 4966 5486 6361 7080 7101 7117 7388 7589 8526 8610 9755 9783
21 157 328 740 2004 2114 2702 2816 3515 4339 5332 5515 5580 6500 6641 6898 7850 8204 8395 8504 8663 9586
9 610 1950 2572 4941 6992 7604 7664 7708 9397
13 750 882 3268 3647 3977 4513 4548 7187 7725 7933 7955 8895 9901
32 658 1327 1519 1986 2025 2071 2222 2517 2699 3010 3790 4047 4250 4328 4945 5397 5589 5640 6578 7115 7172 7201 7333 7774 7863 8036 8173 8276 8285 8534 8699 9979
22 86 171 357 758 1396 1429 1473 1673 2547 3200 3718 4521 4831 5035 5597 5681 5809 6199 7711 7923 8352 9257
32 317 597 1004 1786 2264 2302 2492 2828 2929 2990 3466 3801 4479 4613 6142 6273 6299 6322 6347 6781 6810 7094 7389 8289 8356 8750 9088 9263 9310 9460 9618 9868
28 80 588 1146 1181 1333 2750 3402 3461 3834 3844 3880 4133 4361 4779 5033 5250 5553 6076 6910 7203 7316 7818 8032 8572 9290 9342 9920 9951
23 10 23 190 316 419 830 1155 1232 2149 4743 4914 5169 5417 5596 5657 6562 6708 7648 7888 8045 8475 8997 9624
32 193 833 1180 1254 2276 3278 3317 3335 3533 3837 4085 4182 4608 4634 4758 4981 5168 5560 5773 5791 6600 6613 7270 7285 7457 7792 7895 7980 9328 9445 9747 9935
26 565 581 872 899 1340 1895 2280 3163 3245 3355 4193 4426 4471 4744 5702 5996 6400 6634 7006 7600 8367 8455 8716 8837 9273 9291
18 1468 2167 2583 2962 2997 3151 3495 3775 4095 4604 5838 5932 5965 6654 7415 7466 7537 8605
33 272 442 533 591 1175 1206 2187 3098 3134 3407 4210 4440 4549 4713 4726 5179 5227 5884 5924 6183 6601 6666 7053 7447 7722 8235 8542 8669 8866 9104 9204 9820 9851
35 46 318 796 864 919 1064 1078 1098 1136 2034 2218 2604 2693 3049 3159 3230 3319 3437 4162 4740 4840 5751 6425 6450 6638 6767 7007 7743 8296 8359 8482 8620 9121 9233 9469
36 47 319 483 501 1002 1545 1681 1682 2147 2977 3065 3096 3860 4147 4188 4382 4478 4736 4820 4855 5844 6397 6517 6670 6855 7692 7845 7927 8271 8613 8857 9002 9053 9196 9239 9495
20 250 710 813 1081 1090 1190 1443 2370 2439 2881 3221 3891 4052 4816 7029 7726 7911 7948 8565 8863
34 1 867 1113 1183 1731 1933 2180 2714 2804 3284 3325 3546 5331 5674 6123 6156 6331 6567 6677 7229 7411 7771 8119 8120 8500 8576 8654 9059 9150 9189 9198 9568 9866 9932
18 68 1110 1172 1457 1771 1814 3918 4363 5188 5529 5767 6228 7230 7481 8657 8705 8912 9374
27 520 633 764 1575 2065 2236 2253 2407 3658 3698 4385 4515 5081 5137 5162 5266 5474 5726 6227 6419 6987 7077 7102 7551 8366 8987 9426
20 467 2161 2210 2214 2620 3370 4472 4961 5643 6026 6098 6279 6649 7423 7746 7753 8760 9236 9450 9731
33 103 194 885 1008 1589 2075 2225 2230 2355 2965 3152 3386 3985 4312 4424 5375 6072 6709 6891 7233 7534 7559 7590 7840 8065 8458 8798 9277 9489 9496 9584 9819 9860
24 183 342 991 1639 1824 1885 2680 2952 3503 3622 3730 4037 4100 4116 4200 4528 4727 4765 4865 5903 7992 8023 8469 9672
15 427 625 834 962 1163 2323 2772 3094 3565 3876 4362 5777 6711 9300 9457
27 15 347 760 915 1309 1334 1336 2154 2525 2944 2998 4539 4717 4739 5660 6191 6722 6738 6904 7492 7577 7654 8142 9116 9525 9714 9752
31 982 1481 2862 3033 3336 3397 3528 3620 3848 4039 4550 5019 5429 5911 6137 6290 6786 6832 6926 7019 7319 7843 8007 8212 8347 8862 8921 9454 9669 9833 9939
27 334 514 662 951 1534 2376 2707 3490 3958 4022 4160 4394 4465 4555 4802 5487 5670 6028 6323 6632 6637 7159 7581 8097 8234 8743 9726
16 1432 2383 2390 3046 3067 3993 4883 5398 6433 6521 6549 6890 7149 8024 8255 8911
22 199 245 1251 1486 1618 1974 2059 2756 4180 5785 5972 6044 6117 6597 7171 7196 7204 7871 8042 8205 8882 9497
22 778 1054 1371 1860 1996 2003 3475 3936 4032 4350 4651 5092 5593 5768 5982 6101 6918 7072 7273 7426 8099 9073
27 109 369 1082 1241 1282 1505 1523 2113 2970 2982 3734 4041 4612 5252 5297 5301 5435 5818 7046 7132 7864 8749 8782 9325 9420 9569 9693
33 75 925 1070 1244 1306 2007 2020 2478 2498 3103 3170 3612 3779 4117 4475 5040 5067 5573 5792 6018 6085 6212 6305 6623 7259 7666 8788 8846 9035 9297 9548 9633 9834
39 838 984 1484 1521 1594 2103 2133 2801 2933 3613 4040 4055 4149 4323 4503 4756 5192 5242 5803 5831 5890 6006 6235 6337 6471 6700 6723 7780 8198 8242 8898 8998 9083 9173 9259 9479 9482 9613 9814
43 102 112 563 701 896 946 1001 1095 1476 1733 2215 2784 2861 2872 2891 3075 3083 3198 3365 4192 4795 4814 4892 5737 6048 6280 6391 6421 7033 7074 7086 7088 7283 7469 7760 8268 8507 8540 8778 8969 9549 9911 9929
39 169 459 578 819 853 1217 1363 1680 2205 2701 2738 2975 3194 3468 4165 4401 4751 4804 5094 5257 5424 5732 5882 6452 6481 6680 6828 7582 8244 8481 8544 8821 9199 9222 9294 9615 9707 9779 9993
14 120 1139 1231 3750 4374 4858 5314 5325 5967 6298 9188 9309 9567 9607
30 54 869 1034 1260 2043 2156 2312 2472 2624 2675 3122 3292 3408 3579 3875 3999 4547 4878 5147 5569 5579 5644 7198 7647 8182 8323 9321 9423 9480 9762
41 418 492 1195 1464 1495 1524 1579 2330 2644 2690 2880 2905 2936 3261 3350 3940 4499 4525 4721 5419 6159 6301 6883 7060 7281 7294 7317 7366 7623 7662 7968 8351 8447 8564 8756 8869 9410 9488 9592 9638 9965
28 480 636 644 1268 1849 1859 2063 2202 2607 2767 2806 2863 3036 3235 3736 3783 3814 4242 4406 5031 5295 5509 6146 7141 7318 8627 9706 9732
32 128 292 786 1037 1147 1317 1439 2240 2597 2894 2913 3670 3692 3998 4766 5017 5322 5353 5594 6348 6593 6627 6630 6643 7018 7167 7807 7982 8214 8694 9429 9472
28 178 612 817 981 1151 1290 1441 1871 1915 2080 2408 2564 2575 2914 3400 3429 3626 4248 4422 4556 4788 5802 5865 6353 6847 8769 8774 9717
25 452 489 790 846 918 1014 1182 1825 2131 2615 2634 2785 3070 4924 5196 5665 5895 6320 6559 7395 7414 7512 7783 8115 9256
27 162 472 903 1137 1608 1631 1878 2504 2570 2802 2832 2969 3351 3382 3856 5042 5682 6136 6879 6945 7225 7550 7670 8096 8245 9007 9072
29 147 1356 1644 1732 1894 2029 2507 2562 3499 3922 3928 4179 4463 4544 4705 4854 5024 5064 5536 6086 6112 6119 6817 7278 7795 7945 8140 8215 9262
46 359 423 621 1167 1642 1767 2127 2384 2569 2577 2661 2663 2906 3346 3462 4054 4435 5199 5472 5595 5658 5701 5978 6107 6317 6552 6822 6990 7286 7557 7972 8264 8681 8865 8907 8941 9203 9284 9330 9358 9512 9590 9676 9711 9765 9824
19 348 756 2158 2552 2993 3671 4201 4734 5968 6035 6248 6314 7880 7990 8038 8188 8983 9109 9916
21 534 684 913 929 1775 3513 3990 4529 4595 4642 4954 5530 5905 6430 6659 6874 7847 8439 8492 9178 9767
17 574 2151 3257 3459 3555 3877 4334 4696 5219 5460 6470 6599 7137 7479 8695 8833 9062
10 2123 3189 3204 3399 3661 4042 5102 7680 8619 8701
40 248 1126 1144 1357 1676 1783 1972 2172 2609 2850 3523 3568 3863 4230 4441 4454 4774 4979 5087 5149 5158 5599 5857 5912 6188 7052 7154 7827 8166 8373 8453 8622 8930 8944 8951 9449 9617 9695 9723 9958
34 959 1036 1510 1881 2580 2698 4059 4088 4324 4629 4767 4902 5141 5143 5346 6511 6718 6788 6899 6907 6913 7021 7119 7452 7464 7470 7572 7713 7716 7768 7803 8494 8706 8942
27 6 445 1585 2436 2442 2584 2685 2813 3087 3137 3443 4345 4576 5020 6205 6469 6486 7400 7427 7501 7986 8546 8755 8900 9024 9258 9651
16 365 3026 3716 3786 4300 4681 5107 5506 6498 7615 7761 9161 9286 9463 9730 9831
38 104 222 238 269 371 599 1485 1526 1693 1836 1987 2625 3017 3082 3129 3164 3174 4031 4082 4176 4762 4987 5108 5123 5539 5850 5977 6220 6644 6651 6751 7116 7562 8085 8250 8698 9089 9782
20 564 1214 2079 2118 2188 2786 3118 3162 3924 4494 4757 5124 5148 5430 6016 7353 7624 8041 9152 9950
28 5 82 331 535 606 629 712 1154 1278 1504 2549 3251 3857 5609 5690 6061 6901 7206 7752 7894 8109 8337 8775 8877 9451 9687 9720 9877
30 121 508 794 844 963 988 1826 1861 2125 2640 2887 3983 4559 4649 4985 5021 5059 5873 5942 5961 6135 6888 6900 7129 7814 8216 8612 8864 9084 9694
36 88 775 1408 1766 1918 1936 2053 2458 2811 2830 3120 3253 3654 3764 3987 4545 4706 4716 4964 5116 5117 5256 5374 6106 6201 6276 6612 6801 6930 7344 7508 7556 7809 8009 8423 9260
26 728 799 994 1109 1459 1705 1966 2228 2844 3072 3241 3366 3840 5846 6236 6576 7130 7406 7703 8190 8384 8427 8858 8922 9184 9601
34 136 464 716 1000 1616 1707 1806 1971 2012 2171 2518 2618 2734 2847 3554 3682 3961 3968 4569 4787 4958 5053 5155 5164 5344 5743 5921 6060 6288 6431 6508 7465 8725 9151
11 76 569 1957 2086 2798 3212 5246 5910 6358 8485 8721
18 24 179 226 802 949 4046 4097 4546 4874 6620 6889 7057 8257 8261 8828 8991 9411 9467
26 12 189 458 518 688 848 1075 3376 3600 3723 3808 4281 4354 4459 4601 4824 5571 6686 6809 6885 7178 7601 7932 8704 9745 9863
23 1123 1665 2017 2474 2730 3314 4742 5441 6021 6054 6291 6417 6468 6569 6719 7378 7416 8258 8870 8924 8939 9577 9649
19 784 1515 1574 2112 2593 3419 3550 4080 6516 6986 7107 7477 7951 8022 8267 8661 8977 9133 9777
39 153 595 748 1754 1843 2196 2368 2423 2942 3037 3552 3851 3862 3884 4794 4891 5588 5654 5706 5896 5936 6122 6244 6382 6605 6624 7002 7288 7347 7544 7730 8463 8618 8734 8896 9029 9036 9094 9422
7 780 2946 3756 3953 6226 7941 8550
17 134 186 752 1219 2233 2487 3185 3946 4626 5693 5986 6218 7377 7566 8138 8465 8822
19 485 637 1133 1406 2010 3339 4181 4444 5060 5718 5739 6071 6092 6595 6922 7578 8082 8505 9978
42 163 302 808 863 897 997 1785 2309 2337 2988 3108 3295 3405 3557 3637 3687 3703 4429 5005 5225 5825 6187 6260 6742 7170 7321 7375 7434 7733 7876 8127 8153 8440 8559 8845 8972 9214 9559 9585 9603 9629 9671
19 1386 2307 3086 3272 3699 3773 3829 4071 4611 5014 5063 6581 7151 7913 8358 8422 9387 9537 9541
33 211 1430 1675 2248 2871 3293 3448 3587 3678 4072 4152 4493 4614 5004 5174 5317 5627 5980 5983 6710 7309 7420 7881 7944 7947 7978 8018 8459 8614 9313 9519 9560 9914
25 278 354 566 611 1940 2221 2347 3758 3945 4381 4518 4598 4864 4971 5218 5975 6329 7176 8064 8432 8771 9017 9018 9532 9662
25 256 667 682 1970 2211 2757 2769 4321 4667 4875 5150 5281 5464 5647 6161 6753 7620 7696 7916 7961 8098 8632 9231 9589 9983
37 168 491 1247 1368 1403 1450 1674 1715 1735 2135 2753 2759 2873 3205 3442 4249 4684 4733 4917 5886 6265 6554 6950 6985 7435 7486 7693 7732 8017 8111 8521 8529 8588 9287 9395 9447 9637
21 745 1028 1769 1920 2352 3191 3343 3369 3737 4267 4338 4786 4857 5076 5482 5564 6037 7500 8014 8513 9465
26 987 1152 1228 1420 2128 2530 2628 2916 3130 3233 3270 3540 3981 4337 4405 5062 5425 5446 6251 8184 8329 9201 9370 9388 9691 9789
19 798 1800 2598 2899 2981 3007 3567 4615 5518 6364 6410 6779 7032 7177 7629 9146 9172 9544 9656
18 376 766 976 1211 1902 2373 3138 3713 3899 4153 4975 5859 6800 7023 7238 7363 7368 7879
19 542 1548 1719 1856 1893 3215 3394 3458 3599 5093 5132 5406 5907 7702 8021 8136 8362 9101 9523
35 174 325 1166 1197 1200 1398 2116 2144 2326 2421 2489 2568 2639 2774 2818 3743 3762 3800 3842 3870 4146 4154 4538 4932 5433 5667 6172 6747 6755 7016 7384 8486 8812 9242 9930
30 1179 1437 2349 2364 2949 3558 4138 4220 4289 4712 5157 5550 5966 6096 6487 6653 6766 7015 7020 7166 7305 7538 7949 8087 8718 8985 9305 9363 9635 9963
28 141 244 341 382 389 528 671 1637 2819 3385 4029 5928 6067 6160 6870 6988 7097 7307 8314 8390 8664 8978 9293 9377 9588 9803 9813 9892
24 481 1176 1209 1613 1648 2728 3004 3470 3529 3551 4224 4822 5445 5621 6611 6703 7541 7837 8372 8867 8937 9417 9817 9881
22 70 114 604 739 1094 1275 1295 2779 2938 3492 3878 4754 4811 4951 5114 6284 7314 7391 7463 8177 9389 9587
31 55 396 1599 1774 1831 1872 1887 2014 3048 3244 3890 4150 4159 4253 4375 4852 5364 5528 5709 5822 6458 7048 7250 7659 8647 8786 8996 9107 9380 9626 9692
28 332 594 772 1187 1946 2019 2281 3015 3143 3418 3752 5607 6390 6422 6584 7181 7505 7507 7543 7605 8405 8595 8832 9428 9536 9674 9697 9858
20 665 1348 1440 1841 1912 3527 3867 3881 4564 5216 5363 5744 6342 6838 6865 7092 7428 7546 8591 8608
10 2979 4487 5343 5954 6596 7211 8090 8311 8561 8636
27 33 249 800 1235 1743 1866 2687 2713 2742 3291 3374 3392 3909 3951 4119 4409 4748 5121 5497 5772 5794 6222 6467 6701 7339 7599 9471
29 159 722 1158 1931 2203 2543 2964 3142 3337 3390 4209 4298 4460 4632 4772 4801 4860 5479 5812 6250 7195 7260 7801 8067 9212 9631 9727 9862 9910
29 660 1023 1546 1833 2358 2366 3090 3299 3391 4434 4542 4948 5061 5327 5995 6192 6535 6875 7246 7385 7475 7749 8210 9027 9078 9123 9251 9276 9501
32 313 596 961 1808 1844 1998 2216 2431 2840 2857 3910 4008 4053 4194 4586 4660 4810 5426 5820 6737 6984 7146 7372 7444 7799 8031 8691 8724 8876 9008 9546 9746
15 985 1529 1550 2382 2689 3631 3746 4122 4233 5724 5931 6697 7315 8714 8732
17 443 515 1323 1394 1603 2258 2268 2631 3331 3645 4474 6698 7153 7528 7671 7883 9870
24 51 73 401 632 746 921 1092 1314 1837 1862 2189 2262 3328 3994 4050 4186 4746 5044 6373 6684 7266 7956 8400 9571
35 400 495 868 974 1035 2194 2197 2807 2999 3802 4011 4135 4326 4355 4413 4577 4650 5264 6217 6324 6344 6462 6522 6528 6716 6806 7277 7331 8284 8319 8419 9164 9192 9478 9918
10 1956 3689 4983 5226 5265 5949 6105 6633 7081 8442
34 366 381 600 835 1734 1772 2021 3024 3822 3879 4078 4102 4132 4796 5304 5514 5612 6504 7127 7242 7417 7585 7673 7808 8081 8195 8263 8278 8491 8578 9234 9514 9664 9871
11 1576 2220 4730 4809 5500 5925 6065 7011 8129 8417 9822
23 557 590 816 1289 1591 1677 2002 2212 2415 3581 3929 4976 5634 6173 6690 6807 6853 7214 8299 8562 9329 9331 9906
26 275 397 843 1587 1633 1867 1924 2328 2392 2493 2879 2903 3192 3306 3889 5434 6297 6867 7155 7631 7688 8617 8759 9176 9249 9401
28 166 504 562 1544 1801 2094 2519 3302 4658 5312 5440 5699 6064 6551 6931 7122 7220 7405 7455 7858 8063 8070 8413 8511 9230 9550 9724 9797
34 502 907 1125 2434 2452 2803 3381 3522 3586 3896 4144 4170 4264 4378 4708 4847 5885 6702 6728 6760 7618 7734 7907 7931 8134 8516 8582 8628 8818 9034 9177 9275 9510 9634
32 37 336 1271 1316 1442 1620 2163 2327 2671 2947 3348 3781 3907 3921 5101 5109 5408 5611 5994 7010 7471 7625 7715 7762 7991 8342 8493 9154 9406 9486 9753 9913
18 277 450 1205 1452 1686 2342 2611 2622 3516 4360 4600 4707 5330 6503 7349 7720 8409 8571
23 1006 1930 1988 2418 2511 3329 3449 3853 4043 4067 4167 4255 4703 5715 5716 6241 6499 7754 7950 8302 8676 9105 9141
16 1436 1813 1977 2073 2195 2357 2497 3309 3727 4818 5084 5566 6039 6518 6823 8974
36 151 654 832 1513 1554 1593 1689 1712 1951 2049 2104 2111 2743 3158 3201 3361 3615 3650 3957 4486 4711 4933 4934 5211 5533 5656 6116 6239 6815 7456 8353 8474 8573 9134 9396 9945
18 939 1300 1570 3415 3467 3502 5056 5112 5465 6130 6859 7035 7194 7200 7791 8709 8836 9005
17 1445 1781 1908 2036 2318 2389 2494 2826 3444 3933 4158 5798 5888 5929 5981 7157 9280
18 559 719 767 1233 2247 3916 4273 6463 6868 7013 7143 7175 7678 8424 8435 8473 8537 9925
25 137 295 651 705 1009 1718 1879 4270 4428 4552 4837 5639 5851 5881 6341 6959 7584 7586 8410 8520 8784 9045 9253 9530 9650
10 952 1243 1961 2193 3534 4605 5631 8408 9412 9988
34 110 449 801 1174 1914 2621 2696 2935 2937 2943 3639 4370 4803 5043 5183 5290 5390 5548 5617 5762 6068 6563 6610 6748 7025 7228 7258 7490 9167 9221 9289 9533 9886 9934
21 202 288 304 592 2081 2968 3596 3700 4894 5280 5405 5454 6010 6615 7163 7607 8717 9574 9700 9829 9955
26 58 321 821 1242 1702 2199 2321 2897 4953 4989 5797 6007 6231 6436 6509 6533 7063 7885 8168 8185 8548 8955 8995 9312 9632 9796
33 31 448 530 657 698 1985 2101 2157 2506 2853 2955 3066 3312 3823 3845 3949 4257 4994 5523 5575 5584 5934 6073 6453 6871 8549 8577 8811 9010 9143 9816 9921 9991
27 4 59 437 469 898 960 1497 1507 1757 2287 2447 2579 2612 3435 4467 6063 7674 7975 8105 8290 8461 8472 8531 8665 9125 9344 9641
20 768 878 1527 1739 1764 2119 2735 3341 3769 3872 4021 4110 4516 4616 6636 6774 7236 8089 8648 8835
28 41 476 622 1177 1667 1963 2410 2613 2736 2855 2954 2976 3544 3836 4223 4853 5201 6367 6396 6546 6667 7026 7527 7699 7763 8401 9556 9750
33 42 180 216 1525 2762 2875 3283 3601 3675 3852 3858 4241 4557 4940 4997 5544 5971 6403 6645 6812 6836 6882 6917 7606 7854 7983 8002 8091 8508 8920 9113 9734 9915
24 522 523 904 1541 1655 1683 1714 2048 2473 2733 3019 3493 4797 5490 5664 6350 7329 8269 8528 8799 8994 9246 9781 9887
12 35 327 938 989 2138 4415 5348 7038 7476 7719 8160 8593
17 902 968 1119 1392 2561 2794 3195 3755 3978 4187 5469 5714 6091 6110 6674 6916 8692
10 1462 2245 2345 2732 3218 3512 4886 5366 5679 7280
28 144 164 1046 1287 1417 1537 1804 1999 2069 3014 3279 3367 3507 3563 3708 4057 4806 5396 6019 6287 6662 6792 7555 8152 8791 9128 9542 9875
39 664 676 1224 1722 1959 2292 2348 2466 2536 2546 2600 2667 2822 3135 3571 4048 4343 4456 4558 4578 4690 4843 4968 5009 5066 5113 5842 6118 6447 6914 7207 7591 7891 8012 8344 8747 8938 8965 9040
31 217 776 1044 1611 1627 1656 2467 3618 3970 4256 4592 4675 4747 4978 5213 5413 5672 5770 6395 6887 7105 7140 7232 7311 7354 7934 8141 8248 8282 8826 9673
13 333 339 814 1793 2279 2614 2831 3482 4051 5380 6460 9848 9894
14 1373 1729 2174 2398 2464 3487 3950 4236 4331 5339 6545 7766 7826 7897
36 572 900 1535 1619 1994 3140 3171 3298 3832 3900 4344 4575 4630 4698 5194 5439 5554 5828 6088 6186 6371 7158 7367 7539 8380 8487 8579 8672 8874 9022 9148 9225 9409 9773 9787 9904
15 1047 1661 1823 2107 2260 3684 4353 5428 6366 7660 8043 8219 8745 9352 9660
22 1043 1305 1690 1709 2237 2391 2918 3167 4185 4237 4553 5175 6714 7168 7558 7841 8294 8536 8555 9100 9785 9883
30 83 602 876 1027 1385 2150 2184 2243 2477 3020 3372 3652 3960 4522 5385 5513 6442 6490 6695 6946 7134 7520 7958 8146 8397 9327 9468 9593 9622 9658
29 281 436 1286 1748 1929 2100 2325 2369 3161 3484 4007 4074 4305 4368 4470 4813 4923 5110 5273 5422 5636 5922 7767 7919 8975 9013 9182 9459 9540
36 129 273 983 1203 1421 1668 1750 1822 2316 3088 3280 3469 3906 3955 4034 4058 4191 4443 4520 4823 4863 5151 5400 5697 5914 6008 6190 6378 7106 7121 8114 8125 8300 8891 9398 9987
29 694 851 1165 2141 2367 2812 3133 3186 3222 4151 4232 4412 4638 4763 4785 5000 5287 5466 6049 6124 6841 7231 7930 8404 8658 8848 8967 9527 9895
34 398 415 729 1407 1538 1761 1795 1981 2359 2428 2471 2578 2681 3041 3514 3841 4285 5880 5944 7104 7267 7323 7844 7925 8035 8151 8566 9223 9362 9390 9508 9518 9561 9565
28 1049 1415 1643 2416 2606 2745 2766 3249 3273 3452 3702 3888 4010 5015 5231 5829 5852 6663 6831 7564 7651 8194 8315 8348 8986 9308 9800 9805
12 2200 2512 3766 4414 4452 5915 6339 6523 6905 7359 8535 8641
37 456 892 970 1238 1344 1941 2271 2470 2627 2883 3190 3663 3792 4066 4129 4244 4275 4310 4492 4640 4792 5098 5282 5869 5985 6295 6932 6967 6970 7460 7952 8191 8652 9060 9461 9545 9715
30 322 335 1016 1112 1216 1869 2155 2177 3199 3643 3883 3931 4506 5100 5349 5591 5615 6204 6531 6688 7169 7560 7695 7829 7893 7954 8787 8860 8933 9811
16 870 955 1129 1491 1954 4714 5099 5202 5342 5808 6022 7251 7724 8414 8843 9407
25 536 1107 1159 1324 1335 1612 2351 3043 3305 3811 4013 4329 5197 5243 5326 5590 5738 5799 7383 8340 8780 8982 9244 9609 9699
27 540 605 1245 1389 2985 3157 3255 3308 3965 4184 4265 4938 5275 5456 5519 5867 6281 6687 6942 7164 7298 7661 7862 8433 8765 9237 9972
30 188 246 421 785 1641 2404 2770 3263 3719 4397 4737 4770 4835 5166 5711 5824 5938 5959 6389 6575 6975 6977 7735 7790 7921 8084 8241 8488 8509 9452
18 2136 2541 3384 3422 3629 3962 4006 4075 4596 5939 6045 6497 6652 7884 8418 9229 9738 9780
36 143 620 1310 1319 1755 1810 2256 2320 2475 2821 2856 2868 3121 3240 3303 3728 3969 3980 4403 4652 4752 4859 4885 5176 5713 6642 7042 7100 7124 7835 8797 8963 9001 9701 9890 9940
15 383 1400 1880 1889 2181 4457 4505 5543 6665 7356 7908 8293 8893 9659 9840
35 479 1051 1066 1433 1685 1952 2374 2401 2666 3148 3605 3630 3640 4433 4668 4972 5410 6141 6309 6820 6857 7085 7191 7249 7554 7580 7877 8402 8483 8602 8737 8855 8883 9057 9190
22 465 1402 2162 2763 2764 2867 2996 3184 3585 4294 4417 4512 6416 6428 7287 7575 7698 7705 7798 8265 8304 9575
33 57 531 860 879 1542 1607 1888 2265 2266 2396 2590 2836 2951 2978 3753 4033 4196 4497 4957 5308 5585 5941 6272 6448 6660 6673 7103 7616 7769 7869 8039 8460 8527
28 99 477 511 820 909 942 1239 1530 1780 2140 2399 3002 3676 3747 4819 4915 5779 5801 6127 7039 7649 7738 7914 8273 9791 9804 9902 9992
15 440 708 749 1369 2841 3239 3657 4221 4491 4911 5049 5058 7842 8677 9984
37 196 312 774 1131 1259 1645 1697 1997 2037 2363 2641 2650 2771 2876 3377 3812 3972 4473 4999 5299 5494 5512 5735 5745 5974 6177 6261 6336 6368 6445 7839 8126 8503 8551 8751 8918 9837
33 471 836 932 1343 1664 2633 2662 2664 2827 2878 2892 2901 3363 3416 3866 4056 4291 4447 5144 5182 5442 5917 5962 6461 6519 6770 6886 7241 8103 8431 9118 9713 9757
20 126 460 556 906 1085 1288 1626 1838 2551 3258 3729 4142 4661 4900 5399 5759 6825 7690 7824 8604
17 69 90 663 1227 1955 2339 2461 2712 3967 4462 5795 5826 5848 6821 8005 8118 8533
22 558 901 937 973 1339 1466 1716 1720 1742 2044 2646 3478 3767 4203 4927 5323 5650 6095 7402 7757 7782 8689
14 715 1854 2361 2414 3819 4217 4308 4898 5096 5764 6776 7282 7794 8660
20 1026 2727 3685 3996 4004 4015 5142 5190 5717 6539 6780 6994 7642 8758 8853 9091 9149 9235 9448 9703
33 1019 1252 1304 1315 1563 2372 2915 3424 3500 3504 4594 4888 4928 5198 5285 5775 5969 6058 6102 6351 6999 7089 7165 7545 7596 8133 8361 8476 8575 8615 8653 9240 9654
20 108 184 379 647 806 2950 3276 4517 5402 6193 6316 6594 6909 8013 8056 8815 8928 9285 9583 9716
37 497 547 911 1052 1281 1446 1483 1789 1891 1947 2038 2400 2601 2642 2931 3009 4532 5309 5499 5581 6255 6976 7299 7643 7821 7976 8016 8050 8457 8603 8816 8952 9003 9082 9213 9357 9936
36 25 125 227 1695 2485 2571 2720 2842 3114 4101 4227 4347 4647 5480 5488 5495 5992 6056 6543 6824 7536 7595 7872 8027 8131 8163 8199 8305 8389 8936 9020 9077 9269 9506 9605 9683
34 49 263 301 368 734 998 1020 1321 1807 3035 3102 3248 3256 3451 4126 4297 4332 4357 4483 5085 5438 5956 6412 6960 6993 7145 7445 7630 7989 8838 8902 9180 9761 9970
14 13 634 1934 2090 3818 5048 5083 5625 6640 6830 7962 8106 9268 9962
27 182 881 941 1145 1508 1663 1737 1776 1790 2226 2254 2851 3105 3574 4197 5255 5393 5401 5951 6036 6384 6573 6625 6796 8586 9338 9538
22 140 1581 2482 2636 2645 4271 5604 5613 5676 5754 5781 5839 6541 7598 7781 7787 8029 8217 8308 8697 9857 9927
22 131 769 1250 1784 2047 2697 3868 3885 4104 4293 4921 5734 5810 6030 6052 6473 6604 7276 7889 8051 9098 9245
18 529 1422 2656 2751 4206 4282 4812 5171 5350 5832 6082 6405 6413 6440 6895 7971 8824 9998
31 154 587 685 993 1156 1830 2013 2336 2833 3358 3664 3911 4868 4952 5261 5504 5561 5629 5899 6826 7045 7408 7658 7748 8030 8061 8560 8980 9367 9487 9564
25 586 630 1168 1625 2375 2380 2815 2870 3139 3203 3562 4073 4238 4391 5319 6996 7005 7348 7403 7714 7905 8034 8108 9071 9956
22 403 1201 1419 2263 3427 3624 3882 3941 3976 4107 4982 5154 5245 5382 5909 6247 6268 6587 6705 7095 7820 9038
20 1229 2528 2740 3034 3057 3804 4573 5119 5133 5391 5453 5545 5648 5814 5854 6070 7502 7565 8781 9627
10 2708 2896 3421 3919 6213 6935 8124 8178 8960 9382
31 270 412 438 1395 1577 2227 2354 2787 3141 3209 4087 4195 4215 4372 4387 4402 5003 5010 6237 6292 7068 7387 8102 8515 8635 8640 8757 8764 9012 9778 9905
18 343 995 1118 1904 3136 3491 4299 4336 4603 4909 5129 5663 6240 7376 8556 9317 9431 9653
16 107 953 2456 3301 3576 4396 4965 5707 6196 6335 6381 6394 7627 8237 8810 9464
29 474 723 724 731 1132 1267 1279 2219 2537 2716 3073 3324 3440 3488 3861 4776 5088 5221 5284 6051 6164 6574 6756 7240 7473 8398 8923 9144 9880
22 39 145 583 643 777 1088 1111 2542 2694 2919 3420 4111 4805 5271 5686 7691 7812 8110 8976 9241 9722 9835
36 297 395 1055 1390 1606 1990 2491 2991 2995 3169 3383 3686 4093 4301 4867 5036 5074 5145 5177 5244 5649 6233 7382 7603 7823 7825 8015 8223 8624 8839 9136 9210 9314 9372 9432 9897
19 507 1399 1855 2890 3003 3145 3638 4677 5449 6113 6483 6839 7156 7346 8325 8363 8915 9122 9292
29 285 1213 1218 1532 2278 2427 2524 2668 3147 3518 3912 4373 5055 5170 5409 5493 5601 6147 6181 6414 7957 8095 8135 8541 8879 9351 9882 9926 9989
9 743 5234 5478 5565 6175 6877 8851 9031 9119
11 922 4622 5467 5960 6285 6330 7503 7681 7830 8164 8193
21 585 1208 1657 1852 2297 2992 3062 3559 4476 4617 5461 5817 6588 7244 7289 8316 8318 8804 9139 9197 9657
18 926 936 1042 1916 3318 3321 3387 3707 4105 4335 5551 6099 6375 6409 7082 8719 8763 8916
32 43 117 608 1434 1561 2060 2510 3441 3548 3591 3688 3722 3803 3835 4535 4833 4998 5016 5335 5898 5940 6385 6558 7061 7083 7341 8101 8350 8686 9343 9563 9980
21 98 135 509 889 1162 1424 1586 2070 4038 4161 6094 6474 6626 6689 6957 7012 8157 8456 8497 8990 9066
24 430 1511 1552 2056 2235 2285 2346 2588 2705 3021 3477 4418 4861 5262 5868 5950 6041 6289 6482 7549 8281 9157 9516 9719
27 233 888 1021 1387 1426 1518 2267 2610 2684 3054 3797 3810 3816 3864 4148 4371 4425 5193 5742 5891 6472 7901 7998 8006 8121 9404 9543
15 175 736 1160 1499 2076 2649 3109 4134 4436 4571 4942 6915 7728 8437 8919
9 115 3051 3725 4286 5997 6925 7120 7937 8167
32 177 1032 2142 2889 3125 3213 3535 3717 3765 3820 3935 4064 4076 4523 4741 5072 5473 5813 6043 6411 6439 6542 6740 7243 8434 8518 8553 9216 9764 9808 9844 9908
23 28 314 1069 1293 1832 2533 2545 2585 3446 3520 4211 4501 4656 4845 4990 6902 7342 7742 8260 8557 9106 9337 9391
25 406 1196 1746 2198 2980 3524 3754 3956 4125 4295 4376 4560 4679 4784 5526 6075 6203 6769 7574 7622 8196 8733 8752 8884 9252
21 124 782 1313 2039 2183 2379 2556 2752 3023 3791 4262 4563 4653 5894 5943 5987 7496 8772 9421 9477 9845
15 345 1691 2617 2900 4882 4920 5875 6408 6813 7017 7056 7144 7727 7946 9171
18 235 1106 1418 1652 2110 3445 3481 3748 3973 4222 4572 4574 4645 4828 7524 8298 8634 9661
39 9 118 350 852 1215 1258 1896 2963 3128 3396 3714 3795 4106 4379 4399 4410 5006 5089 5302 5546 5555 6129 6158 6243 6245 6365 6952 7221 7265 7461 8048 8767 9021 9086 9096 9383 9462 9849 9961
11 258 1141 1809 3123 3431 4670 6093 7271 9215 9339 9652
28 262 329 545 1099 1355 2353 2715 3111 3463 3826 3917 4086 4346 4551 5259 5313 5780 5904 6778 6794 7128 7189 7190 8412 8840 8890 9102 9967
37 447 551 687 865 1326 1864 1868 2496 2864 3069 3202 3454 3667 3793 3796 3986 4327 5249 5387 5692 5722 5782 6184 6343 6773 6844 6876 6897 7160 7633 7999 8149 8349 8436 8688 8945 9498
18 268 626 1186 1636 2523 3496 3584 3701 4108 4541 4960 5082 5671 6103 7887 8630 9405 9413
16 215 1555 2553 3413 3432 3598 3704 3871 4218 4448 4584 6246 6848 7788 9570 9742
24 349 601 635 765 996 2457 2710 3536 4045 4311 4664 5057 5291 6097 6145 6234 6617 6746 7208 7262 7793 7867 8646 9279
12 639 1926 3674 4956 5677 7055 7485 7672 8252 8574 8742 9033
20 1285 1383 1553 1654 2040 2432 2495 2808 3178 4386 4537 4949 5160 5646 6819 7188 8169 8712 9438 9675
36 616 990 1091 1198 1236 2027 2054 2089 2091 2454 2744 2781 2805 3539 3959 5376 5496 6435 6476 6622 6681 6724 6906 6924 7067 7255 7355 7498 7777 7859 8336 8554 8950 9175 9702 9997
36 44 274 1128 1564 1980 1993 2031 2335 2719 2959 3173 3338 3404 3580 3854 3895 3913 4009 4504 5411 5893 6134 6757 6782 7254 7310 7468 7940 8000 8144 8649 8668 8844 8956 9054 9228
30 200 420 463 1969 2093 2153 2387 2438 2486 2565 3288 3789 4081 4369 4477 4969 5097 5567 6148 7114 7439 7610 7778 8369 8589 8651 8666 9009 9359 9969
22 924 1122 1276 1651 1717 2257 2332 2726 2893 3228 3326 4431 4579 5023 5746 5860 6011 6849 7380 7723 8155 8687
12 2213 2586 2630 2908 3022 5747 6501 7493 8334 8444 8468 8753
27 231 241 409 1015 1272 1330 1470 1512 1646 1805 2074 2338 3362 4292 4683 4697 5559 5728 6349 6492 6591 6609 6903 7542 7650 7805 9959
29 18 67 330 840 945 2371 3124 3672 4427 4674 5001 6151 6359 6455 6459 6527 6534 6862 7235 7340 7392 7739 8489 8499 8514 8708 9117 9301 9323
15 113 264 755 3508 3691 4461 5552 6505 6639 7297 7751 7764 8266 8441 9366
30 65 702 1068 1296 1449 1592 1744 1812 2028 2599 3989 4445 4568 4665 4709 4887 5091 6423 6797 6852 6893 7147 7328 7332 7451 8112 8599 8947 9272 9283
19 214 484 607 652 1413 1604 3225 3726 4189 4246 4689 5557 6057 6363 6833 8403 8539 9115 9416
21 7 225 475 927 1266 1723 1773 2206 2848 3229 5723 5758 5843 5855 6734 7399 8335 8428 8682 9079 9097
35 266 468 1923 2300 2605 2839 3063 3330 3439 3809 3966 4214 4342 4496 4599 4704 5260 5853 6115 6179 6388 6538 7091 7320 7853 8159 8662 8794 8800 9365 9418 9739 9802 9838 9937
21 393 624 677 1065 1416 1547 2817 2927 3412 3561 3937 3938 4020 4079 5167 5582 7381 8052 8984 9504 9551
25 615 1221 1551 1726 2121 2251 2315 2365 2866 2939 3084 3307 4068 4633 6432 6607 7295 7717 7786 7878 7979 8113 8809 8903 9218
14 309 1056 1409 1628 2232 3553 4204 4903 5292 6254 7325 8046 8789 8929
24 220 650 1101 1802 1850 2412 2515 2540 2940 2956 5355 5563 5608 6302 7034 7183 7334 8480 8519 9114 9193 9205 9741 9986
37 212 239 815 859 880 943 1255 1360 1615 1753 1919 2305 2654 2984 3001 3196 4290 4380 4588 5248 5277 5340 5778 5979 6133 6513 6963 7040 7078 7343 7370 7592 7635 7834 7846 8656 9156
20 283 284 1447 2173 2928 4169 4277 4732 4777 5373 5386 5696 6515 6811 6919 7412 8073 8583 9476 9594
35 252 410 417 527 678 1199 1444 1991 2026 2064 2695 3583 3635 3669 4731 4950 5189 5358 5458 5757 6362 6530 6655 6730 6761 6979 7261 7552 8094 8320 8532 9023 9166 9614 9964
29 101 727 1225 1265 1496 1623 2095 2261 2291 2773 3081 3517 3603 3695 3988 4019 4219 5180 5191 5489 5793 5827 5958 6851 7677 7707 8464 8831 9996
31 356 428 434 451 681 917 1134 1482 1770 2259 2299 3099 3181 3393 5140 6143 6418 6420 6446 6502 6631 6804 6880 6974 7860 8143 8710 8773 9455 9642 9771
18 93 1477 2077 2343 3521 3538 4884 5163 5214 5443 5864 5948 6304 6808 7686 8720 9474 9949
29 862 928 1349 1584 1706 3153 3238 3799 3963 4543 4936 5296 5574 5578 5598 7041 7494 7810 7909 7910 8066 8396 8776 8992 9050 9295 9678 9744 9876
28 11 555 905 1480 1658 1749 1857 2041 2480 2521 2550 2721 3485 3651 4128 4247 4279 5642 6325 6449 6752 7393 8049 9185 9195 9502 9616 9769
13 619 763 967 1649 1982 2087 3409 5203 5583 5756 6033 6046 8391
18 223 697 1038 1169 2653 3107 3115 3627 4228 4778 5748 6401 6650 7365 8230 9074 9183 9481
20 1283 1539 1543 1688 1756 1778 1898 2051 2967 2987 3030 5230 5356 6479 6940 7148 7993 8303 8728 8779
28 45 416 488 812 2000 2016 2231 2674 2792 2909 3207 3564 3566 4174 5080 5535 5725 5927 6189 6249 7031 7123 8761 9206 9670 9680 9827 9903
16 454 1455 2409 2616 2800 3265 3741 3772 5050 5918 6027 6256 7407 7996 8075 9483
23 105 781 1030 1031 1153 1405 1630 1759 2137 3110 3901 4183 4352 4745 4832 6675 6920 7489 7533 8301 8606 8770 8805
27 16 914 1237 1458 1492 1514 1559 1578 1653 1710 1782 2360 2882 3242 4113 4156 5115 6168 6215 6983 7279 7390 7583 7632 8740 9384 9907
16 751 3313 3323 3636 3778 3806 3869 4114 4283 4800 5501 5930 6014 7322 7614 8158
21 91 224 1058 2450 2845 2953 3231 3243 3300 4507 4655 5029 6656 6869 7193 7386 7506 7959 8623 9364 9775
30 218 261 315 560 877 1312 1379 1536 2688 3131 3483 3642 4404 4455 4540 5276 5659 6029 6059 6570 6956 7995 8117 8600 8999 9055 9503 9547 9759 9794
23 344 455 1017 1074 1097 1794 2602 2895 3211 6209 6547 6799 6921 7397 7472 7567 7849 8496 8626 8894 9439 9558 9598
32 353 603 693 1487 1765 1787 2008 2378 2904 3005 3287 3450 3471 3828 4025 4143 4207 4468 4686 5069 5165 5542 6429 6495 6661 6739 7448 7478 7920 8256 8471 9138
21 291 779 1960 2170 3322 4017 4510 4922 5159 5635 5790 5863 5902 6383 7161 7371 8228 8584 8671 8904 9163
35 236 311 1886 2105 2115 2223 2484 2643 3237 3453 3573 3821 4226 4489 4671 4842 4973 5013 5030 5128 5321 5502 5685 6121 6560 6572 6789 7284 7326 7429 7517 8829 9371 9612 9922
18 593 1351 2403 2739 2902 4258 4619 4749 5187 5279 5703 5800 6912 7292 7966 9621 9768 9971
32 19 441 827 1622 2134 2921 3694 4061 4829 4880 5268 5407 5541 5606 5774 6465 6555 6846 6856 6864 7138 7474 7609 7675 7900 7924 8946 8971 9130 9270 9576 9647
14 203 873 923 958 1148 2130 2443 2814 3116 6269 6321 6696 9311 9529
22 61 146 1108 1375 1858 2224 3050 3843 3947 4453 5360 5448 5789 5933 6829 6923 7450 7918 8033 9061 9836 9954
30 276 461 462 1226 1292 1427 1834 2096 2179 2288 2313 2911 5215 5600 5833 6286 6357 6669 6735 6965 7047 7185 7291 7737 8221 8277 8313 8949 9579 9850
35 122 123 299 1018 1104 1114 1302 1502 1799 2164 2242 2385 2508 2972 3486 3805 3830 4676 4918 5106 5471 5534 5570 5811 6219 6488 7087 7458 8643 8801 8861 8961 9030 9261 9751
23 439 673 831 920 1362 2722 2835 3093 3097 3609 4140 4589 5139 5562 5760 5776 6536 6548 6583 6771 7227 9356 9376
31 294 446 669 797 1270 1298 1533 1797 2185 2272 2843 3434 3655 3666 3833 4432 4680 4908 5365 5412 5547 6132 6493 7065 7903 8393 8754 9111 9264 9515 9686
27 62 363 1692 2166 2509 2799 3398 3617 4208 4333 4984 5090 5381 5477 5763 6047 6083 6194 6537 7197 7290 7396 7981 8122 8368 8530 9923
25 290 293 689 1453 1922 2084 3113 3509 3887 4259 5427 6259 7059 7099 7594 7602 7612 8790 9064 9137 9243 9299 9399 9517 9982
40 206 287 1024 1185 1262 1391 1640 1882 1944 2122 2304 2672 2885 3285 3388 4407 4554 5152 5619 6398 6444 6621 6884 6955 6997 7008 7070 7179 7202 7209 7694 7819 7942 9042 9087 9402 9522 9573 9582 9825
22 444 575 855 866 886 2246 2277 2394 3744 4084 5138 5200 5602 5610 6754 6783 7373 7800 7953 8211 8322 9333
12 2958 3074 3679 3776 4118 4974 7433 7504 7939 8887 9238 9696
29 160 549 700 948 1102 1374 1979 2023 2085 2465 3368 3543 3720 3831 4570 5130 5418 5510 6772 6787 7030 7234 7731 8430 8642 8650 9335 9499 9855
36 132 139 505 753 857 1365 1410 1475 1943 1958 2490 2626 2683 2810 3316 3380 3531 4012 4163 4325 4490 4643 5270 5432 5505 5887 5908 5955 5970 6274 7364 7912 8116 8327 9490 9763
33 372 598 916 2393 2768 2824 2923 4018 4531 4625 4722 4793 5204 5329 5531 5666 6104 6120 6749 6860 7440 7817 7874 7963 8083 9124 9153 9220 9336 9430 9580 9909 9952
27 1516 2132 2191 2388 2451 2460 3519 3930 4141 4245 5103 5237 5403 5786 5821 5849 7213 7253 7873 8011 8086 8899 9051 9511 9597 9766 9912
27 148 197 506 571 762 1071 1701 1851 1892 1921 2244 2907 3375 3510 3659 3914 3979 5462 6553 6727 6814 7071 7915 8192 8871 9063 9889
22 253 709 737 2006 2207 2411 2422 2676 4508 4610 5224 5437 6211 6278 6313 6565 6981 7093 7302 8291 9069 9749
40 537 544 883 956 979 1248 1597 1736 1741 1803 1865 1948 2334 2435 2479 2638 2741 3106 3179 3995 4030 4172 4314 4322 4395 5012 5452 5538 6157 6456 6478 7069 7079 8645 9028 9052 9224 9375 9534 9682
33 232 320 346 532 1461 1463 1617 1624 1684 2057 2072 2273 2761 2859 3389 3771 4272 4662 5705 5963 6111 6262 6399 6991 7296 7401 7656 8156 8382 8466 8609 8702 8744
17 95 429 3464 3798 3893 4439 4871 5037 5384 5990 6510 6683 6707 6720 7436 8310 9394
36 106 234 259 521 1076 1223 1662 2078 2293 2563 3012 3224 3556 4836 5125 5307 5919 5989 5999 6108 6176 6206 6561 6585 6731 7000 7051 7182 7338 8179 8425 8484 8783 9080 9090 9553
22 34 87 500 1089 1873 2139 2539 2623 3047 3290 3665 3859 3943 5047 5423 5673 6042 6311 7588 7687 8741 8777
11 1488 4023 4536 4587 7361 8076 8262 8905 9524 9611 9774
41 155 198 424 550 720 818 950 1471 1758 1911 2045 2425 2455 2488 2917 3182 3438 3673 3892 4269 4993 5028 5126 5507 5840 5845 5900 6034 6648 7573 7706 7828 8001 8209 8375 8524 8713 9099 9110 9721 9760
22 142 1549 1679 1910 1913 2677 2932 3183 3269 4897 5034 5207 5605 5668 5947 6386 7875 8100 8726 8731 8880 9826
34 63 826 1721 1953 2159 2294 2673 2760 3537 3633 3721 3905 3939 3997 4597 5347 5421 5633 5835 5883 5935 6080 6872 6892 6911 6937 7430 8161 8333 8377 9145 9186 9211 9443
17 254 759 828 1376 1378 2009 4063 4583 4901 5652 5766 5872 6125 6579 6668 8953 9112
15 338 524 849 1401 1792 1875 1965 2377 2652 4121 4654 4851 6100 6149 6387
24 130 360 367 387 1207 1230 1573 1669 2050 2520 2898 3282 3506 3588 4388 6208 6706 6840 7043 7066 8703 8715 9636 9784
29 355 478 713 1698 2209 2308 2573 2986 3011 3150 3180 3310 3610 3735 4190 4254 6232 6266 6308 6437 6506 6664 7335 7483 8010 8026 8958 9400 9985
23 150 221 1007 1699 2440 2608 2777 3827 4846 5095 5223 5235 5540 5558 5669 5680 6050 6566 6866 7576 8040 8847 9026
14 1322 1388 2146 2910 3526 4028 4398 4725 4830 6785 6939 7579 8387 8445
11 2481 4466 4980 5830 7044 8512 8569 8954 9202 9379 9408
36 310 623 856 884 1191 1194 1341 1384 1528 2024 2238 2275 2333 2629 2665 2791 3430 3570 3594 4036 4235 4841 4850 5104 5620 6000 6017 6376 7126 7628 7851 7974 8128 8973 9505 9943
16 17 839 893 2217 3683 4231 4366 5045 5185 5254 6873 7437 8330 9320 9393 9815
19 453 631 795 805 1164 2386 2837 3340 5173 5695 6489 6557 6842 7432 7898 8328 9162 9526 9812
31 792 809 910 1149 1157 1423 1647 2420 2566 2858 2966 3053 3187 3247 3342 3395 3733 4098 5371 5727 5788 6074 6307 6790 7113 7488 7709 7796 8792 9444 9663
21 568 589 1087 1257 1724 3126 3357 3360 3807 4171 4561 4783 5206 6370 7247 7443 7868 8092 8200 9645 9818
28 707 725 1053 1130 1474 2005 2152 2176 2874 3168 3217 3267 3315 3838 3904 4349 4484 4768 4995 5075 5369 5394 6374 7327 8989 9267 9484 9492
14 711 1062 1863 3569 4175 4309 4685 5587 7135 7773 8379 8968 9485 9898
19 0 32 265 570 649 1747 1788 3715 4839 5027 5761 6012 6377 6729 7418 8365 8813 9539 9946
30 56 237 638 1939 2596 2973 3216 3680 3975 4348 4451 4585 4996 5233 5568 5752 5920 6171 6197 6264 6590 7424 8360 9081 9092 9181 9427 9458 9475 9938
16 538 1796 1870 2445 2797 3984 5105 5372 6477 7263 7530 8243 8275 8338 8354 9681
22 133 209 1540 1600 1817 2322 2437 2746 3745 4049 4096 4313 4877 4929 5684 6427 6454 6480 7330 7337 7938 8019
33 213 230 679 714 1029 1503 2055 2778 3095 3770 3952 4094 4260 4302 4365 4533 4693 5324 5447 5704 6069 6303 7001 7112 7257 7419 8008 8808 8881 8993 9677 9718 9900
10 954 1234 2446 4694 5379 6954 7324 7525 7970 8806
20 422 696 1048 1687 2083 2143 3146 4502 5289 6169 6379 6948 7797 8233 8287 8495 8545 8568 8670 9019
19 158 842 2516 2912 3246 3252 4702 5338 5755 6150 6646 7186 7776 8341 8450 9307 9667 9823 9973
37 119 392 516 656 977 1342 1708 1779 1938 2603 2793 3274 3364 3681 3712 3971 4644 4873 5217 5368 5404 5877 6038 6089 6139 6242 6457 6592 6881 7180 8057 8060 8598 8766 8807 8892 8970
16 628 1367 1520 1632 1730 1798 2559 2852 4177 4509 4688 6131 6296 7969 8981 9016
21 257 303 703 1093 1347 1352 2145 2290 3705 4173 4511 4724 4761 5491 5946 6982 7162 7641 9348 9373 9557
36 666 1337 1381 2030 2088 2849 3286 4798 4825 4955 5127 5288 5623 6180 6202 6318 6345 6393 7024 7410 7597 7685 7906 7943 8028 8132 8392 8594 9271 9319 9424 9433 9470 9578 9809 9931
23 205 770 1301 1465 2324 2453 2934 3347 3465 3850 6165 6550 6818 7014 7215 7529 7684 7759 7902 8078 8501 8748 9494
22 149 1610 1751 2239 2514 2729 2983 3542 4077 5457 5628 5984 5991 6616 7090 7487 7936 8174 8655 9155 9435 9977
30 411 788 841 1451 1629 1876 2284 2505 2567 4130 4303 4534 4646 4827 5370 6004 6223 6606 6672 7571 7621 7789 7997 8332 8690 8825 9004 9058 9386 9806
31 176 810 992 1811 2444 3711 3886 3942 4359 4416 4635 4782 5532 5637 5661 6013 6154 6195 7531 7547 8053 8176 8213 8229 8345 8381 8478 8795 9708 9729 9839
12 14 1501 2108 3751 4780 5916 6577 6704 7098 7736 8852 9043
42 201 326 641 825 1039 1040 1273 1377 2241 2703 2825 2829 3008 3085 3092 4026 4389 4728 4912 5051 5293 5516 6360 6372 6496 7096 7142 7357 7852 7857 7899 8297 8321 8739 8966 9129 9168 9303 9318 9735 9795 9872
13 260 513 2534 3208 3724 4358 4648 5988 6166 6671 7425 7967 8910
14 207 718 1582 3025 4266 4383 4673 4691 6138 6152 7362 8429 9232 9441
13 1173 3226 3742 3761 4120 4862 5913 6484 7369 7495 7718 8707 9520
24 935 1193 1493 1964 2397 2660 3064 3119 4627 5178 5378 5870 6229 6258 6355 6750 6964 7484 7682 8597 9070 9135 9685 9793
35 89 361 362 807 854 1222 1393 2459 2476 2501 2587 3060 3473 3606 4330 4580 4790 5503 5586 6153 6732 6941 7139 8279 8446 8451 8680 8814 9065 9698 9807 9852 9874 9975 9990
19 72 172 323 2250 3296 3373 3549 3582 4906 4919 5032 7054 7398 8062 8523 8842 8873 9602 9878
13 972 1121 1906 2441 2711 2776 3055 4296 5359 6858 8037 8206 8820
25 267 375 582 1077 1311 2126 3061 3595 3706 4263 4442 4524 4663 4890 5638 6005 6078 6162 6282 6426 8426 8454 8909 9728 9942
13 1569 2356 2691 5220 5251 5305 6053 6352 7133 7669 8601 9132 9640
28 192 519 2102 2527 2748 3079 3371 3455 3696 3991 4636 5241 5274 5352 5641 5819 6306 6586 6798 7022 7036 7811 7987 8232 9075 9349 9552 9599
34 116 156 370 1067 1115 1140 1517 2068 2555 2619 3078 3403 3560 3646 3777 4567 4723 5022 5481 5861 6225 6764 6835 6863 6971 7482 7689 8147 8286 8406 8886 9347 9690 9995
38 390 493 496 576 824 891 957 1022 1105 1435 1621 1678 2526 2755 2941 2989 3016 3297 3709 3817 3902 4931 5303 5383 5431 5708 6210 6961 7421 7653 7701 7744 8222 8538 8868 8875 8913 9604
31 358 431 1086 1240 1727 1763 1945 2035 2175 2296 2869 3474 4239 4500 4618 4750 4872 5071 5816 6024 6356 7050 7409 7645 8071 8383 8581 8859 9456 9513 9620
36 704 803 875 944 1073 1127 1256 2846 3259 3479 3545 3760 4582 5208 5209 5937 6765 6936 7608 7775 7831 7848 7926 8270 8452 8547 8587 8693 8796 8901 8926 8948 9056 9281 9345 9353
35 674 1080 1116 1171 2067 2424 2463 2513 2725 2945 3029 3289 3621 3690 4090 4252 4340 4781 4992 5077 5111 5957 6326 6392 7532 7836 7964 8253 8274 8625 8908 8914 9076 9170 9562
16 8 4977 5008 5120 5468 5630 5784 5952 6717 6802 7697 8738 8849 9509 9596 9786
29 378 407 789 971 1013 1061 1350 1498 1590 1897 2295 2362 3847 4729 4896 5240 5508 6441 6658 7304 7441 7815 7896 8637 8823 8940 8962 9756 9830
20 60 296 645 894 1012 1057 1595 1907 3327 3378 4631 5136 5897 6084 6793 6816 6969 7212 8376 8510
7 2535 3436 3668 4639 5269 7491 9655
19 609 1456 1820 2269 2775 3032 3038 3254 3589 3788 4213 5018 5721 6128 6927 6933 7638 7904 8522
38 74 173 229 1120 1253 1490 1827 2429 2679 2717 2780 3176 3608 3849 3903 4005 4821 5156 5306 5351 6001 6114 6340 6526 7075 7210 7268 8339 8399 8543 8585 8633 8675 8723 8964 9000 9266 9361
34 210 242 1404 1454 1614 1703 2046 2109 2544 2591 3127 3311 3401 3425 3578 4089 4109 4590 4905 4907 4959 5118 5334 5964 6009 6185 6962 8025 8172 8183 8231 8346 8462 9974
35 433 680 965 1210 1494 1572 1670 2301 2462 2522 3040 3749 4870 5054 5484 5618 5862 5874 6144 6404 6491 7223 7245 7442 7449 7540 7563 7747 7866 8058 8498 8727 9255 9341 9888
16 352 845 1884 2340 2468 3813 5247 5483 5841 5876 6216 7222 7741 9507 9646 9861
17 79 554 1297 2178 2201 4065 4437 4498 4755 4935 5836 6938 7073 7965 9226 9332 9381
26 20 298 306 690 754 1431 1638 2594 2709 2865 3264 3457 4377 4899 4913 5068 6140 6692 6715 7861 8592 9067 9095 9316 9334 9436
38 308 908 1284 1557 1819 2097 2106 2532 3262 3731 4003 4131 4306 4408 4430 4527 4620 4876 5389 5492 6657 6834 7136 7184 7785 7977 8020 8080 8280 8448 8490 8683 9247 9608 9628 9810 9873 9981
23 733 1762 2854 3155 3379 3644 4420 5078 5122 5228 5272 5463 5521 5687 5879 6475 6827 7049 7076 7467 8074 9108 9733
34 380 661 1192 1212 1901 1925 2686 2957 3013 3059 3908 3926 4700 4710 4963 5011 5195 5645 5719 5976 6079 6252 6721 6998 7192 7640 7740 8047 8420 8735 9440 9453 9619 9790
21 77 627 1202 1318 1472 1609 2234 2783 3780 3785 4137 4607 4791 5524 5700 7676 8180 8251 8925 9442 9473
12 187 391 1932 4319 4411 4916 5572 7700 8272 9126 9643 9928
20 161 282 930 1602 1973 2092 3000 3056 3411 3447 4164 4400 5520 5710 5923 6346 8077 8309 8502 9736
27 305 432 546 617 646 912 1079 1117 1277 3460 3632 3948 4602 4826 4946 5310 5632 5787 6896 6908 6934 8227 8246 8746 9014 9194 9340
31 100 435 847 980 1100 1666 1846 2018 2531 2922 3547 3634 4621 4659 4738 4962 5415 5698 5736 5866 6283 6451 6524 6580 6678 7497 8059 8388 8407 8803 8878
19 966 1249 1274 1353 1984 2430 3614 4773 6090 7217 7248 7822 7929 8306 8477 9296 9843 9976 9994
21 138 170 675 1571 2032 2124 2499 2884 3577 4356 4481 5522 5945 5953 6020 6238 6434 6694 7351 9572 9941
39 53 659 858 1220 1828 1967 2160 2298 2303 2503 2635 2700 2789 3068 3281 3572 3597 3653 4759 4764 4775 4849 5236 5675 5720 6277 6676 6791 7064 7646 7710 7882 7960 7994 8696 9169 9350 9566 9712
23 94 377 742 1025 1263 1500 1531 2317 2502 3166 3476 4044 4384 4562 6178 7109 7110 7301 7303 8203 8370 9891 9960
34 81 127 167 567 744 771 1063 1083 1711 1725 1847 2747 3149 3359 3784 4672 4715 4753 4925 5039 5678 5806 6055 6170 7308 7459 7514 7679 7750 8189 8558 8888 9046 9414
36 3 255 280 670 1124 1366 1467 1696 1949 2129 2433 3045 3188 3414 3497 3541 3604 3616 3649 4157 4205 4879 5683 6126 6679 7350 8171 8889 8934 9093 9140 9278 9581 9841 9865 9867
24 181 487 618 986 2558 4449 5134 5161 5333 5691 6155 6494 6725 7644 7704 7755 8552 8639 9047 9668 9684 9709 9758 9953
31 96 204 1138 1332 1556 2723 3117 3219 4202 4526 4817 5184 5525 5750 5753 6253 6529 6540 6733 7453 7518 7890 7973 7984 8259 8768 8841 9250 9610 9725 9799
20 27 457 470 691 1325 2529 2926 3592 3593 4485 5455 6062 6312 6598 6759 8162 8371 8411 9521 9856
37 165 208 337 408 648 686 1280 1338 1425 1877 2208 2282 2469 3077 4001 4317 4390 4789 4986 5395 5459 5470 5694 5741 5807 6466 6854 6943 6966 7152 7404 8239 8386 8830 9025 9828 9854
36 92 228 580 692 787 850 1010 1992 2960 3089 3697 3794 3974 4229 4760 5258 5357 5616 5998 6294 6369 6602 6805 7613 7657 7712 7756 7865 7928 8201 8218 8567 9147 9369 9630 9639
20 1818 2283 3344 4593 4848 6315 6951 7062 7150 7729 7985 8175 8295 8416 9127 9142 9298 9324 9665 9859
27 247 413 486 1188 1942 2331 3042 3275 3423 3774 3992 4199 4623 4970 5316 5361 5388 5450 5906 6271 7446 7617 8220 8224 8854 9179 9419
28 185 1246 1740 2252 2538 2724 2994 3428 4035 4699 5662 6214 6270 6512 6568 6989 6995 7216 7239 7358 7683 8312 8673 9015 9037 9679 9869 9899
40 66 1059 1489 1558 1694 1883 2449 3104 3232 3260 3489 3619 4016 4225 4458 4581 4834 5294 5420 5511 6081 6224 6334 6743 7027 7274 7438 7522 7745 8357 8885 8931 9187 9207 9355 9528 9531 9754 9896 9947
16 394 2192 2595 4666 4881 5041 5070 7111 7626 7663 7721 8957 9288 9403 9500 9948
26 71 78 195 490 721 837 964 1848 2190 3333 3530 4027 4687 4904 5222 5556 5624 6380 6406 6407 6736 7521 8317 8638 9032 9165
33 279 324 1050 1380 1479 1580 1777 1839 2148 2270 2344 3660 3662 3865 4014 4123 4127 4145 4240 4393 5871 6023 6167 6691 6777 7462 7784 8187 8678 8762 9326 9392 9623
39 219 251 494 1011 1358 1359 1968 2413 2657 2670 3132 3532 3607 3641 3740 3815 3897 5025 5186 5300 6263 6333 6775 6958 7037 7636 7833 8378 8479 8834 8856 8932 8988 9103 9274 9282 9493 9710 9776
29 84 340 1033 1605 1989 2011 2082 2860 3220 3332 3480 3677 4280 4771 5131 5278 5345 5476 5498 5769 5796 6328 6843 6861 6947 7009 8563 9644 9740
31 38 584 683 735 1189 1412 1562 1588 1660 2974 3417 4450 4701 4866 4869 5239 5267 6795 6894 7058 7125 7526 8068 8326 8631 8679 8700 8711 8785 9555 9832
13 22 613 1566 1842 1935 1975 3227 3320 3932 3964 4421 5073 8580
30 543 1143 1428 2022 2971 3091 3197 3925 4243 4657 4988 5889 6182 6310 6354 7226 7637 7816 7892 8202 8238 8254 8307 8415 8644 9131 9606 9689 9704 9772
25 399 473 498 978 1438 1713 1835 1928 1978 3006 3334 4261 4392 4480 4641 4838 5653 5765 6300 6803 7174 7272 7499 7935 7988
29 668 940 1346 1478 1568 2165 2311 2788 3100 3271 3426 4083 4212 4318 4519 5007 5283 5926 6514 6608 6682 6685 7293 7352 7593 8107 8506 8730 9666
25 40 240 747 793 1170 1671 2395 2560 2678 2758 3294 3874 4807 5901 6066 6221 6556 6949 7269 7313 8181 8596 8607 9219 9885
10 577 1522 2255 3076 3165 3214 3250 4307 4351 5592