7 2794 4978 5521 6368 8535 9055 9187
27 693 1143 1266 1421 1528 2214 2292 2461 3800 3891 4267 5663 5917 6275 6454 7337 7353 7550 8090 8354 8528 8642 8965 9094 9114 9314 9633
30 3 104 198 355 1140 1215 1245 1347 1356 2028 2663 2847 2936 2939 2967 3726 3900 4530 4658 4766 5480 6638 7236 7297 7321 7671 8488 8768 9745 9800
26 57 107 422 1066 1272 2397 2484 3045 3230 3426 4277 4527 4555 5118 5405 5942 7016 7129 7133 7664 7830 8156 8210 9166 9619 9825
31 975 1330 1899 1906 2155 2704 2913 3174 3368 3415 3566 4170 4202 4651 5081 5114 5293 5888 6138 6358 6750 7101 7461 7476 7905 8191 8398 8884 9434 9727 9901
24 163 823 834 992 1808 2076 2861 3310 3331 3450 3907 3981 4114 4623 4841 5792 6260 6414 7608 7936 8443 9035 9137 9868
38 151 170 337 676 949 1031 1076 1294 1743 2154 2184 2476 2693 2869 3126 3159 3559 3654 3774 4186 4319 4327 4542 4566 5479 5587 5957 6091 6729 6937 8146 8329 8483 9165 9206 9440 9455 9489
15 386 1224 1655 2277 2365 2636 3332 4192 6114 6891 6925 7137 8188 8615 9754
15 379 1167 1711 1760 2419 2681 3740 3752 4919 5812 6799 6814 8010 8211 8917
33 20 667 764 1440 1766 2161 2567 2897 3059 3061 3335 3379 3409 3549 3771 4596 4615 5012 5367 5409 5498 5576 5988 6558 6939 7667 7733 8439 9031 9070 9190 9671 9978
21 1436 1442 1553 1607 2374 2516 2685 3085 5011 5438 5614 5695 5864 6006 6629 7067 7474 8614 9479 9589 9824
31 404 736 1188 1437 2726 3119 3427 3601 3696 3976 3977 4126 4128 4580 4581 5218 5283 6084 6344 6771 6990 7128 7318 7807 8013 8155 8344 8600 9068 9696 9936
32 490 589 853 1047 1087 1172 1328 1379 1475 1622 1909 2103 2228 2396 2738 2925 4325 6617 7086 7603 7618 8088 8313 8358 8387 8538 8741 8775 8835 8920 9008 9565
12 173 1405 1999 2700 2767 3507 4597 4675 4934 6919 8331 9448
36 118 478 635 638 642 938 1129 1226 1238 2025 2166 2244 2708 2724 2805 4864 5994 6097 6268 6585 6632 6724 6831 7161 7227 7371 8173 8334 8448 8459 8467 8731 9034 9149 9528 9888
30 380 510 1017 1247 1271 1461 1501 1753 1865 1941 3020 3254 4430 4595 5025 5172 5561 5642 6123 6189 6869 7002 7507 8332 8634 8679 9011 9140 9280 9350
37 859 1171 1329 1342 1660 2838 3086 3100 3353 3397 3802 3917 3944 4155 4458 4770 5109 5300 5730 5761 5796 5963 6308 6712 6930 6944 7049 8786 8922 9172 9178 9234 9331 9429 9724 9821 9909
31 169 415 1658 1786 2135 2182 2614 2727 2804 2837 2950 3171 3622 3925 4377 5829 6322 6664 7324 7351 7572 7775 7787 7811 8079 8135 8765 8789 8928 9230 9267
18 60 588 968 1445 1781 1994 3141 3715 4764 4787 5035 5365 7100 7158 7718 9422 9774 9993
20 1033 1712 1995 2027 2204 2854 3664 3686 4645 5154 5215 5600 6264 6325 7165 7212 7631 8427 8436 9129
31 695 1159 1332 1719 2283 2430 2714 2952 3084 3165 3312 3348 3458 3778 4444 4772 4785 5827 6086 6621 6927 7284 7595 7984 8075 8352 8571 8873 8978 9145 9329
26 474 737 793 839 1830 2306 2350 2475 2546 3179 3595 4059 4939 5354 5471 5640 6012 6052 6149 6272 6803 7018 7805 8005 8375 9829
23 43 1478 1618 2557 2813 3416 3912 4121 4362 4650 5174 5799 5964 6220 6578 6647 6922 7058 7552 7824 8926 8933 9377
11 972 2002 2253 4620 5236 5787 6728 7407 7609 8429 9983
28 58 115 250 304 548 627 924 1434 2247 2579 2969 3663 3733 3870 4283 4320 4456 4980 5143 5173 5388 5677 6237 6758 7645 7908 8222 9769
27 419 678 1029 2666 3227 3898 3903 4239 4896 5395 5638 5668 6139 6386 6542 6614 6879 7329 7941 8048 8244 8376 8594 9056 9275 9478 9644
32 98 261 752 1258 1270 1732 1891 1902 1929 2339 2346 2753 4529 4812 4986 5041 5213 5292 6254 6669 6833 6880 6918 7146 7437 8072 8145 8259 8464 8784 9120 9542
35 52 249 590 799 843 1007 1586 2536 2844 3363 3515 4451 4741 4999 5095 5612 6033 6036 6073 6131 6243 6340 6443 6593 7119 7339 7556 7744 8110 8200 8360 9054 9264 9404 9962
30 408 892 1053 1102 1250 1486 1920 2066 2084 2445 3027 3149 3166 3449 3639 3751 3972 4698 4846 5030 5062 5754 5837 6685 7935 8382 8747 8907 9210 9459
27 142 383 467 586 1228 1852 2092 2490 3046 3694 3710 4069 4419 4944 5196 5770 7209 7302 7933 7976 8046 8498 9128 9345 9453 9467 9628
11 1121 3113 4378 4637 4853 5583 5685 5926 6313 7657 9532
32 134 825 1537 1560 1870 1895 1921 2026 2176 2670 3439 3894 4271 4469 4512 4515 4516 4586 4775 5645 5968 6231 6998 7063 7518 7632 7637 7895 8082 8347 8552 9557
37 2 149 343 472 637 1381 1803 1953 1990 2291 2307 2469 3129 3485 3557 3794 4052 4097 4213 4249 4416 4607 4652 4802 5070 5274 5372 5418 5477 5547 6409 6466 7378 7982 8004 8112 9886
16 280 1783 2423 2541 2600 5161 5353 5959 6294 6566 6849 7374 7520 8142 8677 9119
29 28 48 96 1620 2053 2257 3269 3286 3313 3340 3420 4507 4827 4885 5043 5206 5585 6590 7056 7092 7273 7395 7849 7910 8149 8620 9236 9632 9870
21 184 274 507 574 920 931 1611 1816 1829 1874 2833 2946 3207 5068 5879 6360 6911 8246 8250 8401 8711
29 552 1070 1555 1892 2004 2385 2648 2977 3219 3897 4247 4299 4487 4945 5031 5133 5426 5658 6199 6675 7396 7701 7841 7900 8405 8825 8826 9255 9316
31 4 927 1219 1748 1834 2517 2921 2989 3497 3721 3877 3913 4250 4257 4666 4681 4776 5624 6334 6515 7088 7625 7734 8231 8414 8693 8705 9309 9657 9790 9813
10 114 832 1722 1840 2238 3083 4761 5674 8966 9027
16 74 727 771 1202 3486 4410 4463 5175 5194 7303 8307 8701 9063 9362 9845 9953
22 220 221 1627 1797 3345 4446 5004 5170 5220 5459 5905 6020 7168 7419 7833 7899 7964 8501 8617 9431 9484 9708
19 416 600 669 810 1585 2587 3783 5067 5078 6376 6415 6706 6781 6784 7260 7926 8020 8096 9395
31 84 284 309 418 504 1413 1490 1814 2259 3224 3325 3609 3938 3993 4053 4178 4302 4315 4867 4906 5122 5844 5932 6755 7015 7262 7299 7593 7901 8067 8428
16 141 829 1182 1467 2524 3288 5442 5563 6656 8057 8630 8656 8666 8774 9257 9913
15 1112 1327 3030 3446 4414 5495 5687 6119 6505 6534 7301 7762 9155 9341 9689
12 388 664 1641 4133 4560 5425 5927 6219 6225 6540 6649 7708
35 199 335 1006 1400 1763 1938 2093 2613 2784 2941 2944 2971 3069 3511 3536 3644 3723 3919 4158 4350 5083 5258 5795 6654 6666 7225 7761 7989 8014 8279 8915 8980 9175 9412 9649
27 203 640 868 1279 2031 2079 2595 2986 3188 3196 3492 3503 3962 4127 4188 5243 5370 6057 6446 6795 7377 7592 8018 8278 8800 9282 9499
18 807 1696 1776 2420 2454 2785 2997 3819 4822 5136 5597 6594 7376 7402 7857 8434 9803 9950
21 913 1091 1314 2354 2429 3329 3508 3516 5494 5503 5504 5943 6432 6538 7095 8159 8209 9083 9645 9706 9814
18 254 626 1833 2249 2407 3440 3657 4394 4423 4551 4687 5432 6031 6081 7183 7430 8543 9550
29 200 316 923 1125 1512 1789 1818 1885 2138 2876 3130 4563 5263 5319 5363 5429 5696 5940 6299 6798 6881 6949 7078 7181 7355 8213 8413 8753 8851
23 599 770 1059 1192 1320 1530 1554 1978 2168 2233 2593 3848 5103 6029 6635 6768 6805 7735 8437 8569 8578 9186 9292
32 247 801 854 1106 1359 1407 1923 3245 3402 3578 4131 4275 4346 4421 4439 4908 5102 5359 5737 6309 6553 7026 7720 7819 7927 8410 8472 8555 8772 9020 9156 9945
23 265 597 1515 1721 1881 1980 2242 2568 3978 4077 4256 4309 4500 4921 6053 6385 6804 6819 7089 7145 8452 8489 9764
20 1292 1606 1682 1942 2404 2970 3789 4465 4611 4834 5427 5440 6455 7317 7360 7522 7834 7972 8743 9593
17 62 690 822 2923 2975 3112 3273 4411 4539 5099 5650 5739 7961 8150 8176 8509 9830
28 120 391 618 1275 1762 2170 2390 2695 3833 3846 4268 4298 4644 4686 4948 5052 5882 6128 6628 7232 7533 8085 8214 8239 8362 9497 9690 9746
23 133 179 209 633 978 1068 1080 1119 1584 2091 2246 2345 2361 3376 3872 4067 4943 5463 5895 6390 7479 8773 9213
16 1688 1875 2498 2850 2991 3032 3816 4001 4259 5492 6297 6885 7493 8355 8539 9353
19 139 550 750 1336 2207 2325 4154 4337 4471 4826 4904 5240 6693 6765 6912 8120 9104 9651 9998
14 109 964 1835 1896 3632 3716 4017 5074 5233 6104 6273 8154 8631 9911
23 211 476 827 1259 1610 1755 1787 1807 2748 3809 4161 4207 6163 6271 6749 6834 7255 8039 8164 8189 8871 9079 9711
38 46 256 340 431 741 766 877 1418 1665 2351 2398 2615 2901 3021 3051 3974 4164 4189 4709 4836 4863 4916 5005 5551 5566 5716 5841 5946 6475 6637 7017 7575 7628 7838 8124 8392 9164 9669
18 238 917 1592 2764 3097 3561 3691 3825 4107 5089 5401 5875 6597 7248 7699 8255 9228 9445
19 498 739 905 2580 2718 2858 3102 4914 6118 6142 6187 6284 6285 6407 6431 7860 8228 9019 9217
32 124 307 515 720 1324 1457 2169 2202 2452 2932 3055 3763 4147 4544 4975 5704 6014 6044 6078 6824 7023 7677 7740 8248 8326 8633 8728 9006 9276 9348 9602 9616
12 174 2029 3209 3533 3597 5774 6697 7359 7682 8049 8968 9837
18 117 264 1120 1649 2486 3068 3090 3370 3584 4099 5252 7066 8254 8281 8640 9223 9757 9931
25 137 253 344 850 1283 1470 1631 1759 1810 2024 2400 2597 3106 3748 4124 4696 4773 5800 5934 6516 7655 8009 8116 9328 9519
29 795 1024 1572 1898 2730 3264 3890 3994 4149 4537 4617 4808 5127 5180 5489 5697 5727 5780 5944 5974 6133 6788 6843 8519 8856 8982 9036 9180 9183
21 1589 1621 1853 2434 3172 3192 3480 3995 4793 5335 5515 5620 6437 6511 7029 8295 8416 8587 8635 8844 9964
27 381 433 543 772 1817 2036 2439 3072 3377 3430 3812 4218 4223 4505 4604 5554 5609 6976 7139 7468 7763 7956 8720 8776 9193 9237 9511
33 395 856 879 1253 1361 1454 2054 2078 2226 2431 2442 2526 2841 3047 3479 3594 3766 3785 4210 4887 4918 4976 5286 5816 6027 6403 7576 7727 7814 8127 8491 8877 8886
20 866 1450 2043 2627 2893 3535 3600 3968 4626 4931 5904 6001 6362 6439 6495 8324 8500 8517 8803 9503
18 204 1099 1672 1795 3517 3697 3940 4628 5858 5950 6257 6895 7438 8215 8219 8403 8872 9279
21 70 437 1838 2338 2477 2508 3854 4379 4400 4632 4989 5055 5453 5714 5924 6167 8040 8985 8996 9547 9766
17 1000 1004 1820 2006 3067 3110 3167 3330 4860 4968 5931 6775 7004 7425 8821 8977 9798
14 708 726 1303 1317 1813 2289 3399 3979 5413 5651 7153 7251 7995 9481
27 55 738 1626 1828 1845 1848 2159 3124 3448 3992 4159 4459 4649 5160 5289 5571 5839 6785 7185 7393 7527 8132 8162 8649 8946 9839 9899
25 356 535 1056 1128 1307 1338 1505 1738 3098 3453 3599 4562 4697 4712 4768 4886 5147 6177 6204 6369 7283 7344 7965 8685 9622
25 562 884 1090 1241 1517 1544 2222 2863 2996 4372 4436 4930 5268 5637 6203 6727 6744 6828 6837 7184 7756 8141 8779 9076 9994
21 1084 1352 1455 1548 1774 2131 2424 3305 3438 3672 4181 6506 6731 7036 7786 8236 8819 9273 9383 9473 9543
28 754 1476 1736 2626 2845 3304 3527 3791 4108 4386 5407 5499 5553 5877 6092 6129 6450 6478 6644 6735 7120 7230 7358 9097 9454 9767 9847 9922
31 147 696 880 1075 1185 1362 2051 2145 2229 2243 2334 3915 4141 4643 4759 4892 4998 5210 5255 5632 5755 6017 6722 6988 7098 7494 7568 8077 8389 8408 9538
21 672 1095 1637 1742 2245 2566 2877 3255 3467 3932 4030 4900 5245 5271 5676 6884 8178 8683 8923 9146 9349
18 202 426 722 2198 2822 3302 3468 3478 3573 4006 5281 6514 6852 6875 7038 7244 7286 9419
21 1650 2820 3146 3323 3429 3777 3839 3936 4002 4045 4833 5266 5296 5493 5741 5953 6194 6906 7534 8574 9686
41 605 782 900 1016 1077 1124 1148 1378 1540 1749 1904 2988 3452 3572 3811 4062 4084 4130 4491 4524 4713 5098 5131 5399 5558 5884 6047 6165 6244 6258 6579 6719 7342 7486 8133 8152 8348 8502 8573 9558 9941
28 916 1081 1408 1819 1859 2158 2348 3145 3704 3714 3842 3926 4050 4506 4519 5333 5634 5715 6274 6520 6575 6820 6958 7068 8098 8293 8939 9681
30 1175 1242 2191 2470 2584 3303 3354 4070 4076 4348 4534 4543 5247 5322 5339 5757 5781 5889 6076 6175 6600 6856 7012 7093 7130 7226 7257 7449 8942 9566
22 1 541 607 891 914 1363 2859 3217 4117 4242 4369 5513 6169 6498 8103 8690 8956 9108 9265 9659 9717 9749
37 287 361 545 815 985 998 1223 1671 1851 2072 2089 2755 2781 3195 3236 3579 3607 4610 4835 4997 5138 5140 5567 5997 6134 6677 6956 6966 7327 7381 7582 7971 8726 8737 9458 9504 9712
36 342 1232 1495 1594 1960 2241 2360 2698 2879 2962 3138 3154 3164 3645 3808 3983 4403 4499 4503 4545 4677 4758 5119 5414 5835 6526 7345 7356 7788 7840 8455 8485 8541 8545 9118 9577
37 159 996 1448 1615 1802 1860 2118 2807 3425 3634 3767 4003 4368 4409 4432 4685 6146 6336 6668 6816 6945 7382 7417 7636 7772 7889 7945 8593 8708 8771 8795 8822 9093 9368 9546 9843 9985
26 214 1218 1451 1559 1629 2107 3123 3713 3887 4027 4401 5771 6004 6235 6380 7470 7590 7741 7793 8440 8534 8740 9216 9522 9545 9629
18 867 997 1297 2572 4018 4078 4905 5016 5279 5387 6365 6853 6917 7490 8579 9103 9196 9239
32 13 566 653 792 901 1578 2021 3019 3191 3299 3388 3461 4472 4564 5248 5320 5559 5596 6150 7241 7306 7541 7555 7783 7986 8221 8301 8425 8681 9007 9062 9311
42 233 263 462 875 1044 1477 1534 1788 2088 2216 2278 2323 2377 2471 2802 2875 3163 3293 3309 3786 3810 3895 3963 4162 4280 4624 4737 4780 5402 5935 5993 6085 7208 7611 7844 7931 8905 9385 9414 9804 9862 9955
16 312 897 945 953 1745 1943 2049 2240 5360 5439 5629 5897 6103 8169 8308 8755
29 24 353 505 1394 1888 1958 2022 2165 2225 2720 2840 2864 3350 3908 3999 4438 4622 4936 5352 5928 6188 6323 6679 6890 7398 7440 8022 9537 9887
30 1181 1864 2215 2583 2872 2903 3291 3474 4393 4746 5211 5347 5618 5664 6247 6343 6730 6992 7799 7836 7985 8047 8559 8567 8664 9002 9424 9444 9810 9969
32 53 440 723 958 979 1508 1685 2573 2576 2814 3253 3547 3629 3886 4020 4037 4113 4375 4548 6493 6504 6778 6789 7549 7554 7813 8157 8441 8576 8704 9091 9722
25 87 432 756 1163 1276 1535 1716 2157 2199 2512 3214 4462 4683 5106 5137 5214 5433 7473 7542 7563 7791 8287 8848 8881 9750
30 546 685 1035 1170 1957 1986 2331 2732 3423 3586 4123 4497 4621 4751 4960 5017 5756 6050 6160 6335 6500 6539 7281 7583 8086 8396 9170 9462 9787 9895
17 322 819 1974 2139 2193 2256 3012 3616 5981 6126 6324 6598 6932 7280 7856 8879 9587
34 128 161 1438 2364 2533 2733 2867 2959 3053 3120 3385 3498 3520 4714 4736 4795 4832 5063 5163 5721 6226 6318 6370 6420 7131 7188 7200 7289 7517 7730 8549 8584 8820 9880
32 218 252 524 841 1431 1471 1692 1822 1843 2018 2462 2729 2881 2942 3667 3728 3875 3876 3927 5059 5105 6051 6301 6616 6757 7084 8484 8512 8736 8973 9321 9925
18 639 911 1365 1689 2435 2590 2635 2786 3089 3422 3612 5468 6065 6892 6978 7738 7742 7781
22 49 143 154 286 542 787 2114 2891 2953 3080 3190 3989 4902 5728 6056 6726 7011 8130 8575 8950 9324 9533
19 314 641 1098 1498 1884 2067 3087 3593 3606 4047 4924 5356 5735 5893 6145 8554 8682 9291 9493
30 269 632 803 906 1459 2062 2130 2827 2853 3463 3538 3736 3946 4339 4839 4879 5014 5444 5703 6429 6672 7240 7626 7666 8622 8867 9244 9441 9450 9943
35 65 319 526 1069 1460 2254 2581 2649 2800 2811 3022 3292 3295 3702 4578 4870 4928 5111 5190 6043 6058 6232 6421 7904 8172 8320 8322 8625 9294 9375 9474 9531 9564 9952 9989
29 835 994 1008 1392 1488 2200 2282 2659 4074 4631 5230 5670 5945 6127 6330 7112 7264 7400 7475 7574 7979 8258 8385 9143 9340 9436 9512 9683 9725
31 8 34 399 407 471 616 671 1398 1907 2196 2336 3412 3682 4668 4890 4973 5485 6619 6645 6688 6926 7436 7459 7510 7810 8043 8225 8294 9025 9639 9861
19 556 644 1662 1761 1912 1976 2352 2382 3050 3054 3111 4012 4412 4966 6290 6811 6872 9184 9400
36 318 658 701 743 1108 1222 1485 2048 2317 2779 3095 3107 3362 3417 3792 4305 4636 5681 5689 5804 5822 5833 5885 6179 6393 6448 6525 6691 7328 8343 8371 8636 8653 8913 9073 9361
23 520 1945 2037 2661 3685 3987 4322 4891 5029 5707 5995 6701 7191 7314 7873 8284 8400 8719 8859 8880 9088 9241 9726
38 1065 1708 1799 1856 1913 2269 2347 2545 2699 2832 2846 2922 3173 3175 3321 3339 3651 3652 4577 4614 4771 4858 5184 6000 6494 6565 6894 6931 7325 7703 7798 8767 8960 9000 9396 9446 9625 9817
28 42 569 1156 1263 2938 4704 5455 5769 5801 6424 6524 6646 6999 7231 7270 7678 7872 7916 8017 8041 8163 8393 8650 8698 8866 8964 9529 9940
22 112 744 828 1118 2736 3229 3683 4688 4957 6703 6913 7116 7768 7864 7882 8175 8391 8402 8870 9365 9630 9740
16 63 306 488 1514 2664 3116 3364 3444 3796 4922 5250 5393 6049 8134 9161 9733
26 608 1060 1583 1825 2163 2265 2571 2902 3901 4041 4134 4230 4335 4405 4955 5312 5415 6398 6721 6954 7245 8424 8669 8718 9148 9836
23 19 231 1679 1680 1735 2555 2655 3088 4667 5481 5811 5907 6609 7586 7623 7950 8260 8435 8529 8807 8836 9366 9513
23 893 989 1103 1113 1510 1633 1880 1962 2387 3035 3863 4290 4292 4351 4735 4862 5434 6522 6652 7210 7261 7662 9765
27 636 1158 1380 1750 1821 1883 1911 2772 2958 3470 3567 3831 4083 4169 4330 4656 5185 5550 5675 6024 6207 6224 6857 7499 8887 9535 9768
32 530 606 1036 1254 1765 2073 2563 2565 2965 3231 3555 3896 4478 4721 5369 5394 5517 5636 6183 6436 6847 6901 7118 7163 7277 7584 7717 8139 8186 8676 9759 9794
11 73 660 862 1277 1353 2455 3225 3829 5682 5958 6038
18 260 405 686 3575 3871 4676 5264 5711 6682 6993 7132 7268 7453 7746 7888 8687 8961 8975
19 41 1325 1416 4139 4180 4195 4445 5145 5872 5899 7198 7258 8465 8651 9229 9268 9482 9518 9662
29 225 883 908 930 948 960 2315 2362 3272 4156 5202 5205 5223 5364 5700 6661 6676 6695 6948 6979 7222 7500 8261 8262 8981 9171 9227 9736 9752
20 268 889 2791 3025 3210 3729 3910 4080 4205 4718 4807 5182 5411 5667 6418 6684 7279 8603 8733 9509
25 613 1058 1444 1527 1604 2124 2174 2513 2688 2739 3795 4729 4929 5018 6620 6893 7156 7589 7712 7915 7954 8035 8760 8806 9596
29 347 954 955 1707 2077 2294 2417 2817 2899 3180 3251 3684 4398 4653 5759 5783 5818 5977 6486 6888 6941 7040 8558 8629 8637 8648 8756 8927 9663
9 698 2620 3203 3546 4796 5952 6630 7770 8161
9 777 3290 3930 5586 6023 6552 7832 9665 9666
20 266 451 487 496 1020 1057 1318 1432 1673 2983 3488 3655 3822 3914 4969 5580 5921 7606 7684 9801
24 270 464 533 553 714 858 1956 3469 4217 4455 4468 4498 5234 6537 6766 7330 7728 7878 7973 8229 8745 8864 9583 9763
35 36 237 492 860 1563 1565 1876 2156 2301 2406 2552 2562 2848 3341 4096 4274 4511 5241 5269 5565 5939 6366 6634 6902 7205 7587 8025 8136 8470 8893 9307 9354 9784 9865 9939
35 89 91 108 783 1018 1233 1453 1648 1664 1934 2371 3023 3531 3967 4310 4483 4592 5058 5467 5971 6035 6567 7005 7442 7711 8306 8606 8710 8813 8850 8909 9310 9334 9460 9882
20 17 35 2113 2421 2444 2812 4160 4251 4307 4424 5987 7215 7348 7785 8059 8797 8809 9169 9378 9942
23 326 511 536 1452 1992 2121 2405 2631 2692 3271 4648 5057 5581 5633 6351 6699 6807 7229 7384 7444 8008 9195 9284
27 441 661 759 797 1010 1551 1575 2824 2855 3289 3343 3539 3945 4066 4246 4371 4441 4513 4740 4777 5666 6246 6388 7496 8053 8269 9418
26 494 554 735 1296 1402 1656 1966 2743 2826 3181 3261 3541 3677 3929 4088 4324 5126 5708 5798 6866 7726 7823 8253 8475 9832 9908
22 82 576 1160 1605 1734 2558 3161 3413 4100 4318 4493 5110 5397 6066 6604 7233 8888 9154 9553 9561 9679 9852
38 345 790 940 1043 1346 1595 1608 1725 1877 1893 2090 2123 2143 2206 2928 2948 2966 3942 4023 4260 4638 5384 5448 6005 6037 6072 6101 6190 6381 7511 7725 7894 7903 8166 8721 8847 9022 9084
33 473 674 757 1316 1397 1800 1964 2296 2316 2343 3091 3109 3556 3717 4044 4199 5153 5324 5473 5577 5948 5982 6748 6818 7274 7502 7596 8033 8071 8183 8276 8924 9501
19 102 363 657 1235 1550 1632 4502 4816 5181 5610 5688 5773 6045 7597 7831 8998 9514 9605 9611
17 499 529 728 840 1101 2358 2427 3937 3939 4353 4825 5669 6166 6943 8285 8514 9770
25 323 470 817 962 1546 1785 3170 3262 3372 3590 4068 5398 5421 5452 5619 5659 5758 6245 7001 7249 7513 7886 9650 9705 9716
20 563 899 1564 1949 2443 2687 3943 4010 4558 4724 4756 5069 6680 7401 7605 7949 8458 8596 8935 9971
24 47 518 534 3029 3232 3259 3888 4602 4925 5006 5900 6406 6430 6535 6791 7429 7455 8321 8591 8723 8777 8830 9568 9600
33 1039 1153 1862 2003 2843 2884 3186 3220 3351 3583 3666 4466 4523 4654 5176 5626 5654 6042 6075 6291 6317 6345 6587 6936 6991 7687 8193 8349 8476 8645 8940 9004 9471
28 358 652 1256 1597 1623 1702 2112 2273 2671 3314 3862 4058 4304 4323 4663 4682 6282 6413 6453 6633 7385 7650 7942 8310 8780 8912 9398 9408
12 489 2882 2895 3202 3398 4140 4235 4847 6200 6279 7413 7797
30 81 375 629 740 1037 1385 2064 2303 2544 3911 4008 4252 4855 5317 5604 6137 6480 6485 6492 6740 6760 7154 7714 7750 8007 8217 8438 8577 8580 9584
37 66 262 806 1239 1368 1433 1861 1866 2144 2799 3014 3148 3355 4111 4467 5169 5555 5743 6158 6213 6612 6702 6920 6952 7253 7969 8113 8353 8451 8457 8490 8854 9021 9262 9438 9783 9937
20 1579 1791 1933 2586 4225 4522 4876 4951 5966 6032 6327 6408 6568 7311 7523 7610 8572 8671 8898 8972
32 325 444 814 1063 1137 1651 1652 1772 2392 2473 2672 3043 3093 3641 4281 5390 5530 5920 6227 6472 6802 7349 7947 8309 8662 8663 8839 9050 9457 9570 9776 9777
15 138 1199 1897 2602 2914 2924 2993 6069 6156 6582 6746 7187 7543 8270 8918
22 235 329 587 765 1570 1771 2507 2654 3680 4296 5702 5762 6041 6143 6459 7247 7334 7668 8093 8378 8931 9202
14 603 800 1082 1237 2192 2940 3491 5501 6312 7943 8367 8445 8608 9487
29 101 125 477 724 1166 1386 2001 2055 2496 3403 4021 4046 4196 4895 5232 5631 5786 6135 6348 6743 6773 7275 7539 8029 8060 8712 8798 9735 9744
10 1094 2061 2080 2332 2885 2889 3218 3653 6687 8024
39 14 97 483 521 655 675 820 1041 1067 1465 1598 1919 2250 3042 3071 3529 3568 3959 4148 4284 4693 5224 6019 6423 6574 6747 7752 7909 7970 8174 8216 8397 8581 8661 8738 9053 9296 9420 9685
30 146 223 365 517 1110 1269 1806 1872 2056 2322 3990 4374 4744 5724 6303 6456 6704 6965 7221 7859 8012 8207 8763 8783 9012 9077 9260 9585 9932 9965
34 69 762 1197 1466 1599 1773 1841 2117 2662 2769 2949 2974 3248 3380 3689 3764 3955 3998 4354 4428 4433 4470 4954 5855 5916 5954 6356 8770 9105 9238 9442 9802 9872 9995
35 144 234 699 1300 1568 1757 2032 2324 2449 3223 3352 3447 3500 3851 4755 5217 6903 7390 7546 7548 7923 7966 8206 8257 8315 8714 8853 8953 8986 9010 9226 9266 9370 9540 9979
40 182 401 456 775 947 1034 1520 2260 2298 2458 2531 3065 3268 3281 3366 4706 4762 5244 5342 5357 5505 5602 5867 5876 6095 6180 6395 6484 7030 7193 7319 7512 8109 8497 8814 9038 9049 9065 9551 9676
22 210 1100 1309 1310 1640 1726 1826 1930 2543 3347 3383 3753 5446 5914 5980 6062 7484 7544 7817 8521 8899 9342
11 135 3542 3592 4214 5297 5698 5807 6090 7076 7939 9488
29 26 165 798 966 1126 1612 1739 2412 2489 2603 2756 3260 3327 3433 3524 3608 3960 4587 4742 5042 5091 5368 7065 7852 8032 8342 8601 9469 9996
26 224 918 2115 2456 3058 3267 4338 4533 4757 5044 5325 6705 6821 7031 7047 7295 7447 7457 7665 7688 7759 7877 8869 9182 9592 9756
16 878 1647 3144 3464 4120 4585 4679 6108 7228 7278 8430 8510 8610 9152 9358 9443
22 212 665 668 1097 1531 1567 2041 2598 5115 5149 5458 5546 6984 7111 8171 8205 8446 8791 8861 9040 9660 9779
27 127 767 969 1780 1935 2487 2651 3048 3308 3730 3985 4429 4454 4811 5955 6025 6107 6239 6496 6507 6519 6777 8729 9030 9399 9714 9920
29 601 1161 2984 3026 3844 3906 3982 4365 4514 4995 5366 5431 5466 6551 6563 7073 7151 7432 7492 7547 7627 7981 8460 8962 9046 9142 9427 9642 9891
25 216 645 804 871 894 926 1023 1790 1823 2401 2623 2808 2810 3481 3837 3996 5082 5198 5752 5763 6808 7946 8118 8223 8477
30 283 289 403 712 1142 1221 1492 1674 2372 2945 3015 3784 3793 4016 4878 4974 5294 5575 5601 6252 6940 7055 7341 7414 7464 7553 8251 8409 8537 9929
14 67 1927 4011 4786 5056 5090 6253 6855 7170 8140 8862 9029 9468 9771
19 123 721 902 2227 2815 2963 3162 3240 3625 4376 4381 4546 6555 6928 7691 7835 8318 8686 8709
26 145 394 420 1491 1617 1667 2735 2920 3266 3367 3553 4316 4664 4734 4809 5015 5077 7179 7674 7967 8021 8185 8302 8654 8769 9371
18 56 2183 2466 2504 2669 2896 3395 4061 4227 4461 4792 5605 5793 6261 6886 6905 7902 9607
34 38 241 570 1131 1273 1657 2284 2645 2987 3114 3216 3589 3614 3647 4031 4554 4767 5593 5860 5951 6468 6503 6842 6873 7792 8045 8078 8131 8268 8507 8929 9702 9820 9919
21 152 558 1206 1690 1886 2448 2668 2675 4674 5287 5476 5512 5871 6157 6276 6379 7028 7124 9701 9758 9793
32 565 755 1152 1513 1523 1536 1577 1842 2266 2574 3017 4171 4475 4703 4730 4749 4801 5237 5791 5976 6115 6975 6981 7416 7784 8027 8433 8801 8910 9480 9594 9851
25 384 423 621 758 943 1146 1162 1684 2676 2823 2935 3544 3797 3807 3841 4391 5665 6770 7323 7451 7870 8289 8605 9101 9976
21 1264 2856 3746 3864 4103 4135 4150 4774 4845 5113 5186 5200 5532 6479 6904 7780 8474 8896 9212 9916 9954
28 277 650 849 984 1396 2172 2367 2564 2582 2761 2985 3222 3577 3776 4254 4804 4820 4829 4917 5949 6074 6296 7651 7686 7729 8158 9051 9555
32 271 1936 2052 2132 2326 2751 2758 3031 3243 3687 3840 4014 4106 4110 4194 5249 5408 5518 5538 6122 6445 6950 6963 7243 7481 7789 8359 8363 8598 8739 9204 9381
12 93 255 324 1812 1984 2900 3706 3750 4569 4897 6513 9333
27 164 302 579 705 942 981 3208 3419 3801 4380 4395 4640 5253 6100 6357 6382 6783 6862 7074 7462 7519 8003 8243 8595 8619 8970 9363
16 54 455 1048 1644 4025 4639 5396 6148 6350 6841 6863 7194 8727 8855 9251 9609
36 194 377 848 912 1009 1214 1728 2178 2465 2707 3265 3410 3953 4000 4392 4961 5039 5653 5802 5819 6170 6544 6627 6657 6769 7081 7109 7300 7308 7689 7906 8468 8495 8565 8638 9914
18 886 1372 1489 1916 3056 3630 3701 3923 4115 4183 4984 5557 5865 6083 7441 8304 9144 9970
26 364 506 1138 2013 2217 2342 2773 3006 3044 3869 4556 4940 5630 5809 6293 6300 6302 7136 7515 7616 7930 8290 8412 8823 9220 9879
22 691 1133 1194 1291 1506 1538 1574 2453 2768 3772 5514 5622 5649 5892 5936 6521 6694 7839 7911 8266 8368 9495
14 33 1052 1975 2391 2511 3038 4452 4550 5229 6711 7579 8115 8242 8643
31 646 944 1449 1543 1654 1751 2164 2509 2774 3475 3560 3658 4705 4800 4856 4992 5740 6607 6883 7061 7252 7338 7480 7495 7591 7828 8325 8833 9392 9627 9999
22 430 697 1116 1382 1955 2288 2551 3437 4738 4962 5178 5416 6319 6518 6592 7094 7769 7885 8092 9637 9797 9809
27 303 842 1122 1468 2318 2363 2630 3618 4209 4358 4659 4791 4958 5129 5227 5524 5937 6011 6070 7020 7027 7207 7288 7978 8299 8717 9492
15 1965 2344 2436 2482 2534 2601 3442 3768 4022 4570 5308 5803 7820 8566 9859
22 315 331 1412 1675 1740 2403 2414 2622 4048 4206 4549 4552 5840 6907 6909 7214 7235 7721 8148 8431 8787 8858
19 412 742 2208 2610 3280 3834 3984 4953 5197 6172 6234 6265 6797 7021 7155 8263 8659 9330 9588
15 206 904 5376 5765 6754 7204 7640 7649 8117 8339 8589 9014 9615 9896 9938
31 45 479 1493 1557 1917 1971 2559 2711 2745 2880 2912 3298 3698 3859 4081 4228 4508 4699 5009 6079 7594 7803 7846 8138 8447 8487 8901 8988 9024 9270 9379
34 450 1289 1404 1503 1616 1815 2081 2737 2783 3406 3727 3832 3961 4071 4245 4344 5189 5285 5511 6576 6871 7450 7837 8080 8167 8277 8417 8749 8852 9197 9382 9472 9626 9885
27 327 503 1046 1252 1737 1764 2479 2806 3002 3324 3674 4175 5093 5457 5608 6140 6709 6915 7223 7580 8065 8461 8703 9298 9320 9437 9581
31 176 682 830 1088 1720 2236 2472 2744 2835 3073 3177 3883 3941 4152 4343 4363 4488 4657 4760 5112 6109 6316 7347 8015 8187 8544 8652 8781 8902 8949 9075
18 76 330 398 1695 3509 4360 4911 5331 5343 5706 5836 6124 6686 7160 7526 7962 8044 8764
32 100 409 857 1507 2181 2299 3477 3588 4311 4588 5403 5592 5748 6546 6547 6723 7007 7099 7354 7778 8165 8218 8327 8522 8531 8641 9080 9126 9461 9559 9586 9869
29 213 291 532 1021 1061 1072 1193 1731 3155 3564 3759 5020 5375 5584 5922 6241 6461 6508 6870 7072 7315 7737 7800 7865 8180 8245 9132 9369 9655
27 83 111 228 711 1176 1370 1439 1600 1928 1982 2105 2519 3411 3487 4240 4538 4745 4849 5045 5648 5747 6689 6960 6994 8432 8624 9494
29 245 703 855 915 1064 1216 1257 1278 1308 1375 1979 2050 2408 2647 3039 3294 3519 3711 4670 5652 6864 6874 7980 8097 8523 8586 8691 9498 9986
30 351 1139 1312 2186 2223 2547 2554 3194 4005 4303 5116 5166 5314 6556 6707 6772 6832 7069 7121 7796 7929 8111 8305 8314 8480 8516 9085 9456 9878 9951
19 1645 2441 3414 4072 4237 4627 4722 4828 4903 5497 7287 7558 7749 7758 8177 8560 9449 9556 9640
38 110 156 368 939 1157 2007 2070 2468 2549 2916 3337 3462 3510 3530 3741 4019 4125 4184 4317 4857 5051 5219 5766 5967 6315 6347 6786 7172 7887 7952 7994 8252 8456 8532 8790 8936 9597 9799
25 662 1201 1345 1529 1609 1854 1914 2059 2349 3681 4415 4641 4909 5087 5222 5992 6560 6608 7639 7812 8323 8815 9323 9682 9835
32 103 1196 1244 1419 2388 3034 3775 3956 4236 4273 4306 4671 4691 5203 5527 5671 5850 6332 6667 6725 6829 6938 7013 7292 7912 8449 9386 9410 9415 9569 9698 9926
21 130 1083 1472 3922 4055 4101 4447 5355 5380 5541 5908 6410 7087 7418 7669 7826 8796 8892 8984 9401 9731
19 663 1844 2329 3365 4007 4308 4481 4518 4894 4947 5507 6174 6830 6836 7033 8238 8556 9452 9961
21 733 1446 2239 2376 2770 4137 4437 4474 5164 5843 6039 6228 6353 7143 7532 7959 8674 9039 9207 9243 9933
28 37 86 248 561 774 813 1186 1384 1931 2503 2640 3135 3526 4033 4166 4728 5373 6342 7091 7144 8001 8063 8319 8335 8369 9225 9483 9948
10 941 1376 4528 5564 6034 6061 6077 6916 7692 8230
27 116 215 290 352 572 594 876 1211 1286 1948 2083 2380 2585 2792 3738 4038 4279 4873 5534 6457 6527 6962 7182 8051 8144 8995 9081
28 397 684 1147 1415 1628 2311 2375 3649 4095 4635 4889 5288 5560 5623 5817 5838 6009 6205 7296 7551 8119 8168 8707 8761 9064 9433 9653 9992
31 177 320 734 1168 1236 1340 1591 1639 1792 2104 2232 2313 2450 2978 3010 3703 4716 4946 5329 5332 5502 5516 6364 7006 7346 7660 8275 8889 9318 9697 9860
37 205 706 730 1030 1733 1778 2038 2047 2205 2539 2612 2632 3646 3947 4032 4112 4174 4313 4448 4590 4599 4788 4872 4949 5165 5588 6405 6481 6531 7126 7291 7380 7705 8386 8613 8725 9960
35 292 366 434 785 1173 1227 1288 2422 2550 2715 2803 3435 3482 3550 3881 4082 4276 5079 5142 5348 6063 6152 6412 6501 6595 6793 6946 7106 7570 7869 8058 8195 8895 9646 9863
21 575 763 1012 1149 1261 3505 4572 4731 6186 6591 7057 7498 7683 7776 7919 8114 8125 8684 8937 9115 9855
17 338 1522 1593 3673 4342 4707 5171 5361 5862 6374 6383 6571 7340 7861 8715 9723 9966
20 185 186 251 461 2740 2754 3258 3845 4028 4373 5381 5510 5878 7601 7690 8050 8298 8976 9188 9949
22 516 870 1427 2126 2717 2937 3966 4042 4129 5162 5228 5508 6512 6580 6716 6763 6953 7048 7620 7951 9254 9930
24 9 227 1601 2529 2778 2883 2951 3263 3319 3879 4678 5720 5797 6216 6476 6822 7009 8958 9005 9018 9043 9191 9359 9946
14 2262 3057 3284 4355 4967 6311 7748 7917 8019 8106 8201 8818 9374 9648
35 577 725 1420 2085 2129 2137 2151 2809 3013 3326 3679 3820 3856 4157 4977 5075 5183 5680 5947 6147 6372 6435 6751 6827 7046 7108 7219 7379 8074 8536 8750 8811 9394 9520 9647
19 1050 1533 2188 2297 3737 4153 4634 4739 5346 5788 6733 7530 7615 8546 8621 8667 8904 8963 9904
34 171 1078 1511 1693 2044 2069 2195 2272 2432 2742 2825 3471 3623 3648 3692 4094 4673 4702 4778 5278 5488 5655 5824 5915 6310 6626 6756 7312 7713 8037 9176 9271 9286 9918
26 679 2234 2624 2992 3037 4219 4241 4357 4559 5022 5449 5454 5526 6250 6263 6338 6835 7439 8568 8778 9390 9635 9721 9853 9894 9906
32 300 305 336 357 1025 1358 1950 2187 2197 2337 2690 4460 4565 4605 4871 5330 5351 5772 6087 6305 6470 6846 7218 7246 7497 7883 8011 8471 8860 8951 9082 9425
16 673 1337 1430 2106 2274 2591 2633 2702 3024 3650 3980 5478 5628 6002 7521 9364
20 491 1687 2033 2309 3611 4253 4717 5201 7051 7127 7621 7659 8399 8406 8426 8647 9293 9372 9451 9900
15 166 2618 3033 3428 4043 5239 5820 5830 6184 6708 7043 7062 7719 9289 9548
20 51 702 970 1179 2982 3104 3137 3199 3476 3596 4185 4262 5621 6670 6876 7372 7777 8199 8841 9580
15 29 321 2057 2721 3066 3140 3720 4138 5484 6021 6223 6964 7638 7736 8494
22 732 2353 2478 2780 2909 3008 4629 5046 5873 6094 6236 6510 6529 7505 7880 8317 8890 8993 9636 9782 9846 9987
36 11 293 296 435 519 869 963 1134 1694 1850 2275 2868 2887 3007 3168 3381 3532 3540 4575 4576 4647 5990 6195 6329 6572 7195 7751 7948 7958 7968 8394 8585 8808 8903 9674 9866
33 95 615 789 1107 1351 2016 2221 2886 2915 3005 3115 3205 4029 4382 4509 4701 4747 4952 5019 5199 5226 5303 5456 6959 7431 7463 8083 8282 8288 8527 9534 9707 9893
32 259 341 874 1109 1290 1624 2728 2759 3081 3211 3591 3823 3866 4312 4413 4600 4893 5785 6182 6259 7024 7795 7963 8469 8680 8713 8759 8812 9135 9194 9621 9897
34 207 971 1322 1462 1987 2096 2510 2560 2588 2679 3132 3346 3396 3865 3991 4680 4794 5496 6080 6211 6306 6933 7054 7149 7242 8256 8547 8766 8863 9090 9235 9526 9576 9668
29 604 1319 1349 1410 1926 2271 2488 3139 3212 3274 3587 3799 3964 4442 4561 4598 4646 5054 5906 6865 7760 8084 8190 8356 8493 9402 9507 9521 9805
35 75 167 232 378 460 844 1019 1313 1500 1566 1963 2180 2634 2752 2790 2798 4340 4521 4733 4963 5021 5341 5462 5522 5805 5852 5886 5975 6130 6924 7743 8505 8911 9112 9590
23 439 1191 1348 2074 3518 3656 4187 4782 5639 5734 5764 5903 6377 6623 7075 7115 7392 7404 8296 8503 9009 9373 9463
34 528 1032 1243 2237 2402 2463 2528 2629 3153 3405 3668 4361 4927 5008 5047 5972 5991 6433 6848 6897 6921 7411 7456 7506 7535 7896 7991 8224 8583 9069 9089 9388 9552 9921
33 196 634 846 1165 1811 1991 2008 3434 3585 3928 4336 4661 4752 4899 5595 5613 5896 6425 6631 6996 7019 7060 7581 7766 7794 7925 8184 8227 8418 8419 8914 9224 9439
32 27 651 1285 1634 1752 3028 3183 3523 3690 3830 4035 4216 5187 5280 6530 6779 6898 6977 7105 7125 7383 7403 7508 7891 7918 8379 8422 8609 8785 9261 9357 9595
32 317 469 495 540 1174 1779 1961 2122 2386 2694 3670 3671 3754 3860 4608 4743 4880 4991 5148 5506 6720 6732 7152 7171 7180 8827 9067 9181 9732 9738 9761 9807
33 175 230 372 585 885 1262 1824 2599 2771 3079 3878 4026 4489 4784 4813 4823 4915 5273 5712 6046 6367 6543 7014 7044 7250 7448 8192 8751 8840 8967 9199 9614 9844
25 273 809 1715 1981 2153 2281 2525 3257 3369 3806 4036 4091 4119 4568 4665 5001 5235 5911 6111 6490 6561 6951 7290 8885 9407
27 92 780 1135 1497 1625 1746 1758 2973 3136 3563 4212 4660 5598 5607 5718 6098 6402 6458 6867 7090 7433 7478 7525 8957 9086 9641 9988
25 7 18 310 1203 1635 1798 2213 2514 3916 4453 4689 5257 5599 5983 6229 6641 6887 6896 7050 7536 8373 8805 9198 9729 9822
14 598 946 1422 1718 2607 2682 4201 4286 4345 4700 4926 5520 6321 7399
33 285 385 522 776 1562 1925 2095 2499 3493 3699 4255 4385 4732 5337 5525 6153 6404 6753 6910 7032 7102 7254 7350 7987 8000 8478 8564 8639 8989 9113 9618 9719 9778
38 625 811 833 967 1045 1104 1208 1524 2065 2152 2330 2842 3407 3490 3695 3735 3756 3790 4244 4289 4837 5437 5679 5750 5808 5894 6136 6320 6606 6678 7097 7304 7458 7646 8233 8486 8688 8846
41 131 334 821 974 1092 1187 1295 1858 1924 1940 1944 2035 2125 2749 3103 3356 3394 3466 3512 3570 4407 4708 5282 5544 5572 5725 6278 6471 6742 6838 6947 7313 7755 8129 8734 9057 9288 9432 9491 9536 9541
21 592 1482 1542 1922 2235 2680 3285 4079 5298 5389 5615 6181 6396 6440 7884 8623 8891 9242 9347 9485 9912
26 32 1302 1952 2219 2285 2312 3311 3742 4408 4923 5382 5412 5845 6449 6536 6613 6665 6986 7201 7293 7426 8900 9041 9435 9530 9672
18 193 952 2189 2231 2416 2641 3185 4861 5556 5821 6394 6460 6610 7675 8878 9052 9246 9811
29 162 1425 1677 2071 2218 2319 2383 2394 2538 2604 2723 3156 3382 3779 3902 4435 4779 5036 5441 6636 7135 7282 7352 7489 8316 9133 9299 9305 9826
22 371 1614 1663 1890 2171 2653 3011 3660 3693 5275 5428 5842 5854 5880 6067 6333 6683 6759 7561 7890 8196 9506
22 15 649 666 709 773 1151 1905 2873 3228 3521 3909 4763 5472 5825 6168 7164 7607 7850 8006 8328 8504 8959
18 44 643 760 1401 2190 2320 2493 2995 3003 4938 5076 7560 7825 7829 8383 8496 9060 9337
18 226 620 872 1015 1525 1613 1867 2264 2606 2684 3621 3755 4591 5377 7482 7874 8311 8481
26 313 508 549 1724 2100 3504 3700 3707 4015 4603 5318 5760 5859 5870 6280 6373 7272 7694 7977 8632 8754 8845 9678 9796 9849 9967
30 61 72 424 547 687 1326 1331 1334 1571 1730 2357 2410 2497 2638 2816 3424 3631 3918 4288 4300 4332 4501 4810 5868 5883 6391 6987 8274 9283 9579
14 824 2034 2045 2520 4039 4593 5751 6015 6222 6441 6671 8479 9061 9147
22 39 837 1741 1900 2020 2201 2224 2267 2314 2474 2763 2831 3815 4349 4901 5436 6192 6451 6618 7937 8665 9312
24 369 707 746 747 1213 1458 1678 1723 2068 2954 3036 3234 3454 3997 4797 5475 5938 6007 6850 8646 8971 9109 9496 9709
20 413 710 1767 2063 2251 2328 3924 3934 4297 4571 4694 4981 5246 5469 5912 6144 6474 6487 7213 8799
33 94 436 482 1005 1251 1463 1590 1847 2160 2300 2609 2943 3078 3143 3301 3576 3636 3676 3933 4831 5080 5340 5539 5569 6251 7316 7452 7612 7764 7773 7782 8955 9816
14 1552 1968 1997 2433 2678 2762 4264 5284 6105 6532 6588 9092 9247 9677
39 140 208 421 1268 1371 1717 2012 2101 2270 2731 2898 2931 2994 3189 3349 3835 4051 4060 4669 4725 4865 4956 4990 6658 6854 7178 7363 7685 7722 7881 8151 8240 8542 8694 8994 9102 9162 9693 9815
22 77 132 414 983 1073 1777 2110 2797 2828 3099 3277 4932 5856 6361 6745 7113 7681 7707 7709 7960 8758 8979
31 22 463 1240 1661 1676 2290 2379 2425 3387 3582 3626 4034 4136 4333 5121 5775 6030 6419 7141 7816 7938 8272 8372 8453 8668 8947 9208 9221 9355 9634 9874
28 881 933 1207 1857 1951 2147 2577 2777 3436 3643 5049 5678 5828 5913 6416 6601 6923 6955 6970 7309 7622 7867 8054 8551 8570 9692 9773 9982
29 882 936 1051 1164 1558 1681 1697 1871 2305 2321 2908 3617 4261 4265 4492 5101 5216 5690 5984 6197 7276 7644 7693 7704 8454 8824 8849 8990 9575
30 64 105 502 602 654 716 1447 2162 2356 3198 3306 3334 3565 3828 4132 4496 4531 4684 5540 5956 6117 7080 7134 7211 8732 8782 9028 9066 9780 9873
31 630 982 1013 1335 1518 2258 2302 2384 2411 2522 2619 2657 2789 3456 3569 4211 4314 4366 5276 5794 5866 6230 6806 7224 7818 7821 7853 8070 8333 8346 9687
21 485 513 753 805 1225 1744 2451 2766 3868 4869 5192 5548 6491 6957 7602 7806 8829 9544 9808 9974 9975
8 1698 2263 3855 3905 6121 7613 7847 8297
40 6 525 593 631 932 991 1200 1220 1267 1417 1424 2871 2911 3336 3374 3400 4177 4803 5050 5188 5810 5869 6482 6570 6698 7465 7529 7656 7842 7913 8203 8499 8816 8828 9211 9214 9447 9715 9760 9881
32 447 704 778 956 1154 1710 2116 2308 2359 2518 3460 3604 4994 5000 5072 6099 6210 6328 6605 6696 7122 7540 7599 7695 7993 8123 8404 8921 8999 9423 9684 9889
22 1195 2399 2460 2502 2955 3635 3787 4122 4167 4711 5034 5313 6068 6467 7614 8034 8292 8655 8696 9527 9598 9991
18 486 564 786 1977 1985 2340 3502 3880 4765 4959 5470 6064 7037 7326 7629 8069 8126 9249
19 951 1114 1784 2689 2857 3431 4983 5060 5260 6653 7364 7822 8028 8061 8102 8548 8834 9256 9322
21 928 1038 1085 1105 1389 1831 1868 1901 3184 3543 3804 5124 5543 5717 5731 6839 7196 7307 7635 7898 9620
20 354 1014 1406 1464 1636 1793 3344 3558 4367 5853 6106 6112 6202 7333 7557 9523 9670 9833 9838 9944
38 168 512 537 617 1049 1086 1144 2119 2212 2276 2286 2961 3092 3128 3316 3418 3803 3884 4269 4301 4486 5003 5156 5209 5400 5996 6233 6248 6375 6559 6861 7434 7653 8361 8660 8672 9017 9656
27 25 201 392 410 950 2134 2500 3375 3610 3678 3874 4182 4633 4720 5344 5545 5970 6427 6548 6640 7110 7166 9168 9259 9675 9739 9957
13 934 980 3001 3391 5832 5986 6554 6713 6971 7175 7545 8202 8919
33 272 297 1205 1274 1409 1646 2015 2409 2542 2639 3501 3805 3838 4102 4364 4402 5104 5123 5191 5251 5291 5656 5657 6255 6292 6528 6859 6877 7412 8473 8607 8943 9157
21 389 718 1132 1155 1246 1713 2268 4243 4618 4748 5823 5918 6392 6438 6972 7422 7559 7862 7875 7876 8160
29 191 925 1395 2501 2561 2658 2947 3157 3949 4270 4356 4715 4838 4874 5061 5146 5309 5699 6054 6389 6734 6796 7052 7617 7700 8689 8857 8945 9026
24 257 1321 1519 2040 2532 2906 2976 3127 4390 4422 4449 5451 6509 6787 6889 7064 7103 8312 8520 8802 9127 9517 9828 9858
33 50 85 1399 1683 2369 2968 3018 3070 3158 3598 4520 4541 4619 4662 5909 6215 6434 6800 6899 6980 7148 7220 7386 7567 8208 8264 9352 9376 9713 9741 9827 9898 9934
22 71 688 1011 1443 3060 3494 3499 3534 4224 4417 4573 4844 4942 5710 5969 7514 7670 7802 8179 9567 9667 9915
30 192 301 350 362 656 1344 1887 2019 2279 2979 3237 4329 4913 5026 5096 5150 5500 5726 5738 5891 6523 6625 6914 7162 7454 7643 8365 9233 9848 9917
26 298 448 1127 1549 2304 2535 2776 2839 3221 3244 4118 4783 4851 5259 5267 5304 5672 5861 6096 6738 7483 7679 7848 8954 9325 9977
26 113 1653 2570 3182 3233 3333 3401 3675 3988 5032 5661 5768 5848 5960 5998 6240 6968 7501 7577 7604 8506 8611 8930 9253 9315 9360
28 155 497 717 826 1280 1479 2261 3389 3889 3971 4613 4719 4843 5693 5815 6326 6399 6464 7096 7573 8198 9013 9141 9200 9405 9582 9958 9973
30 700 715 729 745 1123 1355 1959 1989 2014 2185 2665 2697 2713 2747 3160 3256 3627 5777 6120 6502 7469 8068 8377 8482 9121 9263 9301 9304 9704 9984
40 295 568 670 887 1339 1670 1879 2094 2673 2796 2821 3108 3242 3525 3765 4089 4204 4473 4482 4579 4726 4817 5901 6562 6710 6736 6934 7192 7652 7868 8235 8697 9158 9189 9346 9505 9608 9612 9673 9890
14 148 465 1770 2865 3040 3117 4331 6349 6823 6982 7565 9042 9232 9302
29 21 189 276 812 1367 2341 2426 2652 2860 3669 3843 4427 4567 4993 5155 5603 5733 5973 6288 6355 6452 7138 7190 7661 8100 9003 9047 9539 9688
20 279 523 557 1145 1642 2368 3320 3633 3853 4248 5749 6489 6650 8143 8657 8952 8991 8992 9877 9928
23 160 258 1002 1055 1496 1714 2829 3152 3537 5088 5961 6281 6387 6447 6718 6974 7267 7415 7485 8511 8744 9380 9486
20 836 937 1305 2327 2625 2933 3342 3390 3528 3973 4104 4625 5002 7528 7716 7757 8466 8938 9117 9344
37 31 446 480 1074 1130 1229 1234 1588 1699 2082 2378 2428 3105 3133 3719 3780 3849 3861 4004 4163 4547 4830 5673 6384 6497 6794 6840 7998 8038 8107 8563 8582 8762 9016 9185 9335 9699
28 121 559 619 1177 1504 2133 2980 3637 3824 4464 4584 4972 5007 5033 5107 5435 6171 7042 7435 7524 7975 8757 8883 9245 9747 9834 9841 9892
35 78 172 288 781 1669 1972 1973 1993 2102 2919 3249 3371 3722 3904 4229 4359 5306 5310 5379 5744 5887 5919 6162 6287 6400 6417 7335 8540 8788 8793 9336 9515 9638 9718 9819
21 816 1580 2370 2719 3213 3465 3788 3873 4057 4536 5307 5574 6442 6674 7035 7871 7934 8421 8969 9367 9572
21 267 896 1287 1403 2230 2480 3885 3958 4024 4285 4485 4920 5742 6660 6985 7285 7676 8752 8792 9222 9250
27 500 907 919 965 1003 1169 1435 1521 1903 2596 2637 2686 5028 5242 5420 5528 5549 5694 6266 6969 7322 7472 8533 8618 8944 9087 9884
42 88 1333 1487 1556 2393 2643 2646 2716 2722 2750 3125 3151 3200 3317 4328 4790 4798 4979 5404 5483 5732 6040 6882 7008 7082 7147 7723 7753 7920 7983 8194 8280 8330 8380 8746 8794 8804 8897 9074 9428 9623 9812
24 346 417 427 929 995 2495 2650 4092 4172 4821 4996 5117 5881 6059 6298 6331 6463 6599 7619 7801 7928 8675 9153 9502
21 609 677 719 1111 1391 1581 2248 2981 2990 3238 3359 5010 5013 5225 5406 5719 6003 6214 7197 8026 8526
34 359 360 445 578 1547 1703 2000 2701 2712 3000 3386 4056 5179 5345 5349 5490 5509 5573 5746 5767 5874 7259 7332 7715 8247 8513 8748 8810 8934 9203 9351 9477 9664 9910
19 555 1183 1299 1323 2142 2395 2874 3296 4850 5212 6371 6517 6550 6639 7199 9136 9661 9785 9935
17 1150 3101 3451 4965 5066 5195 5371 5422 5450 6651 7176 7343 9297 9332 9391 9525 9654
31 910 1117 1260 1729 1839 2287 2447 2548 2644 3009 3142 4073 4387 4723 5168 5301 5315 5579 5851 6089 6411 6929 7167 7388 7562 7779 7940 8095 8692 8724 8916
20 582 1093 1230 2173 2621 3241 3457 3552 4193 4231 4517 4988 5254 5531 5979 7237 7974 8557 9516 9603
37 281 402 751 784 852 1210 1231 1315 1373 1805 2818 2878 3373 4143 4198 4220 4232 4557 5085 5338 5643 5989 6209 6557 7140 7405 7724 8076 8364 8384 8941 8974 9124 9285 9384 9416 9417
22 40 1509 1947 2515 2521 2852 3052 3638 3798 3986 4907 5410 5933 6983 7157 7263 7361 7375 8345 8525 9033 9426
32 187 275 299 493 935 1265 1429 1967 2667 2703 3276 3278 3571 3659 3745 4065 4098 4630 4805 5157 6010 6071 6110 6314 6499 7114 7336 7642 7879 8081 8374 9037
27 119 611 1178 1666 2108 3275 3545 3732 4165 4234 4396 4477 4910 5207 5295 5334 5392 5443 6363 6465 7370 7866 7990 8561 8627 9059 9789
19 136 768 791 1846 3082 3489 3602 3920 4086 5221 6577 7003 7503 7747 7955 8030 8735 9201 9317
21 452 808 1001 1603 2005 2109 2120 3169 3725 3761 4425 5383 5701 6354 6624 7569 7914 8265 8420 8716 9107
27 126 158 178 453 1768 1988 2628 2709 2760 2892 3858 4987 5141 5350 5784 6088 6304 6541 6844 6967 7071 7177 7672 7827 8273 8590 8932
23 188 449 544 622 2058 2127 2209 2960 4146 4443 4457 5024 5238 5386 6428 7696 7845 7855 7932 8104 8838 9710 9781
24 236 551 1054 1630 1704 2998 3076 3315 3826 4191 4222 5097 5256 5813 6741 7010 7059 7408 8002 8062 8700 9252 9730 9748
30 794 838 1141 1532 1932 2757 3252 3506 3642 3747 4090 4655 4690 4935 5231 5419 5962 6016 6545 6655 6663 7085 7150 7420 7897 8336 9248 9303 9624 9743
34 0 761 890 1217 1499 1878 2075 2098 2220 2523 2674 2964 3246 3496 3514 3562 3827 4168 4176 4384 4868 4882 5040 5152 5745 6093 6198 6289 6690 7070 7269 7710 8742 8868
21 692 863 987 1306 1541 1709 1855 2787 3239 3318 3404 3473 4404 5120 5135 5847 6780 7373 7641 9179 9695
18 921 1089 1484 2146 2415 2506 2775 4054 4852 5902 5999 6141 6586 6826 7745 8220 8300 9823
21 539 595 614 1377 1668 2128 2890 3206 4063 4173 4294 4434 4494 4815 4848 5627 7988 8395 9023 9599 9831
25 80 567 818 1249 1473 3122 4383 4964 5048 5430 5445 5568 5923 6048 6584 6762 6812 6900 6942 7079 7487 7808 8423 9099 9389
13 411 581 1863 1869 2483 2956 4085 4200 5261 5487 7953 8562 9044
13 831 1343 2389 2578 2617 2972 3957 4326 4594 4799 7189 8616 9775
23 183 244 328 596 1357 3004 3049 3328 3782 3821 4420 5071 5723 6176 6659 7446 8036 8291 8604 9045 9277 9591 9902
34 90 1374 1456 1754 2039 2710 3201 3392 3459 3724 4179 4208 4352 4450 4612 5134 5336 6151 6242 6346 6549 6648 6761 6815 6935 7173 7331 7996 8128 8357 8463 8817 9138 9604
35 624 961 1411 1996 2642 2765 2788 3554 3605 3688 3744 3975 4075 4105 4389 4535 4781 4814 5023 5159 5323 5776 5789 6221 6473 6792 6868 7216 7310 7633 8390 8515 8530 8832 9923
17 580 2175 2683 3935 4142 5053 6013 6462 7504 7739 8874 9111 9159 9326 9562 9742 9755
29 180 648 1184 1686 1908 2373 2725 3443 3619 3847 3857 3970 4278 4347 4582 4881 5132 5594 5686 5779 6611 6642 6813 7256 7663 8042 8105 9343 9421
18 99 748 977 1561 3215 3817 4040 4109 4406 4526 4884 4933 4970 5965 6132 8626 8678 9571
29 68 219 1062 1700 2930 3297 3360 3495 3734 5460 5644 5898 6643 6715 7491 7771 7809 8091 8099 8670 8722 8875 8894 9015 9313 9601 9643 9700 9867
18 243 898 1804 2917 3147 4440 4769 5305 5691 5709 5910 6845 7697 8370 9139 9274 9856 9959
34 957 1341 1387 1849 2009 2481 2553 2904 2910 3118 3193 3749 4049 4287 4806 4859 5705 5863 5930 5978 6810 7202 7564 7731 7944 8508 8553 8695 8831 9001 9554 9610 9751 9788
24 195 406 454 647 796 903 1212 1701 3322 3743 3950 4819 4912 4971 5302 5606 5722 6191 6444 6564 6825 7647 8518 9549
15 1282 1827 2530 2569 3781 4504 4510 6026 6082 6782 7509 8204 9078 9508 9876
30 851 976 1028 1293 1364 1494 1910 2293 2467 2594 2862 4258 4370 4574 4583 5094 5125 5290 5753 6161 6270 7117 7366 7680 8087 8226 8241 8462 9205 9476
32 30 339 612 873 988 1198 1311 1366 1423 1502 2957 3077 3357 3472 3628 3708 3867 3954 4013 4490 4525 4750 5299 5535 6602 7305 7630 7767 8101 9319 9339 9387
34 308 396 623 713 2087 3150 3361 3718 3758 4151 4263 4266 4291 5073 5447 5647 5684 5713 5834 5941 6164 6208 6997 7159 7516 8283 8341 8388 8415 8588 8882 9173 9470 9680
18 689 1480 2335 2418 2894 3016 3094 3661 3709 4616 5474 5491 5778 6028 6569 9058 9151 9818
30 150 382 1209 2023 2203 2295 2918 3484 3712 3757 4087 4854 5086 5461 6267 6277 6851 7142 7174 7538 7863 8524 9163 9177 9500 9524 9574 9728 9924 9981
31 282 531 847 2140 2210 2464 2611 2734 2999 3300 3307 4272 5552 5562 5582 5790 5826 6673 6767 6961 6989 7654 8407 9072 9167 9218 9269 9393 9792 9857 9997
23 197 583 681 769 3421 3965 4431 5100 5482 5529 5929 6178 6238 6681 6717 6801 7369 7423 7765 7924 8612 8987 9956
19 229 373 387 458 788 1691 1756 1837 2492 2782 3551 4388 4754 5270 5849 6973 8023 8286 9096
22 181 428 1255 1393 2150 2660 3235 3483 4009 4226 4418 4692 5327 5662 5846 6307 6477 7041 7754 9464 9864 9990
34 628 993 1383 1587 2457 2589 2905 3338 3662 3814 4295 4606 4789 4883 6102 6359 6589 7266 7365 7394 7578 8031 8089 8197 8234 8599 8628 9174 9192 9240 9295 9465 9840 9980
18 376 459 538 680 1022 1706 3041 3226 3615 3969 4238 5570 5985 8340 9106 9490 9737 9850
18 2616 2696 3064 3384 3455 3773 6256 6378 7239 7531 7922 7992 8232 9098 9122 9281 9510 9560
30 294 311 683 1040 1042 1189 1426 1596 1873 1970 2437 2485 3131 3548 3581 3762 3836 4397 5064 5092 5782 5857 6283 9150 9306 9411 9413 9617 9658 9791
30 5 349 425 1894 1983 2280 2556 2746 3603 4116 4753 5158 5590 6055 6817 7427 7634 8055 8147 8550 8597 8843 8865 9032 9095 9215 9327 9905 9947 9963
26 484 610 1027 1388 1539 1809 2527 2801 4233 4399 4937 5151 5611 6113 6173 6426 6662 7045 7294 8444 8730 8925 9287 9356 9475 9734
38 571 591 1281 1483 1638 1832 1918 2255 2310 2849 3270 3818 5144 5193 5277 5625 6154 6218 6337 6573 6790 6878 6995 7169 7357 7367 7410 7445 8153 8170 8182 8908 9290 9397 9694 9786 9806 9875
29 278 333 731 749 959 1937 2413 2446 2888 3074 3580 3620 3892 4866 5262 5265 6352 6764 7409 7460 7600 7921 8121 8997 9100 9123 9300 9578 9753
18 466 481 1576 1705 4426 4824 5027 5038 5167 5729 6159 6262 6286 7039 7658 8181 9219 9338
16 895 1569 1619 2194 2494 3513 3769 4093 5391 7053 7083 7206 7391 8122 8699 9795
28 12 239 246 429 1204 2060 2167 2438 2866 3247 4197 4672 5385 5423 5464 5646 5806 6193 6217 6908 7217 7406 7858 7999 8094 8249 9048 9131
9 79 348 1354 2042 3665 3731 4145 4215 7790
33 157 659 1026 1136 1301 1915 1969 2099 2148 2252 2491 2691 3432 4144 4609 4875 4941 5130 5523 5536 5617 5683 6603 6615 6700 7077 7389 7488 8237 8366 8492 8673 9272
35 861 999 1180 1304 1545 1747 2097 2149 2177 2211 2592 3062 3283 3408 3760 3850 4221 4532 4985 5326 5537 5831 6008 6341 6739 7362 7467 7702 7892 7957 8108 8271 9130 9308 9613
25 1998 2355 2381 2851 4479 5358 5533 5578 6125 6196 6249 6774 6860 7186 7648 7698 7815 8064 8411 8644 8906 8983 9406 9720 9854
24 367 560 845 1115 1248 1360 1602 1727 1782 2656 3613 3739 3852 4589 5128 5890 6692 7387 7774 8212 8450 9160 9563 9972
11 573 1796 2046 2111 2795 2830 4710 6752 7234 8267 9907
15 2608 2926 3624 3813 3921 3931 4484 5465 5542 5660 5925 6469 6533 9691 9968
12 217 865 1794 3279 4601 4727 4888 5177 7022 8056 9116 9883
9 2836 4495 5736 6737 7571 8602 8876 9125 9409
32 23 393 438 443 1526 1769 2010 2141 2575 2677 2706 3096 3378 3445 3951 4282 4898 5311 5417 5424 5486 5641 6295 6339 7673 8351 9209 9231 9258 9703 9772 9927
21 106 122 222 509 527 1071 1350 1474 1516 1939 3176 3204 4334 4341 4642 5328 6185 7025 8016 8837 9842
23 129 190 779 1775 2011 2366 2459 2605 3705 4480 4553 4818 5037 6116 6809 7368 7566 7907 7997 8052 8303 8338 9071
15 475 909 986 1469 1582 1801 1882 2179 2741 2927 2929 7421 7588 7843 9606
14 1573 2333 2819 2907 3393 3770 3948 3952 5084 5374 5635 7107 8350 8702
35 390 694 802 973 1369 1414 1481 1836 2030 2086 3063 3574 4293 4695 4877 4982 5139 5321 5378 5519 5589 6060 6269 6397 6583 6714 7034 7271 7320 7732 7804 7851 8066 8073 8842
22 10 240 457 514 864 1946 1954 2017 2540 3121 3134 3893 5065 5108 5316 5362 6206 6776 7477 7598 7706 9403
30 374 400 468 990 1096 2440 3197 3250 3441 4203 4321 4476 4840 4950 5814 6022 6155 6201 6483 6488 6622 7265 7298 7424 7585 8658 9110 9278 9430 9631
14 242 332 1284 1441 5208 5591 5616 6018 7203 7238 7624 8592 9573 9652
32 442 584 888 922 1190 1298 1428 2136 2505 2537 2705 2834 2870 3282 3882 4190 4842 6401 6596 6858 7104 7123 7466 7471 7537 7893 8337 8381 9134 9466 9871 9903
24 16 59 153 501 1889 2793 2934 3075 3178 3287 3358 3899 4064 4540 5272 5692 6212 6422 7000 7443 7854 8137 8442 8948
14 370 1079 1390 1643 1659 3187 3522 3640 5204 6581 7397 7428 8706 9762