30 92 173 472 477 878 1236 1539 1693 2333 2385 2901 4365 4556 5424 5432 5574 5627 5800 6219 6588 7184 7213 7313 7341 7962 7979 8013 8930 9199 9862
41 264 802 1015 1036 1965 2121 2367 2534 3059 3286 3536 3677 4081 4141 4143 4195 4404 4698 4750 5161 5230 5318 5356 5679 5796 5941 6480 6678 7247 7459 8007 8057 8115 8187 8312 8313 8687 9259 9767 9887 9927
18 245 580 1674 1868 1872 2833 3025 4347 4689 4789 6093 6700 6990 7056 7091 9634 9692 9784
21 43 282 1492 1503 1789 2932 2972 3356 4255 4406 5587 5593 6014 6299 8012 8416 8424 8712 9106 9144 9666
33 25 283 306 423 547 1234 1401 1527 1729 2321 2390 2621 3129 3148 3743 3854 3860 4978 5240 6068 6212 6793 6845 6876 6877 7114 7297 7507 7906 7969 8327 8423 9388
13 1575 3109 4331 4537 4561 4760 4891 5658 6087 6231 6823 8233 8421
19 968 1115 1706 1720 2843 2860 3027 3287 4578 5741 6426 6547 6586 6964 7202 7928 8733 9823 9939
44 47 626 642 756 806 1091 1104 1258 1435 1551 2487 2803 2839 3013 3062 3066 3091 3314 3546 3961 4407 4507 4509 4616 4831 4879 5925 6460 6785 7057 7182 7574 7631 7718 8073 8354 8972 9079 9157 9196 9265 9311 9699 9899
39 324 342 430 455 511 855 971 1097 1233 1238 2484 2489 3236 3335 4095 4515 4525 4615 4658 4809 4955 5055 5287 5605 5709 5752 5788 5833 6711 7241 7411 7720 7764 8151 8394 8486 8610 8775 9416
18 328 462 595 1088 1946 3332 3768 4007 4239 4603 4645 4847 4867 5132 5893 6188 7040 9074
20 1 464 1034 1544 1581 2324 2435 2862 3579 3892 3981 4908 7350 7620 7642 7996 8860 9176 9702 9766
27 401 618 825 1594 1794 1914 2442 2557 2669 2837 3373 4417 5379 5803 5834 5994 6140 6364 7171 7354 7403 7860 8500 9084 9163 9472 9872
23 1359 1369 1410 2607 2971 3053 3322 3532 3658 4792 5124 6815 7424 7535 7876 8001 8026 8035 8087 8763 8821 8842 9315
27 452 664 849 877 891 1700 2443 2894 3241 3632 4085 4262 4719 4934 5457 6439 6685 6966 7288 7632 8197 8304 8623 8640 9166 9804 9910
23 177 277 2155 2966 3165 3524 4021 4649 4761 5149 5970 7205 7286 7573 7757 7999 8065 8223 8442 8492 8520 9169 9930
38 402 884 1426 1566 1998 2101 2224 2256 2306 2522 2819 3012 3216 3687 4360 4722 5054 6164 6232 6293 6333 6521 6930 7276 7277 7380 7409 7509 7722 8203 8284 8296 8513 8587 9171 9439 9473 9929
34 197 269 358 416 760 770 903 1306 1759 1836 2051 2387 3198 3864 4355 4597 5046 5071 5363 5527 6060 6298 6540 6780 6853 6899 7244 7408 7531 8055 8990 9289 9498 9833
24 761 1355 1423 1454 2313 2378 3319 3856 4827 4967 5967 6148 6268 6832 7206 7327 7679 7709 7927 8017 8627 8757 9384 9461
36 50 786 1286 1341 1558 2085 2146 2600 2678 2791 3110 3208 3338 3400 4046 4168 4280 4385 4779 5030 5221 5306 5385 5392 6257 6263 7162 7212 7725 7746 7925 8117 8316 8595 8939 9242
37 130 332 341 1003 1212 1491 2028 2339 3007 3019 3095 3344 3642 4229 4237 4267 4268 4275 4441 4467 4484 4607 4718 4720 4782 5099 6532 7234 7302 7489 7673 8198 8333 8531 8801 9452 9834
16 116 3354 3661 4286 4377 4566 4681 4735 5120 6851 7799 8343 8701 8727 9184 9477
13 419 420 1970 2693 5028 5126 5571 5742 6916 7153 9349 9732 9817
28 31 122 858 1866 2092 2958 3364 3502 3754 3877 3941 4187 4804 4895 5043 5339 5489 5684 5850 6246 6393 6607 6612 7345 7443 7748 8379 9095
33 481 954 1026 1222 1420 1578 1606 2052 2243 2725 2726 3402 3586 3780 3899 4166 5276 5440 5480 6580 6613 6723 6818 7149 7562 8051 8112 8230 8662 8831 8837 8941 9894
19 350 846 1672 2422 3048 3791 4493 4815 5222 5260 5861 6061 6242 7225 7395 7781 8661 9209 9295
22 162 1045 1447 2171 2178 2470 3123 3388 3751 4132 4325 4332 5341 5394 5745 6355 7125 7751 8263 9903 9916 9988
25 241 448 1637 1976 2133 2202 2740 2793 2838 3466 3809 4397 4901 5097 5193 5229 5710 6324 6849 7073 7293 7908 8903 9499 9607
36 1016 1336 1739 1838 1849 2329 2337 2463 2680 3421 3460 3680 3728 3875 4620 4626 4642 4952 5200 5403 5445 5685 5754 5843 6254 6683 6858 7210 7216 7407 8371 8489 8808 9258 9582 9768
26 217 822 943 1395 1429 1580 2067 2157 2434 2758 2902 3118 3154 3278 3784 3962 4395 4554 5808 8092 8245 8802 8894 9348 9742 9968
32 297 772 1272 1545 1665 1803 2043 2229 2376 2575 3006 3046 4126 4373 4825 5207 5622 5664 5990 6072 6264 7259 7515 7516 7523 7540 7788 8254 9151 9424 9460 9643
17 1039 1662 1925 2674 2925 3215 3225 3347 5603 6581 6890 6952 7365 8395 8742 9283 9700
22 113 399 1689 2444 2491 2832 2934 3584 3655 4169 4625 4732 5163 5578 5688 6271 6503 6790 7603 7985 8345 8437
27 52 744 917 947 1000 1905 1912 2449 2924 3307 3539 3783 4006 4646 4740 4898 6030 6519 6786 7217 7375 7430 8339 8756 8996 9372 9525
35 916 1082 2139 2187 2417 2480 2537 2694 2784 2861 2968 3438 3840 4070 4568 4715 4942 5152 5519 5673 5773 6244 6727 6988 7257 7372 7556 8292 8433 8497 8529 8569 8934 9016 9541
40 161 215 583 2197 2617 2841 3256 3259 3337 3730 3763 3938 3995 4098 4146 4215 4504 4926 5000 5101 5546 5681 5696 6133 6260 6335 6490 6572 6649 7042 7661 7704 7955 8681 9005 9027 9062 9343 9396 9599
41 565 706 856 879 1129 1154 1160 1329 1634 2036 2242 2510 2563 2773 3669 3929 3998 4204 4354 4770 4845 5033 5044 5848 6105 6546 6983 7191 7228 7363 7379 8064 8303 8509 8525 9155 9479 9618 9649 9685 9912
23 840 1350 1384 1559 1765 2135 2286 2682 2744 3105 4271 4998 5278 5815 6119 6136 6171 6443 6757 8358 8552 9139 9567
24 17 1046 1330 2084 2226 2260 2648 3283 3331 3451 3629 3752 4775 4868 5708 5866 6954 7039 7055 9251 9354 9748 9760 9803
25 137 721 1301 1528 1906 1908 2357 2906 3500 4057 4300 4460 4800 4844 5579 5915 6159 6865 7130 7353 7460 8544 9257 9380 9976
18 21 44 112 614 3598 3625 3984 4167 4312 5795 5934 5997 6191 6369 7554 7588 9029 9131
29 567 803 963 1243 1830 2029 2206 2756 3026 3067 3406 4523 4769 5236 5391 6001 6273 6367 6379 6719 6781 6863 7797 7892 8506 8806 8880 8912 9961
25 1100 1699 2123 2295 2727 2775 2912 3561 3786 4008 4876 5131 5203 5783 5885 6326 6458 6512 6641 7580 7754 8070 8706 8889 9220
12 1314 1769 4751 5768 6027 6047 6360 6803 7492 7765 7877 8869
27 96 404 859 860 935 980 1262 1822 2797 3480 3703 4437 5141 5300 6274 6359 6407 7837 8261 8479 8485 8490 8680 8711 8944 8986 9114
27 261 308 591 674 689 956 1561 1661 1962 2188 3328 3835 4108 4287 4457 5146 5358 5666 5892 6840 7146 8384 8685 8736 9017 9551 9654
45 227 458 483 592 799 1042 1519 2165 2570 2572 2868 3309 3348 3737 3785 3931 5003 5019 5233 5322 5327 6045 6165 6225 6513 6973 7136 7159 7283 7487 7551 7968 8126 8238 8568 8760 8791 8890 8920 9133 9300 9341 9492 9626 9763
33 298 392 544 974 1190 1624 1832 1898 1997 2720 2967 3233 3818 4342 4757 4957 5115 5496 6141 6157 6555 6566 6627 7240 7416 8179 8809 9147 9522 9801 9936 9948 9951
41 305 425 630 834 1327 1374 1388 1663 1871 2516 2655 2827 2933 3092 3779 3921 4830 5969 6286 6769 6791 6828 6901 7079 7107 7268 7645 7705 7871 7883 8139 8202 8310 8336 8818 8844 9036 9713 9747 9868 9981
31 528 752 797 1593 2209 2247 2456 2753 3333 3419 3472 3528 3723 3886 4444 5577 5624 6373 6394 6795 7630 7856 8192 8620 8728 8946 8969 9030 9172 9306 9466
23 988 1210 1638 1947 2089 3587 3851 4739 4922 5786 6016 6046 6311 6634 6647 7272 7359 7493 8596 9179 9249 9597 9947
28 180 268 389 1288 2771 2788 3257 3634 3956 4390 4706 4862 5316 5646 5690 6051 6055 6153 6543 6545 7024 7029 7558 7951 8282 8688 9096 9588
32 476 767 1040 1066 2281 2377 2416 2450 2473 3064 3476 3508 3693 4032 4337 5436 5586 5725 5775 5891 5938 6078 6107 6714 7357 7994 8034 8222 9058 9094 9369 9605
34 820 953 965 1064 1140 1274 1343 1613 1990 2375 2593 2991 3220 3568 3972 4672 5565 5719 6735 7177 7610 7780 7920 8217 8325 8391 8548 8604 8827 8943 9069 9218 9246 9653
25 418 593 1484 1680 1811 2200 3145 3217 3378 3903 4118 5042 5142 5281 5360 5730 6039 6279 7133 7866 8297 9414 9633 9731 9953
15 560 1667 2494 2541 2836 3721 5852 6304 6318 7303 7791 8524 9284 9815 9858
43 145 446 769 798 1136 1215 1276 1430 2147 2232 2304 2310 2453 3203 3885 4216 4738 5145 5444 5544 5554 5635 5930 6006 6010 6036 6088 6316 7045 7067 7237 7802 7975 8010 8190 8376 8557 8645 8713 9023 9263 9437 9511
20 585 1005 1163 1339 1375 2493 2904 3304 3937 4224 4502 6642 6921 7065 7570 8226 8822 9636 9921 9994
27 60 307 601 660 944 2072 2374 2383 2474 2812 2816 3663 5608 5661 5766 6227 6559 6567 6606 6859 7381 7830 8041 8397 8598 8884 9018
20 1318 1323 1512 1612 1889 3462 3541 3764 3988 4623 4986 5006 5764 6108 6879 7810 7825 8657 9557 9726
24 19 85 684 740 2525 2549 2745 2831 3164 3253 3425 4445 4449 5508 6112 6807 6959 7170 8063 8636 8679 8835 9497 9575
42 683 771 1162 1187 1385 1391 1896 1938 2059 2137 2542 2782 2798 2999 3017 3132 3163 3176 3565 4134 4240 4995 5062 5136 5418 5476 5623 5973 6844 7167 7964 7982 8494 8517 8541 8547 9231 9465 9469 9470 9510 9606
29 289 427 900 1383 2198 3803 3842 3872 4191 4231 4391 4544 4880 5506 5762 6160 6530 6592 6596 6618 6620 6889 7001 7147 7583 7696 8419 9287 9777
20 271 360 672 1068 1146 1457 1937 2405 2712 3177 3432 4005 4193 5779 6563 6774 7245 9142 9516 9724
13 429 2616 2702 3297 4361 4692 5114 5737 6625 6996 8031 9386 9697
33 23 265 275 801 828 874 1298 1474 1933 2811 3194 3781 3799 4451 4529 5050 5520 5620 5716 5907 6574 6600 6632 6927 7602 8273 8609 8812 8836 9308 9562 9668 9734
42 0 382 504 543 773 1095 1142 1178 1316 1780 2143 2213 2891 2969 3414 3626 4531 4772 5156 5591 5714 5963 6477 6531 6728 6989 7009 7011 7700 7729 7922 7939 8030 8256 8663 8799 8932 9082 9245 9273 9625 9989
15 172 207 1727 2707 2994 3246 3614 4381 4524 4562 4812 5677 7635 8100 8710
39 387 515 1137 1253 1596 1844 1968 1985 2027 2055 2150 2231 2233 2636 2739 3137 3201 3231 3824 4135 4145 4319 4638 4748 5353 5878 6418 6492 6905 7138 7230 7339 7418 7794 8590 8847 9648 9758 9867
17 56 166 364 821 919 1850 2938 3550 4479 5499 5653 5667 5945 6292 6725 8332 9271
15 613 1109 3039 3871 5606 5798 6376 6473 6985 7980 8175 8632 8899 9136 9764
43 64 65 163 296 685 836 992 1093 1164 1266 1725 1758 2236 2267 2283 2380 2399 2870 3136 3382 3439 3578 3939 4634 4690 4902 4923 5649 6497 6639 6883 7209 7608 7611 7619 7653 7663 8361 8538 8868 8907 9024 9831
38 205 253 1061 1643 1786 1787 1831 2017 2307 2574 2848 3369 3443 3485 3515 3531 3670 3858 4097 4253 4284 4612 4795 4894 4975 5348 6331 7402 7786 8251 8597 8917 9008 9065 9189 9316 9361 9581
40 29 126 322 374 1455 1568 1650 1911 1940 2088 2113 2124 2152 2161 2700 3115 3161 3251 3643 3736 3953 4327 4854 4874 5238 5378 5555 6161 6172 6400 6465 6748 6904 8147 8244 8409 8776 8876 9743 9835
17 119 766 1344 1402 1942 2711 3255 3944 4161 4567 5086 5726 6184 7321 7391 8582 9227
25 101 587 634 635 753 2370 3135 3573 4020 4727 4919 5277 6223 6416 6432 7756 8206 8274 8676 8942 9012 9334 9360 9656 9759
27 88 353 1348 2024 2423 2459 2583 2666 2888 2952 4116 5134 5197 5421 5536 5600 6007 6520 7071 7399 8068 8411 8696 8743 8985 9603 9945
17 569 1382 1431 1513 1899 2145 2277 3049 3957 4527 4530 5049 6944 7841 7947 8059 9421
15 81 329 1721 2042 2214 5011 5532 6106 6346 6427 6598 6833 7355 9449 9517
32 121 320 437 665 996 1138 1199 1239 1407 1409 1508 2687 2730 2741 3120 3263 3740 4093 4100 4139 4197 4473 4796 5376 5842 6175 6389 6814 7989 8484 9379 9941
34 35 730 914 1170 1317 1521 1774 1777 1980 1986 2151 2185 2244 2467 2714 2757 3212 3282 3759 3845 5365 5509 6471 6631 6640 6766 6915 6925 7839 7952 9013 9110 9297 9331
15 1437 1995 2162 3765 4478 5568 5644 5961 5962 7002 8356 9508 9639 9678 9781
18 1509 1841 1891 2360 2763 3071 3114 4486 6111 6139 6387 7181 7676 7682 8224 8914 9223 9397
28 454 503 532 1106 1698 2056 2073 2560 2853 3037 3265 3371 4448 4813 4856 4956 5029 5722 5804 5904 7152 7340 7539 8253 8732 9042 9888 9919
23 14 234 239 457 754 857 1373 1835 2266 2639 2930 3453 4004 4400 4411 4602 4852 4858 5816 7008 7083 9425 9518
40 127 541 880 1284 1451 1616 1743 1907 2353 2466 2644 2663 3844 4154 4186 4258 4516 4661 4723 4864 4890 5213 5362 5364 5683 5902 6122 6229 6328 6452 6499 6724 6753 6922 7099 7520 7612 8020 8793 8977
34 129 254 594 1796 1881 1904 2203 2502 2506 2770 3011 3965 4236 4496 4548 4788 4884 5188 5481 5790 5951 6008 6137 7456 7461 7776 8150 8236 8385 8539 8993 9534 9683 9920
34 102 564 749 892 1232 1380 1555 1884 2011 2608 3727 3906 4421 4447 5423 5549 5749 6082 6094 6836 7419 7440 7499 7844 7851 7862 7890 7930 7945 8108 8123 8522 8796 9992
14 731 2271 3028 3564 3916 4277 4446 4617 4627 6066 7329 8779 9154 9228
41 30 58 301 363 739 876 1248 1331 1501 1560 1988 2205 2296 2596 2685 2801 3336 3542 3647 3794 3904 3915 4018 4075 4409 4610 4991 5140 5534 6031 6064 6570 7512 7568 7881 8097 8119 8259 8575 8649 8967
27 693 832 924 1102 1394 1462 1522 1754 1932 2768 3313 3823 4435 5526 5551 5616 6361 6390 6421 7132 7582 7750 8450 8892 9350 9438 9686
24 193 568 819 886 983 1060 1648 1852 1893 2097 2864 3928 4665 4823 4961 5993 7090 7694 7995 8277 8607 9059 9347 9990
28 111 249 266 516 577 2107 2166 2982 4062 4092 4937 5507 5931 5996 6444 7060 7118 7337 7413 7733 8004 8093 8581 8630 8905 9337 9446 9631
38 257 369 609 898 932 1365 1436 1475 1878 1934 2451 2760 3061 3076 3455 3613 3665 4265 5095 5125 5345 5612 5831 6193 6341 7343 7904 8101 8114 8177 8241 8247 8417 8523 8666 8697 9673 9681
38 160 522 717 922 1169 1254 1525 1770 2018 2626 2631 3436 3869 4082 4294 4576 4581 4818 5104 5231 5879 6372 6651 6848 6854 7546 7634 7707 7956 8227 8853 8875 9083 9153 9482 9587 9900 9918
40 128 131 303 473 1127 1186 1463 1750 2361 2519 2719 2747 3126 3312 3428 3618 4654 4886 5187 5209 5258 5604 5849 5909 6356 6462 6684 6713 6928 6976 7331 7946 8201 8444 9011 9077 9323 9604 9624 9901
36 106 272 434 526 554 623 1171 1392 1565 2221 2332 2439 2953 3174 3407 3552 3863 3991 4536 4543 5485 5814 5968 6042 6476 6692 6919 7035 7050 7615 7838 7903 8118 8355 9167 9935
38 41 72 619 995 1084 1340 1458 1497 1506 1736 1782 2127 2421 2659 2662 3490 3925 3969 4688 4940 5057 5210 5525 5570 5625 5703 6404 6466 7119 7142 7235 7834 8574 9028 9175 9280 9422 9875
13 196 1108 2875 3555 4414 5734 5943 6003 6561 7356 8342 8928 9873
16 486 1278 2320 3000 4243 5111 5181 5732 5828 5965 6695 8148 8473 8767 9592 9644
24 228 531 850 1116 1511 1625 1646 2691 2890 3993 4015 4480 4540 4570 4793 5123 5148 6663 6741 7101 7670 8163 9202 9798
39 94 174 292 366 394 645 1143 1843 1975 2022 2614 3377 4356 4422 4871 5206 5242 5285 5299 5537 5836 5927 6388 6412 6507 7319 7865 8077 8140 8209 8576 8797 8798 9040 9044 9195 9250 9725 9769
33 218 385 646 864 1133 1404 1433 2034 2701 2974 3401 3446 4039 4594 5275 5576 5845 6077 6115 6150 6247 6252 6386 6716 6900 7536 7680 7749 7973 8420 8443 8475 8593
37 244 498 625 719 845 1083 1718 1834 2288 2546 2874 3116 3248 3415 3459 3645 3874 3884 3952 5839 5974 6019 6127 6200 6573 6721 6756 6806 7665 7869 7981 8535 8855 9006 9099 9100 9909
29 150 367 628 1283 1694 1772 1776 1839 2087 2695 3125 4194 4533 5022 5094 5292 5513 6215 7017 7140 7335 7386 7478 7572 7771 8193 8401 8715 9985
26 194 584 1022 2359 2842 3276 4248 4261 4518 4588 4744 5048 6048 6319 6609 6896 6992 7627 8302 8741 8906 9121 9591 9819 9846 9955
13 405 2216 2396 2835 2905 3496 3560 4289 5031 7436 8626 8694 9451
16 1361 1806 1895 2418 2723 3429 4176 4674 4914 6323 6433 6701 7087 7587 8015 9635
23 294 934 1157 1167 1707 2420 3804 4954 5864 6214 6220 6619 6621 7246 7262 7364 7467 7532 7730 7774 8646 8800 9792
21 27 46 432 824 843 2013 2054 2120 2660 3464 3668 4994 5073 5491 6297 6332 7290 7342 7527 8172 8980
17 1181 1191 3372 3700 3919 3943 4790 5636 5656 5761 5998 6071 6076 7026 8674 8970 9664
28 251 414 496 998 1120 1197 1595 1883 1994 2366 3267 3268 3385 4272 4375 4774 4799 5255 5371 5750 6192 7278 7477 7552 9092 9226 9485 9986
17 421 1006 1434 1585 1981 2021 2071 3065 4553 5060 5325 6884 7103 7778 8185 9267 9999
37 37 652 961 991 1139 1387 1438 1875 2158 2731 3260 3327 3544 3571 3631 3748 3839 4113 5303 5354 5607 5882 6202 6720 6794 6816 7096 7549 7622 7710 7826 7884 8235 8784 8857 9544 9896
15 444 862 1141 1188 1240 3556 4124 5010 5021 5214 5799 5978 7109 7859 8656
23 118 907 1087 1148 1279 1690 1792 3032 3117 3887 4077 4490 4833 5588 5747 6194 6306 6405 7034 8008 8375 8537 9041
29 259 1604 2245 2594 2750 2807 3880 5066 5294 5765 5916 6025 6199 6362 6800 6917 7092 7248 7502 7513 7684 7714 7966 9050 9304 9552 9580 9883 9933
9 144 461 2965 3042 3718 4996 5289 5700 6578
20 779 810 1214 1747 1752 2290 2461 2469 3627 4053 4247 4420 4931 5443 5626 5819 7113 8377 8441 9377
31 39 579 582 666 905 909 923 1021 1259 1712 2035 2657 2665 2729 3077 3213 3651 3955 4175 4252 4393 4896 4946 4965 4966 5751 6493 6525 7689 7986 8786
20 97 743 1071 1858 1917 2355 3397 3495 3813 3879 5758 5886 5940 6327 7263 7378 8011 8141 9298 9577
40 10 644 759 789 885 911 926 1338 1745 1929 2095 2132 2847 2897 2959 2992 3022 3156 3360 3450 3707 4209 4308 4506 4756 4979 6562 6754 6998 7078 7369 7431 7494 7763 7805 7898 8981 9233 9565 9622
27 598 837 984 1231 2119 2543 2751 3127 3529 4348 5373 5599 5628 6272 6406 6646 6740 7639 7647 8048 8056 8242 8861 9687 9717 9826 9924
31 315 681 788 881 928 1155 1203 1403 1771 2066 2684 2977 3235 3395 3582 3733 3895 4999 5107 5711 6408 6523 7192 7931 8027 8088 8745 8768 9186 9586 9922
33 108 236 403 711 1251 1271 1332 1515 1658 1897 2076 2381 2412 2490 2579 3159 3452 3600 3734 4250 4519 4712 4780 4869 5388 6142 6423 7006 7154 8053 8505 8769 9671
40 188 529 617 1153 1802 2015 2180 2219 2609 2628 3553 3648 3766 3958 4096 4281 4829 5052 5196 5282 5344 5524 5896 6116 6660 7106 7227 7543 7652 7974 8032 8135 8300 8503 8682 8790 8933 9332 9401 9785
40 383 641 838 1223 1304 1393 1421 1486 1630 1708 1810 2287 2963 3294 3838 3897 3900 3986 4211 4574 4669 4883 4918 5038 5170 5262 5448 5492 6213 6395 7376 7417 7426 7678 7772 8189 8195 9156 9312 9882
22 159 195 314 975 1415 2368 2936 4497 4571 5133 5208 6682 7261 7563 7644 8329 8435 9237 9363 9430 9970 9980
14 12 335 986 3056 3588 3716 4513 5116 5415 5727 5824 5921 7948 9253
25 616 698 918 1131 2518 2755 2804 2851 3196 3547 3712 3947 4065 4517 4703 5271 5542 6463 7223 7432 7760 7935 8950 9143 9721
24 6 211 1546 1863 2118 2176 2468 2514 2884 3211 3258 4025 4030 4182 4935 5195 5868 6158 7579 7658 8024 8255 8418 9925
25 349 829 2305 2432 2595 3234 3427 3557 3674 3756 4069 4419 4488 4621 4655 4768 4849 4860 5460 6057 6752 6841 7048 8042 9548
27 148 169 443 750 755 814 1174 2428 2536 3379 3595 3967 3983 4569 4696 6114 6914 7066 7616 8196 8851 9090 9204 9207 9746 9782 9902
39 176 428 637 1686 2312 2411 2503 2653 2697 2717 2960 3262 3393 3826 4066 4184 4351 4584 4787 4982 5453 5601 5999 6538 6652 6693 6784 7231 7726 8321 8372 8526 8586 8603 9299 9352 9417 9483 9954
37 11 158 514 809 1277 1543 1738 1915 1919 1974 2142 2389 2511 2850 3501 3696 3812 3909 3923 4123 4290 5014 5538 5561 5630 5674 6249 6810 6926 7166 7317 8935 9191 9529 9698 9779 9856
43 24 379 537 629 714 1311 1428 1824 1930 2141 2237 2259 2452 2590 3317 3359 3412 3672 3832 3945 4107 4699 4911 5166 5872 6103 6113 6259 6602 6852 7310 7344 7522 7609 7770 7814 7960 8260 8408 8527 8659 9657 9836
17 484 1357 2633 2652 3058 3583 4242 4765 4910 5012 5087 5395 5911 6414 7912 8109 9594
19 686 1094 2441 2696 2937 4266 4295 4700 4731 5089 5280 5493 5594 6885 7693 8218 8470 8897 9796
29 499 604 632 702 1063 1941 2110 2164 2265 2334 2903 3773 4234 4263 4326 4401 4651 4989 5234 6509 7080 7100 7105 7126 7790 8731 8774 9170 9310
34 1112 1531 1554 2039 2331 2598 2629 2668 3657 3666 3771 5369 5805 5928 6085 6187 6226 6595 6698 7469 7480 7953 8237 8660 8904 9039 9339 9442 9535 9617 9752 9757 9816 9931
25 449 680 735 1107 1507 1654 1669 2193 2985 3825 3977 3994 4835 5643 5851 6022 6086 6211 7823 7914 8124 8188 9219 9353 9530
39 139 331 938 1756 2276 2840 2939 3442 3628 4227 4734 4758 5159 5179 5252 5446 5592 5772 5810 5830 5901 5975 6049 6295 6590 6961 6965 7196 7281 7607 7755 7804 7950 8144 8938 9222 9320 9322 9642
37 273 313 550 654 1255 1386 1573 1617 1757 1948 2314 2358 2402 3172 3183 3380 3683 3979 4047 4228 4766 5015 5144 5253 5995 6557 6667 7021 7051 7289 7308 8910 8915 8994 9489 9751 9905
16 738 1797 3112 3266 4296 5698 6261 6317 6802 7260 8414 8570 8961 9025 9118 9805
23 479 816 1977 2252 2577 2667 3195 4022 4029 4663 4753 5061 6308 6739 7102 7207 7270 8633 8749 8832 8891 9549 9964
30 123 256 2859 2970 2978 3223 3708 3758 3778 3999 4028 4474 5169 5558 5686 6033 6447 6866 6907 7273 7348 7439 8178 8481 8923 8968 9138 9412 9440 9946
41 189 263 490 574 597 949 1172 1225 1273 1920 1961 2805 2809 2895 3088 3413 3530 3769 4364 4425 4482 4510 4694 5218 6023 6095 7161 7457 7537 7557 7628 7741 7864 8074 8162 8228 8465 8669 9307 9704 9739
45 520 542 1166 1675 1819 1992 2504 2671 3081 3244 3545 3747 3800 4011 4148 4192 4426 4707 4716 4832 4941 5063 5075 5194 5797 6002 6168 6241 6302 6671 6707 6765 6911 7062 7463 7913 8029 8143 8154 8456 8534 8614 9019 9051 9098
15 1224 2619 3574 4705 5584 5871 6084 6162 6601 7058 7175 7567 7595 8606 8957
39 351 545 638 866 1408 1489 2010 2074 2342 2407 2766 2920 3562 3597 3678 3789 3966 3997 4503 4697 4971 5330 5414 5435 5809 6309 6396 6587 7845 8095 8373 8495 8936 9127 9261 9467 9566 9667 9844
25 588 590 622 1200 1320 2081 2681 3330 3659 3684 4307 5310 5397 6181 6206 6674 6792 6875 7437 8813 8843 8888 8895 9585 9808
16 557 723 778 1390 1400 2163 3169 3363 3449 3558 4173 5165 5713 6195 7659 9716
21 524 603 707 1647 1804 2472 3512 3617 4499 5007 5380 6314 6430 7010 7650 7863 7909 8085 8389 9002 9527
41 114 226 274 1062 1213 1487 1598 1767 2241 2482 2661 2826 2828 3277 3291 3805 3853 3855 4223 4329 4387 4412 4872 5288 5629 5781 5784 5880 6283 6429 6758 7151 7311 7349 8308 8402 8624 8974 9145 9293 9512
35 153 1775 2159 2220 2317 2871 2900 2943 3057 3184 3581 3836 3847 4675 4777 5217 6445 6773 7420 7526 7885 7987 8349 8452 8997 9064 9086 9113 9269 9279 9378 9861 9943 9957 9958
20 51 1368 1842 1901 1936 2372 2800 2941 4306 4413 4440 5051 5720 6021 6258 6457 6717 7111 8038 8362
24 386 848 1028 1627 2023 2406 2635 3548 3917 3942 4282 4310 4591 5265 5374 5425 6034 6170 7148 7172 8388 9254 9679 9682
34 93 212 546 1179 1417 1623 2078 2098 2183 2184 3155 3624 3695 3926 4150 4538 4679 4848 5697 5774 6121 6343 6448 6696 6763 7061 7254 7320 7392 8133 8212 8286 8900 9385
39 293 431 712 807 1307 1682 1687 1726 1864 2040 2373 2584 2899 3018 3079 3107 3870 4059 4512 4904 5361 5410 5412 5486 5791 6074 6776 6783 7783 8044 8278 8467 8668 9129 9229 9476 9818 9825 9891
30 182 1207 1265 2058 2117 3222 3386 3679 3731 3850 3893 4063 4264 4783 5018 5279 5283 5383 6811 6825 6979 7406 7458 7638 7699 7878 9232 9238 9563 9969
45 199 589 781 1247 1611 1812 1989 2008 2172 2759 2818 2944 2987 3029 3041 3306 3713 3724 4213 4624 4972 5004 5053 5128 5180 5474 5947 6166 6345 6614 6827 7300 7387 7410 8072 8170 8510 8625 8886 8992 9123 9328 9505 9773 9886
23 141 179 697 946 1313 2427 2646 2882 3040 4178 7000 7097 7199 7793 8422 8748 8825 8937 8983 9043 9061 9400 9628
26 354 889 1446 1478 1744 2228 2810 2921 3102 4511 4528 4552 4929 5185 5186 5932 6352 6410 7219 7451 7533 7566 8281 8532 8675 9870
27 62 115 378 570 1296 1853 2404 3232 3271 3762 4622 4850 4980 5794 6778 7077 7534 7747 7787 7858 7942 8678 9009 9038 9078 9501 9620
23 5 1666 1916 2852 3100 3732 3857 4052 4273 4285 4948 5173 5396 5640 6705 6837 7229 7338 8049 8387 8628 9081 9571
24 42 411 651 793 931 1119 1583 2772 3649 3699 3959 4122 4196 4210 5450 6190 6699 6743 6796 6886 7589 7703 8919 9940
42 453 536 921 1070 1476 1587 1695 2182 2640 2736 2799 2887 3465 3509 3894 4218 4434 4495 4838 5065 5135 5143 5647 5662 6238 6568 6813 7224 7629 7698 8003 8271 8341 8549 8690 8702 8722 8746 8773 9007 9239 9890
37 120 202 605 785 1576 1696 2103 2425 2465 2471 3094 3315 3396 3738 4060 4291 4370 4452 4463 4851 5191 5204 5767 5936 6855 6860 7438 7625 7643 7724 8315 8410 8617 8958 9484 9824 9832
27 77 82 408 1043 1466 2565 2578 2945 3475 4147 4358 5013 5411 5942 6155 6392 6500 6799 7239 7816 8106 8405 8693 8829 9410 9429 9520
27 66 240 361 510 608 1328 1494 1870 1874 2315 2822 4121 4824 5001 5401 6012 6018 6278 6337 6594 6887 7082 7853 8086 8848 9593 9715
30 87 417 460 939 1126 1173 2625 2873 3143 3178 3204 3585 4201 4746 4808 5035 5239 5268 5273 5888 6638 6870 7014 7238 7346 8508 9057 9538 9609 9863
15 347 870 2041 2426 2849 3089 3511 3656 4190 7971 8672 9252 9488 9569 9765
19 447 573 696 2093 2752 2824 3795 3802 3910 4276 5308 5547 5847 5933 6344 7668 7740 8269 9638
29 187 627 1177 1684 2140 2539 2559 2908 2931 2989 3141 3690 3774 4304 5153 5899 6013 6484 6610 7093 7500 7633 7692 7894 8142 8446 8709 8846 9778
23 18 466 502 1600 1668 1717 3744 3828 4035 4036 4371 4428 4938 5598 5691 6583 7370 7624 8096 8830 9054 9670 9966
19 1371 1416 2030 2533 3242 3507 3705 4442 4773 5632 6874 7271 7497 7519 7711 7784 8153 8530 8580
20 517 1526 1681 1837 2567 3197 3261 3435 3922 4009 4352 4547 5490 6207 6301 7003 7180 8131 8229 9463
46 235 326 596 893 1440 1517 1557 1892 2026 2064 2086 2446 2703 3273 3308 3742 3932 4049 4074 4083 4335 4443 4545 4595 5841 6040 6041 6496 6835 7038 7236 7266 7285 8000 8350 8540 8744 8772 9181 9201 9374 9383 9468 9480 9537 9706
37 83 190 393 1742 1827 1861 2436 2499 3310 3667 3822 4051 4221 4491 4619 5098 5297 5595 5596 5609 5687 5966 6269 6397 6413 6962 7068 7255 7604 7917 8025 8439 8507 9130 9318 9509 9997
30 409 559 581 670 1312 2083 2998 4042 4055 4643 5059 5347 5854 5944 6067 6357 6459 6560 7069 7305 7491 7576 8113 8249 9351 9528 9707 9754 9762 9772
17 668 3606 3662 3725 4112 4279 4686 4943 5112 5416 6585 6703 6805 7284 8820 9494 9680
41 69 655 722 888 1488 2464 2483 2683 3325 3352 3891 3918 4000 4024 4230 4368 4468 4805 4897 4928 5377 5583 5857 6536 6745 7577 7742 7779 7840 7873 8067 8138 8221 8268 8428 9097 9314 9415 9727 9786 9840
28 316 333 640 942 1628 1671 3124 4078 4767 5096 5346 5543 6128 6629 6702 6903 7123 7505 7648 7671 7744 8120 8854 8913 9055 9183 9547 9983
20 436 1322 1346 1886 2053 2218 2430 2637 3673 4402 5352 6102 6236 6434 6454 6464 6575 7819 9462 9842
30 8 183 612 682 842 950 1269 1848 2045 2111 3119 3964 4476 4598 4605 5355 5980 6011 6262 6265 6797 6834 6909 6982 7957 8054 8320 8729 9115 9971
42 152 302 621 677 700 997 1479 1800 1957 1971 2513 2568 2589 2765 2854 2942 2993 3293 5058 5078 5084 5413 5567 5569 6075 6178 6277 7116 7121 7156 7279 7316 7517 7944 8323 8464 8600 8826 8873 9026 9103 9333
24 185 381 1464 1577 1817 2297 2517 2716 3722 4142 4759 5269 6300 6425 6431 6541 6731 6943 7314 7471 7528 8071 9392 9507
33 368 407 1260 2012 2728 2764 3035 3355 3370 3706 3888 4320 4763 4786 5083 5201 5671 5778 6138 6282 6371 6576 6668 6831 6842 7208 8184 8618 8840 8973 9080 9358 9495
22 154 1054 1783 2761 3616 4376 4423 4551 4724 4882 6009 6338 6733 6747 7163 7214 7542 7769 8378 8406 9309 9420
19 13 53 534 538 1246 1495 1535 2349 2996 3345 3392 5328 6280 6374 6694 7155 7160 8608 8707
22 1135 1432 2926 3036 3968 5121 5290 5497 5652 5881 6478 6960 7074 7198 7274 7434 7474 7990 8262 8556 8959 9159
38 709 872 970 1268 1364 1406 1778 2255 2303 2393 2413 2512 3152 3971 4225 4577 4711 5530 5550 5952 5986 6028 6742 7104 7521 7594 8207 8306 8518 8559 8838 9067 9173 9262 9356 9695 9813 9965
35 49 71 103 286 1791 2195 2362 2699 2889 3230 3323 3357 3398 3654 3710 4238 4278 5407 5468 5531 5637 5838 5922 6135 6617 6941 7004 7188 7367 7743 8318 8752 8881 9303 9802
32 89 149 359 1584 1691 1877 1879 2721 2961 3540 3681 3898 4198 4302 5202 5244 5319 5619 6180 7110 7134 7275 8137 8214 8457 8638 8639 9491 9710 9830 9937 9972
38 67 562 624 815 1041 1282 1923 2282 2429 3004 3284 3366 4125 4644 4755 5036 5205 5232 5291 5482 5502 5663 5820 6097 6415 6643 6749 7578 7660 7888 7943 8324 8579 8925 9076 9146 9613 9952
37 812 865 990 1270 1360 1468 1510 1619 2825 3068 3686 3772 4728 4754 5037 5235 5404 5988 6659 6768 6892 7226 7462 7657 7697 7933 8103 8200 8592 8805 8922 9049 9071 9523 9703 9787 9847
22 1964 2063 2476 3108 3440 4372 4396 4819 4878 5682 5906 5982 6949 7120 7435 7525 8039 8080 8594 8995 9729 9828
20 136 2785 3210 3846 4165 4820 4877 5226 5456 5979 6488 6552 6872 7818 7907 8160 8511 8811 9149 9208
20 861 1944 2569 2863 2869 3301 3689 4235 4398 4596 5913 6709 6939 6946 6948 7085 8430 9301 9302 9995
31 151 512 805 863 1044 1118 1144 1453 2351 2382 2431 2437 2767 2872 2881 2984 3519 3908 4730 4797 4841 4985 5399 6204 6779 7377 8211 8258 8270 9674 9889
22 662 1122 1123 1788 2475 3240 4424 4450 4659 4708 4970 5314 5693 5914 6118 6764 7400 7803 8564 9431 9632 9647
41 340 438 480 1055 1419 1452 1471 1959 2149 2263 2364 3069 3146 3270 4549 4572 4667 4802 4861 5008 5020 5501 5638 5705 5992 6542 6846 6857 7221 7422 7518 7662 7900 8482 8514 8658 8670 8695 8998 9256 9500
22 3 813 1048 1105 1217 1536 1607 2692 3080 3133 3202 3470 3570 4865 5960 6235 6637 6984 7998 8347 8496 9709
27 1037 1226 1569 1728 1922 2225 2246 3873 4106 4816 4933 5333 6132 6322 6441 6666 6873 7334 7855 7924 8019 8340 8438 8463 8673 8819 9068
30 214 688 852 1058 1319 1996 2005 2130 2814 3140 3417 3914 4044 4367 4454 4652 5017 5535 5655 5672 6050 6398 7190 7373 7473 7504 8058 8111 8553 9407
32 904 1065 1183 1405 1493 1653 2037 2345 3275 3468 4079 4685 4873 5080 5184 5559 6134 6729 6819 6891 7332 7361 7423 7508 7796 8069 8146 8824 9132 9365 9827 9996
26 84 345 1244 1445 1461 1499 1579 1719 2997 4338 4475 5002 5102 6821 7089 7336 7959 8052 8171 8275 8878 9321 9390 9395 9738 9963
37 229 586 741 1019 1219 1349 1530 2020 3150 3782 4785 5264 5451 5521 5770 5812 6100 6281 6348 6469 6470 6518 6558 6986 7174 7449 7514 7655 7809 7886 8483 8550 8795 9045 9128 9200 9662
24 424 915 1353 1590 2495 4181 4322 4600 5175 5246 5633 5759 6569 6718 6934 7792 7879 8220 8567 8571 8989 9206 9447 9554
37 563 675 768 1008 1145 1991 2160 2654 2679 3517 3638 3777 3810 3841 4158 4217 4656 4912 5039 5100 5575 5757 5763 6152 6228 6751 7027 7200 7734 7961 8046 8583 9364 9454 9502 9584 9788
25 76 219 304 362 987 2398 2675 3852 3940 4389 4487 5251 6382 6501 7018 7447 7683 7702 8040 8116 8234 8252 8413 9194 9615
26 1052 1418 2866 2892 3458 3463 3653 3970 4068 4359 4520 5167 5315 5610 5618 6622 6770 6862 7193 7498 7606 8398 8683 8858 8979 9004
32 203 276 507 1281 1635 1869 1993 2580 2732 3646 3867 4133 4208 4292 4557 5500 5702 5715 6089 6104 6485 6726 7129 7428 7618 8250 8412 9212 9234 9275 9737 9774
32 104 1076 1168 1193 1502 1664 1735 2004 2964 3243 3448 3456 4807 4960 5393 5956 6209 6230 6340 7347 7806 7811 8317 8346 8488 8720 8893 8988 9368 9419 9423 9913
24 775 1639 1688 1755 1825 1950 2257 4388 5190 5645 5729 6284 7022 7215 7222 7590 7847 7923 8006 8833 8865 9032 9161 9865
39 34 143 262 325 372 1134 1356 1481 2204 2316 2319 2981 3589 3639 3729 3798 4111 4670 4889 5427 5452 5613 6167 6270 6368 6650 7012 7144 7280 7626 7773 8415 8431 8502 8615 9324 9745 9859 9908
36 365 377 606 649 1121 1829 2223 2248 2284 3473 4254 4653 4671 4683 4762 4846 4905 4936 4973 5034 5541 5918 6098 6210 6239 6347 6401 6677 6777 7360 7965 8210 8885 9101 9453 9967
32 181 338 791 969 1192 1603 1702 1740 3031 3688 3715 4159 4188 4222 4903 5220 5228 5724 5736 5939 6442 6604 6715 6864 7168 7242 7393 8616 8976 9344 9616 9897
31 70 1250 1321 1711 1867 2002 2222 2326 2781 3070 3441 3644 4323 4784 4951 5343 5438 5642 6179 6325 6755 7306 8283 8381 8436 8999 9559 9595 9663 9776 9850
37 1080 1377 1379 1523 1749 1876 2094 2340 2554 3020 3218 3219 4172 4453 4640 4771 4915 4920 4997 5122 5459 5689 6294 6370 6564 7124 7169 7351 7510 7731 7789 8158 8337 8512 8714 9579 9741
25 506 765 973 1534 1710 2049 2292 2409 2796 2830 2883 3481 4056 4384 4546 5641 5917 7511 7561 8161 8204 8407 8546 9073 9376
32 237 450 521 549 1793 1984 2531 2573 2988 3342 3474 3633 3811 3948 4090 4101 4378 5108 5174 5237 5650 5822 6710 6856 7094 7584 7605 8149 8164 8834 9048 9455
30 299 830 1211 1505 2109 2144 2179 2234 2547 3075 3361 3691 3808 3866 3935 4924 5807 6657 6894 7049 7122 7445 7874 7921 8588 8691 8704 8849 9248 9268
26 98 576 1485 1520 1591 1795 2099 2100 2327 3592 3664 3927 4071 4742 4837 5077 5665 5792 5991 6384 6669 7197 8751 8931 9266 9975
28 184 232 658 1529 1731 1987 2077 3300 3477 4114 4462 4842 5085 5130 5241 5329 5514 5769 6147 6451 7143 7366 7468 8122 8963 8984 9487 9676
41 38 252 352 492 1151 1158 1574 1703 1808 1960 1973 2192 3086 3563 4353 4709 4866 5211 5249 5270 6468 6655 6761 6826 6893 7053 7145 7483 7637 7821 8078 8099 8186 8621 8965 9296 9335 9426 9611 9962 9987
40 410 774 796 869 981 1004 1198 2658 2917 3033 3051 4162 4349 4465 5147 5323 5387 5590 5670 5821 6176 6676 6958 7131 7176 7204 7309 7315 7641 8028 8102 8176 8563 8717 8962 9122 9399 9807 9851 9915
18 147 319 2410 2706 2916 3577 3610 3896 3911 4026 4301 4565 5151 5651 5844 7891 8810 9108
35 225 395 647 1358 1649 1685 1982 2060 2261 2462 2505 2774 2845 3142 3209 3482 3630 3905 4466 5091 5158 5177 5430 5776 5817 6349 7115 7455 8266 8637 8692 8725 8909 8951 9366
35 36 110 165 826 1816 2391 2624 3009 3641 3698 4241 4481 4899 4968 4976 5025 5223 5545 5562 6149 6505 7128 7243 7812 8005 8246 8299 8515 8631 8651 9035 9107 9327 9895 9938
30 397 687 746 897 1456 1562 1571 2250 2858 3113 4415 4485 4500 4857 5382 5735 6417 6597 6881 7575 7777 7993 8487 8787 9162 9164 9276 9545 9610 9960
38 20 610 703 854 1027 2007 2344 2620 3021 3099 3175 3272 3522 3675 4131 4299 4949 5272 5409 6029 6177 6551 6644 6878 6967 7390 7685 7984 8393 8602 8613 8721 8753 8929 9539 9574 9623 9998
44 4 142 636 827 835 972 1014 1020 1098 1397 1779 1828 1865 1918 1979 2919 2983 3128 4220 4256 4429 4580 4747 5069 6125 6291 6455 6591 6750 6759 6971 7054 7072 7475 7600 8033 8338 8461 9112 9292 9481 9536 9598 9956
22 883 958 1818 2167 2634 2877 3096 3290 4560 4916 4932 5009 6817 6975 7401 7548 7593 7686 8754 9088 9723 9949
15 59 495 804 1472 2526 2555 2915 3038 3326 4160 5829 6035 6508 6945 8605
28 1025 1354 1422 1542 1954 2138 3072 3601 3637 4040 4144 5216 5368 5375 5920 6288 6898 8219 8276 8363 8478 9022 9278 9282 9490 9568 9812 9917
22 295 391 690 713 1038 1854 1894 2264 3001 3206 3292 4324 4743 5398 6378 6486 7185 7739 8023 8703 9441 9719
27 175 191 213 216 337 1204 1737 2844 2911 3521 4038 4233 4330 4702 5286 5429 5494 6143 6524 6908 7253 7396 8110 8427 8585 8823 9119
36 206 400 1009 1582 1642 1732 1814 1826 1862 2069 2477 2488 2913 3510 3792 4089 4382 4687 5366 5390 5437 5439 5937 6479 7613 8043 8183 8392 8466 8480 8648 8862 9066 9141 9373 9608
34 79 396 978 1656 2529 2794 2990 3090 3170 3191 3245 3518 3990 4010 4386 4632 4647 4993 5522 5580 6185 6313 6351 6391 6450 7687 7911 8091 8295 8493 8562 9120 9221 9433
38 164 661 817 1124 1632 1885 1952 2394 2545 2548 2613 2627 2957 3138 3497 3523 3749 4094 4140 4205 4469 4563 4992 5074 5357 5801 6981 7165 7249 7484 7868 9034 9459 9471 9570 9602 9659 9711
17 312 1227 1626 3279 3711 4031 4245 4343 5259 5903 6017 7664 8723 8955 9003 9111 9630
25 63 1059 1081 1295 1781 2492 2737 2979 3534 3575 3834 4662 5349 5837 5894 6151 6449 6656 6888 6997 7047 7768 7918 8166 9932
19 281 441 2929 3060 3238 3305 3954 4001 4403 5495 5955 6073 6253 6436 6882 7383 7415 7586 9893
36 117 890 994 1111 1334 1903 2090 2291 2347 2403 3269 3714 3833 3950 4274 4798 5370 5755 5756 5787 6079 6224 6251 6290 6589 6628 6675 6839 7019 7150 7195 7425 8642 8699 8911 9187
37 200 231 435 602 716 899 1090 1101 1249 1722 2169 3097 3513 3590 3788 4604 4733 4959 5016 5301 5695 5744 6124 6186 6208 6688 6690 6947 6977 7691 7929 8060 8777 8879 9524 9614 9841
21 456 1289 1399 1589 2239 3054 3254 3848 4534 4988 5027 5621 6081 6315 6506 7233 7450 8125 8285 8652 9255
30 48 171 242 339 376 976 1018 1209 1305 1351 2735 2879 3494 3622 4226 4270 4311 5431 5981 6005 6083 6126 6146 6548 7732 8014 8322 9063 9694 9898
30 388 720 1132 1714 1967 2181 2603 3023 3264 3365 3719 4269 4492 4870 4963 5117 5953 6275 7307 7448 8182 8307 8448 8655 8782 9010 9178 9672 9744 9794
44 22 300 782 1002 1029 1315 1372 1651 1805 1821 2062 2125 2335 2338 2746 2792 3615 3831 4293 4317 4341 4505 4726 5045 5463 5566 5889 5985 6502 6599 6645 6708 6829 6920 6951 7203 7712 8366 8863 8960 9359 9403 9845 9881
33 73 138 478 525 639 1363 1563 1704 1972 2481 2910 3423 3491 3593 3596 4470 5023 5334 5470 5789 6535 7304 7482 7591 7762 8314 8734 8954 9168 9458 9555 9627 9950
24 346 679 933 1180 1308 1444 1815 2336 2445 3726 3745 4471 5040 5312 6096 6380 7187 7916 8045 8169 8334 9046 9771 9878
29 555 578 620 1325 1367 2272 2440 2588 2786 2946 3055 3227 3408 3611 3702 3806 4582 4677 5317 5434 5552 5826 5958 7164 8542 8908 9089 9148 9843
17 553 1049 1208 1425 1683 1902 3454 3660 3907 4127 4555 5093 5254 6296 7007 7075 7301
22 279 993 2148 2618 2820 3043 3106 3121 3288 3362 5198 5654 6514 6517 6938 7736 7753 8165 8216 8305 9102 9857
33 471 650 729 776 1532 1764 2424 2500 2650 2896 3469 3735 3757 3920 4314 4729 5081 5224 6037 6320 6680 6722 6880 6895 7719 7807 7901 8267 9085 9445 9705 9708 9736
29 901 1033 1586 2262 2479 2641 2738 3963 4149 4539 4608 4684 5139 5248 5351 5367 5498 5503 6428 7015 7258 7636 8918 9152 9340 9486 9848 9866 9880
30 762 1847 1900 2856 2857 2898 3002 3467 3934 4199 4219 4405 4628 5311 5760 6043 6689 6850 6902 7070 7173 7785 7849 7926 7941 8240 8654 9211 9526 9533
41 99 201 258 470 523 1335 1496 2065 2153 2215 2460 2582 2995 3168 3186 3303 3913 4206 4483 4691 5079 5172 5313 5923 6216 6624 6679 7031 7095 7324 7466 7759 8107 8279 8578 8896 9015 9286 9553 9651 9979
28 100 1057 1147 1449 1548 1588 1657 1692 1768 2128 2914 4297 4461 4794 5338 5631 5983 6409 6608 7897 8215 8331 8359 8971 9213 9675 9789 9821
36 220 501 966 1007 1567 1673 2551 2651 3503 3572 3876 4045 4637 4836 4983 5164 5483 5553 6038 6276 6329 6736 6782 6995 7251 7640 7875 7991 8287 8815 9210 9272 9456 9556 9689 9852
16 134 742 1185 1237 1424 1572 2795 3185 3329 3399 5138 5359 5611 7503 8136 9820
16 54 518 1073 1467 1678 1855 2253 5335 5597 5825 6838 7675 7895 9116 9291 9810
27 238 422 439 615 659 704 1540 1801 1939 2893 3881 3976 4019 4084 4138 4455 4609 5212 5243 5267 5581 7028 7032 7701 8264 8622 8788
19 505 561 1730 3181 3250 3652 5157 5533 6358 6375 6511 7569 8611 8726 9193 9274 9313 9428 9690
24 433 440 800 964 1676 2134 2168 2346 2433 2909 3074 3403 3829 4906 5971 6120 6402 6537 6615 6871 6968 7330 8927 9338
34 795 844 930 1085 1229 1370 1459 1633 1766 2038 2048 2186 2309 2734 2776 2886 4336 4714 5484 5615 5873 5957 6289 6494 7547 7597 7899 7938 8083 8664 9150 9217 9382 9837
29 246 751 867 1017 1734 1958 2114 2328 2395 2538 3394 3520 4128 4907 5072 5160 5617 6058 6062 6099 6303 6381 6972 7651 7674 8018 8643 9661 9733
17 278 913 952 1310 2269 3047 3180 3298 4930 5076 6529 7127 8174 9177 9214 9621 9984
37 198 284 548 678 887 1615 1751 2025 2108 2408 3151 3418 3603 4202 4260 4339 4535 4778 4909 5295 5381 5505 5585 6173 6222 6734 6760 7189 7560 7902 7905 8335 8390 8577 8771 9513 9572
25 40 1252 1324 1413 1784 2455 3166 3933 3975 4091 4157 5874 5905 7544 7735 7817 7977 8090 8205 8225 8319 9443 9600 9601 9879
37 75 699 882 1011 1161 1176 1285 1597 1753 1880 2458 2530 3014 3237 3299 3431 3533 3599 3820 4087 4418 4593 4717 4810 4917 5564 6491 6565 6691 6746 6830 7059 7541 8265 8758 9125 9655
14 487 1396 2951 3349 3709 4374 5321 6385 7041 7485 7915 9319 9755 9978
16 1056 1608 3609 3623 3974 4170 4174 4749 4964 5320 6824 7112 7854 8462 8750 9740
34 222 724 839 999 1230 1362 1504 1762 1851 2196 2523 2769 2949 3280 3499 3694 3720 4117 4344 4514 4611 4614 4811 5518 5573 6130 6424 6527 6897 7940 8403 8558 9457 9822
32 57 413 808 977 1032 1202 1297 1553 1622 1709 2457 2686 2834 3416 3493 3551 4214 4249 4826 5504 5528 6015 6245 7479 8082 8128 8629 9075 9290 9730 9756 9877
38 288 463 600 1024 1302 1620 1856 1953 2273 2289 3207 3569 3717 3760 4088 4151 4321 4410 4575 4678 4803 4875 4958 5293 5517 5680 5771 5813 5846 5948 6820 7294 7677 7936 8309 8870 9393 9573
39 519 962 1077 1086 1159 1697 1846 1888 2170 2194 2217 2486 2509 2749 2789 2976 3167 3350 3817 4003 4105 4350 5119 5302 5488 5954 6070 6090 6205 6611 6957 7870 7978 8370 8700 8724 9326 9448 9753
13 178 230 656 727 1733 1963 3101 4984 6483 6697 7322 8272 8738
25 133 323 1001 1051 1621 1807 2550 3192 3340 3411 3697 3992 4041 4345 4701 6516 6579 6978 7318 7887 8036 8084 8130 8565 9305
24 285 671 1010 1053 1533 2270 2485 2885 3252 4313 4839 5219 5472 5802 6144 7232 7761 7872 7910 8383 8491 8689 8845 9515
34 68 221 344 373 663 710 912 1128 1189 1763 1935 2014 2129 2356 2876 4333 5070 5284 5777 6474 6571 7178 8079 8081 8213 8243 8447 8718 8916 9021 9104 9160 9432 9854
7 1928 3199 5441 6869 7158 7530 9629
38 566 1352 2254 2540 2587 2664 2708 3144 3445 3483 4334 4362 4618 4666 5417 5704 5740 5753 5858 6156 6203 6305 6377 6630 6867 6868 6953 7044 7488 7538 7934 8231 8326 8498 8898 9182 9325 9860
47 348 451 653 833 1156 1165 1376 1951 2713 3003 3052 3424 3498 3767 3816 3843 3978 4103 4251 4392 4408 4893 5005 5064 5731 5748 5860 5884 6032 6467 6584 6789 6913 6987 7252 7299 7617 7728 8104 8367 8856 9033 9342 9619 9646 9728 9869
28 442 571 1242 1309 1955 3200 3289 3318 3989 4076 4416 4489 5127 5929 6163 6522 6554 6933 7005 7086 7464 7545 7800 8239 8566 8783 9357 9519
41 135 1398 1516 1609 1761 2397 2645 3221 3478 3776 3868 4212 4303 4464 4498 4521 4680 4843 5479 5540 5853 5976 6024 6026 6334 6350 6435 7063 7382 7452 7669 7737 7832 8167 8290 8521 8665 8686 9087 9235 9281
24 1096 1287 1381 2082 2112 2352 2532 2940 3130 3457 3830 4180 4369 4522 4587 5309 5840 6482 6534 6924 7267 7446 8947 9450
29 989 1550 1640 2091 2208 2238 2623 3044 3426 3505 4399 4592 4682 4801 4828 5340 5614 5870 6145 6456 6603 6654 7333 7472 8061 8298 9543 9793 9942
26 260 291 823 1092 1592 1631 2280 2673 2733 2975 3484 4017 4033 5068 5400 5639 5746 5782 8291 8591 9260 9405 9589 9645 9722 9874
21 318 327 357 370 1031 1414 1473 1570 1798 2762 3739 4013 4050 4189 4283 6762 6993 8351 8653 8956 9247
17 497 1660 2496 2592 2610 2638 2676 2817 3122 3189 3797 4316 5041 5092 6940 9070 9749
42 124 599 633 1196 1602 1773 1799 2354 2447 2585 2783 2823 2928 3139 3527 3605 3960 4177 4309 4430 4791 5250 5336 5406 5516 5718 6174 6605 6658 7023 7328 7394 7441 7801 7822 8002 8364 8794 9375 9542 9677 9991
43 415 530 853 1439 1641 1840 1966 2068 2235 2350 2615 2778 2855 3671 4328 4346 4559 4613 4633 4695 4721 4927 5090 5155 5426 5461 5676 6526 6673 6994 7326 7708 7954 8199 8469 9105 9294 9317 9387 9637 9665 9720 9973
30 657 758 818 1075 1605 1845 1926 2369 2438 2907 3224 3746 4153 4887 5510 5648 5738 5900 6182 6321 6365 6420 6672 6772 7037 7076 7352 7813 8009 8828
34 669 945 1089 1099 1670 2515 3433 3559 3815 3973 4432 4650 4840 5350 5477 6307 6533 6923 6974 7186 7269 7421 7601 7695 8293 8365 8501 8572 8635 9285 9391 9474 9652 9959
27 192 734 1012 1293 2527 4456 4648 5408 5420 6354 6648 6956 7088 7362 7389 7833 8050 8075 8519 8739 8814 8867 9091 9180 9389 9427 9855
14 643 1483 1601 2612 3239 4439 5876 6092 6950 7623 8353 8755 8850 9001
28 233 787 920 1067 1460 2104 2308 2606 2622 2689 2790 2808 3205 4130 4508 4573 4585 5678 5877 6004 6419 6438 6461 6504 6636 7646 8641 9550
30 508 673 1201 1448 1724 1785 2630 2643 2647 2878 2956 3187 3383 3434 3506 3985 4073 4136 4163 4737 4821 4885 4945 5832 6059 6929 7157 7295 8173 8737
25 648 764 784 1113 2318 2400 2571 2950 3619 4244 4427 4532 5189 5442 5964 7385 7795 7824 8328 8460 9072 9192 9612 9800 9814
32 375 777 1150 1257 1300 1500 2016 2019 2032 2698 3387 3543 3750 3807 4990 5162 5557 6052 6196 6383 6937 6970 7030 7506 8094 8155 9197 9225 9270 9394 9669 9761
21 33 940 1221 1677 2311 2386 2498 2813 3320 3404 4072 4137 5669 7850 8022 8311 8698 9496 9684 9714 9775
41 9 247 445 465 1241 1931 2080 2363 2601 2605 2927 3375 3525 3538 3787 4558 4673 4676 5150 6091 6255 6267 6403 7141 7323 7371 7427 7495 8191 8352 8770 8872 8883 8887 8924 9047 9216 9408 9413 9578 9911
18 267 371 737 936 2122 2300 2724 5324 5337 5458 5464 6020 6063 6221 6528 8634 9240 9464
28 250 489 718 780 1809 1956 2033 2322 2325 2581 2947 3104 3346 3405 4016 5307 6312 6738 7033 7405 7667 8248 8386 8601 8644 8948 9658 9928
35 90 170 209 321 493 733 745 1514 1723 1857 1924 2047 2249 2558 3796 4185 4203 5024 5106 5183 5199 5471 5910 6593 6687 7052 7201 7368 7585 8152 8157 8168 8554 8841 9418
16 55 74 790 902 2174 2478 2948 5467 8369 8573 8667 9205 9277 9478 9560 9590
22 715 2031 2154 2556 2935 3160 3516 3604 3612 3640 4171 4394 4601 4974 5548 6515 7470 7581 8021 8455 9660 9797
44 80 168 224 412 1411 1442 1470 2227 2251 2388 2415 2544 2566 3063 3103 3214 3535 3621 3902 3949 4054 4257 4298 4357 4459 4962 5056 5274 5793 5818 5912 6250 6453 6472 6544 6744 6861 7117 7291 7398 7429 8471 8816 9923
18 763 792 1983 2258 2576 3016 3351 3701 6189 6582 6662 7025 7433 7621 7835 7843 8062 9982
27 26 140 701 982 1182 1342 1480 1538 1549 2189 2207 2275 2604 3479 3554 3930 5668 5699 5733 5855 6411 6549 7374 7983 8257 9126 9503
20 32 1184 1194 1716 2497 2787 2923 3608 4183 4207 4472 5227 5256 5563 5728 6553 7064 7444 7808 9493
37 334 708 757 794 985 1218 1291 1294 2201 2268 2553 2611 2780 2962 3410 3580 3591 3982 4058 4102 4104 5118 5863 5946 6201 6664 7020 7081 7815 7842 7861 7988 8382 8761 9014 9404 9780
33 157 607 1216 1337 1450 2003 2175 2210 2285 2586 2802 2815 2865 3131 3249 3367 3391 4099 4120 4379 4501 4668 4981 5103 5257 5950 6285 6310 7555 7559 7713 7775 9434
16 611 925 1882 2279 2298 3082 4741 5032 5215 5225 5739 6287 8864 8966 9362 9770
25 132 1412 1636 2105 2365 2501 2986 3153 3376 3390 4027 5422 5987 6712 6732 7453 7496 7919 7972 8294 8453 8468 9165 9241 9435
36 310 384 895 951 1280 1292 1443 1705 1943 2715 2754 2846 2954 3010 3030 3296 3353 3607 3692 4023 4380 4641 5827 5883 5887 6788 7043 7264 7465 7490 7614 7829 8194 9000 9215 9436
39 7 280 290 868 1175 1235 1715 2330 2343 2672 2704 3324 3430 3487 3650 3761 3827 5137 5154 5657 5856 5867 5919 5977 6475 6804 6812 6931 7265 7727 7831 8129 8499 8677 8708 8730 8803 9031 9134
45 15 28 475 941 1023 1069 1152 1205 1347 1913 2156 2293 2384 2521 2649 2829 3008 3793 3996 4080 4713 4834 5405 5455 5908 6054 6616 6737 6771 6969 7325 7384 7857 8396 8477 8551 8647 8684 8705 8759 8792 9243 9371 9409 9558
19 210 426 841 1644 1655 2302 3034 3111 3162 3316 3444 3549 5266 6653 8766 8804 8852 9020 9583
18 86 474 1701 1741 3302 4817 5389 5692 6117 6336 6936 7442 7592 7949 8404 9381 9799 9849
35 317 390 1860 1927 2115 2323 2401 2535 2980 3420 3775 4232 4636 4913 4969 5298 5473 5707 5712 6234 6556 7550 7649 7752 7882 7958 8076 8288 8599 8859 8982 8987 9264 9532 9914
26 78 398 847 955 1910 2009 2057 2278 2371 2632 3084 3274 4152 4318 4366 4855 5721 5780 6248 6353 6661 7036 8839 8921 9198 9974
38 287 336 406 1949 1969 2392 2602 2670 2688 2742 3514 3636 3821 4433 4635 4736 4947 5261 6000 6217 6256 6266 6446 6626 6706 7292 7486 7889 7997 8280 8368 8543 8716 8762 9093 9135 9190 9561
32 556 1541 1820 2173 2520 3182 3228 3311 3334 3901 4129 4179 4853 4863 4881 5447 5462 5602 6053 6110 6399 6481 6635 7135 7179 7565 7706 8105 8134 8432 8949 9712
18 91 469 726 910 2561 2718 3389 3489 4631 5245 5304 5694 6495 6991 7524 7672 8476 9839
44 243 485 676 783 894 1117 1264 1518 1659 1833 1887 2044 2199 2414 2821 3285 3685 3883 4315 4477 4550 4725 4814 5811 5890 6243 6339 6487 6623 6665 7250 7529 7656 7716 7745 7852 8159 8344 8764 8940 9037 9230 9346 9934
23 270 500 1610 1652 2177 2230 2552 4156 4431 4583 4589 5296 5465 7108 7867 8380 8451 8619 8785 8871 8877 8945 9876
15 208 380 2743 3226 3865 3946 4710 4950 5168 5178 6681 6775 6801 9884 9907
15 491 929 960 1909 3045 3471 4436 4606 5263 5331 6069 6847 9329 9718 9926
42 540 692 896 927 948 959 1047 1078 1149 1261 1299 1490 1748 2000 2096 2102 2299 2379 2454 2597 3321 3492 3704 3770 3912 4987 5176 5675 5935 6218 6422 6912 7016 7298 7388 7481 7738 7896 8533 8545 8781 9688
28 695 1220 1427 1813 3173 3229 3566 4034 5082 5342 5859 5959 6129 6767 7501 7564 7723 7848 8426 8584 8719 8817 8975 8978 9398 9475 9564 9596
27 146 572 694 1103 1303 1552 1873 2050 3537 3861 4458 4526 4586 5088 5419 5659 5972 5984 7571 7666 7758 7828 7893 8098 8459 9053 9336
31 16 107 204 811 1256 1537 1713 1945 1978 2106 2212 3620 3849 4061 4164 4664 5386 5466 5582 7013 7084 7287 7414 7596 7715 8132 8330 8555 8740 9158 9174
36 109 330 631 728 967 1079 1564 1859 2294 2448 2709 2777 3682 3837 3936 4110 4119 4542 5110 5478 6109 6550 6822 7194 7218 7454 7599 7717 7967 8232 8348 8528 8789 8952 9056 9944
22 125 736 1125 1290 2070 2190 2710 3890 3924 4109 4752 6955 6963 7098 7476 7654 7970 8357 8882 8901 9330 9904
37 186 248 1326 1345 1378 1760 2806 2867 2918 3358 3374 4037 4564 4764 4921 4925 5511 5589 5701 5869 5924 6154 6183 6437 6670 6918 7688 7820 8121 8156 8301 8425 8780 8866 9140 9345 9367
26 551 725 937 2116 2274 2341 3188 3676 3951 4115 4288 4340 4745 4944 5192 5660 5949 7296 8047 8289 8434 8561 8991 9411 9514 9809
43 343 482 494 535 539 552 667 1614 2075 3147 3171 3179 3193 3461 3567 4002 4014 4383 4541 4599 4781 4977 5487 5835 6080 6101 6198 6539 6704 6730 6798 6809 6935 6942 7836 7880 8089 8445 8560 9060 9540 9783 9892
36 61 155 468 732 851 1072 1130 2191 2562 2779 2973 3343 3384 3422 3819 4043 4086 4246 4806 5326 5634 5717 5862 6197 6489 6906 7137 7937 8360 8440 8449 8589 8650 9185 9791 9838
18 831 1263 1441 2211 3882 4704 5806 7139 7681 8016 8037 8474 8735 8778 8874 9531 9829 9993
45 45 467 575 1035 1050 1333 1890 2136 2301 3085 3087 3149 3295 3526 3814 4629 4630 5113 5129 5182 5428 5469 5515 5539 6044 6240 6498 6686 6787 6843 7766 7798 7992 8127 8612 8807 9109 9244 9288 9402 9444 9521 9640 9735 9811
24 1679 2061 2922 3083 3093 3190 3753 3862 4048 4067 4200 4579 4888 5026 5305 7211 7256 7312 8374 9124 9236 9641 9806 9864
36 255 356 488 748 871 908 1074 1389 1547 1823 1999 2126 2240 2348 2591 2677 2748 3339 3741 4660 4822 4892 5109 5529 5823 6233 6237 6510 7183 7412 7767 8400 8504 9506 9546 9871
36 167 875 906 979 1030 1245 1477 1556 1618 1645 2001 3050 3158 3281 3447 3486 3576 3594 4012 4305 4363 4657 4900 5372 5785 5895 5926 6363 7358 7404 7827 7963 7976 8765 9406 9691
41 509 691 1013 1114 1195 1228 1629 1746 2079 2507 2722 3015 3157 3437 3488 3504 3635 3980 5384 5402 5433 5454 5523 5572 5706 5875 6577 6633 7220 7721 8066 8181 8429 8458 8472 8536 8902 9224 9355 9504 9693
37 459 527 533 747 1275 1366 1524 1790 2419 2599 2656 2880 3073 3987 4155 4494 4590 4859 5047 5105 5512 5560 5723 5743 5898 6065 6131 6342 6366 6910 6980 8180 8926 9052 9117 9188 9696
51 2 95 105 156 309 311 513 705 957 1206 1482 1599 2006 2046 2131 2524 2528 2955 3005 3409 3755 3889 4639 4776 5171 5449 5556 5897 6123 6330 6440 6808 6932 6999 7046 7282 7553 7690 7782 7846 8208 8399 8454 8516 8953 8964 9203 9370 9885 9906 9977
26 355 558 1110 1267 1498 1921 2690 2705 3024 3247 3368 3381 3602 3790 3859 4939 5247 5332 5475 5865 7598 7932 8145 8747 9650 9750
30 223 873 1465 1469 2508 2564 2642 3078 3098 3134 3341 3801 3878 4064 4259 4438 4693 4953 5067 5989 6056 6169 7397 8671 9137 9576 9701 9790 9795 9853