3 103 166 209
3 87 94 225
5 14 54 177 194 198
0
3 0 207 239
3 22 122 154
4 29 67 165 294
2 24 260
1 81
2 189 285
6 89 109 179 203 223 230
4 49 52 66 266
5 33 47 88 142 235
1 246
2 56 276
3 27 134 278
1 200
7 38 73 124 133 270 284 296
3 17 186 290
4 43 60 140 187
1 229
9 37 46 91 113 164 218 234 269 280
3 7 61 210
5 129 190 206 211 256
3 15 53 292
2 111 184
3 106 114 171
3 79 100 237
5 149 219 220 227 268
4 18 83 98 202
6 36 130 156 176 201 236
1 188
3 136 150 217
4 147 158 231 271
2 180 286
7 39 107 145 193 224 241 291
5 3 82 97 232 295
3 11 48 195
3 30 116 141
3 25 28 299
4 59 62 181 249
3 75 131 245
3 84 99 168
2 55 172
7 78 128 182 197 222 244 287
4 50 90 228 289
3 8 214 274
2 146 298
1 261
0
3 20 63 162
3 19 86 151
2 26 265
2 191 120
1 161
2 105 247
3 1 126 196
3 155 238 272
2 101 185
4 77 117 253 259
4 10 32 135 153
3 178 251 273
2 34 132
2 5 96
3 68 119 163
0
5 2 65 125 127 281
3 40 58 74
3 57 174 233
1 121
4 6 42 112 159
4 69 110 148 275
0
3 139 263 277
3 12 175 288
2 23 216
1 255
3 41 199 208
0
4 13 123 144 173
1 4
0
2 21 51
6 45 72 85 204 226 267
1 104
1 257
4 9 221 250 293
4 16 92 160 240
4 80 115 169 183
3 170 215 279
3 44 102 264
2 70 157
8 31 35 108 138 192 242 282 297
3 205 254 258
4 93 167 243 262
1 137
6 95 152 213 248 252 283
2 118 212
3 71 76 143
1 64