1 190
5 8 15 42 61 85
3 84 149 176
8 32 54 88 141 159 266 291 293
1 12
1 221
2 92 267
3 3 28 230
4 4 29 125 178
5 113 163 165 250 263
2 155 59
3 223 234 298
0
3 82 181 208
1 11
3 67 174 219
6 36 123 135 240 264 273
1 147
4 13 111 143 226
3 57 196 288
5 126 150 166 191 233
3 80 177 245
2 64 284
5 26 56 253 256 295
5 33 51 144 203 279
2 115 120
3 38 198 299
2 7 189
5 31 45 47 77 242
3 70 167 224
3 25 46 102
2 193 239
4 44 83 95 268
3 62 91 278
3 81 173 204
1 52
3 0 10 43
4 35 58 184 197
4 9 55 101 249
3 169 187 254
1 53
2 132 296
3 39 133 229
4 107 272 275 297
1 237
3 48 214 251
1 285
4 2 162 222 257
4 66 87 97 262
3 20 124 255
3 96 116 152
3 63 104 157
0
2 60 117
1 65
2 19 201
3 90 261 265
3 24 118 158
4 16 160 185 241
4 5 14 50 122
2 202 259
4 34 210 236 276
2 21 17
5 30 112 114 212 260
4 172 225 232 258
2 168 218
3 130 228 277
3 156 182 207
4 71 73 119 129
6 76 98 100 127 199 227
0
5 139 140 154 164 188
4 1 23 40 68
3 105 194 290
4 6 175 270 271
4 27 121 153 292
4 110 137 231 294
0
3 78 106 248
2 209 72
3 109 146 282
2 22 171
2 252 217
3 89 192 283
5 18 37 41 75 246
3 145 183 216
3 86 93 238
3 206 274 281
8 74 99 103 131 136 180 200 244
3 186 195 215
3 108 179 280
1 79
4 138 142 220 269
1 211
2 128 247
6 134 151 161 205 213 287
2 243 170
3 49 235 286
2 94 289
2 69 148