4 84 162 194 246
1 279
8 11 41 74 116 124 166 280 289
4 86 99 138 295
2 214 292
8 7 31 44 70 155 195 196 229
5 29 45 73 186 293
2 164 234
2 77 206
3 117 123 252
2 62 82
2 25 240
3 85 226 267
3 4 30 71
0
1 227
5 40 78 119 132 217
3 175 282 297
2 1 146
1 273
3 89 109 247
5 32 80 111 199 286
3 92 108 198
4 57 133 239 255
5 10 13 115 145 271
0
1 184
6 5 37 154 193 210 220
5 143 185 235 245 299
2 207 298
1 33
1 79
2 256 283
4 18 27 38 244
3 2 231 278
3 49 153 179
2 223 262
3 126 128 208
5 19 55 177 200 260
5 0 127 151 182 275
3 12 129 249
7 47 60 61 91 131 139 149
2 42 112
4 6 34 161 238
2 114 202
2 75 178
2 180 232
2 191 96
5 17 35 50 187 219
3 135 160 174
2 81 120
5 20 140 150 258 264
5 21 26 72 113 263
4 8 56 148 173
3 83 118 204
3 224 236 276
4 16 90 147 222
1 215
0
3 28 52 189
1 104
3 58 243 285
6 100 158 201 221 269 287
3 106 176 259
3 203 212 228
2 51 87
3 39 76 137
2 67 197
1 268
1 209
3 68 102 251
4 43 95 136 144
2 93 290
2 23 253
3 15 36 171
4 22 125 205 230
5 24 122 130 281 291
4 59 94 248 296
3 141 225 250
3 110 168 183
3 63 167 188
7 48 88 107 165 213 266 272
4 65 97 216 233
1 105
3 46 98 218
5 121 211 241 254 294
3 142 181 192
3 159 170 265
3 9 134 157
3 3 69 152
2 242 277
3 53 190 257
2 156 172
4 14 64 274 284
4 103 163 169 288
4 66 101 237 270
1 54
0
1 261
0