33 82 86 1223 2487 2515 2719 2940 3370 3488 3801 3893 3959 4797 4931 5572 5833 6040 6107 6204 6614 6975 7115 7576 7694 7807 8616 8669 8769 8906 8972 8975 9120 9131
30 536 695 703 1247 1377 1618 1978 2661 3096 3327 3334 3372 3666 4374 4489 4855 6270 6634 6873 7026 7405 7591 7686 7724 8207 8293 9356 9566 9611 9803
33 68 473 583 1073 1092 1109 1782 2165 2321 2640 2823 2952 3147 3405 3779 3813 4102 4448 4461 4954 5743 5854 6235 6248 7418 7459 7502 7534 7642 8145 8538 9300 9529
13 70 221 430 1806 1866 2143 3175 4274 4773 4854 7965 8019 9132
14 910 996 4276 4310 4885 5921 6449 6611 7154 7294 7581 7857 8316 9698
28 664 1938 2414 3048 3369 3432 3475 3965 4553 4640 4834 5472 6706 6758 7112 7219 7409 7895 8089 8691 8777 9117 9124 9169 9313 9544 9967 9973
22 140 1000 1022 1125 1257 1318 1524 2055 2768 3345 3415 3549 4216 4350 4709 5125 5271 5293 5359 5745 8517 9704
27 33 96 195 934 1277 1367 1393 1865 2767 3289 4556 4800 4823 4825 5394 5474 5724 6277 6363 6559 6862 7395 7818 8154 8711 9832 9851
26 737 821 909 937 1074 1505 2689 3020 3116 3336 4062 4372 5321 6012 6066 6252 6328 6414 6516 7137 7198 8044 8776 9303 9485 9861
30 808 1946 2084 2279 2514 2964 3906 4295 4432 4859 4882 4981 5167 5263 5978 6258 6346 6410 6847 6851 7103 7607 8299 8467 9070 9364 9368 9398 9690 9772
38 152 218 700 767 994 1097 1420 1460 1502 1816 1820 2325 2482 2589 3305 3764 3806 4043 4224 4691 4783 5269 5687 5766 6217 6428 6834 7085 7233 7274 7811 8256 8569 8791 8918 9339 9710 9997
42 35 365 843 1089 1182 1416 1740 2339 2366 2380 2557 2737 2883 3027 3059 3395 3464 3494 3639 3852 5100 5468 5576 5598 5893 6128 6325 6464 6724 6770 6978 7449 7774 8176 8340 8407 8592 8626 9110 9250 9644 9974
27 0 251 322 1220 1462 1686 1708 1783 2136 3760 4639 4766 4780 4933 6424 6972 7201 7419 8258 8520 8862 8987 9089 9351 9802 9889 9940
20 41 362 1943 2188 2894 3437 3623 3853 3940 4962 5941 6136 6332 6701 6891 8271 8447 8713 9266 9904
18 1101 1201 1224 1975 2080 2499 3329 3446 4286 4410 4910 5699 5831 5844 7371 9269 9564 9835
47 954 1110 1446 1905 1935 1941 1949 1957 1989 2249 2309 2362 2698 2810 2842 2936 3218 3311 3428 3678 3680 3935 5014 5443 5680 5725 6018 6269 6421 6582 6861 6876 7362 7427 7476 7496 7757 7809 8084 8662 8719 8879 9103 9370 9511 9733 9874
40 88 185 519 624 654 738 984 1025 1228 1804 1977 2444 2513 2701 3451 3545 4331 4633 4822 5151 5175 5803 6727 6969 7066 7296 7572 8341 8366 8432 8434 8495 8984 9014 9099 9201 9518 9727 9830 9884
48 94 226 267 299 389 538 728 1296 1402 1449 1456 1923 2103 2150 2316 2317 3225 3588 3882 4519 5410 5558 5898 5908 6320 6442 6489 6593 6682 6692 6768 6909 7091 7241 7562 7619 7763 7911 8171 8251 8758 8818 9032 9240 9293 9671 9953 9970
29 139 257 265 400 1023 1246 2075 2099 2895 2967 3061 3841 4380 4592 5124 5319 5459 5823 6044 6385 6552 6731 6870 7273 7354 7819 7981 8024 9182
38 200 594 627 774 933 953 983 1357 1384 1724 1727 2222 2906 2968 3060 3111 3426 3708 3821 4296 4916 5034 5333 5531 5651 5703 6801 6882 7037 7327 7678 7938 8075 8543 8577 9442 9503 9590
16 1358 1394 1999 3159 3815 3923 4373 4951 5059 5140 6214 6596 7152 7434 8892 9545
14 1445 1512 2535 3190 4570 4996 6425 6800 6839 7072 7701 8151 9007 9701
22 453 711 751 1312 1457 1672 2417 2844 2960 3091 3358 4053 4127 4292 4843 6481 6952 8035 8399 8927 9337 9480
25 372 1034 1378 1428 1458 1647 1761 2593 3138 3180 4117 4305 4544 5533 5631 6041 6198 7151 7444 8021 8431 8600 8944 9315 9958
36 66 110 444 826 879 1376 1475 1553 1808 2953 3204 3278 3518 3530 3563 3609 3925 4075 4321 4888 4894 4898 4980 5122 5246 5676 5867 6087 6691 6769 7016 7167 7345 7416 7716 8588
12 1696 1882 2751 3361 5038 5739 5773 6122 6145 6546 8511 8675
35 109 683 696 846 1091 1345 1597 2274 2597 2607 2631 2830 2859 3103 3406 4009 4177 4349 4632 4955 4969 5117 5147 5435 5950 6305 6677 6945 7445 7833 7837 8043 8506 9341 9383
34 217 546 906 1587 2132 2158 2345 2574 2875 3193 3384 3482 3625 3700 3871 4027 4039 4309 4433 4561 4710 4930 5683 5888 6114 6121 6418 6467 6926 6960 7248 7775 9788 9893
37 233 589 771 895 1293 1298 1327 1625 1682 2693 2783 3274 3570 3626 3785 3931 4180 4856 5077 5106 5313 5331 5711 5990 6028 6298 7800 7940 8488 8510 9093 9098 9211 9306 9369 9385 9878
34 707 1351 1535 1552 1576 1628 1838 2011 2363 2421 2576 2826 3100 3226 3551 4366 4808 5618 6001 6067 6094 6366 7529 7675 7974 8109 8224 8810 8813 8821 8851 9133 9422 9812
41 159 466 526 531 1038 1046 1137 1186 1498 1687 1729 1850 2311 2571 2781 3070 3164 3523 3772 4262 4504 4895 5090 5338 5481 5494 5709 5839 7132 7284 7359 7983 8696 8780 8946 9179 9532 9534 9643 9712 9909
36 26 177 581 1226 1250 1451 1590 1646 2044 2060 2403 2419 2681 3710 4135 4890 5024 5143 5442 5689 5976 5977 6555 6577 6616 6693 6795 7748 8557 8785 8932 9036 9448 9565 9585 9801
17 326 574 827 1764 2134 4362 4646 5760 5992 6423 6733 6896 7079 8453 8499 9242 9927
29 91 804 952 990 1324 1385 1529 1794 1904 2293 2368 2816 3042 3285 3326 4491 4719 4847 4983 7127 7147 7487 7587 7658 7673 7960 8119 9444 9577
40 9 254 308 547 655 1162 1791 2068 2078 2139 3024 3106 3210 3947 3970 4079 4138 4601 4743 4941 5058 5542 5552 5591 5702 5894 6684 6735 7490 7854 8442 8560 8751 8823 8850 9425 9467 9748 9886 9919
15 330 2162 3379 3834 4214 5227 5851 6160 6459 7593 7713 7951 7966 8644 9471
25 312 317 357 409 722 851 1901 1982 2407 2456 2822 3162 4325 5649 5872 6412 6438 6485 6622 6671 6739 7221 7856 9087 9978
22 71 358 1688 1784 1810 2105 2533 2717 3778 3884 4645 4667 5523 5588 5715 6271 7109 7513 7969 8530 8989 9934
34 591 758 1087 1471 2705 2788 3034 3186 3578 3780 3913 3932 4452 4763 4960 5110 5421 5732 6260 6272 6605 6878 6919 7035 7225 7885 8079 8225 8278 8282 8405 8598 9137 9647
37 450 668 764 795 2058 2265 2372 2726 3108 3702 4071 4393 4665 4668 4677 4723 4874 5216 5388 5417 5491 5511 5553 5812 6267 6993 7276 7519 7530 7629 7924 8700 8926 9033 9062 9105 9436
21 3118 3726 3737 3899 3941 4018 4623 5529 5661 5722 5783 6143 6509 7343 7458 7820 7899 8486 9239 9295 9489
30 245 862 1412 1461 1990 2244 2600 3449 3968 4151 4772 4791 5404 5412 5660 5755 6344 6375 6443 6505 6683 7099 7125 7316 7369 8533 9057 9111 9348 9737
33 15 346 524 867 1033 1886 1966 2382 2691 2888 3230 3453 3614 3875 3976 4132 4936 5087 5594 5675 5801 6238 6598 6843 7033 7128 7389 8868 9455 9515 9599 9623 9956
31 977 1145 1491 1919 1968 2178 2458 2485 2614 3316 3476 3531 3546 4116 4162 5993 6399 6549 6637 6812 6814 6987 7277 7436 7717 8165 8475 8970 9086 9136 9379
41 102 1021 1233 1243 1486 1775 3324 3528 3833 3855 4034 4481 4718 4876 5013 5088 5717 6021 6264 6427 6430 6454 6566 6579 6940 6942 6988 7246 7377 7578 7641 7663 7766 7814 8254 9324 9334 9461 9586 9667 9683
45 368 467 608 613 676 803 1015 1311 1417 1557 1915 1995 2318 2568 2757 3402 3473 4008 4211 4419 4603 4629 4735 4765 4786 4861 5496 6165 6191 6202 6646 6647 7002 7044 7077 7252 7465 7719 8147 8854 8884 8993 9350 9618 9991
29 206 388 1662 1766 1965 2312 2405 3366 3577 3596 3994 4658 4915 5159 5329 6474 6536 6604 6703 7672 8130 8383 8460 8793 9297 9693 9758 9918 9960
19 972 1118 1705 2718 3073 3364 3611 3845 4711 4879 5198 5372 5617 5648 5852 7428 7690 8545 9150
24 78 243 543 614 694 1120 1146 1714 2393 2702 2935 3242 4163 4487 4569 6472 6996 7027 7421 7500 7946 8328 9526 9844
22 505 635 847 1547 2266 2649 3752 3837 3953 4316 4844 5641 6019 6406 6871 7176 7432 7976 8020 8173 9335 9981
26 382 1171 1743 1760 2047 2546 2910 3244 3411 3798 4048 4171 4232 4618 4681 5413 5657 5865 6057 6345 6918 7282 8048 8286 8515 9054
25 132 498 1117 1193 1493 2275 2332 2404 2542 2742 2752 2782 3271 3301 3872 4907 5291 6178 6292 7746 8002 8009 8223 8468 9363
25 36 286 974 1041 1752 1930 2177 2445 2474 2758 2881 2980 3293 3471 3756 4577 4927 4953 5046 5965 6558 7094 7472 7676 9689
27 13 183 2046 2050 2159 2519 2552 2807 2812 3273 3359 3648 4413 4695 5109 5115 5177 5536 6092 6263 6448 7120 7435 7541 7557 8985 9078
23 860 1082 1269 1645 1681 1707 1963 2108 2801 3430 3867 3938 4328 4717 5042 5809 5882 7280 7311 8548 8574 9107 9836
18 300 1272 2340 3866 4488 5023 5301 5362 6039 6236 6613 6732 7692 7793 7917 7968 8059 9272
40 169 332 647 841 914 1121 1558 1855 2040 2071 2220 3155 3434 3695 4293 4359 4492 4782 5080 5366 5652 5753 5763 5883 6206 6313 6355 6652 7012 7029 7110 7455 7873 8262 8331 8602 9384 9431 9438 9915
36 401 476 760 935 1084 1556 1580 1774 2118 2328 2525 3050 3824 4070 4109 4308 4344 4392 4473 4484 4820 5555 5772 5781 5796 5940 6718 6745 7964 8135 8203 8846 9204 9325 9582 9882
28 174 1112 1214 1511 1817 1851 2186 2434 3037 3408 4024 4520 5210 5265 5407 5465 5645 6033 6501 6550 6586 6794 7349 7878 7941 8099 8336 8524
18 83 116 305 922 1011 1031 2065 2463 3134 4139 4423 4806 5360 6673 7234 8509 8625 9441
18 262 1185 1908 2289 2324 2912 3181 3591 4284 5150 5168 5537 6592 7335 7944 8221 9555 9652
20 1155 1799 2022 2098 2107 2142 3496 3513 3810 3819 3862 4466 4924 5200 6239 7093 7548 8329 9756 9825
20 530 783 2583 3915 4664 5346 5579 5614 6108 6223 7025 7657 7762 7994 8241 8448 8492 8603 9507 9834
31 106 1051 1158 1177 1542 1730 2020 2062 2998 3153 3309 3868 4647 4726 5656 5930 6153 6584 6632 7019 7080 7752 8295 8546 8646 8907 9175 9188 9199 9329 9359
29 63 111 347 880 883 1086 1315 1444 2006 2715 2990 3053 4125 4591 4626 4631 5606 5848 6228 6506 6955 6966 7802 7828 8501 8795 9463 9651 9877
11 100 1706 2507 2829 3163 3211 3304 4000 4072 4144 8601
23 584 850 1411 1746 2156 2615 2860 2928 3674 4483 4552 5135 5158 5232 5677 6905 6964 7060 7117 7726 8003 8298 9684
35 22 178 235 310 415 1352 1536 1610 1811 2033 2501 2780 2970 3400 3751 3787 4175 4352 4757 4999 5398 5419 5600 5678 6898 6901 7236 7238 7423 7996 8248 8895 8943 9722 9797
33 92 672 970 1909 2637 2639 3068 3084 3148 3376 4644 4703 4839 5253 5332 5402 6439 7086 7104 7220 7403 8015 8159 8267 8369 8392 8551 8816 9541 9616 9852 9914 9926
14 341 1467 1650 1932 2618 3895 6205 6832 7024 7075 7637 7704 8595 8807
39 398 545 561 687 1077 1283 1624 1637 1931 2027 2110 2738 3367 3770 4238 4302 4451 4498 4542 4836 4923 5409 5428 6227 6290 7843 7984 8004 8485 8680 8747 8872 8887 8956 9109 9128 9386 9614 9761
36 3 402 554 587 619 932 1207 1853 2464 2512 3003 3502 4068 4409 4503 4534 4609 5530 6729 6933 7084 7485 7590 7632 7697 7923 8005 8007 8494 9040 9100 9308 9403 9703 9826 9829
38 179 335 479 549 817 865 875 1172 1196 1281 1359 1659 2247 2573 2675 2833 3179 4914 5406 5759 5834 6120 6219 6279 6336 6537 7130 7224 7603 7788 7834 7931 8050 8093 8583 8660 9042 9887
34 105 165 336 677 1198 1418 1548 1679 2187 2191 2286 2484 2585 2889 3207 3793 4191 4812 4813 4853 5354 5816 6180 6929 7053 7957 8270 8386 8951 9106 9232 9245 9475 9524
18 384 416 944 1694 2012 2336 2367 2821 4319 5549 5604 6712 7398 7683 8643 9229 9466 9739
38 29 130 342 403 504 1507 1897 2520 2692 3083 3491 3562 3675 4229 4686 4838 5071 5182 5539 5810 5869 5901 6064 6317 6857 7480 7493 7880 8352 8393 8436 8623 8897 9454 9645 9648 9725 9975
22 356 517 1833 2323 2606 3031 3124 3259 4271 4294 4959 5105 5408 5446 5462 5853 6865 8062 8179 9340 9437 9513
36 417 573 590 636 1371 1500 1813 2007 2192 2226 2373 2413 2498 2712 3076 3627 3858 3936 4016 4617 5919 6759 6771 6920 7134 7859 8073 8471 8628 8648 9134 9219 9465 9473 9734 9810
33 34 999 1320 1426 1578 2334 2364 3104 3291 3663 3818 3836 4599 4608 4921 4977 5029 5385 5577 6029 6667 6750 7397 7507 7751 7979 8053 8483 8650 8819 9205 9346 9730
40 391 512 539 778 946 1516 1683 2013 2213 2551 3185 3535 3774 3803 3992 4103 4245 4260 4682 4715 5302 5353 5628 5983 6170 6330 6649 6787 7731 7806 8609 8938 9021 9154 9302 9405 9418 9488 9699 9785
24 287 640 747 1141 1279 1415 1540 1970 2003 2563 3120 3425 5096 7554 8361 8694 9051 9234 9357 9375 9525 9656 9823 9885
24 612 1582 2256 2329 2472 2534 2653 2946 4537 4638 5049 5235 5548 5748 5764 6125 7473 7804 8276 8863 8901 9246 9619 9762
34 379 756 820 2180 2198 2270 2605 2779 3171 3208 3300 3489 3509 4082 4300 4398 4411 4694 5020 5169 5310 6083 6181 6460 6620 6963 7310 7520 7564 8343 8979 9492 9538 9794
19 355 1383 1771 1856 1899 2518 2802 3125 3721 3956 4157 4540 6154 6444 6705 6922 7443 8738 8805
27 74 375 456 642 809 1239 1640 1902 2666 3001 3843 3877 4746 5512 5721 5735 6314 6447 6463 7118 7961 8137 8686 8841 9009 9484 9707
16 8 38 769 1448 2225 2376 2558 3374 3686 3733 4455 5247 8235 8676 9451 9894
34 75 142 272 745 891 2381 2517 2753 2937 3126 3192 3248 3907 4261 5156 5303 5463 5879 5933 5957 6091 6187 6201 6338 7067 7319 7518 7734 7890 7905 8734 9286 9458 9718
21 25 157 859 1197 1373 2562 3168 3409 4871 5118 5824 6017 6050 6850 7142 7249 8096 8141 8230 8474 8606
18 118 864 1027 1773 1921 2564 2848 4074 4701 5152 5308 5484 5942 7545 8739 8772 8847 9686
25 108 631 2651 2773 2892 3696 3849 4029 4120 4281 4670 4919 4943 5275 5420 5569 5807 6023 7122 7223 7300 8370 8409 9493 9817
9 1290 1753 6362 7041 8178 8204 8621 8640 8952
32 89 681 900 1303 1432 1755 1994 2420 2570 2744 3529 3568 3728 3781 4635 5070 5136 5178 5181 5204 5411 5793 5911 6159 6563 6628 7570 7648 8412 8801 9907 9916
37 219 367 720 981 992 1107 1131 1607 1985 3246 4007 4199 4613 4751 4963 5369 6230 6287 6561 6656 6662 6738 7006 7050 7558 7654 7722 7888 8346 8367 8368 8480 8760 9237 9824 9925 9943
20 278 448 1678 1844 1914 1988 2218 3196 4076 4770 4807 4929 6112 6610 7785 8404 8473 8622 9270 9771
28 84 240 552 799 1308 1310 1588 1822 2017 2288 2611 3410 4073 4384 4490 4529 5279 5733 6411 6486 6547 6675 6754 6970 7055 8033 9354 9957
36 652 1409 1481 1937 2070 2238 2280 2452 2827 2834 2977 3082 3268 3534 3775 4275 4314 4557 5022 5448 5860 6102 6664 6779 6837 7064 7332 7351 7584 7835 8275 8305 8427 9225 9387 9747
14 801 1537 1832 3094 3404 5063 5395 5731 5832 6157 6331 8469 9263 9353
40 39 148 319 727 1206 1695 1756 2077 3258 3422 3493 3682 3889 4106 4525 4634 4687 4866 5254 5284 5863 6569 6824 7058 7182 7295 7329 7559 7737 7755 8042 8066 8189 8255 8360 8654 8796 8832 8856 8922
31 131 224 464 658 1008 1747 1875 2241 2984 3560 3583 3616 3955 3980 4934 5006 5344 5605 5758 6079 6111 6697 7180 7488 7546 7718 8570 8991 9010 9139 9988
44 24 72 120 281 320 500 1585 1845 1911 2035 2625 2732 3341 3788 4012 4205 4333 4370 4554 4798 4993 5045 5399 5630 5964 7643 7864 7930 7985 7991 8139 8156 8261 8321 8384 8396 8671 8726 8768 8770 9055 9568 9588 9935
33 288 438 815 842 943 1047 1151 1262 1626 1649 1738 1900 2182 2772 2789 3007 3594 4219 4903 5938 6511 6797 6868 7314 7596 7687 8313 8507 8651 9255 9439 9661 9965
16 353 366 4236 4240 4303 5021 5316 5943 6166 6377 7181 7185 7876 8859 9200 9930
19 925 1948 2197 2529 2553 3270 3783 4299 4965 5055 5348 7339 7781 8180 8419 9248 9487 9891 9955
37 576 666 789 1036 1836 2031 2361 2437 2510 2626 2728 2873 3142 3468 3856 4164 4437 4463 4674 4794 4952 5554 5822 5856 6082 6288 6370 6947 7592 7597 8292 9224 9294 9394 9540 9694 9806
37 283 579 876 966 1176 1297 1595 1896 1959 2425 3019 3130 3188 3905 3988 4974 5037 5437 5639 5670 5918 6010 6539 6595 6760 6838 6849 7521 7832 8028 8029 8279 8291 8356 9023 9082 9615
32 405 753 964 985 1215 2386 2696 2766 2798 3026 3081 3187 3215 3439 3603 4538 4905 5397 5794 6113 7204 7425 7464 7655 7989 8668 8811 8913 9210 9312 9864 9937
44 30 275 463 511 814 838 899 1249 1348 1522 1823 1849 2587 2647 3067 3191 3515 3777 3922 4172 4756 4826 5012 5064 5074 5258 5341 5694 5795 6014 6193 6382 6398 6694 7070 7140 7595 7794 8199 8461 8561 9094 9126 9980
33 137 868 1115 1285 1739 2037 2074 2257 2494 2776 2884 3041 3637 4149 4541 4689 4867 5390 5429 5775 6615 7251 7408 7441 7628 7647 8125 8933 9141 9301 9404 9709 9938
16 1550 2493 3219 3442 3474 3758 4002 4790 5248 6212 6462 6820 6995 7292 7963 8525
20 534 1184 1638 2268 3398 3725 3887 4056 4256 4747 5061 5108 5196 7477 7872 7922 7934 8070 8513 8708
37 144 204 1009 1601 1680 1868 1964 2093 2918 3046 3222 3960 4263 4420 4449 4918 5107 5292 5382 5862 5987 6500 6763 7102 7269 7926 8037 8091 8115 8652 8923 9193 9285 9452 9678 9688 9964
32 548 615 908 1395 2172 2659 3011 3497 3747 4089 4218 4298 4830 5155 6354 6397 7045 7149 7171 7517 7522 7661 8172 8547 8576 8755 8866 8871 9001 9114 9326 9921
29 28 293 723 1081 1085 1934 1960 2045 2541 2794 2843 3498 4250 4324 4652 5393 5521 5700 5729 5922 6027 6930 7168 7322 7516 8259 8349 8534 9695
19 343 593 2069 2215 3167 3212 3414 3538 4083 5296 5365 5886 6088 6744 7283 7742 8013 8437 8820
19 40 487 656 674 766 2761 3794 5099 5597 6022 6203 6680 7049 7447 7776 7906 8808 9176 9517
16 1584 2706 3266 3999 4107 4339 4597 5422 5857 6140 7950 8132 8157 9071 9552 9741
38 651 661 845 1521 2174 2505 2809 3177 3217 3554 3761 3802 3831 4412 4417 4510 5036 5189 5282 5370 5414 5873 6207 6446 6578 7133 7402 7605 8025 8082 8253 8284 8565 8604 8828 8877 9140 9808
23 260 263 284 1094 1204 2152 2375 3233 3559 3707 4611 4805 4925 6240 6441 6663 7235 7621 7685 8379 8558 9531 9548
14 1090 1405 2725 2731 4306 4383 4803 4966 5207 5826 8446 9122 9262 9646
38 117 339 472 1227 1453 2149 2511 2578 2678 3112 3114 3282 3340 3561 3883 4047 4129 4154 4203 5256 5640 6007 6142 6737 6775 7297 7454 7515 7740 7797 8040 8682 9307 9390 9490 9569 9675 9858
40 21 541 663 1164 1693 1870 2001 2004 2208 2797 2819 3036 3170 3879 4133 4606 5811 5917 5973 6035 6068 6435 6482 6504 6890 7226 7301 7664 8277 8568 8753 8806 8910 8998 9048 9417 9435 9655 9945 9986
36 1772 2554 2591 2679 2762 3157 3349 3579 3796 3808 3840 3966 4176 4444 4476 4493 5130 5138 5179 5180 5690 5770 5900 5949 6581 6607 6621 7141 7378 7667 7893 8482 8690 9017 9035 9145
19 422 1256 1712 1770 3622 3673 4181 5217 5363 5391 6231 6308 6802 6961 7499 7539 7623 8414 8584
21 280 292 1143 2475 2898 2911 3032 3571 3974 4005 4799 5129 5208 5220 5280 6698 7613 7997 8169 8894 9783
45 381 550 805 848 1181 1218 1903 1981 2116 2137 2283 2619 2622 2849 3123 3333 3492 3495 3864 3892 3944 4365 4749 4764 4873 5127 5188 5904 5969 6031 6053 6241 6324 6407 6541 6734 7174 7197 7471 8372 8687 8743 8925 8953 9462
24 828 855 857 1050 1482 2016 2378 3951 4040 4297 4744 4846 4909 5295 5497 5802 6043 6650 9187 9194 9197 9459 9828 9863
34 246 730 898 1026 1347 1495 1780 1818 2253 2284 2983 3052 3062 3873 4578 4637 5052 5439 5846 5968 6006 6356 6466 6854 6915 7358 7863 7918 8076 8183 8363 8968 9108 9621
13 490 648 921 1002 1354 1434 1549 2019 2117 3717 3995 6749 7267
37 95 419 755 1464 1835 2170 2217 2250 2828 2996 3051 3272 3820 3985 4090 4978 5079 5289 5430 5517 5544 5840 5877 6765 6766 6884 6983 7089 7116 7202 7413 7782 7920 8231 8566 9125 9871
24 12 289 653 1063 1278 2073 3952 4065 4399 4445 4458 5093 5454 5647 6638 6897 7213 7509 7695 7714 8382 8385 9060 9977
32 182 1157 1459 1891 2411 2459 2495 2604 2765 2868 2974 3004 3136 3501 3659 4185 5166 5464 5503 5736 5752 6026 7054 8064 8426 8578 8844 8888 9000 9401 9754 9908
32 477 488 912 1570 1950 1992 2263 3022 4193 4194 4502 4956 4990 5000 5119 5520 5778 5999 6661 6808 7947 8016 8195 8422 8514 8873 9227 9275 9299 9391 9397 9447
17 1599 1719 2470 3377 3863 4721 4878 5001 5806 6234 6368 7812 8041 8955 9264 9321 9795
19 1199 1251 2154 3653 4146 4327 5528 5710 6037 6049 7172 7243 7511 8472 8703 8798 9381 9491 9497
38 223 268 369 794 800 949 975 1099 1194 1442 1955 2086 2430 2443 2733 3302 3420 3536 3850 4369 4507 5201 5456 5643 5716 6003 6284 6674 6699 6866 6982 7583 7723 7786 7831 8425 8990 9328
18 90 196 277 480 633 2989 4148 4407 5043 5568 5696 6542 7119 7972 8326 8855 9746 9966
42 622 629 1072 1165 1234 1408 1709 1913 2048 2793 2900 2929 3320 3964 4098 4104 4173 4204 4457 4707 4841 5111 5434 5720 6061 6704 6707 6746 6828 6836 6980 7542 7735 7758 7948 8226 8234 8559 8746 8947 9236 9579
26 11 323 361 1526 2124 2480 2769 3119 3418 4249 4462 4562 4848 5229 5582 5622 7544 7792 7962 8036 8489 8986 8994 9716 9791 9850
27 1685 1847 2941 3460 3462 3585 4066 4642 4835 5082 5322 5658 5751 6167 6630 6666 6782 6885 7001 7388 7721 7894 8017 8629 9088 9159 9183
30 44 544 834 941 1213 1321 1673 2092 4099 4376 4456 4625 4755 4802 4831 5076 5956 6131 6392 6912 7113 7394 7668 7693 7884 8011 8549 9027 9450 9657
37 492 1024 2185 2237 2322 2694 2971 3183 3542 3600 3688 3709 3800 4035 4160 4356 4558 4593 4795 5154 5447 5466 5525 6189 6357 6608 6627 6859 7255 7431 7538 7703 7904 8633 9092 9617 9899
38 748 1190 1225 1241 1386 1528 1936 2076 2161 2169 2771 2841 3223 3784 4524 4564 4793 5681 5967 6103 6395 6688 7375 7460 7468 7640 7651 7765 8325 8508 8580 8710 8976 9069 9228 9374 9674 9776
18 437 568 1974 2341 2538 2663 3477 4636 5053 5570 6436 7237 7258 7261 8484 8552 9551 9816
16 1212 2043 2447 2722 3480 4019 4479 4675 5349 6117 6752 7008 7240 7426 8934 9633
21 121 162 1028 2853 2986 3586 3927 4209 4217 4539 4771 6458 6789 8397 8817 8827 8889 9573 9603 9735 9906
41 138 211 344 620 739 824 1192 1291 1368 2024 2251 2450 2565 2903 3467 3526 3865 4063 4105 4111 4313 4725 5039 5646 5797 5895 6723 6730 7105 7344 7442 7617 7710 8197 8512 8788 8880 8978 9112 9148 9731
12 170 1858 3421 3842 4197 4579 5170 5219 6977 7265 8418 9516
30 64 571 572 1260 1387 1665 2005 2038 2337 2462 2492 2876 2921 3156 3356 3424 3910 3977 4064 4189 4253 5299 5541 6653 7028 7321 8022 8526 8963 9987
39 80 822 1056 1259 1470 1503 1506 1577 1663 2258 2343 2477 2736 2817 3344 3416 3724 4022 4150 4198 4278 4382 4568 5102 5113 5267 5377 5800 6098 6420 7239 7925 8297 8493 8554 9177 9367 9472 9632
31 242 253 331 486 998 1790 2155 2205 2377 2491 2616 3092 3540 3694 3929 4235 4547 4837 5192 5902 5946 6101 6965 7163 7411 8057 8339 8843 8869 9220 9412
15 256 455 956 1282 3890 5519 6261 6379 7034 7156 8443 8749 8931 9342 9607
32 5 125 301 393 773 872 901 988 2041 2052 2138 2764 3105 3158 3236 3445 3593 3636 5315 5364 5629 6283 6329 6334 6852 7929 8815 8883 9004 9189 9760 9813
31 184 507 833 1476 2481 2756 3066 3074 3109 3245 3527 3816 4434 4465 4779 4984 5030 5097 6218 7018 7144 7571 7743 7840 8080 8839 8861 9119 9283 9373 9498
35 302 721 1242 1619 2300 2347 2350 2389 2710 3166 3360 3631 3633 3857 4700 5340 5849 5891 6002 6903 7512 7573 7611 7796 7867 8149 8211 8344 8948 9144 9156 9468 9570 9912 9931
33 176 333 390 878 1473 1654 1737 1742 1800 2114 2711 2750 3203 3288 3558 3861 3912 4094 4178 4777 5173 5814 6361 6483 7051 7179 7212 7620 7874 8103 9395 9604 9649
17 1048 1111 1439 1741 1745 1843 2141 4364 5007 5524 6845 7504 8155 8593 8731 8965 9345
27 378 601 1170 1594 1798 3021 3044 3703 4404 4655 4849 4863 5072 5358 5403 5613 5935 7450 8294 8502 8619 8745 8858 9038 9256 9268 9954
29 307 377 602 603 1336 1389 1593 1861 1983 1991 2646 3139 3661 3697 4821 4891 5294 5455 5581 5929 5984 6312 7098 7848 7909 8001 8575 9424 9742
36 161 623 667 717 2015 2516 3057 3541 4222 4460 5347 5669 5955 6000 6093 6197 6209 6229 6256 6400 6829 6875 7482 7533 7822 7871 8498 8789 9074 9113 9291 9330 9349 9521 9592 9932
41 680 829 1189 1554 1643 1653 1735 1979 2627 2727 2775 2931 3269 3681 4354 4478 4877 4897 5286 5518 5685 6133 6384 6484 6821 7218 7331 7356 7501 7503 7649 7901 7902 7943 7955 8200 8252 8411 8716 8799 9537
19 351 433 1150 1514 1918 1961 2522 3016 3483 3521 4025 6237 6530 6618 6657 7474 8283 8462 9610
30 429 968 997 2359 2662 2865 3002 3078 3090 4179 4361 4521 5684 6097 6129 6469 6957 7068 7097 7438 7525 7928 8585 8666 9165 9166 9198 9587 9691 9768
37 149 902 1019 1065 1217 1266 1353 2351 3228 3555 3679 3685 3822 3904 4405 4513 4518 4796 4887 5062 5336 5592 5858 6490 6591 6599 6748 6835 7586 7650 7660 8645 9244 9392 9546 9584 9821
39 65 214 478 484 563 993 995 1722 2401 2418 2560 2934 3035 3178 4161 4234 4269 4901 5222 5378 5688 6065 6070 6307 6772 6887 6992 7278 7323 7353 7467 8186 9043 9352 9664 9732 9770 9903 9985
37 167 459 460 632 726 752 1037 1725 2079 2230 2282 2555 2862 2909 3584 4257 4994 5298 5444 5644 5998 6232 6793 7096 7108 7298 7556 8374 8732 8814 8878 8924 9186 9231 9265 9509 9673
43 7 502 780 1124 1602 1612 1674 2000 2026 2160 2451 2735 2799 2938 3338 4055 4186 4188 4486 4961 5197 5199 5230 5730 6437 6568 6574 6619 6877 6906 7165 7196 7689 8177 8727 8740 8781 9243 9251 9410 9428 9514 9539
24 1123 1350 1604 1762 2629 2792 2803 2926 4311 4511 5017 5092 5243 5356 5449 5686 6393 6853 6994 7030 7302 8146 9388 9550
40 146 930 1153 1710 1765 2102 2248 2296 2891 2920 2944 2994 3176 3352 3617 3880 4166 4514 4535 4828 4998 5634 6303 6524 6572 6679 6792 6840 7021 7299 7368 7699 7753 8012 8403 8487 8904 8982 9372 9670
44 2 98 154 244 497 1053 1264 1425 1615 1993 2140 2166 2760 3088 3797 3991 4003 4118 4153 4583 5047 5075 5495 5632 5664 6275 6360 6499 6538 6543 6583 6892 7047 7160 7821 8097 8170 8790 9161 9170 9608 9728 9867 9922
39 493 787 960 1147 1195 1517 1555 1697 1751 2688 2813 3151 3299 3407 3612 3981 3997 4563 4736 4904 5083 5747 5924 6702 6711 6725 7324 7373 7784 7798 8071 8123 8615 8802 8936 9030 9327 9905 9959
30 625 2151 2246 2320 2327 2628 2824 2942 3071 3597 3757 4155 4527 5116 5585 5827 5981 6268 6302 6475 6747 7392 7404 7954 8281 8465 8995 9101 9257 9557
21 104 228 532 772 967 1052 1169 2592 2786 3296 3397 3762 4320 4979 5701 6073 6110 7420 7565 9129 9479
29 385 779 830 861 866 1295 1717 1721 2304 2356 2709 3790 4650 4732 5433 5460 5510 5615 6062 6767 6935 7698 7986 8126 8127 8213 8308 8505 8969
34 354 1004 1289 1413 1726 1733 1744 1877 2642 2840 3189 3618 3641 3744 3961 4001 4137 4574 4740 4758 5698 5789 6502 7083 7161 7200 7259 8134 8212 8266 8737 8764 8765 9171
38 166 394 510 650 786 1010 1020 1045 1265 1440 1591 2195 3206 3346 3651 3664 3984 4093 4580 5214 5277 6175 6495 6587 7478 7498 7547 7553 8333 8387 8433 8725 8950 9123 9411 9700 9765 9769
15 939 2206 2687 3325 3894 4031 4201 4337 4995 5320 6374 6528 7010 7666 8898
38 237 282 352 395 1431 1572 1831 1945 2072 2355 3161 3507 4050 4353 4598 5184 5239 5564 5742 5905 6042 6058 6188 6293 6487 6709 6790 7175 7479 7561 8539 8541 8822 9031 9252 9668 9842 9901
47 47 298 359 370 957 1064 1366 1627 1639 1728 2276 2308 2808 2956 3069 3581 3921 4036 4348 4663 4673 4886 4945 5016 5260 5368 5551 5663 5706 6123 6192 6378 6381 6780 6934 7376 7462 7903 8144 8174 8400 8553 8556 8756 8783 8849 9745
13 1926 3759 4158 4225 4745 5352 6147 6177 6823 7430 8077 8301 9420
30 14 123 540 600 699 961 962 1154 1398 1478 2029 3308 3383 3823 4774 6047 6161 6478 6761 7078 7206 7452 7506 7846 7970 8034 8302 8935 8954 9505
31 732 987 1029 1079 1175 2122 2181 2200 2210 2787 3580 4174 4389 4708 4750 4988 5040 5317 5859 6372 6521 6540 6651 7173 7348 7491 7900 7914 9314 9593 9995
16 685 1629 2133 2190 3978 4085 4403 5215 5845 6359 6517 6716 7157 8971 9512 9843
16 1880 2621 2652 3115 3284 4212 4427 4760 5954 6347 6404 6936 8353 8774 9496 9637
28 17 261 1040 1326 2010 2057 2272 2298 2730 2947 2949 3056 3394 4051 4426 4594 4610 5609 6310 6665 7815 8148 8421 8762 8792 9389 9591 9634
23 20 163 406 1545 1698 1927 2285 3205 3353 3543 3750 4368 4415 6419 7707 8163 8192 8229 8632 8656 9446 9639 9848
17 1564 1611 1623 1636 2018 2127 2863 3049 5586 5638 6990 7790 7999 9317 9361 9650 9873
14 295 1328 2644 3362 4266 4330 5015 5357 5966 7187 7209 7550 8504 9654
34 194 258 725 2836 2982 2988 3201 3267 3517 3610 3662 3711 3749 3763 4030 4307 4422 4768 5163 5228 5400 6251 6339 6408 7057 7222 7639 7937 8026 8124 8882 9041 9067 9581
27 18 844 1333 1520 1984 2442 2864 3668 3825 4346 4436 4685 4738 5019 5026 5892 5912 5982 6493 6813 7406 7827 8113 8210 8659 9289 9809
14 413 418 673 3117 3465 3903 4512 5249 7244 7733 8164 8222 8775 9506
44 114 452 485 503 560 742 942 1127 1361 1423 1468 1586 1786 2028 2202 2294 3093 3220 3389 4252 4334 5547 5567 5767 6589 7387 7531 7555 7566 7638 7677 8061 8142 8335 8415 8528 8663 9149 9274 9332 9371 9377 9535 9961
25 249 849 1876 2740 2867 3110 3701 4196 4596 5522 5791 6242 6380 6544 6720 6931 7949 8215 8228 8408 8834 8860 9380 9501 9533
25 52 313 445 761 1054 2196 2299 2759 5655 6371 6416 6644 6714 7004 7346 7363 7526 7973 8039 8481 8721 8826 9016 9180 9881
23 408 678 971 1346 2384 2423 2449 2708 3987 4037 4612 4678 5187 6520 6715 6860 7626 7945 8105 8678 9486 9682 9933
27 208 434 973 1306 1690 1883 2388 3132 3354 3684 4425 4788 4883 5133 5599 6144 6869 7635 8450 8597 8786 8891 8941 9202 9333 9724 9757
36 158 271 630 1066 1538 1543 2261 2466 2561 2645 3085 3328 3572 4223 4273 4509 4555 4643 4860 5504 5563 6078 6138 6210 6249 6250 6369 6911 7381 7390 7975 8264 8477 9046 9902 9910
11 858 887 1527 3265 4347 5273 6985 7015 7429 7764 9185
16 570 1263 1793 2923 2930 3000 3214 4560 4852 4928 5593 6553 6784 8455 8845 9158
31 1106 1362 1382 1472 1546 1852 2221 2409 2729 2951 3028 3357 3423 3454 3767 3846 3933 4112 5637 5744 5890 6492 6557 6917 7031 8243 8542 8618 8658 9146 9778
33 428 605 702 825 1788 2148 3455 3943 3963 4424 4630 4713 5274 5712 5734 5737 6036 6081 6109 6350 6776 7215 7279 7625 7861 8216 8376 8536 9008 9127 9206 9946 9994
29 156 1419 1956 2668 2890 2927 3441 3484 3632 3691 3705 4017 4833 5374 5387 5508 5870 5923 6051 6253 6778 6991 7933 7942 7959 9282 9469 9702 9990
28 701 1055 1274 1313 1483 1508 2042 2083 2175 2374 3452 4020 4397 4454 4590 4778 5011 5165 5482 6387 7131 8047 8104 8310 8874 9052 9358 9594
39 57 234 559 729 818 1007 1159 1455 1603 1940 2379 2598 2963 3025 3055 3102 3152 3165 3172 3337 3500 4239 4326 4582 4865 5266 6349 6722 7208 7338 7772 7777 7992 8209 8527 8779 9536 9642 9743
30 269 285 340 481 582 618 1488 1609 1677 1736 1748 2167 2580 2791 3573 3629 4680 4704 5334 5502 5515 5875 6450 6639 7076 7341 7440 8117 8852 9819
35 59 197 896 980 1309 1671 1953 2089 2913 3098 3287 3533 3720 3869 4113 4114 4388 4497 5350 5920 6211 6451 6580 6645 6740 6997 7374 7563 8318 8867 8997 9434 9572 9626 9892
35 205 360 529 749 1133 1300 1846 1951 2259 2454 2673 2745 2893 2939 2995 3239 3264 3693 5242 5326 5345 5619 5692 6176 7415 7543 7684 7732 8055 8188 8693 8736 8741 8962 9502
24 903 2066 2232 2240 2338 2581 2650 2746 3200 4026 5492 5505 6013 6753 6827 6855 7138 7288 7715 7799 8263 8835 9399 9580
32 189 376 414 442 969 1166 1414 1841 2281 2416 2919 3280 3431 3916 4358 4386 4699 5440 6020 6090 6527 6958 7191 7194 7231 7916 7971 8322 8573 8917 8981 9102
30 499 611 1187 1388 1562 1675 1854 1874 1973 2231 2319 3371 3564 3624 3640 4251 4692 4789 5339 5379 5545 6077 6183 6184 6353 8728 9191 9804 9847 9939
27 136 831 885 897 976 1620 2617 3499 3634 3958 4431 4565 4870 5490 6048 6327 6902 8063 8289 8730 8803 8840 9063 9402 9755 9793 9876
17 441 527 578 1253 1341 1380 1916 3826 5780 6213 6981 7706 7927 7995 8312 8594 9711
32 555 669 806 915 950 1017 1211 1763 2490 2549 2584 3436 3516 3748 4092 4141 4323 4648 4809 5094 5146 5620 6244 6488 6858 6899 7186 8330 8362 8915 9613 9775
44 101 103 329 425 523 689 740 812 1240 1319 1392 1429 1477 1539 1716 1925 2455 2820 2992 3086 3490 3599 3745 4013 4207 4819 4972 4973 5186 5205 5342 5516 6333 6624 6742 6815 7003 7032 7082 7370 7524 8627 9013 9631
40 1163 1248 1275 1430 1479 1962 2023 2095 2194 2209 2790 2871 3173 3339 3343 3719 3786 3791 3838 4438 4550 5527 5750 5818 6185 6413 6590 7475 7580 7730 7780 7865 7921 8800 8824 9470 9504 9558 9913 9948
30 327 535 646 1305 1410 1523 1652 1711 1862 2064 2254 2301 2634 3240 3315 3401 3520 3716 4108 4587 4900 6440 6518 6803 7380 7382 7497 8014 8375 8681
37 107 446 781 928 1565 1691 1787 1972 2090 2335 2962 2987 3294 3387 3574 3809 3878 4028 4044 4282 4441 4785 4940 5238 5906 6095 6225 6351 6405 6631 6648 6819 7400 8217 8720 8992 9553
43 247 421 1012 1267 1441 1563 1701 1768 1826 2431 2548 2683 3008 3182 3247 3792 4046 4220 4748 5148 5300 5304 5305 5916 6323 6465 6655 7007 7293 7494 7609 7816 7868 8031 8112 8181 8463 8479 8579 8903 8996 9575 9993
41 348 553 1005 1229 1254 1270 1381 1492 1789 2354 2392 2633 2997 3033 3355 3390 3975 4213 4291 4440 5137 5251 5487 5671 5691 5777 5928 6669 7481 7741 8167 8193 8232 8423 8531 8977 9056 9172 9296 9510 9554
22 705 916 2164 3381 3547 3860 4208 4495 4767 5009 5909 5989 6678 7020 8949 9304 9316 9347 9665 9767 9805 9924
29 506 852 1316 1400 1592 2199 2371 2433 3897 4967 5086 5540 5574 5714 5830 6016 6106 6179 6585 6799 7589 7817 7939 7953 8503 8590 8661 8937 8939
14 1057 1332 2866 5060 6069 6531 7355 8272 9083 9233 9464 9687 9870 9969
26 248 716 1083 1630 1997 2061 2291 2723 3087 4516 5078 5237 5850 5934 6322 6396 6503 6687 7074 7727 7773 8274 8420 9717 9883 9900
23 324 599 2846 3930 4206 4724 4842 5112 5367 6342 6575 6690 6822 6998 8153 8237 8317 8636 8637 9047 9208 9706 9715
39 135 266 905 929 1232 1689 1812 1894 2184 2216 2877 2922 3238 3989 4215 4575 4614 4811 4908 4937 4982 5244 5252 5704 5813 5899 5972 6024 6498 6974 7073 7266 7492 8449 8457 8701 9076 9260 9998
28 37 56 150 387 449 634 792 1443 2427 2672 2815 2851 3143 4690 5084 5131 5595 5707 5728 6085 6818 7328 7535 7892 8683 9222 9857 9866
32 112 1179 1200 1759 2119 2796 2839 2979 3306 3429 3566 3656 3948 5209 5309 5425 5499 5952 6074 6403 7155 7281 7691 7779 7801 7879 8908 8942 8988 9203 9950 9951
19 173 180 373 1104 1142 1666 2051 2601 2677 2916 3590 4989 5705 6137 7192 7759 7982 8848 9320
19 586 1044 1230 1390 2545 3252 3433 3608 3742 3766 4247 4784 5805 5820 6135 7463 8166 8685 8722
25 209 443 1116 1596 1648 2524 3145 3986 4387 4428 4627 4753 5380 5583 7189 7708 7739 8045 8046 8114 8194 9298 9336 9635 9799
38 708 840 1280 1917 2049 2385 2394 2531 2586 3198 3243 3524 3962 3973 4258 4280 4329 4526 4824 5259 5769 6080 6084 6895 7399 7883 8191 8350 8364 9064 9077 9079 9167 9230 9426 9833 9837 9920
41 49 264 311 598 793 940 1156 1284 1322 1534 1633 1933 2260 2582 2975 2993 3030 3107 3393 3657 3848 3854 4042 4231 4576 4656 4944 4968 5027 5486 5885 6394 6757 6817 7682 7839 8128 8430 8540 8572 8983
32 113 220 606 955 1098 1606 2777 3253 3699 4058 4360 5144 5145 5287 5897 6163 6311 6429 6452 6562 6600 6826 7336 7711 7813 8218 8347 8591 8665 8911 9029 9355
28 147 447 558 1369 1668 2476 2569 2707 2874 3058 3149 3592 4032 4052 4357 4566 4702 5035 5318 5829 6030 6529 6951 7088 7549 8018 8516 8699
37 73 160 660 671 762 907 1078 1132 1136 1501 1699 1815 2620 2632 3514 4069 4091 4416 4641 4884 5276 5307 5383 5500 5650 5754 5971 6195 6280 6282 6299 7148 7659 7882 8065 8240 8273
41 99 164 171 736 1152 1551 1569 1781 1884 2053 2131 2201 2497 2635 3097 3154 3260 3403 3511 3738 3835 4169 4523 4926 5285 5458 5489 5590 7048 7290 7536 7681 7760 8227 8605 9407 9423 9443 9744 9860 9895
35 155 236 528 567 709 798 1093 2383 2441 2665 2676 3113 3197 3525 3942 4227 4651 5361 5416 6453 6685 7256 7287 7401 7528 7912 8052 8067 8108 8138 8332 8763 8961 9044 9774
16 420 489 1575 1583 1600 2741 4097 4467 4752 4911 4935 5961 6156 7342 8129 9807
20 23 250 750 1829 2532 2684 3005 3045 6015 6096 6134 6588 6921 7600 7636 7756 7978 8265 9072 9928
8 496 1487 2236 2478 6473 8491 8735 9897
24 67 407 1797 2111 2214 2991 3399 3740 3918 3957 4077 4233 4714 4742 5089 6155 6785 7061 7069 7847 7988 8206 8439 9018
26 153 525 657 888 1113 1750 1987 2097 2540 2590 2613 2685 2961 4776 5149 5153 5191 5799 5847 6220 6554 7312 7456 8249 9247 9567
33 457 592 807 926 1032 1438 1622 1718 2608 3481 3799 4015 4335 4545 5693 5947 6190 6597 6927 6944 7014 7829 7877 8060 8389 8529 8581 8672 8714 8974 9058 9365 9666
15 679 892 1579 1887 3099 3323 5874 6904 7855 8087 8916 9020 9759 9814 9827
33 712 715 853 882 1058 1105 1208 1515 1621 1819 1848 1871 2036 2163 2227 2398 2743 4595 4781 4922 5157 5543 6315 6512 7022 7357 7770 8314 9028 9034 9178 9440 9697
39 192 232 399 628 871 874 1059 1375 1541 1573 1942 2290 2435 2526 2770 2784 2896 3317 3569 3812 4061 4202 4684 5926 6208 6364 6635 6946 7009 7803 8010 8085 8268 8689 8881 8973 9596 9612 9660
40 10 215 440 731 1463 1634 1888 2832 2999 3209 4450 5057 5212 5306 5401 5478 6032 6373 6401 6548 6670 6676 7100 7121 7162 7217 7268 7736 8122 8233 8296 8311 8564 8797 9238 9415 9628 9630 9869 9917
37 551 562 1349 1924 2094 2521 2748 3553 3789 4289 4395 4649 4672 5162 5666 5974 6194 6304 6642 6888 7107 7247 7333 7608 7826 8202 8214 8401 8490 8500 8532 8698 9376 9409 9738 9880 9963
25 124 127 435 645 1069 1399 1676 2063 2096 2313 2412 5250 5471 6124 6182 6297 7365 7653 8458 8940 9066 9085 9095 9343 9729
44 451 718 965 979 1869 1928 2009 2502 2908 2933 3281 3332 3665 4265 4676 4775 4986 5202 5488 5828 5944 6221 6402 6417 6545 6777 7633 7789 8150 8175 8519 8610 8695 8773 8893 8896 8929 9163 9195 9221 9414 9598 9751 9949
29 383 1202 1776 1906 2243 2271 2326 3227 3450 3919 3939 4322 5101 5757 5996 6668 6844 6937 7177 7263 7350 7412 8205 8359 8697 8754 9474 9605 9992
41 585 782 884 1114 1480 1494 1530 1834 1859 2814 3137 3261 3314 3463 3504 3510 3646 3829 4168 4200 4446 4669 4733 5962 6243 6736 7253 7367 7622 7754 7768 7795 8049 8684 8812 8842 8964 9080 9249 9427 9595
39 186 693 1014 1299 1767 2331 2630 2825 2897 2976 3122 3232 3373 3595 3658 3746 4355 4401 4602 5033 5174 5183 5213 5355 5375 5959 6570 6603 6811 6879 7101 7631 8315 8571 8653 8930 9482 9663 9786
22 32 43 454 533 542 1635 2123 2594 3307 4551 4654 4912 5841 6415 6924 7289 7778 8090 8107 8478 8647 9115
30 122 784 1006 1049 1108 2088 2183 3023 3456 3472 3601 4084 4343 4367 4620 4628 4734 5485 6146 6321 6791 6916 7469 8038 8830 8899 9378 9477 9523 9685
33 172 363 386 469 813 951 1095 1100 1168 2287 2755 3133 3754 4152 4290 4659 4970 4971 5091 5278 5327 5868 6291 6700 7250 8140 8398 8612 8928 8999 9254 9662 9853
12 145 643 1173 1929 3386 4666 5506 5653 6956 6999 9213 9281
29 565 788 2128 2567 2795 2847 3628 3718 4086 4287 4762 5164 5452 5738 6086 6719 6928 7207 7470 7575 7662 8245 8304 8388 9338 9421 9562 9719 9984
34 1076 1355 1365 1821 1837 2032 2121 2176 2932 3095 3539 3576 3644 4390 4913 5104 5190 5566 5792 5881 6609 6629 6796 6816 7315 7451 7627 8190 8466 8664 9223 9432 9483 9971
13 380 626 1144 1340 1474 2805 4288 4997 7042 7396 8354 9522 9879
29 187 404 412 431 706 1067 1294 1655 1669 2448 2852 3279 3928 4496 4559 4571 4573 4769 5010 5610 6076 6089 7810 8729 8787 8865 9276 9323 9600
18 210 212 321 471 1509 1769 2135 2486 3967 4950 5866 6162 6842 7567 7915 9181 9456 9640
26 151 203 345 604 1664 2342 2955 4480 4705 5028 5069 5386 5756 6045 6316 6560 6594 7090 7124 7505 7594 8440 8639 8744 9798 9947
8 190 1732 2348 2603 4530 4683 6841 8611
28 6 119 188 1167 1437 1893 1898 2144 4706 5185 5373 5837 5880 5936 6365 6480 6804 6807 6825 7700 7845 8236 8809 8960 9075 9310 9460 9519
33 141 207 350 698 811 1075 1096 1119 1122 1134 1703 2130 2207 2720 2878 2966 3461 3870 4505 4533 5193 5473 6141 6289 6358 6976 7306 7671 7702 8912 9012 9143 9305
33 607 697 920 1221 1314 1499 1661 1958 1986 2168 2242 2429 3080 3417 4264 4301 5450 5603 5672 5953 5980 6009 7135 7304 7612 7679 7919 7980 8196 8358 9319 9677 9792
31 314 665 743 1447 2297 2302 2390 2669 2695 2854 3234 4123 4604 4868 4893 5262 5584 5994 6168 6470 6476 6713 6810 6968 7286 7309 7935 9024 9495 9500 9601
35 168 670 911 1245 1497 1631 2415 2579 2747 2818 3089 3548 3714 3743 4060 4192 5986 6164 6434 6522 6950 7000 7145 7214 7308 7569 8098 8201 8306 8709 8712 8733 8833 8957 9382
35 46 823 1161 1342 1795 1867 1920 2539 2925 3072 3503 3671 3713 3828 3881 3945 4190 4342 4447 4549 5051 5134 5602 5612 5843 5887 6294 6806 7129 7448 7601 7896 9003 9723 9941
30 1102 1252 1292 1614 1944 2115 2245 2804 2835 3077 3231 3275 4340 4379 4400 4792 5221 5532 5546 5559 5864 5945 6262 7262 7618 7860 9081 9280 9576 9890
24 201 714 1805 2310 2500 2559 3283 3292 3297 3303 3443 3768 4023 4100 5501 5718 6171 7158 7527 8452 9292 9322 9923 9989
36 392 475 491 509 516 735 870 948 1287 1379 1907 1996 2145 3121 3447 3557 3844 3972 4054 4128 5123 5819 5878 6046 6281 6376 6626 7111 7136 7150 7364 7987 8220 9184 9478 9705
30 508 566 577 1489 1504 1613 1792 2255 2346 2885 2954 3672 4336 4851 4862 4881 4917 5008 5114 5682 6386 6533 6672 7260 8187 8410 9022 9091 9215 9976
21 76 303 1801 2087 2556 2610 2950 3487 3731 4720 4992 5195 5432 6200 6383 7114 7254 7630 8435 8966 9002
33 27 294 304 649 923 1140 2054 2125 2446 3602 3753 3979 4140 4159 4442 4588 4899 4949 5120 5424 5871 6571 7656 7898 8307 8394 8607 8876 8921 9241 9430 9638 9750
19 474 733 1261 1317 1496 1684 1731 3335 3669 3876 4165 4880 5571 5761 6063 6276 6432 7484 8875
30 19 276 797 1203 1397 1754 1803 1840 2235 2572 2667 2721 2899 3237 3290 4277 4477 5825 5991 6265 6496 6962 7361 7414 7728 8260 8562 9026 9679 9944
26 564 1519 1533 1571 2034 2314 2353 3229 3347 3660 3771 3874 4167 4304 4506 4585 4975 5535 6352 6636 7291 7486 8319 8614 8657 9476
19 53 682 1135 2395 2483 2654 2856 3924 5817 5958 6455 6880 6959 7560 8242 8441 8761 9084 9773
29 85 777 1435 2091 2643 3065 3131 3392 4341 4371 4902 4946 5098 5351 5514 5625 5838 5914 6741 7183 7897 7910 8078 8550 8920 9168 9714 9841 9859
35 432 754 785 877 1372 1525 2224 2330 2344 2469 2504 2648 2657 2697 2981 3298 3380 3522 3670 3722 4279 5723 5787 5907 5910 6199 6643 7245 7688 7862 7958 8679 9011 9360 9789
18 334 802 1427 2749 4230 4244 4435 4818 4932 4942 5139 5270 5480 5741 5782 6949 7271 8641
43 193 537 765 768 1616 2002 2305 2655 3144 3169 3391 3587 3635 3690 3727 3832 4221 4345 4406 4761 4948 5225 5281 5963 5985 6567 6708 7211 7285 7305 7610 7705 7750 8133 8280 8309 9096 9118 9344 9708 9838 9856 9968
19 1003 1658 2400 2488 3150 3216 3996 5621 5842 5896 6508 6532 6864 6913 7386 7585 7881 8348 9019
35 296 495 580 659 989 1128 1422 1749 2008 2536 2577 2924 3213 3351 3485 3649 4059 4653 4958 5044 5288 5384 6285 6967 7508 7552 7823 8081 8334 8381 8674 9049 9059 9309 9481
19 1219 1873 2193 2432 2439 2664 3319 3908 4453 5255 5623 6105 6641 7614 7749 7990 8470 8967 9696
22 1016 2212 2228 2440 2800 2907 3440 4584 4827 4845 5314 6326 6658 6833 6846 8023 8056 8102 8451 9212 9528 9740
17 134 213 1824 1952 2943 3851 4014 5423 5580 5616 5626 6034 6617 8008 8459 8535 9653
37 54 79 520 1273 1892 2147 3199 3263 3486 3607 4115 4226 4697 4850 5085 5272 5461 5624 5727 5948 6173 6259 6507 6788 7038 7143 7264 7577 7588 8429 8767 9006 9065 9173 9279 9290 9720
30 97 198 199 675 1188 1391 1404 1779 1830 2179 2544 4499 4688 4759 5596 5719 6005 6257 6301 6640 6695 6774 7330 7644 7952 8069 8287 9624 9787 9800
30 290 315 1149 1403 1670 1723 2173 2396 3010 3732 3736 4254 4869 5451 5476 5771 6491 6497 6573 6633 7046 7092 7634 7913 8162 8324 8599 9130 9453 9779
33 225 639 924 982 1231 1598 2234 2460 2506 2602 2754 2957 3064 3605 3620 3730 3934 4095 4567 5261 5283 5562 6038 6576 6798 7065 7081 7313 7383 8238 8257 8705 9073
22 462 770 775 1061 1068 2106 3615 3805 4136 4991 5654 6300 6612 6764 6786 6953 7230 7417 7669 9192 9226 9854
30 61 328 617 741 978 1531 1704 1807 2315 2806 2978 4004 4810 5002 5311 6286 6681 6689 6986 7439 7670 8120 8631 8667 8750 9116 9190 9331 9530 9672
37 129 1071 1088 1148 1271 1337 1338 1344 1363 2120 2682 3174 3613 3769 3917 4057 4482 4739 4857 5392 5396 5509 5786 5808 6728 6900 7013 7052 7153 7232 7866 8794 9151 9164 9258 9277 9865
32 588 692 1236 1286 1335 1469 1889 2438 2543 2575 2831 2857 2945 3249 3262 3645 3739 4101 4122 4318 4528 4589 4660 6954 6989 7360 7372 8589 8630 9508 9622 9845
44 55 81 436 644 904 1160 1567 1692 1857 1881 2171 2292 2306 2424 2699 2858 2914 3054 3505 3575 4049 4255 4459 4698 4716 4829 5121 6056 6059 6158 6457 6564 6874 7123 7347 7712 7787 7891 8054 8390 8406 8496 9578 9896
39 87 126 836 947 1183 1713 1825 2100 2269 2410 2436 2508 2547 2879 3331 3438 3811 3859 4242 4363 4517 5095 5194 5418 5695 5815 6367 6565 7023 7307 7379 7744 7936 8094 8642 8836 9090 9155 9780
28 374 889 1301 1544 2101 3221 3544 3650 4087 4378 4469 5445 5556 5937 6130 6222 6726 6938 7422 7457 7540 7830 7842 8116 8118 8586 8673 8782
19 832 1872 2465 2503 3079 3254 3556 3782 4033 4985 5032 5126 5142 5713 6152 7139 8402 9287 9777
42 128 227 637 638 816 1205 1632 1651 2527 2612 2713 2902 3029 3241 3382 3479 3582 3706 3817 4088 4134 4531 4581 5160 5211 5436 5740 6247 6409 6809 7005 7036 8380 8563 8715 8718 8778 9416 9609 9627 9929 9936
45 60 241 461 746 763 958 1013 1178 1360 1667 1802 1842 2307 2349 2948 3038 3350 3363 3606 5483 5697 6149 6390 6391 6519 6601 6710 6941 7166 8131 8300 8395 8613 8620 8724 8766 8784 8885 9104 9207 9216 9393 9542 9561 9942
39 501 790 1018 1210 1828 1864 1878 2030 2360 2397 2716 2837 2855 3018 3466 3814 3911 3971 4259 4385 4722 5970 5995 6151 6456 6534 6602 6625 6830 7017 7126 7366 7680 7725 7869 8323 9433 9629 9736
9 691 3342 5762 5855 6523 7599 7769 8416 8624
32 252 338 427 439 1452 1532 1998 2113 2262 2479 2530 2680 3435 3478 3993 4241 5785 5884 6172 6337 6445 6623 6894 7106 7227 7352 7579 7665 7791 8649 9142 9996
20 1 133 1126 1339 1879 1971 2869 3235 3457 3698 4081 4270 4605 5226 5290 6072 6233 6659 7188 7385
28 291 662 913 2219 2303 2882 3630 4976 5257 5578 5768 5913 6186 6216 6805 6939 6973 7011 7242 7325 7453 7461 7532 7761 8757 8804 8870 9597
21 318 869 893 945 2471 2636 2917 2959 3567 3619 3643 4312 4500 5056 5297 6514 7272 8355 8655 9620 9796
42 143 202 231 371 515 575 597 724 1433 2157 2595 2958 3202 3676 4119 4317 4515 4657 4858 5081 5171 5457 5642 5932 6004 6052 6389 6513 6686 7709 7849 7886 8378 8438 8444 8567 8692 8825 8909 9494 9784 9811
21 470 556 710 713 963 1510 1657 2025 2112 2428 3047 3365 4892 5469 5513 5561 5835 6255 8058 8890 9681
18 191 686 1758 2295 2537 2674 4131 4624 5441 7326 8068 8413 8677 9097 9152 9157 9271 9669
19 518 641 835 1827 2391 3552 3715 3776 4332 5381 5776 6431 6756 6910 7039 7216 7624 9820 9849
38 115 259 1307 1617 1778 1890 1910 2109 2233 2467 2714 2785 2850 3006 3017 3295 4375 4470 4522 5066 5557 5798 6348 6426 6654 7164 7190 7337 7598 7674 8027 8670 8723 8919 9053 9160 9527 9982
11 2370 3276 4080 4693 4727 6226 6762 6863 7574 7956 9962
31 270 274 1030 1258 1329 1407 1976 2014 2081 2104 2496 3128 3195 3375 3508 3755 4078 4147 4170 4182 4896 4906 6245 6515 6526 6535 7159 7510 8454 9560 9818
38 93 230 297 690 890 1043 2085 2129 2333 2426 2609 2660 3014 3537 3550 3712 3741 4439 4741 4957 4964 5031 5132 5453 5804 6773 7043 7228 7747 7908 8051 8771 9217 9445 9449 9574 9868 9875
23 279 465 839 1103 1343 1406 1912 1947 3506 3519 4285 4615 4801 5526 6266 7040 7169 8032 8092 8246 8342 9288 9726
27 596 796 1323 1356 1374 1490 2021 2352 2623 3063 3896 4338 4402 5376 5607 6104 6148 6309 6717 6721 7193 7838 7993 8158 8596 9556 9862
22 936 2901 2915 3012 3015 3427 3723 4377 4396 4662 5587 5674 6461 8083 8160 9039 9261 9571 9583 9589 9766 9979
36 50 181 610 759 776 1042 1070 1608 1777 2039 2596 2861 3256 3413 3683 3898 4195 4243 5161 5203 5206 5224 5330 5679 5726 5774 6319 6335 7604 8100 8424 8688 8838 8945 9121 9267
30 364 396 684 757 886 931 1656 1809 3412 3969 4187 4283 4475 4548 4679 5788 6011 6116 6783 6886 6889 7195 7844 7852 7875 8161 8198 9284 9318 9680
36 337 616 991 1129 1174 1660 1700 2223 2550 2690 2886 3286 3318 3946 3983 4010 4471 4485 4616 4731 5324 5575 5667 6340 6471 7257 7646 7824 8000 8320 8345 8522 8617 8759 9214 9952
18 917 1080 1581 1785 1814 2599 2734 2778 3129 5241 6278 6388 6551 7056 7466 8285 8417 9366
39 306 423 483 494 521 873 1216 1401 1454 2229 2473 2811 3250 3330 3368 3652 3655 4011 4126 4661 4671 4875 4947 5025 6054 6127 6139 6755 6948 7203 7320 7825 7870 8168 8239 8914 9061 9547 9840
33 255 734 1255 1466 1513 1518 1559 2369 2656 3009 3039 3257 3322 3565 3795 4600 5065 5073 5234 6743 6856 7275 7303 7489 8111 8351 8371 8544 8704 9025 9209 9396 9692
19 69 688 2972 3310 3470 4938 5054 5218 5565 6071 6306 6893 7340 7393 7696 8445 8831 9713 9782
35 222 229 810 854 1450 1980 2203 2211 2239 2703 2880 3469 3654 3926 4124 4248 4268 4468 4619 4864 5128 5477 5498 5534 5665 6115 7087 8391 8428 8980 9235 9253 9259 9763 9972
35 4 31 309 513 522 744 1222 1566 2153 2277 2670 2700 2724 3141 3950 3998 4021 4421 4430 4494 5041 5784 5889 6296 7095 7483 7606 7615 7738 8106 8143 8247 8327 8456 8958
42 837 863 1139 1238 1364 1485 2059 3313 3419 3689 3891 3901 4038 4183 4381 4414 4737 4754 4832 5003 5268 5939 6119 6274 6468 7318 7334 7836 8088 8518 8582 8587 8634 8853 8905 9174 9196 9625 9641 9749 9839 9872
19 621 1268 1421 2686 3512 3765 4622 5067 5475 5538 5560 5997 6025 6132 6696 7514 7551 8095 8219
14 458 1288 2126 2641 3621 4532 4730 5325 5635 5659 7146 7391 8752 9764
26 77 411 819 918 1644 1720 1885 3388 3396 4889 5231 5233 5589 5836 5861 5979 6660 7059 7808 8121 8373 8638 8902 9005 9406 9457
34 58 1062 1589 2489 3040 3194 4143 4228 4351 4696 4987 5141 5337 5467 5779 5915 5927 6075 6099 6118 6867 6872 6883 7178 7446 7745 8288 8377 8555 8829 9037 9162 9311 9413
22 216 595 1734 1922 1969 3385 3677 4110 4501 5176 5264 5323 5790 7270 7652 7805 7932 8110 8864 9153 9499 9549
22 1560 1641 1863 2146 2358 3251 3598 3914 4067 4408 5903 6060 6943 6984 7210 7410 7433 8303 8608 8717 9362 9658
14 16 791 1191 1235 1396 1967 2267 3013 5068 5426 6907 7317 7424 9543
22 919 1035 2067 2872 3160 3348 3642 3734 3885 3982 4121 4315 4508 4729 5005 6246 7229 8074 8152 8707 8748 9278
40 45 238 239 410 704 986 2056 2189 2273 2278 2357 2704 3043 3444 3532 3604 3827 3830 3954 4145 4394 4872 5050 5312 5328 5749 6751 7062 7495 8184 8290 8464 9015 9068 9138 9400 9429 9636 9815 9855
20 1180 1325 1331 2588 2739 3378 4728 4787 5018 5427 6055 6318 6908 6932 7720 7998 8357 8837 9050 9721
30 1130 1642 1702 2204 2399 2904 3127 3224 3886 3902 4142 4429 4546 4804 4814 5004 5335 5960 6126 6254 6341 6479 6510 6971 7771 7850 8244 8857 8886 9790
37 42 468 719 927 1001 1276 1436 2402 2845 2870 2969 2985 3075 3140 3589 3687 3704 3807 4156 5172 5223 5240 5438 5601 5627 5765 5876 6343 6556 7841 7967 8006 8182 8523 8959 9559 9831
34 62 325 349 959 1138 1304 1424 2252 2905 2965 3101 3184 3448 3647 3735 3804 4041 4267 4464 4474 5048 5608 5668 6008 6100 7184 7616 7851 8136 8497 8537 9408 9753 9898
29 426 514 881 1370 1568 2408 2422 3667 3900 3990 4391 4418 4472 4572 5573 5662 5988 6169 6196 7063 7437 7602 8086 8101 8185 8269 8338 9218 9273
28 482 1302 1839 1895 2468 2624 2638 2887 3692 3888 3949 4443 4939 5236 5343 5431 5493 5746 6224 6781 6979 7071 7582 7907 8635 8742 9563 9659
39 51 273 316 1060 1330 1715 1757 1796 1954 2264 2387 2566 2671 2763 3312 3638 3839 3937 4006 4210 4246 4272 4712 5636 5951 6174 6433 6831 6848 6923 7205 7767 8337 8702 8900 9135 9602 9676 9911
19 175 1334 3459 4237 4607 4816 5103 5415 5470 6422 6914 6925 7523 7977 8072 9147 9752 9822 9983
12 397 2365 2461 3773 4096 4184 6494 6525 7853 7858 8208 9781
30 424 1039 1465 1561 1574 2082 2509 2838 3847 3920 4130 4536 4815 4840 5371 5389 5708 5931 6150 6215 7537 7568 7645 7887 7889 8030 8521 9846 9888 9999
43 48 569 856 894 1209 1237 1244 1484 1605 1860 1939 2406 2453 2523 2774 2973 3146 3277 4045 4586 4621 4817 5245 5507 5550 5611 5633 5673 5821 5925 5975 6273 6295 6881 7170 7199 7384 7729 7783 8365 8706 9045 9606
23 557 609 938 2457 2528 2658 3135 3255 3321 3458 3729 3909 4543 4920 5405 5479 6477 6606 7407 8250 8476 9419 9520