22 302 490 715 930 933 2140 3259 3551 4810 5602 6003 6109 6868 6938 7580 8166 9026 9038 9219 9264 9474 9804
37 47 321 355 746 934 975 1154 1176 1804 1897 2846 3179 3207 3275 3330 3618 3880 4707 4748 4873 5743 6232 7110 7267 7543 7571 7688 7926 7989 8079 8082 8414 8899 8970 9194 9196 9540
16 327 1332 2858 2898 3722 4242 4273 6164 6481 6977 7492 8116 8383 9002 9556 9664
33 106 245 559 1226 1418 1742 2141 2170 2337 2796 2832 3376 3462 4546 4646 4662 4934 4966 5285 5369 6073 6078 6574 6861 7091 7140 7480 7987 8308 8600 9165 9192 9366
26 48 669 1299 1862 2160 2335 2540 2741 2945 3124 3280 3587 3867 5100 5606 5628 6081 6226 6261 6660 6819 6870 7188 7928 9330 9661
31 522 677 783 1028 1295 1579 1844 2025 2114 2263 2778 3849 4139 4324 4880 5060 5235 5546 5551 6398 6479 6522 6656 6991 7358 7538 7877 7898 8563 9443 9542
30 78 120 683 834 856 859 1228 2055 2118 2308 2424 2428 3092 3109 3844 3873 4465 4604 5259 6254 6403 6593 6899 7459 7780 8496 9227 9257 9340 9389
25 1029 1208 1581 1764 2673 2912 3390 4022 4142 4296 4793 4849 5719 6009 6128 7443 7621 8010 8141 8575 9091 9302 9435 9501 9836
29 5 208 334 726 970 1704 2046 2295 2679 3094 3363 3516 3615 3701 4037 4049 5381 5460 6012 6300 6893 6946 7094 7932 8060 8092 8846 9054 9650
8 3008 4360 4529 5833 6314 6687 6773 7077
27 519 990 1366 1599 1679 2558 2932 2940 2980 3665 4982 5026 5352 5450 5582 6618 7066 7131 7323 7524 8375 8831 9319 9343 9594 9984 9986
43 12 13 183 305 446 547 1186 1787 2182 3144 3265 3306 3600 3605 3672 4199 4282 4730 4753 4767 4980 5355 5363 5506 5540 5986 6016 6108 6443 6703 7201 7428 7435 7566 7672 8023 8067 8090 8121 8386 8637 9361 9505
32 545 602 923 1246 1819 1920 1976 2311 3601 3631 3917 3957 4355 4670 5138 5293 5607 5798 5935 6121 6155 6296 6730 7317 7425 8210 8267 8505 8834 9862 9881 9955
22 774 1340 1468 2508 2550 2827 5179 5200 5333 5876 6620 6824 7336 7709 8025 8156 8299 8337 8925 9118 9639 9773
29 82 611 690 839 1100 1649 1670 1948 2169 2301 2498 2503 2840 3699 3804 4671 5056 5790 5875 6088 7050 7271 7975 8269 8653 8683 8742 9626 9908
31 700 1279 1478 1608 1640 1743 2515 2652 3530 3553 3642 3836 4366 4521 4814 5037 5227 5494 5672 5775 5787 7055 7070 7570 7991 8346 8655 9360 9414 9695 9709
20 649 810 1095 2374 2669 3060 3086 3217 3388 4650 5303 5411 6144 6755 7158 7503 9154 9281 9654 9813
21 72 95 171 280 1123 1317 1469 1716 2256 2568 3387 4754 5088 7786 7792 7860 8017 8132 8510 8539 9545
26 261 364 1026 1286 1727 2318 2477 3940 4736 4889 4953 5116 5123 5191 5586 6889 7178 7185 7495 7693 7927 8089 8268 8940 9386 9562
29 796 1256 1359 1504 2008 2028 2325 2457 2512 3656 3969 4619 4640 6129 6693 6765 6811 6814 6845 7027 7069 7680 7889 8144 8530 8714 9430 9486 9958
27 92 266 882 1789 2006 2092 2209 2244 2433 3348 3680 3737 3794 4023 4156 5744 6209 6474 6614 6767 6906 6932 7059 7477 9580 9682 9867
15 19 616 2200 2223 2432 2651 2950 3424 5702 5839 6148 7227 7761 8954 9506
14 115 1871 3458 3676 3697 4884 5012 5038 5240 6293 6543 6957 7334 8069
36 156 399 871 986 2190 2354 2707 2817 2868 2957 3041 3097 3195 3522 3655 3813 4165 4226 4882 5180 6245 6318 6752 6871 7244 7339 7757 8262 8366 8427 8528 8648 9104 9258 9944 9974
22 825 1709 2110 2959 3742 3789 3906 3958 4933 5022 5195 5250 5631 6485 6540 6928 7265 7689 8479 8738 9822 9870
29 179 228 352 939 1330 3292 4373 4586 5208 5319 5400 5781 5994 6555 6859 7229 7422 7988 8005 8093 8216 8311 8424 8483 8507 8979 9205 9236 9333
16 1066 2016 2036 2187 2469 3072 3484 3975 6270 6806 6829 7036 8631 8882 8955 8960
11 423 1189 1197 1726 2697 3317 3934 4891 6366 8592 9270
24 581 1285 1387 1446 1605 1769 3985 4227 4489 4714 4951 5433 5453 5459 5738 6402 6577 7484 7698 7851 8000 8158 9152 9742
37 805 1115 1401 1408 2535 2641 2702 2812 2931 3071 3286 3375 3443 4151 4158 4262 4977 5011 5020 5567 5712 5948 5961 6120 6502 6564 7056 7292 7407 7754 7846 7887 8103 9529 9827 9874 9994
27 237 658 1801 1874 2194 2440 2513 3127 3785 3795 4228 4505 4927 4950 4963 6658 7193 7260 7658 7749 8088 8986 9159 9177 9357 9368 9940
20 566 675 1075 1165 3243 3879 4540 4853 4912 5064 5300 7676 8101 8540 8694 8962 9025 9124 9232 9774
42 163 757 1381 1499 1614 2038 2167 2358 2524 2803 2941 3397 3650 3687 3887 4078 4490 4494 4856 4872 5014 5204 5543 5547 6014 6018 6214 6734 6816 6849 7017 7287 7341 8035 8264 8322 8928 9426 9469 9693 9848 9972
28 395 733 808 932 1120 1515 1706 1791 2212 2238 2890 2953 3174 3276 3580 3624 3643 3807 6250 6365 6692 7318 7531 7705 8569 8583 8945 9107
13 752 1104 1434 2597 3411 3695 4313 4588 5314 5396 5758 7174 7203
30 252 625 674 1308 2048 2215 2368 3816 4259 4883 5110 5113 5266 5309 5855 5891 5910 6421 6448 6494 6768 6864 7258 8587 8723 8923 9024 9222 9355 9716
34 668 968 1116 1450 1455 1463 2014 2049 2721 2742 3025 3329 3814 3866 3890 4200 5214 5367 5685 6217 6374 6439 6529 7276 7465 8059 8097 8259 8715 8762 8888 9301 9441 9950
10 182 1586 2449 3740 3936 5517 5953 7974 7981 8378
15 3 293 596 2125 2251 2542 2706 3296 4948 6143 6477 6535 6999 8356 9926
26 894 1009 1155 2262 2676 2708 2780 3391 3504 3612 3899 4114 4177 5291 5495 5590 5955 6184 6792 6909 7454 7983 7997 8014 8401 9373
28 119 311 453 574 777 914 1239 1312 1675 1857 2719 2954 3482 3619 3903 4424 4792 5106 5936 6133 6826 6833 8085 8403 8463 9384 9663 9980
25 299 916 1313 1526 1918 2127 2386 2485 2789 2883 3630 4636 4655 5198 5845 5881 6401 7010 7520 8556 8610 8757 9056 9398 9411
25 133 362 665 944 1519 1576 1790 1842 2097 2367 3146 3828 4251 4968 5898 6989 7054 7360 7628 7639 7921 8163 8325 8709 9859
12 836 2164 3181 3422 3502 3942 3978 5092 6775 7023 8123 8766
23 1180 1386 2076 2227 3102 4985 5767 6117 6166 6855 6968 6997 7116 7220 7223 7327 7399 7429 7591 7605 7659 9656 9755
23 432 908 1107 1430 1509 3034 3324 3944 4500 4899 6039 6208 7114 7291 7412 8119 8542 8611 8919 9163 9168 9184 9513
19 44 138 509 608 881 1809 2446 2635 3340 3991 6147 6740 8170 8473 8486 8898 9275 9381 9762
23 420 761 1015 1083 1403 2047 2407 3133 3910 4127 4697 5708 5835 5879 5928 6171 6686 7122 7620 7623 8847 8896 9628
13 1382 1396 1961 2765 2966 3408 4160 4785 5424 6996 7743 9895 9970
27 454 613 802 1131 1202 1972 2003 2627 3009 3063 3294 3527 3889 4731 4751 5122 5443 5704 5789 6301 7542 8100 8252 8485 9601 9771 9894
25 1061 1273 2760 2901 3471 4573 4690 4887 4936 5021 5550 5676 5783 6139 6222 6253 6520 6866 7573 7673 7964 8720 9242 9597 9658
23 303 457 605 1271 2243 2642 2655 2823 2871 3229 3277 3824 4122 5554 5757 6036 6395 6951 7572 8134 8654 9471 9572
34 79 150 190 474 494 503 572 678 912 1851 1936 2970 2981 3234 3488 4040 4171 4287 4564 4919 5254 5649 5705 5965 6194 7041 7285 7662 8735 9648 9700 9803 9832 9931
27 104 344 473 1118 1214 1368 1390 1719 1997 2075 3454 3562 3709 3856 4447 4527 5094 5202 5295 6106 6130 6158 6533 7351 8447 9767 9860
30 201 444 904 1529 1775 2143 2239 2943 3068 3104 3332 3604 3952 4042 4075 4138 4634 4663 4844 5284 5691 6438 6721 6820 6920 8434 8911 9353 9476 9814
31 389 988 1400 1570 1695 1908 1929 1987 2045 2413 2845 2903 3704 3937 5390 5810 6057 6114 6239 6315 7682 7725 7775 8007 8819 8843 9084 9133 9241 9479 9490
34 684 1014 1056 1111 1243 1954 1960 2002 2029 2058 2279 2288 2629 2793 3062 3145 3486 4344 4346 6087 6137 6334 6394 6537 6569 6578 6579 6998 7037 7208 7391 7931 9351 9891
34 253 286 555 633 788 931 1117 1348 1353 1795 2364 2419 3416 3662 3963 4067 5047 5237 6098 7040 7129 7911 8253 8407 8867 9035 9042 9126 9208 9324 9391 9603 9629 9777
22 91 172 735 3263 3335 3606 3861 3950 4798 5360 6440 6638 7024 7943 7949 8165 8462 9284 9482 9588 9800 9922
21 497 759 991 1119 2522 2619 2833 3268 3270 3863 3951 4073 4559 7119 7536 7598 7694 8197 8213 8289 9142
16 797 969 1759 3954 4093 4418 4652 5629 6648 6747 7801 7831 8549 9207 9464 9949
26 267 592 1361 1966 2500 2683 2939 3003 3593 3775 4103 4201 4687 5033 5187 5216 5353 5415 6446 7404 8040 8498 8756 9122 9561 9953
27 192 529 755 1171 1327 1681 1946 2927 3014 3498 4233 4558 4597 5804 6160 6251 6488 6990 7241 7655 7965 8169 8185 9356 9363 9558 9852
35 105 186 620 764 799 1531 1780 2022 2108 2117 3085 3395 3431 3560 3977 4315 4493 4840 4952 5153 5799 5976 6750 7290 7772 7848 8279 8503 8591 8975 9080 9313 9322 9753 9763
26 231 653 2363 2523 2686 2764 3360 3442 4430 4431 4770 4827 4911 6033 6281 6487 6586 6738 7753 7844 8692 8794 9096 9170 9458 9548
19 489 1032 1125 1877 2068 3314 3622 4163 4896 4947 5944 5996 6150 6625 7021 7137 7925 8277 9526
18 1183 1616 2634 2918 2934 3490 4768 5168 5279 5813 6105 6856 6915 7601 8208 9129 9364 9747
24 408 488 902 1391 2671 4925 4996 5289 5325 5475 5658 5732 5763 5889 5952 6231 6414 7108 7947 8239 8797 9206 9316 9854
26 496 744 1109 1703 1940 2219 2766 3200 3512 3558 4510 4661 4921 6416 6462 6787 6810 6942 7896 8080 8124 8438 9106 9149 9395 9757
22 518 546 560 570 1829 2389 3511 3570 3578 3702 4308 4628 5183 5307 5513 6700 6931 6987 7350 8493 8497 8796
8 1537 3156 3712 4374 7704 8280 8590 8895
30 174 277 972 1127 1311 1838 2153 3239 3495 4419 4499 5258 5371 5760 6053 6286 6444 6621 6786 6959 7160 7274 7734 7884 8171 8430 8799 8889 9470 9592
40 76 187 331 367 695 841 880 1001 1211 1740 2328 2556 2723 2756 3048 3123 3222 3227 3299 3327 3434 4101 4316 4772 5220 6005 6163 6267 6613 6842 7793 7938 8126 8541 8687 9495 9574 9633 9775 9863
30 288 530 1177 2296 2417 3170 3874 3878 4136 4213 4515 4723 4978 5632 5992 6219 6562 7518 7597 7776 7999 8034 8453 8632 8758 8901 9055 9087 9130 9182
24 121 332 410 1731 1937 2359 2464 2963 4756 4960 5209 5469 5900 6092 6131 6450 6662 7019 7272 8050 8075 8739 9017 9407
22 127 166 854 1012 1174 1439 2504 2769 3093 3668 4236 4632 4724 4729 6567 6772 6877 7100 8351 9544 9599 9871
33 160 949 1147 1245 1407 1517 1543 2024 2281 2527 2528 2881 2899 3421 3838 4502 4516 4835 5061 5570 5834 6350 6822 7198 7420 7533 8408 8620 9172 9341 9610 9802 9919
32 1587 1796 1835 2023 2214 2466 2533 2752 2956 3500 3773 3830 4024 4932 5160 5173 5308 5747 5962 6031 6571 6916 7022 7136 7522 7523 7528 7619 8333 8391 9305 9465
14 70 553 1027 2178 3067 3095 4432 6970 7238 7627 8601 8621 8795 9463
22 687 866 1338 1610 1823 2391 3214 4017 4404 5916 5983 6099 6390 7142 7168 7234 8048 8452 8566 8926 9320 9532
27 84 842 905 1215 1241 1826 1856 2399 2740 2799 3169 3281 3339 3698 4210 4578 4594 4669 5863 5998 6330 6542 6653 6983 6993 8956 9076
15 840 953 1041 2136 4011 4651 4673 4759 5190 6636 7969 8164 8429 8862 9436
20 239 250 1094 1360 2830 3013 3253 3300 3959 5321 6118 6123 6247 6630 7294 7998 8190 9101 9280 9321
30 6 257 398 479 763 862 1053 1590 1674 2027 2207 2360 2536 2605 3457 3967 4252 4553 5114 5385 5907 6575 7157 7247 8032 8189 8696 8880 9468 9655
33 320 487 1367 1932 2032 2394 2563 2768 2863 2928 3415 3819 3984 4845 4877 4979 5016 5066 5079 5256 5769 5811 5963 6043 6294 6948 7197 7624 7893 9068 9071 9585 9783
24 563 612 966 1022 1894 2511 2875 3803 4776 5201 5421 5509 6047 6211 7476 7795 8024 8374 8441 8932 9145 9483 9637 9904
35 622 1752 2133 2385 2416 2586 2725 2917 3211 3220 4031 4074 4180 4261 5222 5357 5639 5899 6038 6283 6340 6666 6732 6735 6761 6886 7072 7381 7464 7609 8063 8689 9022 9151 9472
19 272 713 1748 2173 2290 2377 2625 2722 2811 4238 4399 4708 5497 6975 7207 7261 7431 9587 9615
34 122 644 852 1058 1262 1980 3629 3893 4128 4302 4481 4644 4706 5322 5434 5435 5684 5701 5740 6079 6185 6697 6976 7098 7854 8021 8072 8361 8397 8432 8814 9073 9635 9820
20 760 1043 1597 1928 2174 2497 3089 3763 4498 4648 4895 5141 6030 6329 6673 7248 7466 8380 9282 9428
9 50 926 2703 2888 4710 5267 6452 8695 9913
36 162 234 431 537 639 2163 2790 2843 3414 4070 4265 4276 4429 4454 4519 4870 5241 5278 5487 5746 6102 6125 6459 6464 6509 6516 7159 7738 7977 8623 8949 9291 9566 9573 9649 9948
27 251 480 1158 1242 1487 1931 2004 2053 2106 2801 3057 3364 3805 3930 4507 4539 4771 4924 6313 6544 6722 6980 8535 8557 8879 8952 9977
13 37 758 818 1233 1490 2460 3533 3728 4008 5131 6195 6615 9244
23 259 371 1397 1957 2221 2286 2530 3047 4629 5002 5362 5621 5945 6021 7043 7171 7482 8180 8274 8472 8703 9082 9901
27 336 485 1063 2770 2969 3172 3295 3507 4609 5009 5741 5989 6419 6514 6634 6637 6683 6956 7348 7649 8056 8245 8548 8670 8765 9235 9673
29 23 296 338 707 2091 2271 2362 2626 2838 3284 3315 3686 3718 3744 3839 4029 4523 5230 6093 6668 6751 8043 8596 8884 8965 9009 9519 9678 9715
28 388 1339 1402 2020 2388 2581 2880 3302 4223 4232 4270 4839 5143 5471 5652 6391 6611 6756 7254 7486 7554 8394 8910 9057 9438 9549 9652 9710
24 500 937 945 979 1567 1648 1921 2144 2580 3478 4544 4780 4842 5147 5335 5377 5728 6328 7299 7379 7421 7863 8983 8984
36 141 219 319 1213 1501 1840 2039 2621 2783 2906 3043 3493 3546 3653 4666 4795 5265 5394 6019 6264 6351 6447 6935 7139 7376 7458 7637 7986 8049 8249 8436 8523 9120 9329 9825 9843
38 124 146 312 375 383 985 1424 1651 1653 3040 3840 3897 4300 4403 4486 4679 4984 5093 5102 5159 5406 5694 5766 6056 6124 6629 7052 7133 7866 8188 8400 8467 8782 9288 9290 9413 9447 9630
31 507 582 586 800 1073 1426 1476 1816 1864 1919 2094 2317 2587 2602 2885 2989 3389 3846 4099 5376 5591 5776 5883 6146 6396 6436 6825 6913 7308 9201 9493
17 38 246 400 539 1079 1425 2341 3933 4812 4852 4905 5456 5849 5990 6165 6978 7960
36 90 861 1036 1824 2184 2714 2804 3118 3125 3193 3577 3706 4169 4283 4534 4732 4945 5121 5479 5664 6266 6346 6690 6809 7138 7826 7837 8130 8270 8531 8580 8838 9001 9335 9383 9568
10 139 1050 1559 2604 4263 6080 7410 7643 7895 9508
25 412 557 1153 1198 2043 2666 3038 3304 3466 4538 4993 5431 6083 6094 7102 7113 7239 7785 7796 7859 7930 7993 8488 9113 9460
23 93 380 748 1237 1354 2856 3396 3696 3973 4387 4867 5592 6362 6642 6780 6941 7415 7567 7820 8012 8204 9005 9625
30 39 699 994 1505 1845 2231 2715 2951 2982 3293 3654 4030 4131 4299 4746 5132 5447 5576 6076 6716 6815 7165 7333 7902 8187 8946 9047 9200 9546 9801
28 702 1108 1249 1328 1683 2643 3030 3283 3473 3476 3731 4381 5007 5058 6291 6568 6573 6604 6699 7115 7372 7607 7616 8574 9239 9564 9806 9961
35 126 318 865 895 1069 1814 2403 2876 3090 3433 3543 3853 4459 4703 4711 4715 4805 5197 5633 6170 6289 7053 7064 7439 7551 7589 7660 8133 8384 8410 8681 9299 9645 9830 9861
46 210 349 993 1077 1128 1422 1443 2603 2711 3178 4019 4121 4222 4279 4352 5125 5269 5812 6227 6246 6322 6484 6590 6650 6736 6847 6992 7063 7284 7312 7617 7732 8041 8054 8284 8579 8638 8652 8705 8944 9061 9103 9418 9524 9758 9935
21 326 1474 2675 3451 3657 4698 6228 6385 6534 6635 6665 6748 6902 7442 7807 8078 8865 9245 9425 9496 9528
27 7 200 202 1086 1518 1698 1783 2499 2685 3134 4613 5217 5970 6279 6339 6553 6608 6708 7042 7045 8052 8221 8777 8833 8941 9286 9452
26 168 211 711 782 1677 1688 1866 2237 2292 2919 3913 3961 4268 4389 4684 6517 7012 7279 8016 8286 9006 9119 9166 9337 9600 9677
20 843 2225 2872 2921 3069 3198 4443 4444 6602 6807 7612 8047 8492 8615 8616 8822 9621 9765 9785 9936
25 129 151 927 2216 2493 2821 2884 3126 3616 4377 5109 5439 5544 5950 5968 6702 7011 7463 7806 8644 8885 8971 9051 9721 9835
30 60 343 484 918 1146 1554 1767 2397 2459 3157 3481 3832 3901 4340 4525 4649 4913 5005 5025 5326 5339 5901 7149 7262 7678 7886 8261 8810 9367 9817
27 0 437 499 789 1428 1684 2166 2193 2203 3018 4894 4909 5018 5841 6068 6154 6753 7134 7755 8137 8196 8214 8349 8572 9226 9422 9659
21 55 111 341 2246 2411 2520 2710 3518 3585 3966 5482 5827 5856 6425 7008 7436 7905 8203 9325 9466 9925
28 281 310 468 1836 2018 2470 2701 3644 4592 5099 5752 5894 5895 6025 6119 6178 6206 7135 7625 7962 8478 8729 8736 9028 9605 9738 9947 9983
38 43 131 822 828 1398 1600 2123 2507 3162 3368 3847 4256 4659 5111 5831 6585 6725 6758 6763 6781 7219 7356 7386 7396 7487 7677 7923 8243 8251 8282 8508 8682 8690 8858 8878 9141 9228 9945
18 103 476 3980 4033 4125 4522 5637 5725 5867 6086 6503 7537 7574 7669 8057 8385 8763 9929
32 504 1042 1342 2005 2098 2150 2255 2584 2808 2824 2999 3778 3999 4083 4135 4358 4641 4791 5276 5877 5912 6369 6501 7214 7490 7559 7667 7711 7833 8509 9487 9761
28 740 844 1074 1139 1613 1652 1846 1923 2851 3509 4322 4665 4742 4808 5248 5287 5577 5846 5966 5979 6777 7816 8551 8698 8759 9191 9198 9563
30 33 177 482 594 1464 2820 3143 3152 3715 3799 4118 4311 4536 4541 4893 5537 5771 5903 6348 6759 6770 7015 7310 7401 7569 7823 7874 8338 8340 8437
23 712 754 1138 1210 1334 1702 1737 1839 1906 2578 2909 3468 3935 4218 5059 5384 5847 6817 7120 7838 8613 8863 9727
19 236 534 892 1988 2307 2346 3678 3777 4047 4234 5270 6284 6427 6879 8129 8859 9044 9392 9527
24 112 641 1067 1951 2712 2972 3141 3681 3741 3753 4239 4393 5452 5552 5734 5753 5897 6255 6782 7117 7805 8345 8727 9602
20 64 685 1258 1607 1841 2120 2373 3858 3898 4605 5136 5219 5873 6308 7346 7367 7700 7897 9229 9304
32 74 134 416 548 998 1297 1556 2405 2659 2674 2815 2944 3418 3567 3598 3638 4306 4888 4903 5104 5589 6499 6737 7004 7330 7547 7719 8084 8704 8711 8748 8776
23 53 768 1993 2148 2240 2759 3020 3099 4111 4277 6480 7218 7235 7602 8324 8466 8803 8857 9338 9575 9699 9849 9918
17 368 743 1225 1371 1375 1685 3436 4176 5730 5869 6048 6256 7653 7690 8227 8238 8784
36 382 614 734 982 1010 1039 1203 1573 1927 2082 2396 2662 2682 2724 3042 3517 4231 4660 4970 5301 5580 5866 6341 6596 7130 7228 7540 7829 8094 9095 9277 9400 9518 9764 9816 9998
31 976 1655 1761 1880 1995 2172 2217 2340 2748 2873 3357 3796 4147 4288 4617 4876 4949 5126 5247 5750 6595 6651 7144 8313 8808 8996 9262 9523 9554 9555 9815
18 107 216 1860 2797 2985 3607 4554 4907 5068 5076 5457 6908 6934 7432 7919 8003 8864 9382
21 1033 1072 1944 2122 2777 2924 3019 3614 3634 4172 4327 5420 5451 5843 6050 6746 7044 7246 7586 8315 8586
28 436 447 704 821 1190 1374 2268 2942 3554 3710 3802 4511 5105 5516 6198 6287 6679 6741 7170 7347 7414 7830 8055 8360 8519 8848 9247 9504
15 15 434 3692 3725 3955 4372 4743 5368 5679 6029 7206 7473 8068 9497 9533
32 248 452 1141 1930 2210 2531 2557 2638 2672 2794 2860 3001 3611 4254 4480 4513 4811 5299 5533 6552 6576 7014 7093 7389 7423 7509 8502 8805 8817 9248 9516 9886
22 2137 2431 3119 3196 3373 3506 4034 4183 4466 4721 4860 5959 6640 7192 8480 8487 8537 8584 9180 9457 9750 9897
17 470 1372 1647 3173 4321 4622 5207 6661 6733 7424 7763 8413 8894 9037 9667 9795 9829
34 52 185 541 623 950 962 1389 1496 2310 2492 2495 2755 2892 2958 3158 4365 4680 4825 5215 5462 5697 5761 5780 6456 6518 7013 7861 8533 9276 9535 9624 9745 9856 9872
27 117 128 154 1289 1549 1729 3205 3419 4560 4817 5119 5382 5932 6035 6356 6742 6808 7191 7470 7821 8470 8660 8779 9347 9421 9475 9976
19 1098 1369 2609 2866 3345 3827 4757 5184 5458 5527 5736 6233 7305 8336 8439 8455 8558 8768 8823
18 169 742 855 1185 1661 1700 1705 2998 4241 5404 5913 7263 7357 8314 8605 8737 9128 9233
32 374 384 681 716 965 1252 1351 1863 2218 2344 2488 2994 3055 3244 3254 3588 4064 4115 4561 5454 5504 6263 6426 6681 6965 7632 7654 8209 8554 8716 8836 9434
30 714 887 898 1760 2357 2436 2481 2965 3091 3541 4624 4704 4789 5210 5880 6002 6349 6511 7384 7630 7882 7958 8800 9186 9590 9643 9668 9792 9810 9850
17 762 2303 2472 2886 3450 3583 3724 4191 4217 4590 4599 4602 4938 6107 6922 7447 8117
37 300 1087 1358 1512 1934 2132 2517 2791 3044 3350 3535 3651 3921 4026 4483 4552 4566 4992 5186 5393 6072 6310 6675 7065 7474 7519 7535 7736 7791 7867 7933 8030 8301 8381 8912 9332 9683
7 706 4692 4787 5473 7695 7699 9183
25 775 2019 2175 2283 2376 2392 2502 2925 3948 4606 4627 4886 5557 5975 6085 6981 7313 7560 8066 8305 8671 8724 9417 9541 9987
18 587 996 1051 1103 1196 1346 1392 1847 1878 2222 2562 3432 3749 5164 5545 5918 7437 8178
35 67 100 113 249 271 576 664 924 2264 3045 3177 3189 3782 3788 3820 4343 4689 4720 4778 6140 6363 6921 7035 7468 7563 7768 7812 7852 8933 9117 9125 9296 9412 9714 9927
31 628 1060 1101 1227 1321 2056 2234 2908 3074 3110 3166 3238 3344 3717 4319 4362 4657 5338 5519 5529 5662 6298 6441 6449 6491 7427 7644 7722 8547 8761 9157
22 230 333 1132 1287 1323 1347 2668 3210 3319 3352 4642 4819 5070 6881 7085 7183 7293 7769 8635 8791 8905 9040
40 213 290 812 940 1473 1657 1971 2176 2206 2232 2746 2775 3394 3620 3989 3998 4054 4303 4722 4765 5595 5665 5698 5706 5892 5919 6271 6336 6616 6779 6858 6918 7587 7631 7696 7819 8593 8668 9431 9975
26 357 827 1070 1142 1385 1440 1583 1747 1903 2224 3100 3197 3501 4267 5561 5641 5667 6040 6303 6594 7972 8195 8807 8876 9132 9502
34 347 462 646 769 1040 1822 2235 2525 3065 3164 3206 3224 4084 5477 6127 6437 6498 6588 6933 7298 7337 7561 7744 8231 8295 8393 8421 8677 8977 9310 9560 9632 9642 9707
15 1035 1973 2266 2501 3250 3410 4293 6331 7062 8263 8891 9223 9718 9851 9985
17 1064 1423 1708 1728 1996 2792 3380 3976 4530 4595 5224 5272 5861 6663 8087 8459 9855
26 314 373 724 1193 2378 2738 2877 3176 3536 4018 4027 4082 4275 4406 5340 5463 5491 5718 6619 6821 7007 7517 8031 8837 8988 9352
31 56 401 483 670 1575 1774 2974 3075 3204 3542 3759 4476 4939 4989 5507 5515 5541 5594 5884 6110 6415 6783 7002 7289 7307 7392 7471 7904 8004 9256 9839
8 2297 6711 6963 7494 8046 8387 9175 9250
16 197 551 1071 1309 1615 1891 1994 2696 2807 6853 6857 7232 7879 8220 9251 9346
18 450 1525 2074 2146 2285 2434 3073 3113 3556 4140 4175 4342 4473 5029 5572 8778 8844 9155
31 466 879 891 1082 1199 1230 1435 1629 1720 2199 2395 2591 2665 2688 4423 4455 4601 5130 5444 5830 6229 6373 7163 7378 8013 8624 8754 9134 9442 9885 9969
37 116 135 464 722 806 1078 1217 1274 1281 1318 1560 1584 2115 3061 3272 3403 3595 3825 4353 4391 4467 4631 4664 5803 6007 6010 6887 6926 7349 7957 8828 9043 9339 9559 9669 9671 9996
22 51 295 549 1419 1916 2654 3474 4248 5057 5124 5139 5914 6306 6420 6739 6914 7426 7751 7759 7940 8115 9512
31 254 1003 1209 1337 1380 1410 1479 1638 2198 2253 3247 3351 3563 4009 4020 4904 4906 5320 5470 5624 5754 5801 5808 6213 6515 6530 7701 8102 8396 8422 8707
35 27 426 1088 1164 1166 2102 2151 2694 2718 2978 3064 3199 3201 3321 3467 4071 4198 4504 4608 5233 5366 5774 6221 6384 6399 7309 7397 7582 8237 8319 8388 8675 8871 9034 9323
22 809 980 1458 1604 2585 2620 2837 3115 3159 3285 3386 4396 4804 6325 7209 7499 7906 8420 8917 9018 9477 9670
38 155 178 397 542 983 1465 1489 1805 2116 2282 2475 2979 2991 3288 3369 3453 3564 3569 3761 3871 4050 4442 4833 5199 5218 5242 5288 5361 5642 5731 5820 6646 7579 7888 8222 9063 9213 9278
32 273 1220 2211 2324 2736 3409 3425 3658 3674 4072 4438 4518 4868 5063 5229 5263 5511 5703 6182 6192 7005 7101 7216 7850 7868 8077 9253 9423 9489 9507 9784 9880
9 531 1547 2907 3439 3919 5178 6069 8111 9345
27 16 573 606 974 1149 1194 1460 1786 2044 3326 3938 4401 4589 5096 5854 5911 5915 6101 6241 6305 6433 6671 7296 8258 8985 9116 9612
28 643 1160 1558 2177 2323 2727 3255 3301 3404 3974 4329 6103 6204 6257 6288 6434 6718 6882 7275 7434 7462 7642 8022 8176 8513 8755 9210 9598
33 1055 1137 1148 1540 1750 2090 2156 2233 2284 2451 2647 2667 3031 3218 3837 3927 4109 4120 4192 4357 6580 7047 7446 7787 8118 8212 8290 8458 8491 8989 9531 9884 9952
13 8 508 1546 1762 2096 2463 4400 5797 6523 7703 8809 9088 9214
25 49 58 2121 2582 2713 3237 3764 3860 4167 4281 5351 5488 5501 5531 6386 6445 7083 7634 7822 8341 8355 8659 8937 8990 9879
22 330 1912 2015 2482 3192 3610 3997 4182 4591 4809 4998 5584 5681 6333 6696 6972 7175 8426 8546 8567 8972 9701
22 577 1110 1267 1467 1488 1603 1632 2543 2728 2757 3120 3412 3489 4464 6015 6142 7270 8327 8634 8958 8999 9049
22 158 523 585 710 1204 1514 1956 2089 4524 4532 5474 5575 6774 6994 7177 8064 8073 8192 8404 8562 9728 9911
19 270 1057 1357 1491 1870 3037 3384 3621 4016 4055 4062 4189 4356 5172 5403 7916 8440 8465 8522
27 1344 1416 1598 2007 3012 3328 3690 3886 4583 4584 4667 4790 5391 5700 5851 6368 6587 6954 7032 7250 7398 7891 8033 8120 9267 9444 9689
33 730 751 756 792 1296 1516 1707 1745 1965 2387 3106 3981 4638 4737 4929 5140 5568 5832 6064 6112 6492 7167 7718 7726 7809 7950 8152 8435 8680 8840 8881 9295 9819
17 929 1178 1687 1754 2201 3175 3548 4301 4675 4700 6532 6557 6895 7152 7332 7728 9273
31 240 422 701 741 925 1298 1541 2640 2720 2949 2973 3066 3208 3318 3446 3485 3544 3661 4098 4349 4531 5523 6539 6652 7048 7221 7836 8076 8511 8585 9705
30 123 440 498 569 1394 1461 1592 2101 2402 2705 2771 2937 3185 3855 4220 4788 4869 4967 5050 5144 6126 6357 6531 6986 8260 8913 9781 9821 9933 9988
18 798 1889 2062 2639 6243 6278 6302 6884 7074 7953 8015 8344 8649 9174 9660 9703 9833 9914
20 1150 1692 1788 2935 3000 3079 3669 4028 5733 6320 6541 7190 7564 7982 8368 8832 8998 9086 9604 9968
18 449 515 1498 1992 2390 2709 3748 4305 5437 5587 5671 5852 6248 7731 7835 8139 8651 9591
25 794 1532 2142 2331 2371 2865 3584 4439 5225 5410 5618 5840 6082 6084 6704 6744 6801 6835 7331 7411 8445 8785 8907 9190 9252
24 291 2476 3077 3566 4052 4146 4769 4777 5255 5268 5588 6397 6727 6769 6784 6860 7513 7545 7614 7767 7858 7968 9179 9272
39 264 340 441 448 776 1212 1568 1721 1746 2030 2400 2975 3341 3358 3377 4350 4422 4501 4509 4549 4695 4943 5118 5399 5413 5438 5609 5958 6691 8175 8225 8710 8749 8773 8851 9000 9041 9105 9782
23 992 1157 1219 1601 1968 2421 2426 2852 3417 3465 3972 4291 5422 5534 5829 6077 6731 7369 7899 8379 8433 9085 9883
14 1224 1522 1901 1935 2916 3576 4060 4174 4272 4796 5432 5956 7600 9003
27 385 501 1047 1307 1792 1933 2456 2598 3613 3826 4557 5010 5170 5348 5423 5536 5946 6423 7068 7180 8241 8405 8559 8561 9176 9898 9989
32 247 323 1218 1234 1319 1421 1502 2185 2339 2617 2645 2864 3675 4249 4359 4935 5304 6023 6215 6393 6717 7377 7606 7872 8045 8244 8842 9342 9515 9552 9740 9864
28 142 655 941 1093 1691 1902 1967 2050 2289 2322 2693 3519 3902 4202 4691 4937 4988 5155 5257 5539 6190 6230 7603 7629 8150 8482 8856 8931
30 521 636 747 1718 1763 2040 2922 2946 3151 3273 3371 3648 3679 3776 4116 4345 4797 4922 5039 5298 5724 6044 6901 7530 7712 8096 8109 9838 9932 9963
25 784 1269 1503 1744 1875 2059 2529 2576 3230 3470 3751 3798 3845 4376 4850 5015 6237 6519 8369 8626 9156 9292 9539 9686 9691
33 149 1092 1207 2021 2085 2112 2192 2467 2468 2613 2920 3023 3693 4208 4570 4571 4775 4815 4834 5004 5286 5359 5660 5793 6174 6187 6352 6844 7123 8098 8524 8663 9617
15 188 405 1672 2026 2539 4077 4433 5030 5167 5842 6172 8399 8495 9225 9611
45 535 604 638 676 936 1383 1437 1438 1794 1865 1895 2583 2822 2828 3274 3379 3575 4178 4214 4491 4734 4738 5530 5560 6196 6465 6610 6788 6878 6952 7255 7302 7322 7469 7638 7843 7869 8291 8328 8614 8818 8829 8963 9114 9279
26 461 601 1011 1102 1167 1304 1305 2034 3392 3962 3983 4205 4367 4397 5035 5864 6060 6600 6649 6682 7438 7489 7880 8526 9336 9380
38 42 322 435 495 647 1417 1506 1722 2158 2370 2461 2660 2836 3087 3426 3625 3641 3884 4058 4162 4975 5176 5347 5416 6252 6508 6556 6939 7182 7301 7460 7936 8186 8201 8835 8947 9215 9480
12 571 1415 1530 1975 3817 4137 5788 6361 6754 6874 6929 6960
19 910 1362 1538 1913 2145 2260 3154 3355 3427 4149 6468 7282 7406 7546 8202 8697 9079 9173 9397
15 28 414 2429 2644 3372 3524 3735 4747 5378 6647 7075 7328 8108 8181 9199
11 4166 4338 4830 4843 5239 6095 6276 7162 7724 7745 7777
34 793 875 1054 1329 1577 2699 2747 2849 3180 4725 4910 5034 5655 5784 5870 5927 5933 6052 6285 6800 7124 7151 7374 7635 7717 8460 8475 8798 8924 9115 9314 9419 9520 9778
10 175 558 1432 2111 3236 4181 6432 7090 8317 9809
16 459 1326 2069 4081 5045 5971 6179 6282 6377 6506 7555 7845 8019 8464 8861 9581
33 35 850 1659 2037 2247 2548 3186 4565 4863 4969 5072 5148 5329 5356 5548 5693 6167 6259 6526 7081 7900 7910 8051 8174 8377 8647 9204 9211 9609 9618 9665 9711 9887
29 18 1184 1797 1917 2462 2566 3223 3241 3362 3370 3529 3594 4298 5249 6156 6225 6454 6493 7364 7395 7782 7903 7929 8461 8760 8853 8904 9021 9070
32 209 278 381 419 696 772 1112 1673 1850 2181 2809 3307 3406 3965 4497 4677 4749 4828 4974 5271 5604 5651 5739 7394 7914 8053 8412 8661 9212 9237 9375 9826
15 144 218 589 1564 3153 4875 5027 5044 5117 5503 5635 5713 6513 6790 8870
22 1034 1253 1660 1985 2204 2361 2422 2664 2802 2896 2930 2961 4384 4820 5205 6024 6776 7935 7992 8665 9074 9148
34 255 890 1122 1129 1777 2042 2078 2093 2545 2782 2800 3080 3266 3783 4041 4898 5006 5024 5585 6235 6376 6823 6943 7558 7577 7604 8018 8081 8218 8323 8419 8793 9031 9312
35 32 148 433 597 942 948 1431 2099 2409 2936 2987 3647 3660 3671 3833 4015 4066 4105 4611 4859 5040 5640 5777 5795 6062 6797 6854 7500 7549 8287 8764 9433 9462 9786 9938
25 294 1018 1270 1333 1376 1643 1654 2258 2393 2904 4462 4990 5645 5785 6249 6471 6545 6633 6766 6793 6917 8320 8518 8959 9941
32 317 458 478 1195 1222 1257 2083 2624 2915 3540 3758 4727 4897 4901 4972 5244 5729 5778 6473 6527 6865 6873 6971 7061 7640 7878 7939 8155 8618 8679 8869 9543
10 621 2033 4426 5317 6834 6947 7205 7362 8173 8849
45 1 316 346 402 717 956 1404 1542 1974 2261 2332 2365 2452 2547 2565 2726 2819 2870 2911 2984 3188 3191 4246 4402 4563 5181 5203 5638 5647 6309 6664 7049 7173 7326 7413 7527 7790 7842 8233 8630 8708 9094 9224 9491 9794
23 1105 1982 2095 2321 2425 2447 2744 2784 3401 3659 4063 5008 5133 5858 5949 5973 6075 6173 6364 6460 8418 9052 9123
37 40 284 297 1076 1508 1859 1914 2414 2731 3378 3547 3626 3905 4013 4038 4186 4216 4410 4413 4484 4603 4656 4728 5280 5661 5906 6400 7179 7306 7445 7483 7613 8431 8686 8850 8914 9193
12 242 634 1023 1300 2352 3455 4150 4184 6961 7650 9060 9455
40 406 1449 1454 1492 1667 1725 1811 1827 2031 2437 2569 2571 2805 3231 3623 3663 3721 4046 4124 4129 5156 5695 5874 6136 6669 6843 6869 6925 7153 7176 7472 8335 8353 8504 8693 8734 8806 8966 9069 9920
20 75 404 1052 1188 1962 3757 3911 4108 4829 4915 5666 5824 5937 6355 6883 7277 7457 8183 9109 9403
18 145 1837 2100 3028 3928 4197 4235 4528 5036 5054 5782 6583 6605 7018 7118 7590 9188 9402
23 337 514 629 1926 3609 3800 4094 4312 4623 4900 5019 5032 5571 5818 5954 6260 6378 6410 7593 7670 8477 9287 9294
23 102 465 697 961 1755 1781 1911 2473 2986 3322 3711 4637 5643 5653 5722 6657 6728 7105 7508 7742 9349 9706 9928
28 256 2065 2575 2869 3155 3440 3568 3581 3771 3990 4394 4702 5323 5982 6145 6409 6453 6561 6804 6905 7449 7611 7648 7783 8219 8416 8536 9636
41 26 140 195 223 229 565 1096 1261 1292 1535 1548 1699 2070 2716 2717 2960 3361 4678 4685 5085 5228 5283 5486 5566 5819 6008 6290 6327 6749 7092 7226 7730 7800 7885 7944 8752 9692 9704 9759 9899 9959
17 390 635 666 1656 2299 2552 3130 3160 3862 5389 5505 5756 5759 5934 5972 8292 8570
24 328 421 814 1255 1320 1545 2430 2441 2952 3308 3801 3809 4014 4144 5553 5714 5902 6644 6695 7084 7985 8099 8211 8298
24 130 632 1135 1191 1953 2700 3132 3256 4551 5149 5296 5370 5489 5755 6089 6111 6794 7039 7865 8903 9097 9108 9110 9365
24 204 627 870 877 896 981 2526 2929 3248 4323 4783 4902 5886 6311 6312 6528 6919 7078 7963 8162 8753 8950 9058 9164
30 289 510 954 1143 1240 1668 1733 2313 2532 3670 3727 3745 3787 4036 4095 4411 5151 5565 5569 5939 6188 6199 7143 7864 8545 8750 9376 9551 9631 9877
23 386 1152 1373 1663 1676 1710 1831 2188 2661 2988 3932 4517 5343 5344 5599 6244 6265 7264 7708 8091 9169 9243 9557
38 786 901 1081 1288 1345 1483 1520 1646 1682 1711 1818 1843 2228 2573 2882 3557 3781 4173 4862 5107 5282 5429 5991 6141 6707 6900 7026 7444 7641 7697 8389 8415 8499 9327 9328 9350 9420 9481
28 1301 1689 2732 3279 3407 3673 3986 4035 4045 5221 5251 5358 5514 5620 6304 6898 7417 7441 7834 7979 8348 8517 9488 9606 9688 9730 9788 9999
19 679 1276 1462 1886 2650 3297 3497 3521 3539 4225 5888 6470 6570 6896 7073 7467 7912 8667 8743
14 562 1578 1671 1867 2052 3149 3202 3549 4712 5261 6885 7405 8283 8713
12 801 1637 2853 3752 3831 3869 4006 5305 6979 7799 9453 9666
10 415 1634 2751 3016 4274 5108 5721 6805 9847 9964
19 153 244 463 552 1470 1941 1942 2320 3228 3460 5386 5792 5823 5951 8114 8617 9195 9776 9942
23 469 1697 1910 1981 1998 2001 2560 2967 3309 3995 4119 4153 5142 5252 5302 5809 5984 6049 7608 7687 8331 9845 9890
24 45 366 1251 1310 1442 1756 1825 1885 2077 2561 3762 4010 4193 4981 5081 5192 5498 5646 6224 6875 8515 8852 8936 9066
29 61 68 682 977 2496 2648 2889 3026 3190 3349 3949 4003 4380 5084 5169 5364 5428 5518 6674 6715 6872 7256 7387 7452 8272 8364 8775 9461 9741
18 943 1172 1336 1409 1606 1904 2758 3754 4260 5275 5644 5737 7204 7338 7368 7497 7681 8731
31 731 1080 1121 1278 1378 1658 1892 2064 2336 2349 2420 2471 3029 3534 3683 3780 3918 4838 5071 5485 5836 6455 6631 7716 8512 8982 9283 9437 9858 9906 9991
29 59 442 583 826 1173 1562 3435 3608 3703 3791 4059 4328 4369 4390 4699 5306 6065 6096 7329 8161 8228 8247 8520 8538 9231 9385 9570 9684 9967
17 645 770 1005 1628 1869 2135 2229 5277 5896 6027 6269 6536 7126 8008 8669 8893 9315
25 194 358 662 673 1124 1536 1793 2009 2551 2684 3136 3592 4762 6307 6317 6641 7683 7774 8275 8363 8506 8609 8678 8969 9768
27 165 603 791 1068 1275 1277 1521 2087 2835 3216 3233 4395 5077 5091 5461 5688 6268 6375 6554 7237 7252 8061 8354 9289 9318 9811 9907
33 868 1084 1134 1477 1810 1881 1909 2910 3121 3691 4161 4370 4385 4416 4857 4916 5069 5316 5528 5615 6067 7038 7086 7575 7853 8074 8543 9020 9370 9478 9500 9616 9623
19 506 540 1445 2138 2293 2656 2854 3823 4206 4337 4388 5052 5748 6234 6238 6242 7071 8083 8266
19 418 819 1282 2278 2690 2763 2773 3114 3398 3479 4351 5332 5436 6210 8629 8772 8783 9033 9796
29 221 600 1377 1553 1574 1609 1619 1713 2013 2130 2847 3503 3848 3926 4334 4871 5043 5065 5611 5682 6743 7087 7355 7647 8095 8146 8553 9743 9960
22 205 215 339 659 2455 2649 2788 3815 4215 4318 5137 5574 6176 6599 7361 7418 7674 8020 8307 8674 8789 9662
16 143 513 1004 2249 2269 4335 4607 4782 6046 6152 7148 7773 8191 8293 8294 9517
19 54 354 568 1363 1979 2230 2570 2599 2781 3129 3182 3400 4141 4941 6796 8639 8883 9344 9371
17 813 832 849 1019 1641 2315 2623 2859 4080 4284 4295 6467 7720 7955 8122 8741 9379
40 86 214 285 451 525 554 886 913 995 1020 1456 1939 2670 2955 3632 3738 3851 3909 4148 4610 5174 5441 5687 6000 6272 6582 6601 6617 7099 7161 7430 7578 7825 8106 8395 8449 8589 8719 8821 9595
36 20 176 363 456 1016 1201 1411 1500 2073 2276 2291 2968 3278 3730 3960 4088 4188 4247 4615 5127 5327 5387 5493 5981 6205 6404 6838 7132 7723 7764 8240 8650 9036 9306 9456 9982
22 243 728 736 1006 1114 1325 2600 2611 3059 4405 5253 6405 6645 6654 7344 7493 7996 8193 8740 9410 9569 9793
31 110 888 1283 1800 2126 2165 2248 2379 2450 3081 3353 3461 3891 4445 4478 4847 4908 6720 7121 7343 7491 7510 7529 8140 8207 8234 8469 8595 8603 9303 9939
29 804 928 1589 1732 1806 2948 3002 3187 4168 4280 4841 4954 5175 6001 6324 6408 6799 7000 7150 7225 7325 7714 7840 8288 8442 8774 9013 9189 9978
40 372 595 1106 1523 2401 2825 3508 3746 3808 3872 4179 4207 4330 4421 4537 4813 4931 4962 4991 5294 5520 6037 6381 6592 6710 6712 6714 6762 6995 7046 7281 7715 8318 8645 8730 9158 9404 9427 9685 9824
20 359 1475 1620 1899 2061 2298 2300 2347 2926 3052 3947 4333 5499 6026 6430 6876 7380 7920 9008 9499
23 472 957 1765 2304 2494 2549 2914 3084 3163 3979 4858 4987 5097 5596 5670 6097 6159 7478 7679 7907 8358 9578 9951
10 878 1617 1915 2861 3430 3964 4635 5941 6177 7388
32 502 516 575 967 1290 1302 1352 1591 1665 1782 1799 2012 2350 3770 4123 4154 4221 4763 4861 5425 5709 6319 6407 6837 6840 7752 7756 8143 8217 8786 9511 9934
15 651 1161 1678 2435 3768 3970 5468 5496 5768 6379 6694 6966 8145 9779 9905
9 833 1065 2086 2785 4918 5135 6547 7565 7645
28 66 445 491 561 1038 1448 1472 1507 1883 2733 3147 3822 3841 3987 4309 4409 4461 4781 5145 5346 5449 6897 6985 7453 8995 9485 9537 9828
27 263 376 846 1024 1272 2149 2486 2691 2816 3138 3203 3337 4332 4475 4581 4709 4892 4964 5942 7089 7506 7937 7990 8329 8454 9657 9834
17 46 1356 1893 2063 2119 2897 3271 4719 6191 7515 7747 7813 7978 8242 8371 8641 9187
34 329 475 624 693 1485 2259 2316 2465 2595 2687 2698 2810 3140 3729 3790 4482 4733 4930 4994 5017 5426 5601 5663 5871 6218 7408 8177 8250 8812 9690 9732 9837 9889 9966
20 443 667 1884 2680 3039 3904 4485 4543 4837 5926 5977 6358 6726 6937 7242 7249 8256 8606 9550 9622
31 719 1236 1260 1429 1588 2157 2423 3240 3475 3550 4113 4297 4542 4572 4764 5053 5062 5120 5689 5974 6004 6071 6175 6643 7211 7303 7514 8334 8643 9882 9957
18 87 379 584 630 803 1414 1625 1739 3257 4005 6910 7194 7550 7766 8070 9011 9217 9734
17 325 1343 2280 2658 3953 4314 4639 5157 5245 5427 5762 7946 8198 8446 8633 9234 9818
24 73 304 526 1181 2487 2607 3024 3491 3603 4441 4745 4822 5073 5716 5816 6181 6297 6624 7125 7359 7857 8167 8457 9579
35 22 152 232 233 729 999 1355 2761 3331 3477 3929 4056 4107 4132 4253 4258 4576 4766 5103 5297 5414 5650 6316 6418 6512 7283 7403 7917 8608 8826 8841 8866 8938 9717 9780
17 97 863 1000 1612 1888 2242 3015 3532 4383 5925 6771 7020 7934 8409 8927 9271 9812
21 292 963 1821 2195 2348 3374 3428 3811 4800 5112 5690 6923 7104 8135 8300 8527 8987 9059 9285 9415 9593
28 238 308 524 1030 1062 1231 1527 1820 2245 2302 2630 3249 3311 3645 4503 5383 5556 5715 6659 7352 7841 8044 8104 8105 8968 9064 9744 9990
39 94 114 750 1493 1565 1594 1813 2041 2786 2798 3235 3338 3480 4152 4379 5490 5563 5749 6034 6070 6892 6904 7088 7181 7257 7266 7409 7461 7779 7817 7847 8179 8550 8816 8992 9019 9144 9178 9723
13 62 2913 3096 3732 4361 4567 4890 5562 6791 7811 8273 9902 9992
12 83 2737 2842 5098 6020 7128 7521 7668 8230 8628 8770 9696
23 184 720 947 1031 1571 1715 2372 2398 3784 5292 5597 5859 6371 6603 6841 7824 8065 8330 8476 8922 9454 9619 9702
19 348 869 1785 1830 1978 2343 2375 3139 3445 3956 4774 5923 6945 7419 7440 7721 7797 8154 8722
44 193 917 1316 1482 1680 1772 2202 2334 2369 2474 2505 2612 3591 3639 3922 3992 4145 4716 4881 4920 5281 5350 5623 5720 5967 6389 6428 6461 6709 6760 6962 7009 7112 7166 7488 7875 7959 8172 8232 8357 8448 9010 9218 9317
26 631 915 1099 1585 2252 2383 3122 3342 3347 4645 5821 6197 6538 6832 7479 7646 7664 8112 8332 8571 8597 9111 9246 9354 9766 9797
29 170 335 425 1284 1905 2559 2572 3756 3829 4159 4526 4956 4976 4999 5341 5372 5388 5885 5988 6558 6863 7253 7311 8450 8874 9240 9538 9553 9644
27 14 220 688 845 1268 1611 2186 2381 2637 3056 3469 3496 4000 4596 4946 6497 6851 6949 7097 7342 7548 7562 7583 7599 8312 8792 9440
25 132 2154 2272 2312 2616 2992 3447 4185 4230 4412 4415 5262 5312 5538 6168 6655 7871 8309 8494 8607 8662 8813 8897 9424 9903
27 873 964 1090 1291 1751 1882 1900 2072 2443 2483 2834 4126 4286 4786 5089 6581 7297 7534 7740 7941 7951 7980 8339 8534 9015 9185 9719
28 307 1144 1266 1335 1388 2254 2564 3572 3835 3931 3988 4488 4676 5046 5480 5837 5904 6162 6323 6475 6559 7710 8598 8706 9098 9167 9567 9679
37 424 689 698 811 906 1303 1852 1858 1955 2329 2444 2631 2990 3264 3747 3888 4117 4450 4451 4587 4851 4965 5211 6169 6212 6466 6500 6525 6880 7196 7383 7741 8529 9092 9698 9807 9841
26 269 512 593 815 1580 2408 3033 3356 3366 3586 4104 4219 4317 4997 5001 5101 5838 7335 7739 7909 8001 8276 8443 8830 9308 9823
18 225 276 353 864 1044 2051 4294 4448 5890 6028 7079 7107 7849 8160 8908 8929 8991 9197
25 274 615 648 1602 1907 2427 3459 3628 3864 4643 4688 5234 5675 5723 6953 7057 7366 7952 7966 8039 8471 8489 9138 9844 9921
25 387 536 823 971 1925 2345 2567 2729 2938 3325 4545 4598 5236 5418 5626 5786 6639 7034 7243 7455 7656 7691 8281 9892 9900
34 159 951 1187 1626 1694 2590 2905 3635 3726 4289 4354 4496 4848 5134 5232 5290 5354 5924 6055 6380 6729 6955 7060 7212 7240 7794 9016 9112 9136 9522 9565 9675 9752 9756
32 101 439 618 619 1059 1264 1557 1770 1848 2124 3161 3310 3684 3892 3925 4065 4618 4744 5128 5616 5822 6032 7029 7541 7770 7970 9029 9334 9614 9965 9973 9997
41 164 227 727 824 897 1229 1379 2129 2213 2236 2554 3510 3559 3646 3664 4304 4508 4726 4761 5041 5331 5742 6091 6132 6274 6546 6550 6572 6907 7210 7286 7315 7400 7684 7894 8002 8481 8581 8733 9161 9510
16 191 481 1459 1890 2035 3413 4271 4846 5194 6927 7365 7504 7818 8887 9220 9451
26 671 955 1534 1812 2628 2689 2779 3821 4816 4957 5049 5086 5324 5398 6200 6524 7319 7657 7973 8372 8382 8909 8974 9309 9399 9589
32 642 718 721 1324 1596 1999 2183 2855 3005 3565 3652 3694 4004 4076 4133 4414 4585 4942 5430 5532 5622 7106 7475 8303 8578 9090 9139 9146 9254 9358 9641 9915
27 1250 1635 1950 2592 3046 3429 3456 4506 4577 4633 5337 5564 5794 5850 5999 6463 7501 7671 7810 8845 8872 9266 9374 9571 9583 9868 9993
34 2 874 958 1182 1216 1341 1872 1963 2017 2196 2366 3859 3923 4157 4807 4971 5878 6292 6483 6778 6911 7154 7199 7340 7615 8149 8350 8588 8685 8769 8839 8930 8973 9093
39 30 345 493 652 749 1140 1686 1990 2159 2191 2351 2478 2596 2601 2681 3582 3637 3766 4002 4612 4750 4959 5158 5828 5930 6180 6724 6940 7067 7231 8086 8235 8265 8468 8802 9014 9065 9394 9831
37 34 77 365 610 686 691 830 872 1130 1365 1413 1466 1771 2579 3103 3448 4580 5868 6054 6186 6262 6482 6958 6974 7202 7735 7814 7942 8113 8224 8297 8451 8855 9007 9127 9387 9725
37 206 207 298 590 725 919 921 1364 1447 1552 1623 1662 1815 1922 1969 2273 2677 3883 4512 5090 5328 5392 6135 6343 6472 6549 6672 6827 7771 8036 8961 8994 9048 9293 9450 9584 9857
32 11 543 900 2220 2270 2382 2589 2762 3070 3209 3452 3573 3579 3716 4096 4190 4986 5082 5163 5177 5484 5549 5677 5844 6606 6789 7576 7595 7633 8352 9053 9521
13 829 876 1045 2384 3022 3750 4408 4779 5678 7051 7082 8726 9739
29 222 656 851 1175 1248 1970 1991 2326 2663 3058 3596 3945 4085 4436 4468 5417 5542 5862 5947 6220 6299 7222 7433 7828 8026 8718 8860 9722 9760
22 109 360 460 785 1566 2546 2983 3167 3242 3996 4245 4398 4514 5969 6392 7273 7556 8532 8943 8951 9067 9713
32 99 137 579 837 1714 3007 3053 3131 3262 3792 3834 4371 4794 4802 5083 5412 5483 5573 6411 6612 7058 7596 7956 8159 8199 8255 8365 8672 8890 8997 9534 9924
11 196 1778 2011 3142 3877 4457 6387 6388 7184 7729 9121
45 89 351 486 550 899 984 1393 1399 1624 1757 2305 2306 2406 2829 2867 2874 3076 3627 4375 4477 4492 4672 5067 5165 5315 5401 5465 5535 5764 5802 6632 6684 7080 7324 7382 7507 7651 7760 7784 8028 8304 8612 8744 9162 9726
15 471 1156 1828 2841 3027 4097 5614 5943 7321 7804 7881 8582 9432 9613 9954
27 80 181 657 1097 1555 2088 2277 3261 3464 3818 3946 4100 4264 4654 4865 5446 5448 5555 5600 5826 6161 6936 7702 7855 9405 9547 9720
9 1724 3912 4616 4741 5512 5735 6785 7224 7498
33 283 394 430 527 1169 1633 1738 2355 2776 2795 3552 4051 4995 5374 5521 5727 6017 6372 6589 6680 6705 7103 7164 7172 7485 7539 7706 8136 8278 8423 9492 9853 9943
11 65 2060 2294 2484 4562 5087 5648 5796 6698 7363 8565
30 780 884 1017 1223 1265 1427 1494 2519 2636 3225 3313 4012 4364 4407 4556 4773 4885 4928 5193 5395 6359 6609 6706 7031 7096 7733 7901 8745 8824 9075
19 10 85 1350 1395 1511 1734 4043 4195 4212 5003 5075 5318 5334 5692 7915 8525 8953 9238 9326
21 378 723 2479 3941 4032 4203 4255 4307 4460 4626 4758 5467 6273 6548 6903 6988 8326 8425 8560 9878 9893
29 189 392 511 663 739 1593 1776 2608 2657 2894 3112 4382 4435 5405 5686 5726 6006 6412 6505 6677 7532 7636 7778 8071 8248 8456 8728 9536 9869
14 2105 3021 3269 3336 3531 3667 3713 4620 6344 6795 7626 7945 8296 9525
28 199 279 309 313 556 1025 1192 1205 1441 1853 2054 2066 2319 2614 2947 2971 3334 4339 5522 5980 6115 7581 8205 8514 8921 9473 9751 9770
34 778 807 885 1370 1644 1779 1958 2356 2412 2622 2743 3117 3597 4130 4434 4625 5162 5583 5680 5711 5825 6203 6337 6353 6510 6627 7839 8157 8576 8577 8948 9150 9694 9981
38 396 517 708 1163 1510 2410 2772 3303 3449 3666 3688 4106 4428 4474 4569 4593 4914 5023 5042 5380 5408 5559 5800 5805 5815 5882 6345 6566 6973 7003 7511 7692 7802 8373 8658 9131 9687 9930
39 212 779 816 997 1235 1436 1768 2162 2189 2197 2250 2418 2442 2577 2767 3252 3323 3882 3914 4061 4087 4325 4940 5095 5238 5848 5860 5995 6061 6201 6295 6584 7552 7913 8153 8417 9100 9736 9737
39 987 1049 1159 1179 1807 1949 2109 2152 2241 2518 2521 2754 2857 3011 3049 3128 3423 3689 3705 3755 3842 4533 4832 5146 5558 5917 6367 6667 7145 7373 7592 7781 8110 8226 8367 8673 8902 9032 9269
22 167 315 1595 2257 2265 2506 4336 4755 5115 5442 5455 5492 5579 5613 5657 6321 6347 6930 8691 9004 9620 9680
28 1136 2080 2128 2730 2774 3032 3367 3381 3438 4647 4831 4983 5402 5857 5929 6122 6223 6413 6967 7001 7141 7156 7375 7402 7652 7924 8406 9576
17 520 2618 2900 3843 3916 3982 4211 4240 4683 5365 6058 6745 7788 8599 8873 9030 9390
26 417 753 853 920 1741 1983 2327 2553 2850 2887 3290 4452 4806 4961 5508 5578 5617 6598 6719 6890 7585 7827 8602 8916 9265 9274
34 71 377 1021 1085 1405 1513 1735 2404 2610 2814 2923 3098 3298 3463 4102 4801 5189 5525 6839 7187 7200 7213 7371 7789 8147 8206 8343 8640 8892 9143 9221 9708 9912 9916
29 69 903 909 1048 1631 2010 2510 3108 3382 3700 3943 4310 4487 4548 4739 5078 5806 6216 6422 6490 6802 6830 7006 7016 7502 7967 8666 9378 9467
28 108 361 578 831 1145 2704 3083 3088 3150 3602 3640 3850 4057 4326 5349 7345 7908 7918 8223 8376 8398 8594 8619 8980 9039 9362 9909 9979
33 29 41 617 766 817 1451 1453 1952 2208 2489 2750 3708 3720 4269 4278 4458 4555 4614 4694 4879 5048 5231 5674 5710 5807 6013 6370 6626 8402 9348 9449 9746 9946
17 607 1569 2067 3082 3232 4007 4090 6836 6944 7111 7245 7280 7526 7954 8636 8993 9416
29 411 1007 1126 1247 1495 1887 1984 2057 3472 3561 4044 4091 4292 4449 5161 5171 5313 5510 5779 6469 6551 7544 7737 7876 8886 9102 9772 9896 9962
32 21 1717 1798 1977 2180 2933 3111 3289 3499 3537 3538 3719 4196 4237 4824 4874 5669 5772 5964 6476 6496 7127 7353 7390 8027 8142 8500 8877 8934 8935 9298 9923
28 492 1168 1170 1254 1943 2353 2813 3116 3246 3365 3599 3617 4472 5598 5659 5931 6059 6280 6435 7251 7268 7300 7665 8920 8978 9078 9634 9769
14 342 427 1433 2000 2848 2995 3291 3520 5375 5765 5920 9171 9509 9798
20 157 1497 2104 2839 3258 3343 3895 3920 4682 4713 5274 5342 5345 5419 5478 5627 6689 6798 6984 8411
24 795 1444 2274 2330 2333 2448 2818 2831 3282 3515 3812 4463 4686 4854 5938 6207 6332 6591 8942 8967 9359 9647 9789 9875
19 626 2633 2862 2997 3571 4257 4446 4520 4696 5445 5481 6100 7870 7994 8254 8767 9409 9484 9731
34 125 935 946 1238 1280 1544 1690 2692 2895 3437 3444 4025 4784 5051 5223 5226 5696 5707 5893 5997 6042 6757 7707 7856 7971 8200 8564 8702 8804 8811 9627 9653 9676 9748
30 268 275 287 1331 1480 1582 1723 1730 1766 1868 2179 2226 2541 2594 3035 3312 3736 4224 4630 5166 5246 5407 6950 7146 7147 7496 7594 8184 9311 9448
7 262 544 3779 4001 6041 7765 9045
17 370 654 703 860 1002 1200 1232 4068 4799 6688 7995 8428 8568 8688 9099 9147 9203
24 258 732 1622 1773 2107 2878 3251 3590 3739 4575 4735 4944 5336 5500 5619 5940 6597 6803 6846 7288 8321 8700 9445 9646
15 17 356 694 3492 3772 4250 4803 5605 6275 6831 7385 8316 8521 8684 8957
24 1133 1693 2275 2574 2632 3212 3213 3402 4112 4187 4331 4368 4550 5152 5699 5717 6867 7815 8229 8484 8868 9369 9388 9607
12 282 773 989 1349 1639 1861 3219 3760 3876 6113 6828 7370
18 203 1539 2342 2509 3333 3420 3589 3875 4386 4582 4923 5031 7030 7584 8444 9640 9787 9876
15 1938 2879 3513 3555 3707 3924 4039 5466 6431 6442 6912 7295 8627 8657 9842
34 226 260 599 692 1013 1384 1854 2415 2593 3528 3854 3857 3881 4134 4600 4701 5182 5264 5397 5770 5887 5993 6104 6236 7025 7033 7675 7727 8820 8964 9401 9459 9608 9638
20 973 1457 1563 1712 1898 2588 3907 4440 5013 5185 5472 5603 5656 5909 6504 7278 7713 8107 8342 9672
29 369 580 952 1162 1263 1636 1749 2155 2844 3135 3165 3346 3714 3733 3865 4229 4878 5476 6074 6342 6764 7505 7798 8037 8664 8701 8712 9439 9494
27 198 960 1091 1315 1924 2205 3194 3215 3734 3793 3900 3971 4069 4079 4164 4427 4740 5243 5773 5985 6090 7976 8390 9081 9140 9530 9596
22 88 403 889 1471 1664 1701 2514 2615 2993 3245 4143 4855 5213 6457 6563 6685 7189 7803 8347 9681 9791 9808
36 9 528 660 1989 2787 2806 2902 3050 3137 3743 3767 3885 4347 4674 4826 5260 5673 6202 6258 6326 6424 6486 6521 7217 7883 8006 8058 8168 8310 8474 8490 8552 8622 8801 9259 9956
26 24 407 538 835 847 1259 1808 2439 4417 4717 5129 5154 5311 6134 6189 6383 6478 6676 7233 7892 8771 9046 9089 9137 9160 9733
18 413 438 765 771 787 1322 1832 3505 3896 3993 4092 4204 4955 5630 5921 7076 9012 9724
37 241 467 838 911 1008 1037 1046 1314 1627 1696 2113 2147 2544 3483 3797 3968 4621 4653 4821 5028 5310 5373 5853 5987 6138 6628 6678 7512 7685 8555 8732 8788 8825 8827 9062 9377 9917
34 4 391 477 564 598 637 1406 1551 1876 2081 2134 2678 2753 3183 3221 3441 3523 3649 3868 3939 4469 4836 5593 5751 6066 6982 7553 7922 8125 8148 8370 8717 9202 9651
21 1452 3054 3316 3383 3526 3633 3765 4244 4752 4866 5330 5502 6701 6862 6888 7316 7320 7663 8246 8906 9135
15 640 1294 1630 2749 2893 3393 4089 5683 6151 6848 7456 8042 8790 9297 9307
20 650 745 1669 2131 2445 2606 2739 3051 3405 3810 4693 5610 6622 7269 7832 8306 8747 8976 8981 9910
13 31 265 705 1879 2453 3267 3806 4320 4973 5814 8787 8815 9260
32 217 737 2309 2454 2534 2555 3545 3677 4170 4471 4547 4705 5526 6051 6277 6429 6489 6713 6852 7450 7557 7746 7890 7984 8151 8656 8746 8875 9050 9331 9790 9840
25 161 173 767 790 922 1206 1533 1736 1873 2538 2976 3107 3908 4086 4363 4437 4456 5960 6335 7762 7948 8392 9230 9577 9735
39 96 306 567 781 1412 1484 1528 1753 1833 1964 2103 2171 2438 3004 3036 4110 4155 4266 4378 4470 4574 4823 5957 6116 6193 7451 7516 7666 7862 8131 8236 8604 8721 8915 9072 9209 9408 9749 9866
14 235 2338 2695 3574 5524 5636 6818 6891 7186 7750 7873 8062 8573 9406
22 1618 1758 1817 3006 3287 3525 4209 4243 4718 5668 5817 6153 6458 6623 7448 7610 8625 8676 8939 9393 9498 9697
13 118 2480 3305 3354 3852 3894 5188 6565 8359 8646 8918 9503 9514
14 36 1151 1221 1959 2734 3260 3915 4420 4453 5409 5581 7393 7416 9446
28 455 505 588 1089 1550 1561 1803 2079 2168 2287 2380 2458 3320 3385 3685 3774 5000 5055 5074 5206 5612 5745 6183 6670 7169 7215 7259 8751
34 81 147 324 532 591 661 672 820 867 1849 2084 2826 3682 3786 4021 4048 4341 4535 4579 4658 5212 5908 6022 6338 6850 7028 7568 8302 8362 8854 9077 9261 9712 9865
21 57 224 301 709 1293 1855 1896 1947 2071 2646 3105 3487 4425 4681 4917 6011 6417 7195 7748 8128 9372
18 848 1306 3010 3184 6045 6063 6354 6382 6451 6507 6560 6894 7661 8011 8900 9249 9429 9873
12 350 1481 1802 2964 3017 4392 5150 5872 6149 8285 9023 9729
12 429 893 1666 2314 3723 4818 5273 5608 6157 7236 8642 9396
13 180 857 883 3168 3399 4053 4290 4668 6813 7314 7808 9888 9995
25 409 680 738 858 1621 1645 1834 1986 2490 3078 3101 3148 3359 3514 3636 3870 4348 4568 4864 4926 5654 5865 5978 7481 9674
12 1524 1650 2491 2745 4760 6360 6406 6607 8194 9255 9582 9799
18 1244 2537 2891 3769 5080 5196 5922 6495 6723 6964 7230 7961 8780 9153 9216 9268 9300 9754
24 25 393 907 959 978 1113 1572 1784 1945 2161 2653 3171 4479 5379 6924 7109 7758 8009 8127 8544 8699 9083 9181 9586
18 428 938 1642 2977 3494 3994 4285 4958 5634 5791 6240 6969 7618 8038 8257 8501 9805 9846
7 1420 2962 2996 7686 8138 8271 9971
34 63 98 136 533 609 1486 2139 2267 2516 2735 3226 4194 4495 5440 5464 5625 5905 6812 7095 7155 7304 7354 7525 7588 7622 8029 8182 8215 8516 8725 8781 9027 9263 9937